ddev drush -vy site:install openy     openy_configure_profile.preset=standard     openy_theme_select.theme=openy_carnation     openy_terms_of_use.agree_openy_terms=1     install_configure_form.enable_update_status_emails=NULL     --account-name=admin     --site-name='YMCA Website Services Profiling core 11.3' -d -vvvv
 [preflight] Config paths: /var/www/html/vendor/drush/drush/drush.yml
 [preflight] Alias paths: /var/www/html/docroot/drush/sites,/var/www/html/drush/sites
 [preflight] Commandfile search paths: /var/www/html/vendor/drush/drush/src
 [debug] Add listener Drush\Listeners\BootstrapListener::__invoke [0.57 sec, 2.9 MB]
 [debug] Add listener Drush\Listeners\DrupliconListener::onConsoleDefinitionEvent [0.57 sec, 2.93 MB]
 [debug] Add listener Drush\Listeners\DrupliconListener::onConsoleTerminateEvent [0.57 sec, 2.93 MB]
 [debug] Add listener Drush\Listeners\FilterDefaultFieldListener::__invoke [0.57 sec, 2.94 MB]
 [debug] Add listener Drush\Listeners\FormatterListener::__invoke [0.57 sec, 2.94 MB]
 [debug] Add listener Drush\Listeners\HelpLinksListener::__invoke [0.57 sec, 2.94 MB]
 [debug] Add listener Drush\Listeners\OptionsetGetEditorListener::__invoke [0.57 sec, 2.94 MB]
 [debug] Add listener Drush\Listeners\OptionsetProcBuildListener::__invoke [0.57 sec, 2.94 MB]
 [debug] Add listener Drush\Listeners\OptionsetSqlListener::__invoke [0.57 sec, 2.94 MB]
 [debug] Add listener Drush\Listeners\OptionsetSshListener::__invoke [0.57 sec, 2.94 MB]
 [debug] Add listener Drush\Listeners\OptionsetTableSelectionListener::__invoke [0.57 sec, 2.94 MB]
 [debug] Add command Drush\Commands\ExampleCommands [0.6 sec, 3.72 MB]
 [debug] Add command Drush\Commands\LegacyCommands [0.6 sec, 3.72 MB]
 [debug] Add command Drush\Commands\OptionsCommands [0.6 sec, 3.72 MB]
 [debug] Add command Drush\Commands\ValidatorsCommands [0.6 sec, 3.72 MB]
 [debug] Add command Drush\Commands\config\ConfigPullCommands [0.6 sec, 3.72 MB]
 [debug] Add command Drush\Commands\core\ArchiveDumpCommands [0.6 sec, 3.72 MB]
 [debug] Add command Drush\Commands\core\BatchCommands [0.6 sec, 3.72 MB]
 [debug] Add command Drush\Commands\core\CacheRebuildCommands [0.6 sec, 3.72 MB]
 [debug] Add command Drush\Commands\core\CoreCommands [0.6 sec, 3.72 MB]
 [debug] Add command Drush\Commands\core\DeployCommands [0.6 sec, 3.72 MB]
 [debug] Add command Drush\Commands\core\DocsCommands [0.6 sec, 3.72 MB]
 [debug] Add command Drush\Commands\core\DrupliconCommands [0.6 sec, 3.72 MB]
 [debug] Add command Drush\Commands\core\ImageCommands [0.6 sec, 3.72 MB]
 [debug] Add command Drush\Commands\core\JsonapiCommands [0.6 sec, 3.72 MB]
 [debug] Add command Drush\Commands\core\LoginCommands [0.6 sec, 3.72 MB]
 [debug] Add command Drush\Commands\core\MkCommands [0.6 sec, 3.72 MB]
 [debug] Add command Drush\Commands\core\NotifyCommands [0.6 sec, 3.72 MB]
 [debug] Add command Drush\Commands\core\PhpCommands [0.6 sec, 3.72 MB]
 [debug] Add command Drush\Commands\core\RsyncCommands [0.6 sec, 3.72 MB]
 [debug] Add command Drush\Commands\core\RunserverCommands [0.6 sec, 3.72 MB]
 [debug] Add command Drush\Commands\core\SiteCommands [0.6 sec, 3.72 MB]
 [debug] Add command Drush\Commands\core\SiteInstallCommands [0.6 sec, 3.72 MB]
 [debug] Add command Drush\Commands\core\SshCommands [0.6 sec, 3.72 MB]
 [debug] Add command Drush\Commands\core\StatusCommands [0.6 sec, 3.72 MB]
 [debug] Add command Drush\Commands\core\TopicCommands [0.6 sec, 3.72 MB]
 [debug] Add command Drush\Commands\core\UpdateDBCommands [0.6 sec, 3.72 MB]
 [debug] Add command Drush\Commands\core\XhprofCommands [0.6 sec, 3.72 MB]
 [debug] Add command Drush\Commands\help\HelpCommands [0.6 sec, 3.72 MB]
 [debug] Add command Drush\Commands\help\ListCommands [0.6 sec, 3.72 MB]
 [debug] Add command Drush\Commands\sql\SqlCommands [0.6 sec, 3.72 MB]
 [debug] Add command Drush\Commands\sql\SqlSyncCommands [0.6 sec, 3.72 MB]
 [debug] Add command Consolidation\Filter\Hooks\FilterHooks [0.6 sec, 3.72 MB]
 [info] Starting bootstrap to root [0.65 sec, 5.15 MB]
 [info] Drush bootstrap phase 1 [0.65 sec, 5.16 MB]
 [info] Drush bootstrap phase: bootstrapDrupalRoot() [0.65 sec, 5.17 MB]
 [info] Change working directory to /var/www/html/docroot [0.65 sec, 5.17 MB]
 [info] Initialized Drupal 11.3.1 root directory at /var/www/html/docroot [0.65 sec, 5.18 MB]
 [info] Drush bootstrap phase: bootstrapDrupalSite() [0.66 sec, 5.38 MB]
 [debug] Could not find a Drush config file at sites/default/drush.yml. [0.66 sec, 5.4 MB]
 [info] Initialized Drupal site yusaws-drush-profiling.ddev.site at sites/default [0.66 sec, 5.41 MB]
 [info] Drush bootstrap phase: bootstrapDrupalConfiguration() [0.66 sec, 5.41 MB]
 [info] Executing: mysql --version [0.67 sec, 5.71 MB]
 [info] Executing: command -v mariadb [0.67 sec, 5.75 MB]
 [info] Executing: command -v mariadb-dump [0.67 sec, 5.76 MB]
 [info] sql:query: SELECT VERSION();" [0.68 sec, 5.78 MB]
 [info] Executing: mariadb --defaults-file=/tmp/drush_CISoYP --database=db --host=db --port=3306 --silent -A < /tmp/drush_mqpVZz [0.68 sec, 5.78 MB]
 [info] Executing: mysql --version [0.68 sec, 5.79 MB]
 [info] Executing: command -v mariadb [0.69 sec, 5.79 MB]
 [info] Executing: command -v mariadb-dump [0.69 sec, 5.79 MB]
 [info] sql:query: SELECT VERSION();" [0.69 sec, 5.79 MB]
 [info] Executing: mariadb --defaults-file=/tmp/drush_SfoMc6 --database=db --host=db --port=3306 --silent -A < /tmp/drush_Cad9PT [0.69 sec, 5.79 MB]
 [info] Executing: command -v mariadb [0.7 sec, 5.8 MB]
 [info] sql:query: SELECT 1; [0.7 sec, 5.8 MB]
 [info] Executing: mariadb --defaults-file=/tmp/drush_er01ka --database=db --host=db --port=3306 --silent -A < /tmp/drush_wUUiV1 [0.7 sec, 5.81 MB]
 You are about to:
 * DROP all tables in your 'db' database.

 // Do you want to continue?: yes.                                              

 [info] Sites directory sites/default already exists - proceeding. [0.7 sec, 5.84 MB]
 [info] sql:query: SELECT 1; [0.71 sec, 5.85 MB]
 [info] Executing: mariadb --defaults-file=/tmp/drush_JhVS5v --database=db --host=db --port=3306 --silent -A < /tmp/drush_57Dlae [0.71 sec, 5.85 MB]
 [info] sql:query: SHOW TABLES; [0.71 sec, 5.85 MB]
 [info] Executing: mariadb --defaults-file=/tmp/drush_SYd3kU --database=db --host=db --port=3306 --silent -A < /tmp/drush_oTWjDB [0.71 sec, 5.85 MB]
 [info] Executing: mysql --version [0.72 sec, 5.89 MB]
 [info] Executing: command -v mariadb [0.72 sec, 5.89 MB]
 [info] Executing: command -v mariadb-dump [0.72 sec, 5.89 MB]
 [info] sql:query: SELECT VERSION();" [0.73 sec, 5.89 MB]
 [info] Executing: mariadb --defaults-file=/tmp/drush_oLVHzd --database=db --host=db --port=3306 --silent -A < /tmp/drush_Y7Ywfu [0.73 sec, 5.89 MB]
 [notice] Starting Drupal installation. This takes a while. [0.73 sec, 5.9 MB]
 [debug] Calling install_drupal(Composer\Autoload\ClassLoader, array, array) [0.73 sec, 5.9 MB]
 [notice] Performed install task: openy_terms_of_use [1.52 sec, 17.74 MB]
 [notice] Performed install task: install_select_language [1.52 sec, 17.75 MB]
 [notice] Performed install task: install_select_profile [1.52 sec, 17.75 MB]
 [notice] Performed install task: install_load_profile [1.52 sec, 17.75 MB]
 [notice] Performed install task: install_verify_requirements [1.54 sec, 18.3 MB]
 [notice] Performed install task: install_verify_database_ready [1.54 sec, 18.3 MB]
 [info] mysql module installed. [2.7 sec, 27.75 MB]
 [info] system module installed. [3.12 sec, 30.36 MB]
 [notice] Performed install task: install_base_system [3.12 sec, 30.37 MB]
 [notice] Performed install task: install_bootstrap_full [3.12 sec, 30.39 MB]
 [info] user module installed. [4.25 sec, 38.35 MB]
 [info] path_alias module installed. [4.25 sec, 38.34 MB]
 [info] config module installed. [4.25 sec, 38.34 MB]
 [info] contact module installed. [4.42 sec, 39.99 MB]
 [info] exif_orientation module installed. [4.42 sec, 39.99 MB]
 [info] admin_toolbar_tools module installed. [4.42 sec, 39.99 MB]
 [info] captcha module installed. [4.43 sec, 40.01 MB]
 [info] image_captcha module installed. [4.43 sec, 40.02 MB]
 [info] recaptcha module installed. [4.43 sec, 40.02 MB]
 [info] block module installed. [4.43 sec, 40.02 MB]
 [info] field module installed. [4.43 sec, 40.02 MB]
 [info] filter module installed. [4.44 sec, 40.26 MB]
 [info] text module installed. [4.44 sec, 40.26 MB]
 [info] block_content module installed. [4.44 sec, 40.06 MB]
 [info] breakpoint module installed. [4.44 sec, 40.06 MB]
 [info] file module installed. [4.44 sec, 40.06 MB]
 [info] editor module installed. [4.44 sec, 40.06 MB]
 [info] ckeditor5 module installed. [4.44 sec, 40.06 MB]
 [info] language module installed. [4.47 sec, 40.14 MB]
 [info] contextual module installed. [4.47 sec, 40.14 MB]
 [info] datetime module installed. [5.83 sec, 43.72 MB]
 [info] datetime_range module installed. [5.83 sec, 43.72 MB]
 [info] layout_discovery module installed. [5.83 sec, 43.72 MB]
 [info] help module installed. [5.83 sec, 43.72 MB]
 [info] node module installed. [6.17 sec, 48.56 MB]
 [info] image module installed. [6.18 sec, 48.42 MB]
 [info] layout_builder module installed. [6.18 sec, 48.42 MB]
 [info] link module installed. [6.19 sec, 48.42 MB]
 [info] media module installed. [6.27 sec, 48.4 MB]
 [info] views module installed. [6.27 sec, 48.37 MB]
 [info] media_library module installed. [6.46 sec, 53.71 MB]
 [info] menu_link_content module installed. [6.46 sec, 53.71 MB]
 [info] menu_ui module installed. [6.46 sec, 53.71 MB]
 [info] migrate module installed. [6.46 sec, 53.71 MB]
 [info] options module installed. [6.46 sec, 53.71 MB]
 [info] path module installed. [6.47 sec, 53.71 MB]
 [info] toolbar module installed. [6.47 sec, 53.71 MB]
 [info] shortcut module installed. [6.47 sec, 53.46 MB]
 [info] taxonomy module installed. [6.49 sec, 52.35 MB]
 [info] telephone module installed. [6.49 sec, 52.35 MB]
 [info] admin_toolbar module installed. [7.61 sec, 53.07 MB]
 [info] field_group module installed. [7.61 sec, 53.07 MB]
 [info] libraries module installed. [7.61 sec, 53.07 MB]
 [info] datalayer module installed. [7.61 sec, 53.07 MB]
 [info] advanced_help_block module installed. [7.98 sec, 57.95 MB]
 [info] blazy module installed. [7.98 sec, 57.95 MB]
 [info] media_library_form_element module installed. [7.98 sec, 57.95 MB]
 [info] bootstrap_styles module installed. [7.98 sec, 57.95 MB]
 [info] bootstrap_layout_builder module installed. [8.06 sec, 58.12 MB]
 [info] ckeditor5_paste_filter module installed. [8.06 sec, 58.12 MB]
 [info] ckeditor5_plugin_pack module installed. [8.06 sec, 58.13 MB]
 [info] ckeditor5_plugin_pack_font module installed. [8.06 sec, 58.13 MB]
 [info] colorapi module installed. [8.06 sec, 58.13 MB]
 [info] config_import module installed. [8.06 sec, 58.13 MB]
 [info] crop module installed. [8.06 sec, 58.13 MB]
 [info] diff module installed. [8.31 sec, 61.03 MB]
 [info] editor_advanced_link module installed. [8.31 sec, 60.67 MB]
 [info] embed module installed. [8.31 sec, 60.67 MB]
 [info] entity_embed module installed. [8.31 sec, 60.67 MB]
 [info] entity_reference_revisions module installed. [8.31 sec, 60.67 MB]
 [info] focal_point module installed. [9.94 sec, 65.86 MB]
 [info] jquery_ui module installed. [9.94 sec, 65.86 MB]
 [info] migrate_tools module installed. [9.94 sec, 65.86 MB]
 [info] image_widget_crop module installed. [9.94 sec, 65.86 MB]
 [info] jquery_ui_tabs module installed. [9.94 sec, 65.86 MB]
 [info] jquery_ui_tooltip module installed. [9.94 sec, 65.86 MB]
 [info] layout_builder_blocks module installed. [9.94 sec, 65.86 MB]
 [info] layout_builder_operation_link module installed. [9.94 sec, 65.86 MB]
 [info] layout_builder_restrictions module installed. [9.94 sec, 65.86 MB]
 [info] layout_builder_save_and_edit module installed. [9.94 sec, 65.86 MB]
 [info] paragraphs module installed. [9.98 sec, 68.21 MB]
 [info] node_revision_delete module installed. [9.98 sec, 68.19 MB]
 [info] scheduler module installed. [10.31 sec, 75.89 MB]
 [info] token module installed. [10.48 sec, 73.57 MB]
 [info] pathauto module installed. [10.48 sec, 73.16 MB]
 [info] metatag module installed. [10.5 sec, 73.17 MB]
 [info] openy_focal_point module installed. [10.51 sec, 73.58 MB]
 [info] rabbit_hole module installed. [10.51 sec, 73.2 MB]
 [info] openy_upgrade_tool module installed. [10.58 sec, 74.56 MB]
 [info] openy_media module installed. [10.84 sec, 74.23 MB]
 [info] Scheduled Taxonomy Terms view loaded from source. [11.71 sec, 76.13 MB]
 [info] Scheduled Content view updated. [11.94 sec, 76.11 MB]
 [info] Scheduled Media view loaded from source. [12.15 sec, 79.01 MB]
 [warning] OpenyUpgradeToolConfigInstaller: Allowing duplicate OpenY config: diff.settings. This is a legacy workaround and should be fixed in the distro. [12.3 sec, 81.58 MB]
 [info] openy_media_image module installed. [14.33 sec, 88.03 MB]
 [info] openy_menu module installed. [14.33 sec, 88.03 MB]
 [info] openy_menu_footer module installed. [14.54 sec, 90.68 MB]
 [info] openy_menu_utility module installed. [14.61 sec, 91.78 MB]
 [info] openy_gtranslate module installed. [14.61 sec, 91.78 MB]
 [info] simple_sitemap module installed. [14.62 sec, 91.84 MB]
 [info] lb_claro module installed. [14.62 sec, 91.84 MB]
 [info] y_lb module installed. [15.15 sec, 91.03 MB]
 [info] link_attributes module installed. [15.15 sec, 91.03 MB]
 [info] openy_system module installed. [15.15 sec, 91.03 MB]
 [info] plugin module installed. [15.15 sec, 91.03 MB]
 [info] openy_er module installed. [15.15 sec, 91.03 MB]
 [info] openy_node module installed. [15.34 sec, 91.78 MB]
 [info] twig_tweak module installed. [15.34 sec, 91.78 MB]
 [info] metatag_open_graph module installed. [15.34 sec, 91.78 MB]
 [info] migrate_plus module installed. [15.34 sec, 91.78 MB]
 [info] openy_block module installed. [15.36 sec, 91.86 MB]
 [info] openy_txnm_color module installed. [15.53 sec, 92.4 MB]
 [info] openy_migrate module installed. [15.53 sec, 92.4 MB]
 [info] redirect module installed. [15.72 sec, 98.39 MB]
 [info] Creation of dynamic property Drupal\openy_upgrade_tool\ConfigUpdater::$moduleExtensionList is deprecated ConfigImporterService.php:176 [15.78 sec, 81.35 MB]
 [warning] OpenyUpgradeToolConfigInstaller: Allowing duplicate OpenY config: datalayer.settings. This is a legacy workaround and should be fixed in the distro. [15.92 sec, 83.32 MB]
 [info] openy_redirect module installed. [17.26 sec, 82.01 MB]
 [info] openy_block_custom_simple module installed. [17.92 sec, 83.29 MB]
 [info] slick module installed. [17.92 sec, 83.3 MB]
 [info] openy_taxonomy module installed. [17.96 sec, 83.21 MB]
 [info] openy_node_landing module installed. [18.35 sec, 84.04 MB]
 [info] openy_datalayer module installed. [18.35 sec, 84.04 MB]
 [info] token_filter module installed. [18.35 sec, 84.04 MB]
 [info] openy_editor module installed. [18.39 sec, 84.54 MB]
 [warning] You have manual updated embed.button.embed_document config from Open Y profile. [18.81 sec, 88.64 MB]
 [warning] You have manual updated embed.button.embed_document config from Open Y profile. [18.82 sec, 88.8 MB]
 [info] openy_media_document module installed. [18.82 sec, 88.64 MB]
 [info] video module installed. [18.82 sec, 88.15 MB]
 [warning] You have manual updated embed.button.embed_local_video config from Open Y profile. [19.08 sec, 88.74 MB]
 [warning] You have manual updated embed.button.embed_local_video config from Open Y profile. [19.09 sec, 88.84 MB]
 [info] openy_media_local_video module installed. [19.09 sec, 88.68 MB]
 [info] video_embed_field module installed. [19.09 sec, 88.2 MB]
 [info] video_embed_media module installed. [19.09 sec, 88.21 MB]
 [warning] You have manual updated embed.button.embed_video config from Open Y profile. [19.49 sec, 89.06 MB]
 [warning] You have manual updated embed.button.embed_video config from Open Y profile. [19.51 sec, 89.17 MB]
 [info] openy_media_video module installed. [19.51 sec, 89.01 MB]
 [info] openy_menu_main module installed. [19.51 sec, 88.98 MB]
 [info] responsive_favicons module installed. [19.51 sec, 88.52 MB]
 [info] simple_menu_icons module installed. [19.51 sec, 88.52 MB]
 [notice] Performed install task: install_profile_modules [19.57 sec, 88.88 MB]
 [info] claro theme installed. [19.6 sec, 90.63 MB]
 [info] openy_admin theme installed. [19.61 sec, 90.63 MB]
 [notice] Performed install task: install_profile_themes [20.46 sec, 95.03 MB]
 [warning] You have manual updated metatag.metatag_defaults.node config from Open Y profile. [23.62 sec, 125.78 MB]
 [warning] You have manual updated views.view.taxonomy_term config from Open Y profile. [23.86 sec, 130.3 MB]
 [warning] OpenyUpgradeToolConfigInstaller: Allowing duplicate OpenY config: user.role.administrator. This is a legacy workaround and should be fixed in the distro. [24.04 sec, 130.65 MB]
 [warning] OpenyUpgradeToolConfigInstaller: Allowing duplicate OpenY config: user.role.anonymous. This is a legacy workaround and should be fixed in the distro. [24.04 sec, 130.65 MB]
 [warning] OpenyUpgradeToolConfigInstaller: Allowing duplicate OpenY config: user.role.authenticated. This is a legacy workaround and should be fixed in the distro. [24.04 sec, 130.65 MB]
 [warning] OpenyUpgradeToolConfigInstaller: Allowing duplicate OpenY config: user.settings. This is a legacy workaround and should be fixed in the distro. [24.04 sec, 130.65 MB]
 [info] serialization module installed. [25.14 sec, 139.19 MB]
 [info] rest module installed. [25.14 sec, 139.19 MB]
 [info] ctools module installed. [25.14 sec, 139.19 MB]
 [info] draggableviews module installed. [25.14 sec, 139.19 MB]
 [info] google_analytics module installed. [25.58 sec, 146.34 MB]
 [info] hal module installed. [25.58 sec, 144.89 MB]
 [info] openy_popups module installed. [25.6 sec, 142.83 MB]
 [info] slick_views module installed. [25.6 sec, 142.83 MB]
 [info] Open Y has upgraded user.role.anonymous config. [26.79 sec, 152.25 MB]
 [info] Open Y has upgraded user.role.authenticated config. [26.88 sec, 154.77 MB]
 [info] openy_node_alert module installed. [26.96 sec, 155.94 MB]
 [info] openy_user module installed. [27.47 sec, 152.71 MB]
 [info] openy module installed. [27.65 sec, 131.2 MB]
 [notice] Performed install task: install_install_profile [27.69 sec, 118.94 MB]
 [warning] You have manual updated system.site config from Open Y profile. [27.84 sec, 103.26 MB]
 [info] update module installed. [28.96 sec, 114.29 MB]
 [notice] Performed install task: install_configure_form [29.42 sec, 119.64 MB]
 [notice] Performed install task: openy_select_search [29.45 sec, 113.87 MB]
 [notice] Performed install task: openy_google_search [29.45 sec, 113.87 MB]
 [notice] Performed install task: openy_select_features [29.7 sec, 115.68 MB]
 [info] easy_breadcrumb module installed. [31.31 sec, 133.44 MB]
 [info] workflows module installed. [31.31 sec, 133.44 MB]
 [info] content_moderation module installed. [31.31 sec, 133.44 MB]
 [info] responsive_image module installed. [31.31 sec, 133.44 MB]
 [info] address module installed. [31.32 sec, 133.44 MB]
 [info] date_augmenter module installed. [31.32 sec, 133.44 MB]
 [info] addtocal_augment module installed. [31.32 sec, 133.44 MB]
 [info] better_exposed_filters module installed. [31.32 sec, 133.44 MB]
 [info] daterange_compact module installed. [31.33 sec, 131.16 MB]
 [info] openy_socrates module installed. [31.33 sec, 131.16 MB]
 [info] inline_entity_form module installed. [31.33 sec, 131.16 MB]
 [info] entity_clone module installed. [31.35 sec, 131.85 MB]
 [info] jquery_ui_menu module installed. [31.35 sec, 131.84 MB]
 [info] jquery_ui_autocomplete module installed. [31.35 sec, 131.84 MB]
 [info] geolocation module installed. [31.35 sec, 131.25 MB]
 [info] geolocation_google_maps module installed. [31.35 sec, 131.25 MB]
 [info] layout_builder_restrictions_by_region module installed. [31.35 sec, 131.25 MB]
 [info] lb_accordion module installed. [31.35 sec, 131.25 MB]
 [info] lb_branch_amenities_blocks module installed. [31.35 sec, 131.25 MB]
 [info] schema_metatag module installed. [31.35 sec, 131.25 MB]
 [info] schema_organization module installed. [34.53 sec, 124.32 MB]
 [info] openy_field_hours module installed. [34.53 sec, 124.32 MB]
 [info] openy_field_holiday_hours module installed. [34.53 sec, 124.32 MB]
 [info] openy_field_custom_hours module installed. [34.53 sec, 124.32 MB]
 [info] openy_hours_formatter module installed. [34.53 sec, 124.32 MB]
 [info] openy_location module installed. [35.35 sec, 127.08 MB]
 [info] openy_svg_formatter module installed. [35.35 sec, 127.08 MB]
 [info] openy_txnm_amenities module installed. [35.6 sec, 128.53 MB]
 [info] views_field_formatter module installed. [35.6 sec, 128.53 MB]
 [info] openy_loc_branch module installed. [36.51 sec, 128.97 MB]
 [info] lb_branch_social_links_blocks module installed. [36.51 sec, 128.97 MB]
 [info] y_branch_menu module installed. [36.51 sec, 128.97 MB]
 [warning] You have manual updated core.entity_view_display.node.branch.default config from Open Y profile. [36.69 sec, 132.91 MB]
 [warning] You have manual updated core.entity_view_display.node.branch.class_location config from Open Y profile. [36.71 sec, 133.05 MB]
 [warning] You have manual updated core.entity_view_display.node.branch.full config from Open Y profile. [36.74 sec, 133.31 MB]
 [warning] You have manual updated core.entity_view_display.node.branch.sidebar_teaser config from Open Y profile. [36.77 sec, 133.48 MB]
 [warning] You have manual updated core.entity_view_display.node.branch.teaser config from Open Y profile. [36.79 sec, 133.65 MB]
 [warning] You have manual updated core.entity_form_display.node.branch.default config from Open Y profile. [36.85 sec, 134.25 MB]
 [warning] You have manual updated core.entity_view_display.node.branch.default config from Open Y profile. [36.98 sec, 132.93 MB]
 [warning] You have manual updated core.entity_view_display.node.branch.class_location config from Open Y profile. [37 sec, 133.09 MB]
 [warning] You have manual updated core.entity_view_display.node.branch.full config from Open Y profile. [37.03 sec, 133.37 MB]
 [warning] You have manual updated core.entity_view_display.node.branch.sidebar_teaser config from Open Y profile. [37.05 sec, 133.57 MB]
 [warning] You have manual updated core.entity_view_display.node.branch.teaser config from Open Y profile. [37.08 sec, 133.77 MB]
 [warning] You have manual updated core.entity_form_display.node.branch.default config from Open Y profile. [37.13 sec, 134.32 MB]
 [warning] You have manual updated core.entity_view_display.node.branch.default config from Open Y profile. [37.27 sec, 133.21 MB]
 [warning] You have manual updated core.entity_view_display.node.branch.class_location config from Open Y profile. [37.29 sec, 133.38 MB]
 [warning] You have manual updated core.entity_view_display.node.branch.full config from Open Y profile. [37.32 sec, 133.66 MB]
 [warning] You have manual updated core.entity_view_display.node.branch.sidebar_teaser config from Open Y profile. [37.35 sec, 133.86 MB]
 [warning] You have manual updated core.entity_view_display.node.branch.teaser config from Open Y profile. [37.37 sec, 134.06 MB]
 [warning] You have manual updated core.entity_form_display.node.branch.default config from Open Y profile. [37.43 sec, 134.61 MB]
 [warning] You have manual updated core.entity_form_display.node.branch.default config from Open Y profile. [37.49 sec, 135.26 MB]
 [warning] You have manual updated core.entity_view_display.node.branch.default config from Open Y profile. [37.61 sec, 133.97 MB]
 [warning] You have manual updated core.entity_view_display.node.branch.class_location config from Open Y profile. [37.64 sec, 134.14 MB]
 [warning] You have manual updated core.entity_view_display.node.branch.full config from Open Y profile. [37.67 sec, 134.43 MB]
 [warning] You have manual updated core.entity_view_display.node.branch.sidebar_teaser config from Open Y profile. [37.69 sec, 134.64 MB]
 [warning] You have manual updated core.entity_view_display.node.branch.teaser config from Open Y profile. [37.72 sec, 134.84 MB]
 [warning] You have manual updated core.entity_form_display.node.branch.default config from Open Y profile. [37.78 sec, 135.45 MB]
 [warning] The "field_block:node:branch:field_location_address" block plugin was not found [37.85 sec, 141.24 MB]
 [warning] The "field_block:node:branch:field_location_phone" block plugin was not found [37.85 sec, 141.24 MB]
 [warning] The "field_block:node:branch:field_content" block plugin was not found [37.85 sec, 141.24 MB]
 [warning] The "field_block:node:branch:field_header_content" block plugin was not found [37.85 sec, 141.24 MB]
 [warning] The "field_block:node:branch:field_branch_hours" block plugin was not found [37.85 sec, 141.24 MB]
 [warning] The "field_block:node:branch:field_bottom_content" block plugin was not found [37.85 sec, 141.24 MB]
 [warning] The "field_block:node:branch:field_location_directions" block plugin was not found [37.86 sec, 141.24 MB]
 [warning] The "field_block:node:branch:field_location_fax" block plugin was not found [37.86 sec, 141.24 MB]
 [warning] The "field_block:node:branch:field_location_email" block plugin was not found [37.86 sec, 141.24 MB]
 [warning] The "field_block:node:branch:field_location_amenities" block plugin was not found [37.86 sec, 141.24 MB]
 [warning] The "field_block:node:branch:field_location_address" block plugin was not found [37.86 sec, 141.25 MB]
 [warning] The "field_block:node:branch:field_location_phone" block plugin was not found [37.86 sec, 141.25 MB]
 [warning] The "field_block:node:branch:field_content" block plugin was not found [37.86 sec, 141.25 MB]
 [warning] The "field_block:node:branch:field_header_content" block plugin was not found [37.86 sec, 141.25 MB]
 [warning] The "field_block:node:branch:field_branch_hours" block plugin was not found [37.86 sec, 141.25 MB]
 [warning] The "field_block:node:branch:field_bottom_content" block plugin was not found [37.86 sec, 141.25 MB]
 [warning] The "field_block:node:branch:field_location_directions" block plugin was not found [37.86 sec, 141.25 MB]
 [warning] The "field_block:node:branch:field_location_fax" block plugin was not found [37.86 sec, 141.25 MB]
 [warning] The "field_block:node:branch:field_location_email" block plugin was not found [37.86 sec, 141.25 MB]
 [warning] The "field_block:node:branch:field_location_amenities" block plugin was not found [37.86 sec, 141.25 MB]
 [warning] You have manual updated core.entity_view_display.node.branch.full config from Open Y profile. [37.95 sec, 142.52 MB]
 [warning] You have manual updated core.entity_view_display.node.branch.full config from Open Y profile. [38.13 sec, 142.14 MB]
 [warning] You have manual updated core.entity_view_display.node.branch.full config from Open Y profile. [38.28 sec, 142.2 MB]
 [warning] You have manual updated core.entity_form_display.node.branch.default config from Open Y profile. [38.34 sec, 142.07 MB]
 [warning] You have manual updated core.entity_form_display.node.branch.default config from Open Y profile. [38.4 sec, 142.73 MB]
 [warning] You have manual updated core.entity_form_display.node.branch.default config from Open Y profile. [38.46 sec, 143.39 MB]
 [warning] You have manual updated core.entity_form_display.node.branch.default config from Open Y profile. [38.53 sec, 144.04 MB]
 [warning] You have manual updated core.entity_form_display.node.branch.default config from Open Y profile. [38.59 sec, 144.7 MB]
 [warning] You have manual updated core.entity_form_display.node.branch.default config from Open Y profile. [38.66 sec, 145.86 MB]
 [warning] You have manual updated core.entity_form_display.node.branch.default config from Open Y profile. [38.72 sec, 146.51 MB]
 [info] y_branch module installed. [38.72 sec, 146.3 MB]
 [warning] You have manual updated core.entity_view_display.node.branch.full config from Open Y profile. [38.91 sec, 142.45 MB]
 [info] lb_branch_hours_blocks module installed. [38.94 sec, 141.68 MB]
 [info] lb_cards module installed. [38.94 sec, 140.81 MB]
 [info] lb_carousel module installed. [38.94 sec, 140.81 MB]
 [info] lb_grid_cta module installed. [38.94 sec, 140.81 MB]
 [info] lb_grid_icon module installed. [38.94 sec, 140.81 MB]
 [info] lb_hero module installed. [38.94 sec, 140.81 MB]
 [info] lb_modal module installed. [38.94 sec, 140.81 MB]
 [info] lb_partners_blocks module installed. [45.68 sec, 140.33 MB]
 [info] lb_ping_pong module installed. [45.68 sec, 140.33 MB]
 [info] lb_promo module installed. [45.68 sec, 140.33 MB]
 [info] schema_article module installed. [45.68 sec, 140.33 MB]
 [info] y_lb_article module installed. [45.68 sec, 140.33 MB]
 [info] lb_related_articles_blocks module installed. [45.69 sec, 140.58 MB]
 [info] smart_date module installed. [45.71 sec, 137.9 MB]
 [info] smart_date_recur module installed. [45.71 sec, 137.9 MB]
 [info] schema_event module installed. [45.71 sec, 137.9 MB]
 [info] verf module installed. [45.71 sec, 137.9 MB]
 [info] views_infinite_scroll module installed. [45.71 sec, 137.9 MB]
 [info] ws_event module installed. [45.71 sec, 137.9 MB]
 [info] lb_related_events_blocks module installed. [45.71 sec, 137.91 MB]
 [info] lb_simple_menu module installed. [45.71 sec, 137.91 MB]
 [info] lb_staff_members_blocks module installed. [45.71 sec, 137.91 MB]
 [info] lb_statistics module installed. [45.71 sec, 137.91 MB]
 [info] lb_table module installed. [45.71 sec, 137.91 MB]
 [info] lb_testimonials module installed. [45.71 sec, 137.91 MB]
 [info] webform module installed. [47.36 sec, 150.97 MB]
 [info] lb_webform module installed. [47.36 sec, 148.5 MB]
 [warning] The "field_block:node:article_lb:body" block plugin was not found [52.11 sec, 170.54 MB]
 [warning] The "field_block:node:article_lb:field_published_date" block plugin was not found [52.11 sec, 170.54 MB]
 [warning] The "field_block:node:article_lb:body" block plugin was not found [52.11 sec, 170.54 MB]
 [warning] The "field_block:node:article_lb:field_published_date" block plugin was not found [52.11 sec, 170.54 MB]
 [warning] The "field_block:node:lb_event:body" block plugin was not found [56.04 sec, 175.7 MB]
 [warning] The "field_block:node:lb_event:body" block plugin was not found [56.05 sec, 175.7 MB]
 [warning] OpenyUpgradeToolConfigInstaller: Allowing duplicate OpenY config: field.storage.node.field_branch_holiday_hours. This is a legacy workaround and should be fixed in the distro. [62.28 sec, 137.45 MB]
 [warning] OpenyUpgradeToolConfigInstaller: Allowing duplicate OpenY config: field.storage.node.field_branch_hours. This is a legacy workaround and should be fixed in the distro. [62.28 sec, 137.45 MB]
 [warning] OpenyUpgradeToolConfigInstaller: Allowing duplicate OpenY config: taxonomy.vocabulary.news_category. This is a legacy workaround and should be fixed in the distro. [62.29 sec, 137.48 MB]
 [info] menu_item_extras module installed. [64.32 sec, 146.72 MB]
 [info] openy_branch_selector module installed. [64.32 sec, 146.69 MB]
 [info] openy_block_basic module installed. [65.12 sec, 157.55 MB]
 [info] openy_data_wrapper module installed. [65.12 sec, 157.55 MB]
 [warning] You have manual updated openy_map.settings config from Open Y profile. [65.7 sec, 175.62 MB]
 [info] openy_map module installed. [65.71 sec, 175.54 MB]
 [info] openy_ckeditor module installed. [65.71 sec, 175.48 MB]
 [info] openy_field_faq module installed. [65.71 sec, 175.48 MB]
 [info] openy_node_program module installed. [66.73 sec, 166.45 MB]
 [info] openy_node_category module installed. [67.6 sec, 166.72 MB]
 [info] openy_block_branch_amenities module installed. [68.61 sec, 167.44 MB]
 [info] openy_block_menu module installed. [69.12 sec, 168.03 MB]
 [info] openy_prgf module installed. [69.44 sec, 167.28 MB]
 [info] openy_loc_camp module installed. [70.21 sec, 167.86 MB]
 [info] openy_loc_facility module installed. [71.53 sec, 168.5 MB]
 [warning] You have manual updated taxonomy.vocabulary.news_category config from Open Y profile. [71.55 sec, 169.15 MB]
 [info] openy_txnm_news_category module installed. [71.8 sec, 167.92 MB]
 [info] openy_node_news module installed. [72.74 sec, 168.52 MB]
 [info] Creation of dynamic property Drupal\openy_upgrade_tool\ConfigUpdater::$moduleExtensionList is deprecated ConfigImporterService.php:176 [73.04 sec, 168.11 MB]
 [info] Open Y has upgraded paragraphs.paragraphs_type.branch_contacts_info config. [82.39 sec, 170.59 MB]
 [info] Open Y has upgraded field.storage.paragraph.field_branch_contacts_info config. [82.5 sec, 170.44 MB]
 [info] Open Y has upgraded field.field.paragraph.branch_contacts_info.field_branch_contacts_info config. [82.53 sec, 170.72 MB]
 [info] Open Y has upgraded core.entity_form_display.paragraph.branch_contacts_info.default config. [82.57 sec, 170.77 MB]
 [info] Open Y has upgraded core.entity_view_display.paragraph.branch_contacts_info.default config. [82.58 sec, 170.82 MB]
 [info] openy_block_branch_contacts_info module installed. [88.05 sec, 176.54 MB]
 [info] openy_block_featured_highlights module installed. [88.55 sec, 172.76 MB]
 [info] openy_code_block module installed. [88.93 sec, 172.87 MB]
 [info] openy_prgf_grid_content module installed. [90.06 sec, 172.99 MB]
 [info] openy_prgf_1c module installed. [94.38 sec, 167.46 MB]
 [info] openy_prgf_2c module installed. [94.81 sec, 167.54 MB]
 [info] openy_prgf_3c module installed. [95.37 sec, 167.64 MB]
 [info] openy_prgf_4c module installed. [96.13 sec, 167.8 MB]
 [info] openy_prgf_gallery module installed. [96.64 sec, 167.8 MB]
 [info] openy_prgf_banner module installed. [97.14 sec, 168.2 MB]
 [info] openy_prgf_code_block module installed. [97.46 sec, 168.04 MB]
 [info] openy_prgf_faq module installed. [97.77 sec, 167.9 MB]
 [info] openy_prgf_featured_highlights module installed. [98.19 sec, 168.14 MB]
 [info] openy_prgf_featured_news module installed. [98.56 sec, 168 MB]
 [info] openy_prgf_news_latest module installed. [99.57 sec, 187.02 MB]
 [info] openy_prgf_promo_card module installed. [100 sec, 172.96 MB]
 [info] openy_prgf_simple_content module installed. [100.27 sec, 172.96 MB]
 [info] openy_prgf_small_banner module installed. [100.74 sec, 173.39 MB]
 [info] openy_prgf_teaser module installed. [101.22 sec, 173.1 MB]
 [info] openy_prgf_webform module installed. [101.56 sec, 173.23 MB]
 [info] openy_map_lb module installed. [102.12 sec, 187.96 MB]
 [info] ws_code_block module installed. [102.44 sec, 173.62 MB]
 [info] ws_lb_tabs module installed. [102.44 sec, 173.62 MB]
 [warning] You have manual updated core.entity_view_display.node.camp.default config from Open Y profile. [103.68 sec, 180.85 MB]
 [warning] You have manual updated core.entity_view_display.node.camp.class_location config from Open Y profile. [103.71 sec, 180.93 MB]
 [warning] You have manual updated core.entity_view_display.node.camp.full config from Open Y profile. [103.74 sec, 181.12 MB]
 [warning] You have manual updated core.entity_view_display.node.camp.teaser config from Open Y profile. [103.77 sec, 181.24 MB]
 [warning] You have manual updated core.entity_form_display.node.camp.default config from Open Y profile. [103.82 sec, 181.75 MB]
 [warning] You have manual updated core.entity_form_display.node.camp.default config from Open Y profile. [103.87 sec, 182.2 MB]
 [warning] You have manual updated core.entity_view_display.node.camp.default config from Open Y profile. [104.03 sec, 182.08 MB]
 [warning] You have manual updated core.entity_view_display.node.camp.class_location config from Open Y profile. [104.06 sec, 182.19 MB]
 [warning] You have manual updated core.entity_view_display.node.camp.full config from Open Y profile. [104.09 sec, 182.4 MB]
 [warning] You have manual updated core.entity_view_display.node.camp.teaser config from Open Y profile. [104.12 sec, 182.56 MB]
 [warning] You have manual updated core.entity_form_display.node.camp.default config from Open Y profile. [104.17 sec, 183.03 MB]
 [warning] The "field_block:node:camp:field_location_address" block plugin was not found [104.63 sec, 206.47 MB]
 [warning] The "field_block:node:camp:field_location_phone" block plugin was not found [104.63 sec, 206.47 MB]
 [warning] The "field_block:node:camp:field_location_fax" block plugin was not found [104.63 sec, 206.47 MB]
 [warning] The "field_block:node:camp:field_location_directions" block plugin was not found [104.63 sec, 206.47 MB]
 [warning] The "field_block:node:camp:field_content" block plugin was not found [104.63 sec, 206.47 MB]
 [warning] The "field_block:node:camp:field_header_content" block plugin was not found [104.63 sec, 206.47 MB]
 [warning] The "field_block:node:camp:field_bottom_content" block plugin was not found [104.63 sec, 206.47 MB]
 [warning] The "field_block:node:camp:field_location_address" block plugin was not found [104.63 sec, 206.47 MB]
 [warning] The "field_block:node:camp:field_location_phone" block plugin was not found [104.63 sec, 206.47 MB]
 [warning] The "field_block:node:camp:field_location_fax" block plugin was not found [104.63 sec, 206.47 MB]
 [warning] The "field_block:node:camp:field_location_directions" block plugin was not found [104.63 sec, 206.47 MB]
 [warning] The "field_block:node:camp:field_content" block plugin was not found [104.63 sec, 206.47 MB]
 [warning] The "field_block:node:camp:field_header_content" block plugin was not found [104.63 sec, 206.47 MB]
 [warning] The "field_block:node:camp:field_bottom_content" block plugin was not found [104.63 sec, 206.47 MB]
 [warning] You have manual updated core.entity_view_display.node.camp.full config from Open Y profile. [104.71 sec, 207.38 MB]
 [warning] You have manual updated core.entity_view_display.node.camp.full config from Open Y profile. [104.89 sec, 206.71 MB]
 [warning] You have manual updated core.entity_form_display.node.camp.default config from Open Y profile. [105.1 sec, 205.19 MB]
 [warning] You have manual updated core.entity_form_display.node.camp.default config from Open Y profile. [105.15 sec, 205.68 MB]
 [warning] You have manual updated core.entity_form_display.node.camp.default config from Open Y profile. [105.2 sec, 206.16 MB]
 [info] y_camp module installed. [105.2 sec, 205.96 MB]
 [warning] You have manual updated core.entity_view_display.node.facility.default config from Open Y profile. [108.85 sec, 174.08 MB]
 [warning] You have manual updated core.entity_view_display.node.facility.full config from Open Y profile. [108.88 sec, 174.26 MB]
 [warning] You have manual updated core.entity_view_display.node.facility.teaser config from Open Y profile. [108.9 sec, 174.4 MB]
 [warning] You have manual updated core.entity_form_display.node.facility.default config from Open Y profile. [108.97 sec, 175.1 MB]
 [warning] You have manual updated core.entity_form_display.node.facility.default config from Open Y profile. [109.02 sec, 175.55 MB]
 [warning] You have manual updated core.entity_view_display.node.facility.default config from Open Y profile. [109.18 sec, 176.09 MB]
 [warning] You have manual updated core.entity_view_display.node.facility.full config from Open Y profile. [109.21 sec, 176.29 MB]
 [warning] You have manual updated core.entity_view_display.node.facility.teaser config from Open Y profile. [109.23 sec, 176.47 MB]
 [warning] You have manual updated core.entity_form_display.node.facility.default config from Open Y profile. [109.29 sec, 177.36 MB]
 [warning] The "extra_field_block:node:facility:links" block plugin was not found [109.77 sec, 204.57 MB]
 [warning] The "field_block:node:facility:field_content" block plugin was not found [109.77 sec, 204.57 MB]
 [warning] The "field_block:node:facility:field_location_address" block plugin was not found [109.77 sec, 204.57 MB]
 [warning] The "field_block:node:facility:field_location_area" block plugin was not found [109.77 sec, 204.57 MB]
 [warning] The "field_block:node:facility:field_facility_type" block plugin was not found [109.77 sec, 204.57 MB]
 [warning] The "field_block:node:facility:field_location_phone" block plugin was not found [109.77 sec, 204.57 MB]
 [warning] The "field_block:node:facility:field_location_directions" block plugin was not found [109.78 sec, 204.57 MB]
 [warning] The "field_block:node:facility:field_location_fax" block plugin was not found [109.78 sec, 204.57 MB]
 [warning] The "field_block:node:facility:field_sidebar_content" block plugin was not found [109.78 sec, 204.57 MB]
 [warning] The "field_block:node:facility:field_facility_loc" block plugin was not found [109.78 sec, 204.57 MB]
 [warning] The "field_block:node:facility:field_branch_hours" block plugin was not found [109.78 sec, 204.57 MB]
 [warning] The "extra_field_block:node:facility:links" block plugin was not found [109.78 sec, 204.57 MB]
 [warning] The "field_block:node:facility:field_content" block plugin was not found [109.78 sec, 204.57 MB]
 [warning] The "field_block:node:facility:field_location_address" block plugin was not found [109.78 sec, 204.57 MB]
 [warning] The "field_block:node:facility:field_location_area" block plugin was not found [109.78 sec, 204.57 MB]
 [warning] The "field_block:node:facility:field_facility_type" block plugin was not found [109.78 sec, 204.57 MB]
 [warning] The "field_block:node:facility:field_location_phone" block plugin was not found [109.78 sec, 204.57 MB]
 [warning] The "field_block:node:facility:field_location_directions" block plugin was not found [109.78 sec, 204.57 MB]
 [warning] The "field_block:node:facility:field_location_fax" block plugin was not found [109.78 sec, 204.57 MB]
 [warning] The "field_block:node:facility:field_sidebar_content" block plugin was not found [109.78 sec, 204.57 MB]
 [warning] The "field_block:node:facility:field_facility_loc" block plugin was not found [109.78 sec, 204.57 MB]
 [warning] The "field_block:node:facility:field_branch_hours" block plugin was not found [109.78 sec, 204.57 MB]
 [warning] You have manual updated core.entity_view_display.node.facility.full config from Open Y profile. [109.86 sec, 205.67 MB]
 [warning] You have manual updated core.entity_view_display.node.facility.full config from Open Y profile. [110.06 sec, 206.07 MB]
 [warning] You have manual updated core.entity_form_display.node.facility.default config from Open Y profile. [110.11 sec, 204.3 MB]
 [warning] Attempt to read property "context" on null field_group.module:879 [110.11 sec, 204.09 MB]
 [warning] Attempt to read property "context" on null field_group.module:882 [110.12 sec, 204.09 MB]
 [warning] Attempt to read property "context" on null field_group.module:889 [110.12 sec, 204.09 MB]
 [warning] Attempt to read property "context" on null field_group.module:896 [110.12 sec, 204.09 MB]
 [warning] You have manual updated field.field.node.facility.field_location_address config from Open Y profile. [110.13 sec, 204.36 MB]
 [warning] You have manual updated field.field.node.facility.field_location_coordinates config from Open Y profile. [110.21 sec, 187.5 MB]
 [warning] You have manual updated field.field.node.facility.field_location_phone config from Open Y profile. [110.26 sec, 187.5 MB]
 [info] y_facility module installed. [110.26 sec, 185.72 MB]
 [info] y_lb_main_menu_cta_block module installed. [110.26 sec, 178.22 MB]
 [info] lb_donate module installed. [110.26 sec, 178.22 MB]
 [info] y_donate module installed. [110.27 sec, 178.22 MB]
 [warning] You have manual updated core.entity_view_display.node.program.default config from Open Y profile. [110.38 sec, 181.3 MB]
 [warning] You have manual updated core.entity_view_display.node.program.full config from Open Y profile. [110.41 sec, 181.43 MB]
 [warning] You have manual updated core.entity_view_display.node.program.teaser config from Open Y profile. [110.43 sec, 181.52 MB]
 [warning] You have manual updated core.entity_form_display.node.program.default config from Open Y profile. [110.48 sec, 182.34 MB]
 [warning] You have manual updated core.entity_form_display.node.program.default config from Open Y profile. [110.52 sec, 182.72 MB]
 [warning] You have manual updated core.entity_view_display.node.program.default config from Open Y profile. [110.62 sec, 181.61 MB]
 [warning] You have manual updated core.entity_view_display.node.program.full config from Open Y profile. [110.65 sec, 181.77 MB]
 [warning] You have manual updated core.entity_view_display.node.program.teaser config from Open Y profile. [110.67 sec, 181.9 MB]
 [warning] You have manual updated core.entity_form_display.node.program.default config from Open Y profile. [110.72 sec, 182.71 MB]
 [warning] The "field_block:node:program:field_program_image" block plugin was not found [111.12 sec, 206.33 MB]
 [warning] The "field_block:node:program:field_program_icon" block plugin was not found [111.12 sec, 206.33 MB]
 [warning] The "field_block:node:program:field_program_color" block plugin was not found [111.12 sec, 206.33 MB]
 [warning] The "field_block:node:program:field_program_description" block plugin was not found [111.12 sec, 206.33 MB]
 [warning] The "field_block:node:program:field_header_content" block plugin was not found [111.12 sec, 206.33 MB]
 [warning] The "field_block:node:program:field_content" block plugin was not found [111.12 sec, 206.33 MB]
 [warning] The "field_block:node:program:field_sidebar_content" block plugin was not found [111.12 sec, 206.33 MB]
 [warning] The "extra_field_block:node:program:links" block plugin was not found [111.12 sec, 206.33 MB]
 [warning] The "field_block:node:program:field_program_image" block plugin was not found [111.12 sec, 206.33 MB]
 [warning] The "field_block:node:program:field_program_icon" block plugin was not found [111.12 sec, 206.33 MB]
 [warning] The "field_block:node:program:field_program_color" block plugin was not found [111.12 sec, 206.33 MB]
 [warning] The "field_block:node:program:field_program_description" block plugin was not found [111.12 sec, 206.33 MB]
 [warning] The "field_block:node:program:field_header_content" block plugin was not found [111.12 sec, 206.33 MB]
 [warning] The "field_block:node:program:field_content" block plugin was not found [111.12 sec, 206.33 MB]
 [warning] The "field_block:node:program:field_sidebar_content" block plugin was not found [111.12 sec, 206.33 MB]
 [warning] The "extra_field_block:node:program:links" block plugin was not found [111.12 sec, 206.33 MB]
 [warning] You have manual updated core.entity_view_display.node.program.full config from Open Y profile. [111.19 sec, 207.15 MB]
 [warning] You have manual updated core.entity_view_display.node.program.full config from Open Y profile. [111.37 sec, 206.55 MB]
 [warning] You have manual updated core.entity_form_display.node.program.default config from Open Y profile. [111.42 sec, 204.51 MB]
 [warning] You have manual updated core.entity_form_display.node.program.default config from Open Y profile. [111.46 sec, 204.91 MB]
 [warning] You have manual updated core.entity_form_display.node.program.default config from Open Y profile. [111.5 sec, 205.32 MB]
 [info] y_program module installed. [111.5 sec, 205.12 MB]
 [warning] You have manual updated core.entity_view_display.node.program_subcategory.default config from Open Y profile. [111.61 sec, 188.57 MB]
 [warning] You have manual updated core.entity_view_display.node.program_subcategory.full config from Open Y profile. [111.64 sec, 188.71 MB]
 [warning] You have manual updated core.entity_view_display.node.program_subcategory.teaser config from Open Y profile. [111.66 sec, 188.83 MB]
 [warning] You have manual updated core.entity_form_display.node.program_subcategory.default config from Open Y profile. [111.71 sec, 189.94 MB]
 [warning] You have manual updated core.entity_form_display.node.program_subcategory.default config from Open Y profile. [111.76 sec, 183.26 MB]
 [warning] You have manual updated core.entity_view_display.node.program_subcategory.default config from Open Y profile. [111.86 sec, 182.19 MB]
 [warning] You have manual updated core.entity_view_display.node.program_subcategory.full config from Open Y profile. [111.89 sec, 182.36 MB]
 [warning] You have manual updated core.entity_view_display.node.program_subcategory.teaser config from Open Y profile. [111.91 sec, 182.51 MB]
 [warning] You have manual updated core.entity_form_display.node.program_subcategory.default config from Open Y profile. [111.97 sec, 183.35 MB]
 [warning] The "field_block:node:program_subcategory:field_header_content" block plugin was not found [112.37 sec, 207.16 MB]
 [warning] The "field_block:node:program_subcategory:field_category_image" block plugin was not found [112.37 sec, 207.16 MB]
 [warning] The "field_block:node:program_subcategory:field_category_description" block plugin was not found [112.37 sec, 207.16 MB]
 [warning] The "field_block:node:program_subcategory:field_content" block plugin was not found [112.37 sec, 207.16 MB]
 [warning] The "field_block:node:program_subcategory:field_sidebar_content" block plugin was not found [112.37 sec, 207.16 MB]
 [warning] The "extra_field_block:node:program_subcategory:links" block plugin was not found [112.37 sec, 207.16 MB]
 [warning] The "field_block:node:program_subcategory:field_category_program" block plugin was not found [112.37 sec, 207.16 MB]
 [warning] The "field_block:node:program_subcategory:field_category_color" block plugin was not found [112.37 sec, 207.16 MB]
 [warning] The "field_block:node:program_subcategory:field_bottom_content" block plugin was not found [112.37 sec, 207.16 MB]
 [warning] The "field_block:node:program_subcategory:field_header_content" block plugin was not found [112.37 sec, 207.16 MB]
 [warning] The "field_block:node:program_subcategory:field_category_image" block plugin was not found [112.37 sec, 207.16 MB]
 [warning] The "field_block:node:program_subcategory:field_category_description" block plugin was not found [112.37 sec, 207.16 MB]
 [warning] The "field_block:node:program_subcategory:field_content" block plugin was not found [112.37 sec, 207.16 MB]
 [warning] The "field_block:node:program_subcategory:field_sidebar_content" block plugin was not found [112.37 sec, 207.16 MB]
 [warning] The "extra_field_block:node:program_subcategory:links" block plugin was not found [112.37 sec, 207.16 MB]
 [warning] The "field_block:node:program_subcategory:field_category_program" block plugin was not found [112.37 sec, 207.16 MB]
 [warning] The "field_block:node:program_subcategory:field_category_color" block plugin was not found [112.37 sec, 207.16 MB]
 [warning] The "field_block:node:program_subcategory:field_bottom_content" block plugin was not found [112.37 sec, 207.16 MB]
 [warning] You have manual updated core.entity_view_display.node.program_subcategory.full config from Open Y profile. [112.44 sec, 208.01 MB]
 [warning] You have manual updated core.entity_form_display.node.program_subcategory.default config from Open Y profile. [112.49 sec, 206.11 MB]
 [warning] You have manual updated core.entity_form_display.node.program_subcategory.default config from Open Y profile. [112.54 sec, 206.55 MB]
 [warning] You have manual updated core.entity_form_display.node.program_subcategory.default config from Open Y profile. [112.59 sec, 207 MB]
 [info] y_program_subcategory module installed. [112.59 sec, 206.8 MB]
 [notice] Performed install task: openy_install_features [115.14 sec, 157.27 MB]
 [notice] Performed install task: openy_select_theme [115.18 sec, 156.11 MB]
 [info] openy_demo_bfooter module installed. [116.63 sec, 179.13 MB]
 [info] Processed 2 items (2 created, 0 updated, 0 failed, 0 ignored) - done with 'openy_demo_block_content_footer' [117.06 sec, 182.58 MB]
 [info] openy_demo_bfooter module uninstalled. [118.69 sec, 202.11 MB]
 [info] openy_carnation theme installed. [120.28 sec, 206.5 MB]
 [notice] Performed install task: openy_install_theme [121.26 sec, 204.49 MB]
 [notice] Performed install task: openy_select_content [121.33 sec, 170.67 MB]
 [info] openy_demo_taxonomy module installed. [123.41 sec, 198.81 MB]
 [info] openy_demo_tcolor module installed. [123.41 sec, 198.82 MB]
 [info] openy_node_activity module installed. [124.47 sec, 203.86 MB]
 [info] openy_demo_ahb module installed. [124.47 sec, 203.87 MB]
 [info] openy_demo_menu module installed. [124.47 sec, 203.88 MB]
 [info] openy_demo_menu_footer module installed. [124.48 sec, 203.9 MB]
 [info] openy_demo_menu_main module installed. [124.49 sec, 203.93 MB]
 [info] openy_demo_nalert module installed. [124.5 sec, 203.95 MB]
 [info] openy_demo_nlanding module installed. [124.57 sec, 204.13 MB]
 [info] openy_demo_tnews module installed. [124.57 sec, 204.13 MB]
 [info] openy_demo_nnews module installed. [124.6 sec, 204.2 MB]
 [info] openy_demo_tamenities module installed. [124.6 sec, 204.21 MB]
 [info] openy_demo_webform module installed. [124.61 sec, 204.25 MB]
 [info] ws_promotion module installed. [124.61 sec, 204.25 MB]
 [info] ws_promotion_cards module installed. [124.61 sec, 204.25 MB]
 [info] ws_promotion_hero module installed. [124.61 sec, 204.25 MB]
 [info] ws_promotion_modal module installed. [124.61 sec, 204.25 MB]
 [info] ws_promotion_ping_pong module installed. [124.61 sec, 204.25 MB]
 [info] ws_promotion_promo module installed. [124.61 sec, 204.25 MB]
 [warning] You have manual updated system.site config from Open Y profile. [125.4 sec, 210.37 MB]
 [warning] You have manual updated openy_map.settings config from Open Y profile. [125.41 sec, 210.44 MB]
 [info] y_lb_demo_content module installed. [125.41 sec, 210.28 MB]
 [info] Processed 17 items (17 created, 0 updated, 0 failed, 0 ignored) - done with 'openy_demo_taxonomy_term_color' [127.88 sec, 191.97 MB]
 [info] Processed 17 items (17 created, 0 updated, 0 failed, 0 ignored) - done with 'openy_demo_entity_ahb' [127.98 sec, 192.9 MB]
 [info] Processed 1 item (1 created, 0 updated, 0 failed, 0 ignored) - done with 'openy_demo_lp_news_paragraph_latest_news_posts' [128.63 sec, 230.52 MB]
 [info] Processed 1 item (0 created, 0 updated, 0 failed, 1 ignored) - done with 'openy_demo_lp_paragraph_news_posts_listing' [128.66 sec, 230.56 MB]
 [info] Processed 0 items (0 created, 0 updated, 0 failed, 0 ignored) - done with 'openy_demo_taxonomy_term_color' [128.67 sec, 230.56 MB]
 [info] Processed 1 item (1 created, 0 updated, 0 failed, 0 ignored) - done with 'openy_demo_lp_paragraph_news_small_banner' [128.7 sec, 230.7 MB]
 [info] Processed 12 items (12 created, 0 updated, 0 failed, 0 ignored) - done with 'openy_demo_nnews_file' [128.8 sec, 231.31 MB]
 [info] Processed 12 items (12 created, 0 updated, 0 failed, 0 ignored) - done with 'openy_demo_nnews_media_image' [129.31 sec, 229.95 MB]
 [info] Processed 5 items (5 created, 0 updated, 0 failed, 0 ignored) - done with 'openy_demo_taxonomy_term_news_category' [130.22 sec, 244.22 MB]
 [info] Processed 12 items (12 created, 0 updated, 0 failed, 0 ignored) - done with 'openy_demo_node_news' [130.57 sec, 246.29 MB]
 [info] Processed 1 item (1 created, 0 updated, 0 failed, 0 ignored) - done with 'openy_demo_news_landing' [130.62 sec, 246.87 MB]
 [info] Processed 1 item (1 created, 0 updated, 0 failed, 0 ignored) - done with 'openy_demo_menu_link_footer_news' [130.66 sec, 247.17 MB]
 [info] Processed 0 items (0 created, 0 updated, 0 failed, 0 ignored) - done with 'openy_demo_taxonomy_term_color' [130.67 sec, 247.18 MB]
 [info] Processed 6 items (6 created, 0 updated, 0 failed, 0 ignored) - done with 'openy_demo_node_alert_standard_extended' [130.85 sec, 248.12 MB]
 [info] Processed 12 items (12 created, 0 updated, 0 failed, 0 ignored) - done with 'openy_demo_lp_file' [130.95 sec, 248.68 MB]
 [info] Processed 12 items (12 created, 0 updated, 0 failed, 0 ignored) - done with 'openy_demo_lp_media_image' [131.41 sec, 242.86 MB]
 [info] Processed 0 items (0 created, 0 updated, 0 failed, 0 ignored) - done with 'openy_demo_taxonomy_term_color' [131.42 sec, 242.86 MB]
 [info] Processed 3 items (3 created, 0 updated, 0 failed, 0 ignored) - done with 'openy_demo_lp_paragraph_banner' [131.5 sec, 243.15 MB]
 [info] Processed 0 items (0 created, 0 updated, 0 failed, 0 ignored) - done with 'openy_demo_lp_file' [131.51 sec, 243.16 MB]
 [info] Processed 0 items (0 created, 0 updated, 0 failed, 0 ignored) - done with 'openy_demo_lp_media_image' [131.51 sec, 243.16 MB]
 [info] Processed 4 items (4 created, 0 updated, 0 failed, 0 ignored) - done with 'openy_demo_lp_paragraph_gallery' [131.58 sec, 243.51 MB]
 [info] Processed 2 items (2 created, 0 updated, 0 failed, 0 ignored) - done with 'openy_demo_lp_paragraph_grid_columns' [131.63 sec, 243.69 MB]
 [info] Processed 1 item (1 created, 0 updated, 0 failed, 0 ignored) - done with 'openy_demo_lp_paragraph_grid_content' [131.67 sec, 244.02 MB]
 [info] Processed 1 item (1 created, 0 updated, 0 failed, 0 ignored) - done with 'openy_demo_lp_paragraph_latest_news_posts' [131.69 sec, 244.13 MB]
 [info] Processed 13 items (13 created, 0 updated, 0 failed, 0 ignored) - done with 'openy_demo_lp_paragraph_simple' [131.82 sec, 244.82 MB]
 [info] Processed 0 items (0 created, 0 updated, 0 failed, 0 ignored) - done with 'openy_demo_taxonomy_term_color' [131.83 sec, 244.82 MB]
 [info] Processed 3 items (3 created, 0 updated, 0 failed, 0 ignored) - done with 'openy_demo_lp_paragraph_small_banner' [131.88 sec, 245.04 MB]
 [info] Processed 0 items (0 created, 0 updated, 0 failed, 0 ignored) - done with 'openy_demo_lp_file' [131.89 sec, 245.05 MB]
 [info] Processed 0 items (0 created, 0 updated, 0 failed, 0 ignored) - done with 'openy_demo_lp_media_image' [131.89 sec, 245.06 MB]
 [info] Processed 2 items (2 created, 0 updated, 0 failed, 0 ignored) - done with 'openy_demo_lp_paragraph_teaser' [131.93 sec, 245.25 MB]
 [info] strtotime(): Passing null to parameter #1 ($datetime) of type string is deprecated Callback.php:103 [131.95 sec, 245.3 MB]
 [info] strtotime(): Passing null to parameter #1 ($datetime) of type string is deprecated Callback.php:103 [131.95 sec, 245.3 MB]
 [info] strtotime(): Passing null to parameter #1 ($datetime) of type string is deprecated Callback.php:103 [132.02 sec, 245.92 MB]
 [info] strtotime(): Passing null to parameter #1 ($datetime) of type string is deprecated Callback.php:103 [132.02 sec, 245.92 MB]
 [info] strtotime(): Passing null to parameter #1 ($datetime) of type string is deprecated Callback.php:103 [132.07 sec, 246.25 MB]
 [info] strtotime(): Passing null to parameter #1 ($datetime) of type string is deprecated Callback.php:103 [132.07 sec, 246.25 MB]
 [info] strtotime(): Passing null to parameter #1 ($datetime) of type string is deprecated Callback.php:103 [132.12 sec, 246.57 MB]
 [info] strtotime(): Passing null to parameter #1 ($datetime) of type string is deprecated Callback.php:103 [132.12 sec, 246.57 MB]
 [info] Processed 4 items (4 created, 0 updated, 0 failed, 0 ignored) - done with 'openy_demo_node_landing_standard' [132.19 sec, 247.17 MB]
 [info] Processed 1 item (1 created, 0 updated, 0 failed, 0 ignored) - done with 'y_lb_demo_block_upcoming_events' [132.23 sec, 247.27 MB]
 [info] Processed 1 item (1 created, 0 updated, 0 failed, 0 ignored) - done with 'y_lb_demo_menu_link_account' [132.26 sec, 247.38 MB]
 [info] Processed 5 items (5 created, 0 updated, 0 failed, 0 ignored) - done with 'y_lb_demo_menu_link_helpful_links' [132.33 sec, 247.72 MB]
 [info] Processed 3 items (3 created, 0 updated, 0 failed, 0 ignored) - done with 'y_lb_demo_menu_link_utility' [132.38 sec, 247.93 MB]
 [info] Processed 3 items (3 created, 0 updated, 0 failed, 0 ignored) - done with 'y_lb_demo_tags' [132.43 sec, 248.12 MB]
 [info] Processed 0 items (0 created, 0 updated, 0 failed, 0 ignored) - done with 'openy_demo_lp_file' [132.43 sec, 248.17 MB]
 [info] Processed 0 items (0 created, 0 updated, 0 failed, 0 ignored) - done with 'openy_demo_lp_media_image' [132.44 sec, 248.18 MB]
 [info] Processed 0 items (0 created, 0 updated, 0 failed, 0 ignored) - done with 'openy_demo_taxonomy_term_color' [132.44 sec, 248.19 MB]
 [info] Processed 0 items (0 created, 0 updated, 0 failed, 0 ignored) - done with 'openy_demo_lp_paragraph_banner' [132.45 sec, 248.2 MB]
 [info] Processed 0 items (0 created, 0 updated, 0 failed, 0 ignored) - done with 'openy_demo_lp_file' [132.45 sec, 248.22 MB]
 [info] Processed 0 items (0 created, 0 updated, 0 failed, 0 ignored) - done with 'openy_demo_lp_media_image' [132.46 sec, 248.23 MB]
 [info] Processed 0 items (0 created, 0 updated, 0 failed, 0 ignored) - done with 'openy_demo_lp_paragraph_gallery' [132.46 sec, 248.24 MB]
 [info] Processed 0 items (0 created, 0 updated, 0 failed, 0 ignored) - done with 'openy_demo_lp_paragraph_grid_columns' [132.46 sec, 248.25 MB]
 [info] Processed 0 items (0 created, 0 updated, 0 failed, 0 ignored) - done with 'openy_demo_lp_paragraph_grid_content' [132.46 sec, 248.26 MB]
 [info] Processed 0 items (0 created, 0 updated, 0 failed, 0 ignored) - done with 'openy_demo_lp_paragraph_latest_news_posts' [132.47 sec, 248.26 MB]
 [info] Processed 0 items (0 created, 0 updated, 0 failed, 0 ignored) - done with 'openy_demo_lp_paragraph_simple' [132.47 sec, 248.27 MB]
 [info] Processed 0 items (0 created, 0 updated, 0 failed, 0 ignored) - done with 'openy_demo_taxonomy_term_color' [132.48 sec, 248.28 MB]
 [info] Processed 0 items (0 created, 0 updated, 0 failed, 0 ignored) - done with 'openy_demo_lp_paragraph_small_banner' [132.48 sec, 248.29 MB]
 [info] Processed 0 items (0 created, 0 updated, 0 failed, 0 ignored) - done with 'openy_demo_lp_file' [132.48 sec, 248.31 MB]
 [info] Processed 0 items (0 created, 0 updated, 0 failed, 0 ignored) - done with 'openy_demo_lp_media_image' [132.49 sec, 248.32 MB]
 [info] Processed 0 items (0 created, 0 updated, 0 failed, 0 ignored) - done with 'openy_demo_lp_paragraph_teaser' [132.49 sec, 248.33 MB]
 [info] Processed 0 items (0 created, 0 updated, 0 failed, 0 ignored) - done with 'openy_demo_node_landing_standard' [132.5 sec, 248.37 MB]
 [info] Processed 4 items (3 created, 0 updated, 1 failed, 0 ignored) - done with 'openy_demo_standard_menu_link_footer' [132.56 sec, 248.73 MB]
 [info] Processed 193 items (193 created, 0 updated, 0 failed, 0 ignored) - done with 'y_lb_demo_file' [133.77 sec, 256.77 MB]
 [info] Processed 6 items (6 created, 0 updated, 0 failed, 0 ignored) - done with 'openy_demo_menu_main_file' [133.84 sec, 257.06 MB]
 [info] Processed 0 items (0 created, 0 updated, 0 failed, 0 ignored) - done with 'openy_demo_lp_news_paragraph_latest_news_posts' [133.84 sec, 257.08 MB]
 [info] Processed 0 items (0 created, 0 updated, 0 failed, 0 ignored) - done with 'openy_demo_lp_paragraph_news_posts_listing' [133.85 sec, 257.08 MB]
 [info] Processed 0 items (0 created, 0 updated, 0 failed, 0 ignored) - done with 'openy_demo_taxonomy_term_color' [133.85 sec, 257.09 MB]
 [info] Processed 0 items (0 created, 0 updated, 0 failed, 0 ignored) - done with 'openy_demo_lp_paragraph_news_small_banner' [133.91 sec, 242.57 MB]
 [info] Processed 0 items (0 created, 0 updated, 0 failed, 0 ignored) - done with 'openy_demo_nnews_file' [133.92 sec, 242.59 MB]
 [info] Processed 0 items (0 created, 0 updated, 0 failed, 0 ignored) - done with 'openy_demo_nnews_media_image' [133.93 sec, 242.6 MB]
 [info] Processed 0 items (0 created, 0 updated, 0 failed, 0 ignored) - done with 'openy_demo_taxonomy_term_news_category' [133.93 sec, 242.6 MB]
 [info] Processed 0 items (0 created, 0 updated, 0 failed, 0 ignored) - done with 'openy_demo_node_news' [133.93 sec, 242.62 MB]
 [info] Processed 0 items (0 created, 0 updated, 0 failed, 0 ignored) - done with 'openy_demo_news_landing' [133.94 sec, 242.64 MB]
 [info] Processed 0 items (0 created, 0 updated, 0 failed, 0 ignored) - done with 'openy_demo_lp_file' [133.94 sec, 242.69 MB]
 [info] Processed 0 items (0 created, 0 updated, 0 failed, 0 ignored) - done with 'openy_demo_lp_media_image' [133.95 sec, 242.7 MB]
 [info] Processed 0 items (0 created, 0 updated, 0 failed, 0 ignored) - done with 'openy_demo_taxonomy_term_color' [133.96 sec, 242.71 MB]
 [info] Processed 0 items (0 created, 0 updated, 0 failed, 0 ignored) - done with 'openy_demo_lp_paragraph_banner' [133.96 sec, 242.72 MB]
 [info] Processed 0 items (0 created, 0 updated, 0 failed, 0 ignored) - done with 'openy_demo_lp_file' [133.97 sec, 242.74 MB]
 [info] Processed 0 items (0 created, 0 updated, 0 failed, 0 ignored) - done with 'openy_demo_lp_media_image' [133.97 sec, 242.75 MB]
 [info] Processed 0 items (0 created, 0 updated, 0 failed, 0 ignored) - done with 'openy_demo_lp_paragraph_gallery' [133.98 sec, 242.76 MB]
 [info] Processed 0 items (0 created, 0 updated, 0 failed, 0 ignored) - done with 'openy_demo_lp_paragraph_grid_columns' [133.98 sec, 242.77 MB]
 [info] Processed 0 items (0 created, 0 updated, 0 failed, 0 ignored) - done with 'openy_demo_lp_paragraph_grid_content' [133.98 sec, 242.78 MB]
 [info] Processed 0 items (0 created, 0 updated, 0 failed, 0 ignored) - done with 'openy_demo_lp_paragraph_latest_news_posts' [133.98 sec, 242.78 MB]
 [info] Processed 0 items (0 created, 0 updated, 0 failed, 0 ignored) - done with 'openy_demo_lp_paragraph_simple' [133.99 sec, 242.79 MB]
 [info] Processed 0 items (0 created, 0 updated, 0 failed, 0 ignored) - done with 'openy_demo_taxonomy_term_color' [134 sec, 242.8 MB]
 [info] Processed 0 items (0 created, 0 updated, 0 failed, 0 ignored) - done with 'openy_demo_lp_paragraph_small_banner' [134 sec, 242.81 MB]
 [info] Processed 0 items (0 created, 0 updated, 0 failed, 0 ignored) - done with 'openy_demo_lp_file' [134 sec, 242.83 MB]
 [info] Processed 0 items (0 created, 0 updated, 0 failed, 0 ignored) - done with 'openy_demo_lp_media_image' [134.01 sec, 242.83 MB]
 [info] Processed 0 items (0 created, 0 updated, 0 failed, 0 ignored) - done with 'openy_demo_lp_paragraph_teaser' [134.01 sec, 242.84 MB]
 [info] Processed 0 items (0 created, 0 updated, 0 failed, 0 ignored) - done with 'openy_demo_node_landing_standard' [134.02 sec, 242.88 MB]
 [info] Processed 5 items (5 created, 0 updated, 0 failed, 0 ignored) - done with 'openy_demo_standard_menu_link_main' [134.1 sec, 243.3 MB]
 [info] Processed 0 items (0 created, 0 updated, 0 failed, 0 ignored) - done with 'y_lb_demo_file' [134.15 sec, 243.32 MB]
 [info] Processed 193 items (193 created, 0 updated, 0 failed, 0 ignored) - done with 'y_lb_demo_media_image' [140.65 sec, 250.35 MB]
 [info] Processed 4 items (4 created, 0 updated, 0 failed, 0 ignored) - done with 'y_lb_demo_block_banner_overlay' [140.73 sec, 250.64 MB]
 [info] Processed 1 item (1 created, 0 updated, 0 failed, 0 ignored) - done with 'y_lb_demo_block_social_links' [140.77 sec, 250.72 MB]
 [info] Processed 19 items (19 created, 0 updated, 0 failed, 0 ignored) - done with 'y_lb_demo_block_table_block' [141.01 sec, 250.04 MB]
 [info] Processed 1 item (1 created, 0 updated, 0 failed, 0 ignored) - done with 'y_lb_demo_block_branch_amenities' [141.05 sec, 250.13 MB]
 [info] Processed 18 items (18 created, 0 updated, 0 failed, 0 ignored) - done with 'y_lb_demo_block_icon_grid_item' [141.25 sec, 251.17 MB]
 [info] Processed 0 items (0 created, 0 updated, 0 failed, 0 ignored) - done with 'y_lb_demo_block_icon_grid_item' [141.25 sec, 251.18 MB]
 [info] Processed 5 items (5 created, 0 updated, 0 failed, 0 ignored) - done with 'y_lb_demo_block_icon_grid' [141.34 sec, 251.65 MB]
 [info] Processed 17 items (17 created, 0 updated, 0 failed, 0 ignored) - done with 'y_lb_demo_block_cards_item' [141.59 sec, 250.52 MB]
 [info] Processed 0 items (0 created, 0 updated, 0 failed, 0 ignored) - done with 'y_lb_demo_block_cards_item' [141.59 sec, 250.53 MB]
 [info] Processed 5 items (5 created, 0 updated, 0 failed, 0 ignored) - done with 'y_lb_demo_block_cards' [141.68 sec, 250.98 MB]
 [info] Processed 4 items (4 created, 0 updated, 0 failed, 0 ignored) - done with 'y_lb_demo_block_carousel_item' [141.75 sec, 251.25 MB]
 [info] Processed 0 items (0 created, 0 updated, 0 failed, 0 ignored) - done with 'y_lb_demo_block_carousel_item' [141.75 sec, 251.25 MB]
 [info] Processed 1 item (1 created, 0 updated, 0 failed, 0 ignored) - done with 'y_lb_demo_block_carousel' [141.78 sec, 251.38 MB]
 [info] Processed 0 items (0 created, 0 updated, 0 failed, 0 ignored) - done with 'y_lb_demo_block_banner_overlay' [141.79 sec, 251.41 MB]
 [info] Processed 0 items (0 created, 0 updated, 0 failed, 0 ignored) - done with 'y_lb_demo_block_branch_amenities' [141.79 sec, 251.42 MB]
 [info] Processed 0 items (0 created, 0 updated, 0 failed, 0 ignored) - done with 'y_lb_demo_block_cards_item' [141.79 sec, 251.43 MB]
 [info] Processed 0 items (0 created, 0 updated, 0 failed, 0 ignored) - done with 'y_lb_demo_block_cards' [141.8 sec, 251.44 MB]
 [info] Processed 0 items (0 created, 0 updated, 0 failed, 0 ignored) - done with 'y_lb_demo_block_carousel_item' [141.8 sec, 251.45 MB]
 [info] Processed 0 items (0 created, 0 updated, 0 failed, 0 ignored) - done with 'y_lb_demo_block_carousel' [141.8 sec, 251.46 MB]
 [info] Processed 0 items (0 created, 0 updated, 0 failed, 0 ignored) - done with 'y_lb_demo_block_icon_grid_item' [141.81 sec, 251.48 MB]
 [info] Processed 0 items (0 created, 0 updated, 0 failed, 0 ignored) - done with 'y_lb_demo_block_icon_grid' [141.81 sec, 251.49 MB]
 [info] Processed 0 items (0 created, 0 updated, 0 failed, 0 ignored) - done with 'y_lb_demo_block_social_links' [141.81 sec, 251.49 MB]
 [info] Processed 0 items (0 created, 0 updated, 0 failed, 0 ignored) - done with 'y_lb_demo_block_table_block' [141.82 sec, 251.5 MB]
 [info] Processed 1 item (1 created, 0 updated, 0 failed, 0 ignored) - done with 'y_lb_demo_page_location' [141.9 sec, 252.3 MB]
 [info] Processed 0 items (0 created, 0 updated, 0 failed, 0 ignored) - done with 'y_lb_demo_tags' [141.96 sec, 250.91 MB]
 [info] Processed 8 items (8 created, 0 updated, 0 failed, 0 ignored) - done with 'y_lb_demo_articles' [142.22 sec, 252.43 MB]
 [info] Processed 12 items (12 created, 0 updated, 0 failed, 0 ignored) - done with 'y_lb_demo_block_accordion_item' [142.36 sec, 250.44 MB]
 [info] Processed 0 items (0 created, 0 updated, 0 failed, 0 ignored) - done with 'y_lb_demo_block_accordion_item' [142.36 sec, 250.45 MB]
 [info] Processed 3 items (3 created, 0 updated, 0 failed, 0 ignored) - done with 'y_lb_demo_block_accordion' [142.43 sec, 250.73 MB]
 [info] Processed 1 item (1 created, 0 updated, 0 failed, 0 ignored) - done with 'y_lb_demo_block_articles_filter' [142.62 sec, 256.08 MB]
 [info] Processed 1 item (1 created, 0 updated, 0 failed, 0 ignored) - done with 'y_lb_demo_block_articles_listing' [142.65 sec, 256.15 MB]
 [info] Processed 8 items (8 created, 0 updated, 0 failed, 0 ignored) - done with 'y_lb_demo_block_banner_chevron' [142.75 sec, 256.65 MB]
 [info] Processed 6 items (6 created, 0 updated, 0 failed, 0 ignored) - done with 'y_lb_demo_block_banner_frame' [142.84 sec, 257.02 MB]
 [info] Processed 18 items (18 created, 0 updated, 0 failed, 0 ignored) - done with 'y_lb_demo_block_banner_standard' [143.04 sec, 258.07 MB]
 [info] Processed 5 items (5 created, 0 updated, 0 failed, 0 ignored) - done with 'y_lb_demo_block_donate_item' [143.11 sec, 255.73 MB]
 [info] Processed 0 items (0 created, 0 updated, 0 failed, 0 ignored) - done with 'y_lb_demo_block_donate_item' [143.11 sec, 255.73 MB]
 [info] Processed 1 item (1 created, 0 updated, 0 failed, 0 ignored) - done with 'y_lb_demo_block_donate' [143.15 sec, 255.89 MB]
 [info] Processed 1 item (1 created, 0 updated, 0 failed, 0 ignored) - done with 'y_lb_demo_block_events_filter' [143.28 sec, 256.7 MB]
 [info] Processed 1 item (1 created, 0 updated, 0 failed, 0 ignored) - done with 'y_lb_demo_block_events_listing' [143.32 sec, 256.77 MB]
 [info] Processed 0 items (0 created, 0 updated, 0 failed, 0 ignored) - done with 'y_lb_demo_tags' [143.33 sec, 256.78 MB]
 [info] Processed 0 items (0 created, 0 updated, 0 failed, 0 ignored) - done with 'y_lb_demo_articles' [143.33 sec, 256.79 MB]
 [info] Processed 1 item (1 created, 0 updated, 0 failed, 0 ignored) - done with 'y_lb_demo_block_featured_article' [143.37 sec, 256.94 MB]
 [info] Processed 0 items (0 created, 0 updated, 0 failed, 0 ignored) - done with 'y_lb_demo_tags' [143.37 sec, 256.95 MB]
 [info] Processed 4 items (4 created, 0 updated, 0 failed, 0 ignored) - done with 'y_lb_demo_events' [143.55 sec, 253.52 MB]
 [info] Processed 0 items (0 created, 0 updated, 0 failed, 0 ignored) - done with 'y_lb_demo_tags' [143.56 sec, 253.53 MB]
 [info] Processed 0 items (0 created, 0 updated, 0 failed, 0 ignored) - done with 'y_lb_demo_events' [143.56 sec, 253.54 MB]
 [info] Processed 1 item (1 created, 0 updated, 0 failed, 0 ignored) - done with 'y_lb_demo_block_featured_event' [143.6 sec, 253.64 MB]
 [info] Processed 1 item (1 created, 0 updated, 0 failed, 0 ignored) - done with 'y_lb_demo_block_location_finder' [143.63 sec, 253.71 MB]
 [info] Processed 1 item (1 created, 0 updated, 0 failed, 0 ignored) - done with 'y_lb_demo_block_menu_cta' [143.66 sec, 251.18 MB]
 [info] Processed 1 item (1 created, 0 updated, 0 failed, 0 ignored) - done with 'y_lb_demo_block_modal' [143.68 sec, 251.27 MB]
 [info] Processed 4 items (4 created, 0 updated, 0 failed, 0 ignored) - done with 'y_lb_demo_block_partners_item' [143.73 sec, 251.54 MB]
 [info] Processed 0 items (0 created, 0 updated, 0 failed, 0 ignored) - done with 'y_lb_demo_block_partners_item' [143.74 sec, 251.54 MB]
 [info] Processed 1 item (1 created, 0 updated, 0 failed, 0 ignored) - done with 'y_lb_demo_block_partners_tier' [143.77 sec, 251.67 MB]
 [info] Processed 0 items (0 created, 0 updated, 0 failed, 0 ignored) - done with 'y_lb_demo_block_partners_item' [143.77 sec, 251.68 MB]
 [info] Processed 0 items (0 created, 0 updated, 0 failed, 0 ignored) - done with 'y_lb_demo_block_partners_tier' [143.77 sec, 251.69 MB]
 [info] Processed 3 items (3 created, 0 updated, 0 failed, 0 ignored) - done with 'y_lb_demo_block_partners' [143.81 sec, 251.91 MB]
 [info] Processed 31 items (31 created, 0 updated, 0 failed, 0 ignored) - done with 'y_lb_demo_block_ping_pong' [144.21 sec, 252.95 MB]
 [info] Processed 9 items (9 created, 0 updated, 0 failed, 0 ignored) - done with 'y_lb_demo_block_simple_menu' [144.33 sec, 253.5 MB]
 [info] Processed 4 items (4 created, 0 updated, 0 failed, 0 ignored) - done with 'y_lb_demo_block_statistics_item' [144.44 sec, 251.44 MB]
 [info] Processed 0 items (0 created, 0 updated, 0 failed, 0 ignored) - done with 'y_lb_demo_block_statistics_item' [144.44 sec, 251.45 MB]
 [info] Processed 1 item (1 created, 0 updated, 0 failed, 0 ignored) - done with 'y_lb_demo_block_statistics' [144.48 sec, 251.6 MB]
 [info] Processed 6 items (6 created, 0 updated, 0 failed, 0 ignored) - done with 'y_lb_demo_block_testimonial_item' [144.56 sec, 251.94 MB]
 [info] Processed 0 items (0 created, 0 updated, 0 failed, 0 ignored) - done with 'y_lb_demo_block_testimonial_item' [144.56 sec, 251.95 MB]
 [info] Processed 2 items (2 created, 0 updated, 0 failed, 0 ignored) - done with 'y_lb_demo_block_testimonials' [144.61 sec, 252.14 MB]
 [info] Processed 2 items (2 created, 0 updated, 0 failed, 0 ignored) - done with 'y_lb_demo_block_webform' [144.64 sec, 252.28 MB]
 [info] Processed 0 items (0 created, 0 updated, 0 failed, 0 ignored) - done with 'y_lb_demo_block_menu_cta' [144.64 sec, 252.29 MB]
 [info] Processed 22 items (22 created, 0 updated, 0 failed, 0 ignored) - done with 'y_lb_demo_menu_link_main' [146.06 sec, 247.4 MB]
 [info] Processed 0 items (0 created, 0 updated, 0 failed, 0 ignored) - done with 'y_lb_demo_block_accordion_item' [146.07 sec, 247.43 MB]
 [info] Processed 0 items (0 created, 0 updated, 0 failed, 0 ignored) - done with 'y_lb_demo_block_accordion' [146.07 sec, 247.44 MB]
 [info] Processed 0 items (0 created, 0 updated, 0 failed, 0 ignored) - done with 'y_lb_demo_block_banner_chevron' [146.07 sec, 247.44 MB]
 [info] Processed 0 items (0 created, 0 updated, 0 failed, 0 ignored) - done with 'y_lb_demo_block_banner_standard' [146.08 sec, 247.45 MB]
 [info] Processed 0 items (0 created, 0 updated, 0 failed, 0 ignored) - done with 'y_lb_demo_block_cards_item' [146.09 sec, 247.46 MB]
 [info] Processed 0 items (0 created, 0 updated, 0 failed, 0 ignored) - done with 'y_lb_demo_block_cards' [146.09 sec, 247.48 MB]
 [info] Processed 0 items (0 created, 0 updated, 0 failed, 0 ignored) - done with 'y_lb_demo_block_simple_menu' [146.09 sec, 247.48 MB]
 [info] Processed 0 items (0 created, 0 updated, 0 failed, 0 ignored) - done with 'y_lb_demo_block_webform' [146.1 sec, 247.49 MB]
 [info] Processed 1 item (1 created, 0 updated, 0 failed, 0 ignored) - done with 'y_lb_demo_page_af' [146.22 sec, 250.48 MB]
 [info] Processed 0 items (0 created, 0 updated, 0 failed, 0 ignored) - done with 'y_lb_demo_tags' [146.23 sec, 250.69 MB]
 [info] Processed 0 items (0 created, 0 updated, 0 failed, 0 ignored) - done with 'y_lb_demo_articles' [146.23 sec, 250.7 MB]
 [info] Processed 0 items (0 created, 0 updated, 0 failed, 0 ignored) - done with 'y_lb_demo_block_articles_filter' [146.23 sec, 250.7 MB]
 [info] Processed 0 items (0 created, 0 updated, 0 failed, 0 ignored) - done with 'y_lb_demo_block_articles_listing' [146.24 sec, 250.71 MB]
 [info] Processed 0 items (0 created, 0 updated, 0 failed, 0 ignored) - done with 'y_lb_demo_block_banner_chevron' [146.24 sec, 250.72 MB]
 [info] Processed 0 items (0 created, 0 updated, 0 failed, 0 ignored) - done with 'y_lb_demo_tags' [146.24 sec, 250.73 MB]
 [info] Processed 0 items (0 created, 0 updated, 0 failed, 0 ignored) - done with 'y_lb_demo_articles' [146.25 sec, 250.74 MB]
 [info] Processed 0 items (0 created, 0 updated, 0 failed, 0 ignored) - done with 'y_lb_demo_block_featured_article' [146.25 sec, 250.76 MB]
 [info] Processed 1 item (1 created, 0 updated, 0 failed, 0 ignored) - done with 'y_lb_demo_page_articles_listing' [146.31 sec, 251.05 MB]
 [info] Processed 0 items (0 created, 0 updated, 0 failed, 0 ignored) - done with 'y_lb_demo_block_banner_chevron' [146.31 sec, 251.07 MB]
 [info] Processed 0 items (0 created, 0 updated, 0 failed, 0 ignored) - done with 'y_lb_demo_block_banner_standard' [146.32 sec, 251.08 MB]
 [info] Processed 0 items (0 created, 0 updated, 0 failed, 0 ignored) - done with 'y_lb_demo_block_table_block' [146.32 sec, 251.08 MB]
 [info] Processed 0 items (0 created, 0 updated, 0 failed, 0 ignored) - done with 'y_lb_demo_block_webform' [146.33 sec, 251.09 MB]
 [info] Processed 1 item (1 created, 0 updated, 0 failed, 0 ignored) - done with 'y_lb_demo_page_contact_us' [146.44 sec, 250.73 MB]
 [info] Processed 0 items (0 created, 0 updated, 0 failed, 0 ignored) - done with 'y_lb_demo_block_banner_overlay' [146.45 sec, 250.75 MB]
 [info] Processed 0 items (0 created, 0 updated, 0 failed, 0 ignored) - done with 'y_lb_demo_block_banner_standard' [146.45 sec, 250.76 MB]
 [info] Processed 0 items (0 created, 0 updated, 0 failed, 0 ignored) - done with 'y_lb_demo_block_donate_item' [146.46 sec, 250.77 MB]
 [info] Processed 0 items (0 created, 0 updated, 0 failed, 0 ignored) - done with 'y_lb_demo_block_donate' [146.46 sec, 250.78 MB]
 [info] Processed 0 items (0 created, 0 updated, 0 failed, 0 ignored) - done with 'y_lb_demo_block_icon_grid_item' [146.47 sec, 250.79 MB]
 [info] Processed 0 items (0 created, 0 updated, 0 failed, 0 ignored) - done with 'y_lb_demo_block_icon_grid' [146.47 sec, 250.8 MB]
 [info] Processed 0 items (0 created, 0 updated, 0 failed, 0 ignored) - done with 'y_lb_demo_block_ping_pong' [146.48 sec, 250.81 MB]
 [info] Processed 1 item (1 created, 0 updated, 0 failed, 0 ignored) - done with 'y_lb_demo_page_donate' [146.56 sec, 251.6 MB]
 [info] Processed 0 items (0 created, 0 updated, 0 failed, 0 ignored) - done with 'y_lb_demo_block_banner_frame' [146.56 sec, 251.62 MB]
 [info] Processed 0 items (0 created, 0 updated, 0 failed, 0 ignored) - done with 'y_lb_demo_block_banner_standard' [146.57 sec, 251.63 MB]
 [info] Processed 0 items (0 created, 0 updated, 0 failed, 0 ignored) - done with 'y_lb_demo_block_partners_item' [146.57 sec, 251.64 MB]
 [info] Processed 0 items (0 created, 0 updated, 0 failed, 0 ignored) - done with 'y_lb_demo_block_partners_tier' [146.58 sec, 251.66 MB]
 [info] Processed 0 items (0 created, 0 updated, 0 failed, 0 ignored) - done with 'y_lb_demo_block_partners' [146.58 sec, 251.67 MB]
 [info] Processed 0 items (0 created, 0 updated, 0 failed, 0 ignored) - done with 'y_lb_demo_block_ping_pong' [146.59 sec, 251.67 MB]
 [info] Processed 0 items (0 created, 0 updated, 0 failed, 0 ignored) - done with 'y_lb_demo_block_simple_menu' [146.59 sec, 251.68 MB]
 [info] Processed 0 items (0 created, 0 updated, 0 failed, 0 ignored) - done with 'y_lb_demo_block_table_block' [146.6 sec, 251.69 MB]
 [info] Processed 1 item (1 created, 0 updated, 0 failed, 0 ignored) - done with 'y_lb_demo_page_dummy' [146.7 sec, 252.53 MB]
 [info] Processed 0 items (0 created, 0 updated, 0 failed, 0 ignored) - done with 'y_lb_demo_block_banner_chevron' [146.7 sec, 252.55 MB]
 [info] Processed 0 items (0 created, 0 updated, 0 failed, 0 ignored) - done with 'y_lb_demo_block_events_filter' [146.71 sec, 252.56 MB]
 [info] Processed 0 items (0 created, 0 updated, 0 failed, 0 ignored) - done with 'y_lb_demo_block_events_listing' [146.71 sec, 252.56 MB]
 [info] Processed 0 items (0 created, 0 updated, 0 failed, 0 ignored) - done with 'y_lb_demo_tags' [146.71 sec, 252.58 MB]
 [info] Processed 0 items (0 created, 0 updated, 0 failed, 0 ignored) - done with 'y_lb_demo_events' [146.71 sec, 252.59 MB]
 [info] Processed 0 items (0 created, 0 updated, 0 failed, 0 ignored) - done with 'y_lb_demo_block_featured_event' [146.72 sec, 252.6 MB]
 [info] Processed 0 items (0 created, 0 updated, 0 failed, 0 ignored) - done with 'y_lb_demo_block_table_block' [146.72 sec, 252.61 MB]
 [info] Processed 1 item (1 created, 0 updated, 0 failed, 0 ignored) - done with 'y_lb_demo_page_events_listing' [146.84 sec, 252.01 MB]
 [info] Processed 0 items (0 created, 0 updated, 0 failed, 0 ignored) - done with 'y_lb_demo_block_banner_chevron' [146.85 sec, 252.05 MB]
 [info] Processed 0 items (0 created, 0 updated, 0 failed, 0 ignored) - done with 'y_lb_demo_block_banner_frame' [146.85 sec, 252.06 MB]
 [info] Processed 0 items (0 created, 0 updated, 0 failed, 0 ignored) - done with 'y_lb_demo_block_banner_overlay' [146.85 sec, 252.07 MB]
 [info] Processed 0 items (0 created, 0 updated, 0 failed, 0 ignored) - done with 'y_lb_demo_block_cards_item' [146.86 sec, 252.08 MB]
 [info] Processed 0 items (0 created, 0 updated, 0 failed, 0 ignored) - done with 'y_lb_demo_block_cards' [146.87 sec, 252.09 MB]
 [info] Processed 0 items (0 created, 0 updated, 0 failed, 0 ignored) - done with 'y_lb_demo_block_events_filter' [146.87 sec, 252.1 MB]
 [info] Processed 0 items (0 created, 0 updated, 0 failed, 0 ignored) - done with 'y_lb_demo_block_events_listing' [146.87 sec, 252.1 MB]
 [info] Processed 0 items (0 created, 0 updated, 0 failed, 0 ignored) - done with 'y_lb_demo_block_ping_pong' [146.88 sec, 252.11 MB]
 [info] Processed 0 items (0 created, 0 updated, 0 failed, 0 ignored) - done with 'y_lb_demo_block_testimonial_item' [146.88 sec, 252.12 MB]
 [info] Processed 0 items (0 created, 0 updated, 0 failed, 0 ignored) - done with 'y_lb_demo_block_testimonials' [146.88 sec, 252.13 MB]
 [info] Processed 0 items (0 created, 0 updated, 0 failed, 0 ignored) - done with 'y_lb_demo_tags' [146.89 sec, 252.14 MB]
 [info] Processed 0 items (0 created, 0 updated, 0 failed, 0 ignored) - done with 'y_lb_demo_events' [146.89 sec, 252.15 MB]
 [info] Processed 0 items (0 created, 0 updated, 0 failed, 0 ignored) - done with 'y_lb_demo_tags' [146.89 sec, 252.17 MB]
 [info] Processed 0 items (0 created, 0 updated, 0 failed, 0 ignored) - done with 'y_lb_demo_events' [146.9 sec, 252.18 MB]
 [info] Processed 0 items (0 created, 0 updated, 0 failed, 0 ignored) - done with 'y_lb_demo_block_featured_event' [146.9 sec, 252.19 MB]
 [info] Processed 1 item (1 created, 0 updated, 0 failed, 0 ignored) - done with 'y_lb_demo_page_homepage' [146.98 sec, 252.73 MB]
 [info] Processed 0 items (0 created, 0 updated, 0 failed, 0 ignored) - done with 'y_lb_demo_block_banner_frame' [146.98 sec, 252.75 MB]
 [info] Processed 0 items (0 created, 0 updated, 0 failed, 0 ignored) - done with 'y_lb_demo_block_banner_standard' [146.99 sec, 252.76 MB]
 [info] Processed 0 items (0 created, 0 updated, 0 failed, 0 ignored) - done with 'y_lb_demo_block_ping_pong' [146.99 sec, 252.76 MB]
 [info] Processed 0 items (0 created, 0 updated, 0 failed, 0 ignored) - done with 'y_lb_demo_block_table_block' [147 sec, 252.77 MB]
 [info] Processed 1 item (1 created, 0 updated, 0 failed, 0 ignored) - done with 'y_lb_demo_page_jobs' [147.09 sec, 253.56 MB]
 [info] Processed 0 items (0 created, 0 updated, 0 failed, 0 ignored) - done with 'y_lb_demo_block_banner_overlay' [147.09 sec, 253.58 MB]
 [info] Processed 0 items (0 created, 0 updated, 0 failed, 0 ignored) - done with 'y_lb_demo_block_banner_standard' [147.1 sec, 253.58 MB]
 [info] Processed 0 items (0 created, 0 updated, 0 failed, 0 ignored) - done with 'y_lb_demo_block_table_block' [147.11 sec, 253.59 MB]
 [info] Processed 1 item (1 created, 0 updated, 0 failed, 0 ignored) - done with 'y_lb_demo_page_join_the_y' [147.22 sec, 252.88 MB]
 [info] Processed 0 items (0 created, 0 updated, 0 failed, 0 ignored) - done with 'y_lb_demo_block_banner_frame' [147.23 sec, 252.91 MB]
 [info] Processed 0 items (0 created, 0 updated, 0 failed, 0 ignored) - done with 'y_lb_demo_block_banner_standard' [147.23 sec, 252.91 MB]
 [info] Processed 0 items (0 created, 0 updated, 0 failed, 0 ignored) - done with 'y_lb_demo_block_partners_item' [147.24 sec, 252.93 MB]
 [info] Processed 0 items (0 created, 0 updated, 0 failed, 0 ignored) - done with 'y_lb_demo_block_partners_tier' [147.24 sec, 252.94 MB]
 [info] Processed 0 items (0 created, 0 updated, 0 failed, 0 ignored) - done with 'y_lb_demo_block_partners' [147.24 sec, 252.95 MB]
 [info] Processed 0 items (0 created, 0 updated, 0 failed, 0 ignored) - done with 'y_lb_demo_block_ping_pong' [147.25 sec, 252.96 MB]
 [info] Processed 0 items (0 created, 0 updated, 0 failed, 0 ignored) - done with 'y_lb_demo_block_simple_menu' [147.25 sec, 252.97 MB]
 [info] Processed 0 items (0 created, 0 updated, 0 failed, 0 ignored) - done with 'y_lb_demo_block_table_block' [147.26 sec, 252.97 MB]
 [info] Processed 1 item (1 created, 0 updated, 0 failed, 0 ignored) - done with 'y_lb_demo_page_location_child_page' [147.33 sec, 253.43 MB]
 [info] Processed 0 items (0 created, 0 updated, 0 failed, 0 ignored) - done with 'y_lb_demo_block_location_finder' [147.33 sec, 253.43 MB]
 [info] Processed 1 item (1 created, 0 updated, 0 failed, 0 ignored) - done with 'y_lb_demo_page_location_finder' [147.39 sec, 253.76 MB]
 [info] Processed 0 items (0 created, 0 updated, 0 failed, 0 ignored) - done with 'y_lb_demo_block_accordion_item' [147.39 sec, 253.79 MB]
 [info] Processed 0 items (0 created, 0 updated, 0 failed, 0 ignored) - done with 'y_lb_demo_block_accordion' [147.4 sec, 253.8 MB]
 [info] Processed 0 items (0 created, 0 updated, 0 failed, 0 ignored) - done with 'y_lb_demo_block_banner_chevron' [147.4 sec, 253.81 MB]
 [info] Processed 0 items (0 created, 0 updated, 0 failed, 0 ignored) - done with 'y_lb_demo_block_banner_standard' [147.41 sec, 253.82 MB]
 [info] Processed 0 items (0 created, 0 updated, 0 failed, 0 ignored) - done with 'y_lb_demo_block_cards_item' [147.41 sec, 253.83 MB]
 [info] Processed 0 items (0 created, 0 updated, 0 failed, 0 ignored) - done with 'y_lb_demo_block_cards' [147.42 sec, 253.84 MB]
 [info] Processed 0 items (0 created, 0 updated, 0 failed, 0 ignored) - done with 'y_lb_demo_block_simple_menu' [147.42 sec, 253.85 MB]
 [info] Processed 0 items (0 created, 0 updated, 0 failed, 0 ignored) - done with 'y_lb_demo_block_webform' [147.42 sec, 253.85 MB]
 [info] Processed 1 item (1 created, 0 updated, 0 failed, 0 ignored) - done with 'y_lb_demo_page_membership' [147.49 sec, 254.44 MB]
 [info] Processed 0 items (0 created, 0 updated, 0 failed, 0 ignored) - done with 'y_lb_demo_block_banner_frame' [147.5 sec, 254.46 MB]
 [info] Processed 0 items (0 created, 0 updated, 0 failed, 0 ignored) - done with 'y_lb_demo_block_banner_standard' [147.5 sec, 254.47 MB]
 [info] Processed 0 items (0 created, 0 updated, 0 failed, 0 ignored) - done with 'y_lb_demo_block_partners_item' [147.51 sec, 254.48 MB]
 [info] Processed 0 items (0 created, 0 updated, 0 failed, 0 ignored) - done with 'y_lb_demo_block_partners_tier' [147.51 sec, 254.49 MB]
 [info] Processed 0 items (0 created, 0 updated, 0 failed, 0 ignored) - done with 'y_lb_demo_block_partners' [147.51 sec, 254.5 MB]
 [info] Processed 0 items (0 created, 0 updated, 0 failed, 0 ignored) - done with 'y_lb_demo_block_ping_pong' [147.52 sec, 254.51 MB]
 [info] Processed 0 items (0 created, 0 updated, 0 failed, 0 ignored) - done with 'y_lb_demo_block_simple_menu' [147.52 sec, 254.52 MB]
 [info] Processed 0 items (0 created, 0 updated, 0 failed, 0 ignored) - done with 'y_lb_demo_block_table_block' [147.53 sec, 254.53 MB]
 [info] Processed 1 item (1 created, 0 updated, 0 failed, 0 ignored) - done with 'y_lb_demo_page_paragraphs_content' [147.71 sec, 253.69 MB]
 [info] Processed 0 items (0 created, 0 updated, 0 failed, 0 ignored) - done with 'y_lb_demo_block_banner_frame' [147.72 sec, 253.72 MB]
 [info] Processed 0 items (0 created, 0 updated, 0 failed, 0 ignored) - done with 'y_lb_demo_block_banner_standard' [147.73 sec, 253.73 MB]
 [info] Processed 0 items (0 created, 0 updated, 0 failed, 0 ignored) - done with 'y_lb_demo_block_partners_item' [147.73 sec, 253.74 MB]
 [info] Processed 0 items (0 created, 0 updated, 0 failed, 0 ignored) - done with 'y_lb_demo_block_partners_tier' [147.73 sec, 253.75 MB]
 [info] Processed 0 items (0 created, 0 updated, 0 failed, 0 ignored) - done with 'y_lb_demo_block_partners' [147.74 sec, 253.76 MB]
 [info] Processed 0 items (0 created, 0 updated, 0 failed, 0 ignored) - done with 'y_lb_demo_block_ping_pong' [147.74 sec, 253.77 MB]
 [info] Processed 0 items (0 created, 0 updated, 0 failed, 0 ignored) - done with 'y_lb_demo_block_simple_menu' [147.75 sec, 253.78 MB]
 [info] Processed 0 items (0 created, 0 updated, 0 failed, 0 ignored) - done with 'y_lb_demo_block_table_block' [147.75 sec, 253.79 MB]
 [info] Processed 1 item (1 created, 0 updated, 0 failed, 0 ignored) - done with 'y_lb_demo_page_programs_category' [147.82 sec, 254.46 MB]
 [info] Processed 0 items (0 created, 0 updated, 0 failed, 0 ignored) - done with 'y_lb_demo_block_accordion_item' [147.83 sec, 254.5 MB]
 [info] Processed 0 items (0 created, 0 updated, 0 failed, 0 ignored) - done with 'y_lb_demo_block_accordion' [147.83 sec, 254.51 MB]
 [info] Processed 0 items (0 created, 0 updated, 0 failed, 0 ignored) - done with 'y_lb_demo_block_banner_chevron' [147.84 sec, 254.51 MB]
 [info] Processed 0 items (0 created, 0 updated, 0 failed, 0 ignored) - done with 'y_lb_demo_block_banner_standard' [147.84 sec, 254.52 MB]
 [info] Processed 0 items (0 created, 0 updated, 0 failed, 0 ignored) - done with 'y_lb_demo_block_cards_item' [147.85 sec, 254.53 MB]
 [info] Processed 0 items (0 created, 0 updated, 0 failed, 0 ignored) - done with 'y_lb_demo_block_cards' [147.85 sec, 254.54 MB]
 [info] Processed 0 items (0 created, 0 updated, 0 failed, 0 ignored) - done with 'y_lb_demo_block_icon_grid_item' [147.86 sec, 254.56 MB]
 [info] Processed 0 items (0 created, 0 updated, 0 failed, 0 ignored) - done with 'y_lb_demo_block_icon_grid' [147.86 sec, 254.57 MB]
 [info] Processed 0 items (0 created, 0 updated, 0 failed, 0 ignored) - done with 'y_lb_demo_block_partners_item' [147.87 sec, 254.58 MB]
 [info] Processed 0 items (0 created, 0 updated, 0 failed, 0 ignored) - done with 'y_lb_demo_block_partners_tier' [147.87 sec, 254.59 MB]
 [info] Processed 0 items (0 created, 0 updated, 0 failed, 0 ignored) - done with 'y_lb_demo_block_partners' [147.87 sec, 254.6 MB]
 [info] Processed 0 items (0 created, 0 updated, 0 failed, 0 ignored) - done with 'y_lb_demo_block_simple_menu' [147.88 sec, 254.61 MB]
 [info] Processed 0 items (0 created, 0 updated, 0 failed, 0 ignored) - done with 'y_lb_demo_block_table_block' [147.88 sec, 254.62 MB]
 [info] Processed 1 item (1 created, 0 updated, 0 failed, 0 ignored) - done with 'y_lb_demo_page_programs_individual' [147.95 sec, 255.4 MB]
 [info] Processed 0 items (0 created, 0 updated, 0 failed, 0 ignored) - done with 'y_lb_demo_block_banner_chevron' [147.96 sec, 255.41 MB]
 [info] Processed 0 items (0 created, 0 updated, 0 failed, 0 ignored) - done with 'y_lb_demo_block_ping_pong' [147.97 sec, 255.42 MB]
 [info] Processed 0 items (0 created, 0 updated, 0 failed, 0 ignored) - done with 'y_lb_demo_block_simple_menu' [147.97 sec, 255.43 MB]
 [info] Processed 0 items (0 created, 0 updated, 0 failed, 0 ignored) - done with 'y_lb_demo_block_table_block' [147.98 sec, 255.44 MB]
 [info] Processed 1 item (1 created, 0 updated, 0 failed, 0 ignored) - done with 'y_lb_demo_page_programs_overview' [148.09 sec, 254.24 MB]
 [info] Processed 0 items (0 created, 0 updated, 0 failed, 0 ignored) - done with 'y_lb_demo_block_banner_chevron' [148.09 sec, 254.26 MB]
 [info] Processed 0 items (0 created, 0 updated, 0 failed, 0 ignored) - done with 'y_lb_demo_block_banner_overlay' [148.1 sec, 254.27 MB]
 [info] Processed 0 items (0 created, 0 updated, 0 failed, 0 ignored) - done with 'y_lb_demo_block_banner_standard' [148.1 sec, 254.28 MB]
 [info] Processed 0 items (0 created, 0 updated, 0 failed, 0 ignored) - done with 'y_lb_demo_block_cards_item' [148.11 sec, 254.29 MB]
 [info] Processed 0 items (0 created, 0 updated, 0 failed, 0 ignored) - done with 'y_lb_demo_block_cards' [148.11 sec, 254.3 MB]
 [info] Processed 0 items (0 created, 0 updated, 0 failed, 0 ignored) - done with 'y_lb_demo_block_modal' [148.11 sec, 254.31 MB]
 [info] Processed 1 item (1 created, 0 updated, 0 failed, 0 ignored) - done with 'y_lb_demo_page_promotions' [148.18 sec, 254.72 MB]
 [info] Processed 0 items (0 created, 0 updated, 0 failed, 0 ignored) - done with 'y_lb_demo_block_banner_frame' [148.18 sec, 254.74 MB]
 [info] Processed 0 items (0 created, 0 updated, 0 failed, 0 ignored) - done with 'y_lb_demo_block_banner_overlay' [148.19 sec, 254.75 MB]
 [info] Processed 0 items (0 created, 0 updated, 0 failed, 0 ignored) - done with 'y_lb_demo_block_ping_pong' [148.2 sec, 254.76 MB]
 [info] Processed 0 items (0 created, 0 updated, 0 failed, 0 ignored) - done with 'y_lb_demo_block_simple_menu' [148.2 sec, 254.77 MB]
 [info] Processed 0 items (0 created, 0 updated, 0 failed, 0 ignored) - done with 'y_lb_demo_block_table_block' [148.21 sec, 254.77 MB]
 [info] Processed 1 item (1 created, 0 updated, 0 failed, 0 ignored) - done with 'y_lb_demo_page_schedules' [148.27 sec, 255.21 MB]
 [info] Processed 0 items (0 created, 0 updated, 0 failed, 0 ignored) - done with 'y_lb_demo_block_banner_chevron' [148.28 sec, 255.22 MB]
 [info] Processed 0 items (0 created, 0 updated, 0 failed, 0 ignored) - done with 'y_lb_demo_block_banner_standard' [148.28 sec, 255.23 MB]
 [info] Processed 0 items (0 created, 0 updated, 0 failed, 0 ignored) - done with 'y_lb_demo_block_ping_pong' [148.29 sec, 255.24 MB]
 [info] Processed 0 items (0 created, 0 updated, 0 failed, 0 ignored) - done with 'y_lb_demo_block_table_block' [148.3 sec, 255.24 MB]
 [info] Processed 1 item (1 created, 0 updated, 0 failed, 0 ignored) - done with 'y_lb_demo_page_volunteer_ops' [148.43 sec, 253.7 MB]
 [info] Processed 0 items (0 created, 0 updated, 0 failed, 0 ignored) - done with 'y_lb_demo_block_banner_standard' [148.44 sec, 253.73 MB]
 [info] Processed 0 items (0 created, 0 updated, 0 failed, 0 ignored) - done with 'y_lb_demo_block_icon_grid_item' [148.44 sec, 253.74 MB]
 [info] Processed 0 items (0 created, 0 updated, 0 failed, 0 ignored) - done with 'y_lb_demo_block_icon_grid' [148.45 sec, 253.75 MB]
 [info] Processed 0 items (0 created, 0 updated, 0 failed, 0 ignored) - done with 'y_lb_demo_block_partners_item' [148.45 sec, 253.77 MB]
 [info] Processed 0 items (0 created, 0 updated, 0 failed, 0 ignored) - done with 'y_lb_demo_block_partners_tier' [148.45 sec, 253.78 MB]
 [info] Processed 0 items (0 created, 0 updated, 0 failed, 0 ignored) - done with 'y_lb_demo_block_partners' [148.46 sec, 253.79 MB]
 [info] Processed 0 items (0 created, 0 updated, 0 failed, 0 ignored) - done with 'y_lb_demo_block_ping_pong' [148.46 sec, 253.8 MB]
 [info] Processed 0 items (0 created, 0 updated, 0 failed, 0 ignored) - done with 'y_lb_demo_block_simple_menu' [148.47 sec, 253.81 MB]
 [info] Processed 0 items (0 created, 0 updated, 0 failed, 0 ignored) - done with 'y_lb_demo_block_statistics_item' [148.47 sec, 253.82 MB]
 [info] Processed 0 items (0 created, 0 updated, 0 failed, 0 ignored) - done with 'y_lb_demo_block_statistics' [148.47 sec, 253.83 MB]
 [info] Processed 0 items (0 created, 0 updated, 0 failed, 0 ignored) - done with 'y_lb_demo_block_table_block' [148.48 sec, 253.84 MB]
 [info] Processed 1 item (1 created, 0 updated, 0 failed, 0 ignored) - done with 'y_lb_demo_page_who_we_are' [148.58 sec, 254.42 MB]
 [info] Processed 3 items (3 created, 0 updated, 0 failed, 0 ignored) - done with 'y_lb_demo_promotions' [148.72 sec, 254.79 MB]
 [info] y_lb_demo_content module uninstalled. [150.7 sec, 252.48 MB]
 [info] openy_demo_webform module uninstalled. [152.28 sec, 281.52 MB]
 [info] openy_demo_tamenities module uninstalled. [154.46 sec, 297.68 MB]
 [info] openy_demo_nnews module uninstalled. [156.68 sec, 305.53 MB]
 [info] openy_demo_tnews module uninstalled. [158.8 sec, 313.51 MB]
 [info] openy_demo_nlanding module uninstalled. [161.12 sec, 320.67 MB]
 [info] openy_demo_nalert module uninstalled. [163.33 sec, 327.81 MB]
 [info] openy_demo_menu_main module uninstalled. [165.58 sec, 334.61 MB]
 [info] openy_demo_menu_footer module uninstalled. [167.8 sec, 341.26 MB]
 [info] openy_demo_menu module uninstalled. [170.02 sec, 347.94 MB]
 [info] openy_demo_ahb module uninstalled. [172.23 sec, 354.54 MB]
 [info] openy_demo_tcolor module uninstalled. [174.43 sec, 361.78 MB]
 [info] openy_demo_taxonomy module uninstalled. [176.68 sec, 368.46 MB]
 [notice] Performed install task: openy_import_content [177.98 sec, 393.2 MB]
 [warning] You have manual updated system.site config from Open Y profile. [178.19 sec, 303.91 MB]
 [notice] Performed install task: openy_set_frontpage [178.19 sec, 303.75 MB]
 [notice] Performed install task: openy_discover_broken_paragraphs [178.19 sec, 303.76 MB]
 [notice] Performed install task: openy_fix_configured_paragraph_blocks [178.19 sec, 303.76 MB]
 [notice] Performed install task: openy_upload_font_message [178.22 sec, 304.39 MB]
 [notice] Performed install task: openy_gtranslate_place_blocks [178.23 sec, 304.51 MB]
 [notice] Performed install task: openy_install_finish [178.96 sec, 323.03 MB]
 [notice] Performed install task: openy_terms_and_condition_db_save [178.96 sec, 323.02 MB]
 [notice] Performed install task: install_finished [179.53 sec, 325.61 MB]
 [success] Installation complete. (Admin) [179.53 sec, 325.67 MB]
 [success] User name: admin  User password: HXr8Dfkcjs [179.53 sec, 325.67 MB]
