ddev drush -vy site:install openy     openy_configure_profile.preset=standard     openy_theme_select.theme=openy_carnation     openy_terms_of_use.agree_openy_terms=1     install_configure_form.enable_update_status_emails=NULL     --account-name=admin     --site-name='YMCA Website Services Profiling core 11.3 issue 3493290 fix' -d -vvvv
 [preflight] Config paths: /var/www/html/vendor/drush/drush/drush.yml
 [preflight] Alias paths: /var/www/html/docroot/drush/sites,/var/www/html/drush/sites
 [preflight] Commandfile search paths: /var/www/html/vendor/drush/drush/src
 [debug] Add listener Drush\Listeners\BootstrapListener::__invoke [0.65 sec, 2.9 MB]
 [debug] Add listener Drush\Listeners\DrupliconListener::onConsoleDefinitionEvent [0.65 sec, 2.93 MB]
 [debug] Add listener Drush\Listeners\DrupliconListener::onConsoleTerminateEvent [0.65 sec, 2.93 MB]
 [debug] Add listener Drush\Listeners\FilterDefaultFieldListener::__invoke [0.65 sec, 2.94 MB]
 [debug] Add listener Drush\Listeners\FormatterListener::__invoke [0.65 sec, 2.94 MB]
 [debug] Add listener Drush\Listeners\HelpLinksListener::__invoke [0.65 sec, 2.94 MB]
 [debug] Add listener Drush\Listeners\OptionsetGetEditorListener::__invoke [0.65 sec, 2.94 MB]
 [debug] Add listener Drush\Listeners\OptionsetProcBuildListener::__invoke [0.66 sec, 2.94 MB]
 [debug] Add listener Drush\Listeners\OptionsetSqlListener::__invoke [0.66 sec, 2.94 MB]
 [debug] Add listener Drush\Listeners\OptionsetSshListener::__invoke [0.66 sec, 2.94 MB]
 [debug] Add listener Drush\Listeners\OptionsetTableSelectionListener::__invoke [0.66 sec, 2.94 MB]
 [debug] Add command Drush\Commands\ExampleCommands [0.68 sec, 3.72 MB]
 [debug] Add command Drush\Commands\LegacyCommands [0.68 sec, 3.72 MB]
 [debug] Add command Drush\Commands\OptionsCommands [0.68 sec, 3.72 MB]
 [debug] Add command Drush\Commands\ValidatorsCommands [0.68 sec, 3.72 MB]
 [debug] Add command Drush\Commands\config\ConfigPullCommands [0.68 sec, 3.72 MB]
 [debug] Add command Drush\Commands\core\ArchiveDumpCommands [0.68 sec, 3.72 MB]
 [debug] Add command Drush\Commands\core\BatchCommands [0.69 sec, 3.72 MB]
 [debug] Add command Drush\Commands\core\CacheRebuildCommands [0.69 sec, 3.72 MB]
 [debug] Add command Drush\Commands\core\CoreCommands [0.69 sec, 3.72 MB]
 [debug] Add command Drush\Commands\core\DeployCommands [0.69 sec, 3.72 MB]
 [debug] Add command Drush\Commands\core\DocsCommands [0.69 sec, 3.72 MB]
 [debug] Add command Drush\Commands\core\DrupliconCommands [0.69 sec, 3.72 MB]
 [debug] Add command Drush\Commands\core\ImageCommands [0.69 sec, 3.72 MB]
 [debug] Add command Drush\Commands\core\JsonapiCommands [0.69 sec, 3.72 MB]
 [debug] Add command Drush\Commands\core\LoginCommands [0.69 sec, 3.72 MB]
 [debug] Add command Drush\Commands\core\MkCommands [0.69 sec, 3.72 MB]
 [debug] Add command Drush\Commands\core\NotifyCommands [0.69 sec, 3.72 MB]
 [debug] Add command Drush\Commands\core\PhpCommands [0.69 sec, 3.72 MB]
 [debug] Add command Drush\Commands\core\RsyncCommands [0.69 sec, 3.72 MB]
 [debug] Add command Drush\Commands\core\RunserverCommands [0.69 sec, 3.72 MB]
 [debug] Add command Drush\Commands\core\SiteCommands [0.69 sec, 3.72 MB]
 [debug] Add command Drush\Commands\core\SiteInstallCommands [0.69 sec, 3.72 MB]
 [debug] Add command Drush\Commands\core\SshCommands [0.69 sec, 3.72 MB]
 [debug] Add command Drush\Commands\core\StatusCommands [0.69 sec, 3.72 MB]
 [debug] Add command Drush\Commands\core\TopicCommands [0.69 sec, 3.72 MB]
 [debug] Add command Drush\Commands\core\UpdateDBCommands [0.69 sec, 3.72 MB]
 [debug] Add command Drush\Commands\core\XhprofCommands [0.69 sec, 3.72 MB]
 [debug] Add command Drush\Commands\help\HelpCommands [0.69 sec, 3.72 MB]
 [debug] Add command Drush\Commands\help\ListCommands [0.69 sec, 3.72 MB]
 [debug] Add command Drush\Commands\sql\SqlCommands [0.69 sec, 3.72 MB]
 [debug] Add command Drush\Commands\sql\SqlSyncCommands [0.69 sec, 3.72 MB]
 [debug] Add command Consolidation\Filter\Hooks\FilterHooks [0.69 sec, 3.72 MB]
 [info] Starting bootstrap to root [0.73 sec, 5.15 MB]
 [info] Drush bootstrap phase 1 [0.73 sec, 5.16 MB]
 [info] Drush bootstrap phase: bootstrapDrupalRoot() [0.73 sec, 5.17 MB]
 [info] Change working directory to /var/www/html/docroot [0.73 sec, 5.17 MB]
 [info] Initialized Drupal 11.3.1 root directory at /var/www/html/docroot [0.73 sec, 5.18 MB]
 [info] Drush bootstrap phase: bootstrapDrupalSite() [0.74 sec, 5.38 MB]
 [debug] Could not find a Drush config file at sites/default/drush.yml. [0.74 sec, 5.4 MB]
 [info] Initialized Drupal site yusaws-drush-profiling.ddev.site at sites/default [0.74 sec, 5.41 MB]
 [info] Drush bootstrap phase: bootstrapDrupalConfiguration() [0.74 sec, 5.41 MB]
 [info] Executing: mysql --version [0.75 sec, 5.71 MB]
 [info] Executing: command -v mariadb [0.75 sec, 5.75 MB]
 [info] Executing: command -v mariadb-dump [0.75 sec, 5.76 MB]
 [info] sql:query: SELECT VERSION();" [0.76 sec, 5.78 MB]
 [info] Executing: mariadb --defaults-file=/tmp/drush_YZlTPY --database=db --host=db --port=3306 --silent -A < /tmp/drush_a4dl0S [0.76 sec, 5.78 MB]
 [info] Executing: mysql --version [0.76 sec, 5.79 MB]
 [info] Executing: command -v mariadb [0.76 sec, 5.79 MB]
 [info] Executing: command -v mariadb-dump [0.77 sec, 5.79 MB]
 [info] sql:query: SELECT VERSION();" [0.77 sec, 5.79 MB]
 [info] Executing: mariadb --defaults-file=/tmp/drush_dhofT5 --database=db --host=db --port=3306 --silent -A < /tmp/drush_wfQGZ1 [0.77 sec, 5.79 MB]
 [info] Executing: command -v mariadb [0.77 sec, 5.8 MB]
 [info] sql:query: SELECT 1; [0.77 sec, 5.8 MB]
 [info] Executing: mariadb --defaults-file=/tmp/drush_7oFYPU --database=db --host=db --port=3306 --silent -A < /tmp/drush_m5AzqL [0.77 sec, 5.81 MB]
 You are about to:
 * DROP all tables in your 'db' database.

 // Do you want to continue?: yes.                                              

 [info] Sites directory sites/default already exists - proceeding. [0.78 sec, 5.84 MB]
 [info] sql:query: SELECT 1; [0.78 sec, 5.85 MB]
 [info] Executing: mariadb --defaults-file=/tmp/drush_PUgt3G --database=db --host=db --port=3306 --silent -A < /tmp/drush_ZwvSzt [0.78 sec, 5.85 MB]
 [info] sql:query: SHOW TABLES; [0.78 sec, 5.85 MB]
 [info] Executing: mariadb --defaults-file=/tmp/drush_vUTqcF --database=db --host=db --port=3306 --silent -A < /tmp/drush_642yVS [0.78 sec, 5.85 MB]
 [info] Executing: mysql --version [0.79 sec, 5.89 MB]
 [info] Executing: command -v mariadb [0.79 sec, 5.89 MB]
 [info] Executing: command -v mariadb-dump [0.79 sec, 5.89 MB]
 [info] sql:query: SELECT VERSION();" [0.8 sec, 5.89 MB]
 [info] Executing: mariadb --defaults-file=/tmp/drush_EpBBgM --database=db --host=db --port=3306 --silent -A < /tmp/drush_yDxxlt [0.8 sec, 5.89 MB]
 [notice] Starting Drupal installation. This takes a while. [0.8 sec, 5.9 MB]
 [debug] Calling install_drupal(Composer\Autoload\ClassLoader, array, array) [0.8 sec, 5.9 MB]
 [notice] Performed install task: openy_terms_of_use [1.51 sec, 17.74 MB]
 [notice] Performed install task: install_select_language [1.51 sec, 17.75 MB]
 [notice] Performed install task: install_select_profile [1.51 sec, 17.75 MB]
 [notice] Performed install task: install_load_profile [1.51 sec, 17.75 MB]
 [notice] Performed install task: install_verify_requirements [1.52 sec, 18.3 MB]
 [notice] Performed install task: install_verify_database_ready [1.52 sec, 18.3 MB]
 [info] mysql module installed. [2.59 sec, 27.75 MB]
 [info] system module installed. [2.97 sec, 30.36 MB]
 [notice] Performed install task: install_base_system [2.98 sec, 30.37 MB]
 [notice] Performed install task: install_bootstrap_full [2.98 sec, 30.39 MB]
 [info] user module installed. [4 sec, 38.35 MB]
 [info] path_alias module installed. [4 sec, 38.34 MB]
 [info] config module installed. [4 sec, 38.34 MB]
 [info] contact module installed. [4.15 sec, 39.99 MB]
 [info] exif_orientation module installed. [4.15 sec, 39.99 MB]
 [info] admin_toolbar_tools module installed. [4.15 sec, 39.99 MB]
 [info] captcha module installed. [4.16 sec, 40.02 MB]
 [info] image_captcha module installed. [4.16 sec, 40.03 MB]
 [info] recaptcha module installed. [4.16 sec, 40.02 MB]
 [info] block module installed. [4.16 sec, 40.02 MB]
 [info] field module installed. [4.16 sec, 40.02 MB]
 [info] filter module installed. [4.16 sec, 40.27 MB]
 [info] text module installed. [4.17 sec, 40.27 MB]
 [info] block_content module installed. [4.17 sec, 40.06 MB]
 [info] breakpoint module installed. [4.17 sec, 40.06 MB]
 [info] file module installed. [4.17 sec, 40.06 MB]
 [info] editor module installed. [4.17 sec, 40.06 MB]
 [info] ckeditor5 module installed. [4.17 sec, 40.06 MB]
 [info] language module installed. [4.2 sec, 40.14 MB]
 [info] contextual module installed. [4.2 sec, 40.14 MB]
 [info] datetime module installed. [5.45 sec, 43.72 MB]
 [info] datetime_range module installed. [5.45 sec, 43.72 MB]
 [info] layout_discovery module installed. [5.45 sec, 43.72 MB]
 [info] help module installed. [5.45 sec, 43.72 MB]
 [info] node module installed. [5.74 sec, 48.57 MB]
 [info] image module installed. [5.75 sec, 48.42 MB]
 [info] layout_builder module installed. [5.76 sec, 48.42 MB]
 [info] link module installed. [5.76 sec, 48.42 MB]
 [info] media module installed. [5.82 sec, 48.4 MB]
 [info] views module installed. [5.82 sec, 48.37 MB]
 [info] media_library module installed. [5.98 sec, 53.71 MB]
 [info] menu_link_content module installed. [5.98 sec, 53.71 MB]
 [info] menu_ui module installed. [5.98 sec, 53.71 MB]
 [info] migrate module installed. [5.98 sec, 53.71 MB]
 [info] options module installed. [5.98 sec, 53.71 MB]
 [info] path module installed. [5.98 sec, 53.71 MB]
 [info] toolbar module installed. [5.98 sec, 53.71 MB]
 [info] shortcut module installed. [5.98 sec, 53.46 MB]
 [info] taxonomy module installed. [6 sec, 52.35 MB]
 [info] telephone module installed. [6 sec, 52.35 MB]
 [info] admin_toolbar module installed. [6.98 sec, 53.08 MB]
 [info] field_group module installed. [6.98 sec, 53.08 MB]
 [info] libraries module installed. [6.98 sec, 53.08 MB]
 [info] datalayer module installed. [6.98 sec, 53.08 MB]
 [info] advanced_help_block module installed. [7.29 sec, 57.96 MB]
 [info] blazy module installed. [7.29 sec, 57.96 MB]
 [info] media_library_form_element module installed. [7.29 sec, 57.96 MB]
 [info] bootstrap_styles module installed. [7.29 sec, 57.96 MB]
 [info] bootstrap_layout_builder module installed. [7.35 sec, 58.12 MB]
 [info] ckeditor5_paste_filter module installed. [7.35 sec, 58.12 MB]
 [info] ckeditor5_plugin_pack module installed. [7.35 sec, 58.13 MB]
 [info] ckeditor5_plugin_pack_font module installed. [7.35 sec, 58.13 MB]
 [info] colorapi module installed. [7.35 sec, 58.13 MB]
 [info] config_import module installed. [7.35 sec, 58.13 MB]
 [info] crop module installed. [7.36 sec, 58.13 MB]
 [info] diff module installed. [7.57 sec, 61.03 MB]
 [info] editor_advanced_link module installed. [7.57 sec, 60.67 MB]
 [info] embed module installed. [7.57 sec, 60.67 MB]
 [info] entity_embed module installed. [7.57 sec, 60.67 MB]
 [info] entity_reference_revisions module installed. [7.57 sec, 60.67 MB]
 [info] focal_point module installed. [9.04 sec, 65.86 MB]
 [info] jquery_ui module installed. [9.04 sec, 65.86 MB]
 [info] migrate_tools module installed. [9.04 sec, 65.86 MB]
 [info] image_widget_crop module installed. [9.04 sec, 65.86 MB]
 [info] jquery_ui_tabs module installed. [9.04 sec, 65.86 MB]
 [info] jquery_ui_tooltip module installed. [9.05 sec, 65.86 MB]
 [info] layout_builder_blocks module installed. [9.05 sec, 65.86 MB]
 [info] layout_builder_operation_link module installed. [9.05 sec, 65.86 MB]
 [info] layout_builder_restrictions module installed. [9.05 sec, 65.86 MB]
 [info] layout_builder_save_and_edit module installed. [9.05 sec, 65.86 MB]
 [info] paragraphs module installed. [9.08 sec, 68.21 MB]
 [info] node_revision_delete module installed. [9.08 sec, 68.2 MB]
 [info] scheduler module installed. [9.33 sec, 75.9 MB]
 [info] token module installed. [9.47 sec, 73.57 MB]
 [info] pathauto module installed. [9.47 sec, 73.16 MB]
 [info] metatag module installed. [9.49 sec, 73.17 MB]
 [info] openy_focal_point module installed. [9.49 sec, 73.59 MB]
 [info] rabbit_hole module installed. [9.5 sec, 73.21 MB]
 [info] openy_upgrade_tool module installed. [9.55 sec, 74.56 MB]
 [info] openy_media module installed. [9.75 sec, 74.24 MB]
 [info] Scheduled Taxonomy Terms view loaded from source. [10.56 sec, 76.13 MB]
 [info] Scheduled Content view updated. [10.75 sec, 76.11 MB]
 [info] Scheduled Media view loaded from source. [10.95 sec, 79.01 MB]
 [warning] OpenyUpgradeToolConfigInstaller: Allowing duplicate OpenY config: diff.settings. This is a legacy workaround and should be fixed in the distro. [11.1 sec, 81.58 MB]
 [info] openy_media_image module installed. [12.79 sec, 88.03 MB]
 [info] openy_menu module installed. [12.79 sec, 88.03 MB]
 [info] openy_menu_footer module installed. [12.94 sec, 90.69 MB]
 [info] openy_menu_utility module installed. [12.99 sec, 91.78 MB]
 [info] openy_gtranslate module installed. [12.99 sec, 91.78 MB]
 [info] simple_sitemap module installed. [13 sec, 91.84 MB]
 [info] lb_claro module installed. [13 sec, 91.84 MB]
 [info] y_lb module installed. [13.45 sec, 91.03 MB]
 [info] link_attributes module installed. [13.45 sec, 91.03 MB]
 [info] openy_system module installed. [13.45 sec, 91.03 MB]
 [info] plugin module installed. [13.45 sec, 91.03 MB]
 [info] openy_er module installed. [13.45 sec, 91.03 MB]
 [info] openy_node module installed. [13.62 sec, 91.79 MB]
 [info] twig_tweak module installed. [13.62 sec, 91.79 MB]
 [info] metatag_open_graph module installed. [13.62 sec, 91.79 MB]
 [info] migrate_plus module installed. [13.62 sec, 91.79 MB]
 [info] openy_block module installed. [13.64 sec, 91.87 MB]
 [info] openy_txnm_color module installed. [13.76 sec, 92.41 MB]
 [info] openy_migrate module installed. [13.77 sec, 92.41 MB]
 [info] redirect module installed. [13.9 sec, 98.39 MB]
 [info] Creation of dynamic property Drupal\openy_upgrade_tool\ConfigUpdater::$moduleExtensionList is deprecated ConfigImporterService.php:176 [13.94 sec, 81.35 MB]
 [warning] OpenyUpgradeToolConfigInstaller: Allowing duplicate OpenY config: datalayer.settings. This is a legacy workaround and should be fixed in the distro. [14.07 sec, 83.33 MB]
 [info] openy_redirect module installed. [15.23 sec, 82.02 MB]
 [info] openy_block_custom_simple module installed. [15.78 sec, 83.3 MB]
 [info] slick module installed. [15.78 sec, 83.31 MB]
 [info] openy_taxonomy module installed. [15.82 sec, 83.21 MB]
 [info] openy_node_landing module installed. [16.14 sec, 84.05 MB]
 [info] openy_datalayer module installed. [16.14 sec, 84.05 MB]
 [info] token_filter module installed. [16.14 sec, 84.05 MB]
 [info] openy_editor module installed. [16.18 sec, 84.54 MB]
 [warning] You have manual updated embed.button.embed_document config from Open Y profile. [16.55 sec, 88.64 MB]
 [warning] You have manual updated embed.button.embed_document config from Open Y profile. [16.56 sec, 88.81 MB]
 [info] openy_media_document module installed. [16.56 sec, 88.65 MB]
 [info] video module installed. [16.56 sec, 88.15 MB]
 [warning] You have manual updated embed.button.embed_local_video config from Open Y profile. [16.77 sec, 88.74 MB]
 [warning] You have manual updated embed.button.embed_local_video config from Open Y profile. [16.79 sec, 88.84 MB]
 [info] openy_media_local_video module installed. [16.79 sec, 88.68 MB]
 [info] video_embed_field module installed. [16.79 sec, 88.2 MB]
 [info] video_embed_media module installed. [16.79 sec, 88.21 MB]
 [warning] You have manual updated embed.button.embed_video config from Open Y profile. [17.13 sec, 89.07 MB]
 [warning] You have manual updated embed.button.embed_video config from Open Y profile. [17.14 sec, 89.17 MB]
 [info] openy_media_video module installed. [17.14 sec, 89.01 MB]
 [info] openy_menu_main module installed. [17.14 sec, 88.99 MB]
 [info] responsive_favicons module installed. [17.14 sec, 88.53 MB]
 [info] simple_menu_icons module installed. [17.14 sec, 88.53 MB]
 [notice] Performed install task: install_profile_modules [17.2 sec, 88.88 MB]
 [info] claro theme installed. [17.27 sec, 90.64 MB]
 [info] openy_admin theme installed. [17.27 sec, 90.64 MB]
 [notice] Performed install task: install_profile_themes [18.02 sec, 95.03 MB]
 [warning] You have manual updated metatag.metatag_defaults.node config from Open Y profile. [20.5 sec, 125.78 MB]
 [warning] You have manual updated views.view.taxonomy_term config from Open Y profile. [20.68 sec, 130.3 MB]
 [warning] OpenyUpgradeToolConfigInstaller: Allowing duplicate OpenY config: user.role.administrator. This is a legacy workaround and should be fixed in the distro. [20.82 sec, 130.66 MB]
 [warning] OpenyUpgradeToolConfigInstaller: Allowing duplicate OpenY config: user.role.anonymous. This is a legacy workaround and should be fixed in the distro. [20.82 sec, 130.66 MB]
 [warning] OpenyUpgradeToolConfigInstaller: Allowing duplicate OpenY config: user.role.authenticated. This is a legacy workaround and should be fixed in the distro. [20.82 sec, 130.66 MB]
 [warning] OpenyUpgradeToolConfigInstaller: Allowing duplicate OpenY config: user.settings. This is a legacy workaround and should be fixed in the distro. [20.82 sec, 130.66 MB]
 [info] serialization module installed. [21.87 sec, 139.19 MB]
 [info] rest module installed. [21.87 sec, 139.19 MB]
 [info] ctools module installed. [21.87 sec, 139.19 MB]
 [info] draggableviews module installed. [21.87 sec, 139.19 MB]
 [info] google_analytics module installed. [22.23 sec, 146.35 MB]
 [info] hal module installed. [22.23 sec, 144.89 MB]
 [info] openy_popups module installed. [22.25 sec, 142.83 MB]
 [info] slick_views module installed. [22.25 sec, 142.83 MB]
 [info] Open Y has upgraded user.role.anonymous config. [23.21 sec, 152.25 MB]
 [info] Open Y has upgraded user.role.authenticated config. [23.28 sec, 154.78 MB]
 [info] openy_node_alert module installed. [23.34 sec, 155.94 MB]
 [info] openy_user module installed. [23.7 sec, 152.71 MB]
 [info] openy module installed. [23.86 sec, 131.2 MB]
 [notice] Performed install task: install_install_profile [23.89 sec, 118.94 MB]
 [warning] You have manual updated system.site config from Open Y profile. [24.02 sec, 103.26 MB]
 [info] update module installed. [24.92 sec, 114.29 MB]
 [notice] Performed install task: install_configure_form [25.33 sec, 119.64 MB]
 [notice] Performed install task: openy_select_search [25.35 sec, 113.88 MB]
 [notice] Performed install task: openy_google_search [25.35 sec, 113.88 MB]
 [notice] Performed install task: openy_select_features [25.56 sec, 115.68 MB]
 [info] easy_breadcrumb module installed. [27.01 sec, 133.45 MB]
 [info] workflows module installed. [27.01 sec, 133.45 MB]
 [info] content_moderation module installed. [27.01 sec, 133.45 MB]
 [info] responsive_image module installed. [27.01 sec, 133.45 MB]
 [info] address module installed. [27.01 sec, 133.45 MB]
 [info] date_augmenter module installed. [27.01 sec, 133.45 MB]
 [info] addtocal_augment module installed. [27.01 sec, 133.45 MB]
 [info] better_exposed_filters module installed. [27.01 sec, 133.45 MB]
 [info] daterange_compact module installed. [27.02 sec, 131.16 MB]
 [info] openy_socrates module installed. [27.02 sec, 131.16 MB]
 [info] inline_entity_form module installed. [27.02 sec, 131.16 MB]
 [info] entity_clone module installed. [27.04 sec, 131.86 MB]
 [info] jquery_ui_menu module installed. [27.04 sec, 131.84 MB]
 [info] jquery_ui_autocomplete module installed. [27.04 sec, 131.84 MB]
 [info] geolocation module installed. [27.04 sec, 131.25 MB]
 [info] geolocation_google_maps module installed. [27.04 sec, 131.25 MB]
 [info] layout_builder_restrictions_by_region module installed. [27.04 sec, 131.25 MB]
 [info] lb_accordion module installed. [27.04 sec, 131.25 MB]
 [info] lb_branch_amenities_blocks module installed. [27.04 sec, 131.25 MB]
 [info] schema_metatag module installed. [27.04 sec, 131.25 MB]
 [info] schema_organization module installed. [29.69 sec, 124.32 MB]
 [info] openy_field_hours module installed. [29.69 sec, 124.32 MB]
 [info] openy_field_holiday_hours module installed. [29.69 sec, 124.32 MB]
 [info] openy_field_custom_hours module installed. [29.69 sec, 124.32 MB]
 [info] openy_hours_formatter module installed. [29.69 sec, 124.32 MB]
 [info] openy_location module installed. [30.36 sec, 127.08 MB]
 [info] openy_svg_formatter module installed. [30.36 sec, 127.08 MB]
 [info] openy_txnm_amenities module installed. [30.55 sec, 128.53 MB]
 [info] views_field_formatter module installed. [30.55 sec, 128.53 MB]
 [info] openy_loc_branch module installed. [31.3 sec, 128.98 MB]
 [info] lb_branch_social_links_blocks module installed. [31.3 sec, 128.98 MB]
 [info] y_branch_menu module installed. [31.3 sec, 128.98 MB]
 [warning] You have manual updated core.entity_view_display.node.branch.default config from Open Y profile. [31.45 sec, 132.92 MB]
 [warning] You have manual updated core.entity_view_display.node.branch.class_location config from Open Y profile. [31.47 sec, 133.06 MB]
 [warning] You have manual updated core.entity_view_display.node.branch.full config from Open Y profile. [31.49 sec, 133.32 MB]
 [warning] You have manual updated core.entity_view_display.node.branch.sidebar_teaser config from Open Y profile. [31.52 sec, 133.48 MB]
 [warning] You have manual updated core.entity_view_display.node.branch.teaser config from Open Y profile. [31.54 sec, 133.66 MB]
 [warning] You have manual updated core.entity_form_display.node.branch.default config from Open Y profile. [31.59 sec, 134.26 MB]
 [warning] You have manual updated core.entity_view_display.node.branch.default config from Open Y profile. [31.7 sec, 132.93 MB]
 [warning] You have manual updated core.entity_view_display.node.branch.class_location config from Open Y profile. [31.72 sec, 133.1 MB]
 [warning] You have manual updated core.entity_view_display.node.branch.full config from Open Y profile. [31.75 sec, 133.37 MB]
 [warning] You have manual updated core.entity_view_display.node.branch.sidebar_teaser config from Open Y profile. [31.77 sec, 133.57 MB]
 [warning] You have manual updated core.entity_view_display.node.branch.teaser config from Open Y profile. [31.79 sec, 133.77 MB]
 [warning] You have manual updated core.entity_form_display.node.branch.default config from Open Y profile. [31.84 sec, 134.32 MB]
 [warning] You have manual updated core.entity_view_display.node.branch.default config from Open Y profile. [31.96 sec, 133.21 MB]
 [warning] You have manual updated core.entity_view_display.node.branch.class_location config from Open Y profile. [31.98 sec, 133.38 MB]
 [warning] You have manual updated core.entity_view_display.node.branch.full config from Open Y profile. [32.01 sec, 133.66 MB]
 [warning] You have manual updated core.entity_view_display.node.branch.sidebar_teaser config from Open Y profile. [32.03 sec, 133.86 MB]
 [warning] You have manual updated core.entity_view_display.node.branch.teaser config from Open Y profile. [32.05 sec, 134.06 MB]
 [warning] You have manual updated core.entity_form_display.node.branch.default config from Open Y profile. [32.11 sec, 134.61 MB]
 [warning] You have manual updated core.entity_form_display.node.branch.default config from Open Y profile. [32.17 sec, 135.26 MB]
 [warning] You have manual updated core.entity_view_display.node.branch.default config from Open Y profile. [32.28 sec, 133.97 MB]
 [warning] You have manual updated core.entity_view_display.node.branch.class_location config from Open Y profile. [32.3 sec, 134.15 MB]
 [warning] You have manual updated core.entity_view_display.node.branch.full config from Open Y profile. [32.33 sec, 134.43 MB]
 [warning] You have manual updated core.entity_view_display.node.branch.sidebar_teaser config from Open Y profile. [32.35 sec, 134.64 MB]
 [warning] You have manual updated core.entity_view_display.node.branch.teaser config from Open Y profile. [32.37 sec, 134.84 MB]
 [warning] You have manual updated core.entity_form_display.node.branch.default config from Open Y profile. [32.43 sec, 135.46 MB]
 [warning] The "field_block:node:branch:field_location_address" block plugin was not found [32.5 sec, 141.24 MB]
 [warning] The "field_block:node:branch:field_location_phone" block plugin was not found [32.5 sec, 141.25 MB]
 [warning] The "field_block:node:branch:field_content" block plugin was not found [32.5 sec, 141.25 MB]
 [warning] The "field_block:node:branch:field_header_content" block plugin was not found [32.5 sec, 141.25 MB]
 [warning] The "field_block:node:branch:field_branch_hours" block plugin was not found [32.5 sec, 141.25 MB]
 [warning] The "field_block:node:branch:field_bottom_content" block plugin was not found [32.5 sec, 141.25 MB]
 [warning] The "field_block:node:branch:field_location_directions" block plugin was not found [32.5 sec, 141.25 MB]
 [warning] The "field_block:node:branch:field_location_fax" block plugin was not found [32.5 sec, 141.25 MB]
 [warning] The "field_block:node:branch:field_location_email" block plugin was not found [32.5 sec, 141.25 MB]
 [warning] The "field_block:node:branch:field_location_amenities" block plugin was not found [32.5 sec, 141.25 MB]
 [warning] The "field_block:node:branch:field_location_address" block plugin was not found [32.5 sec, 141.25 MB]
 [warning] The "field_block:node:branch:field_location_phone" block plugin was not found [32.5 sec, 141.25 MB]
 [warning] The "field_block:node:branch:field_content" block plugin was not found [32.5 sec, 141.25 MB]
 [warning] The "field_block:node:branch:field_header_content" block plugin was not found [32.5 sec, 141.25 MB]
 [warning] The "field_block:node:branch:field_branch_hours" block plugin was not found [32.5 sec, 141.25 MB]
 [warning] The "field_block:node:branch:field_bottom_content" block plugin was not found [32.5 sec, 141.25 MB]
 [warning] The "field_block:node:branch:field_location_directions" block plugin was not found [32.5 sec, 141.25 MB]
 [warning] The "field_block:node:branch:field_location_fax" block plugin was not found [32.5 sec, 141.25 MB]
 [warning] The "field_block:node:branch:field_location_email" block plugin was not found [32.5 sec, 141.25 MB]
 [warning] The "field_block:node:branch:field_location_amenities" block plugin was not found [32.5 sec, 141.25 MB]
 [warning] You have manual updated core.entity_view_display.node.branch.full config from Open Y profile. [32.58 sec, 142.63 MB]
 [warning] You have manual updated core.entity_view_display.node.branch.full config from Open Y profile. [32.73 sec, 142.25 MB]
 [warning] You have manual updated core.entity_view_display.node.branch.full config from Open Y profile. [32.86 sec, 142.31 MB]
 [warning] You have manual updated core.entity_form_display.node.branch.default config from Open Y profile. [32.92 sec, 142.08 MB]
 [warning] You have manual updated core.entity_form_display.node.branch.default config from Open Y profile. [32.97 sec, 142.73 MB]
 [warning] You have manual updated core.entity_form_display.node.branch.default config from Open Y profile. [33.03 sec, 143.39 MB]
 [warning] You have manual updated core.entity_form_display.node.branch.default config from Open Y profile. [33.08 sec, 144.05 MB]
 [warning] You have manual updated core.entity_form_display.node.branch.default config from Open Y profile. [33.14 sec, 144.71 MB]
 [warning] You have manual updated core.entity_form_display.node.branch.default config from Open Y profile. [33.19 sec, 145.86 MB]
 [warning] You have manual updated core.entity_form_display.node.branch.default config from Open Y profile. [33.24 sec, 146.52 MB]
 [info] y_branch module installed. [33.25 sec, 146.3 MB]
 [warning] You have manual updated core.entity_view_display.node.branch.full config from Open Y profile. [33.41 sec, 142.46 MB]
 [info] lb_branch_hours_blocks module installed. [33.43 sec, 141.68 MB]
 [info] lb_cards module installed. [33.43 sec, 140.81 MB]
 [info] lb_carousel module installed. [33.43 sec, 140.81 MB]
 [info] lb_grid_cta module installed. [33.43 sec, 140.81 MB]
 [info] lb_grid_icon module installed. [33.43 sec, 140.81 MB]
 [info] lb_hero module installed. [33.43 sec, 140.81 MB]
 [info] lb_modal module installed. [33.43 sec, 140.81 MB]
 [info] lb_partners_blocks module installed. [38.88 sec, 140.43 MB]
 [info] lb_ping_pong module installed. [38.88 sec, 140.43 MB]
 [info] lb_promo module installed. [38.88 sec, 140.43 MB]
 [info] schema_article module installed. [38.88 sec, 140.43 MB]
 [info] y_lb_article module installed. [38.88 sec, 140.43 MB]
 [info] lb_related_articles_blocks module installed. [38.88 sec, 140.69 MB]
 [info] smart_date module installed. [38.9 sec, 138.01 MB]
 [info] smart_date_recur module installed. [38.9 sec, 138.01 MB]
 [info] schema_event module installed. [38.9 sec, 138.01 MB]
 [info] verf module installed. [38.9 sec, 138.01 MB]
 [info] views_infinite_scroll module installed. [38.9 sec, 138.01 MB]
 [info] ws_event module installed. [38.9 sec, 138.01 MB]
 [info] lb_related_events_blocks module installed. [38.9 sec, 138.02 MB]
 [info] lb_simple_menu module installed. [38.9 sec, 138.02 MB]
 [info] lb_staff_members_blocks module installed. [38.9 sec, 138.02 MB]
 [info] lb_statistics module installed. [38.9 sec, 138.02 MB]
 [info] lb_table module installed. [38.91 sec, 138.02 MB]
 [info] lb_testimonials module installed. [38.91 sec, 138.02 MB]
 [info] webform module installed. [40.24 sec, 150.97 MB]
 [info] lb_webform module installed. [40.24 sec, 148.5 MB]
 [warning] The "field_block:node:article_lb:body" block plugin was not found [44.14 sec, 170.65 MB]
 [warning] The "field_block:node:article_lb:field_published_date" block plugin was not found [44.14 sec, 170.65 MB]
 [warning] The "field_block:node:article_lb:body" block plugin was not found [44.14 sec, 170.65 MB]
 [warning] The "field_block:node:article_lb:field_published_date" block plugin was not found [44.14 sec, 170.65 MB]
 [warning] The "field_block:node:lb_event:body" block plugin was not found [47.19 sec, 175.7 MB]
 [warning] The "field_block:node:lb_event:body" block plugin was not found [47.2 sec, 175.7 MB]
 [warning] OpenyUpgradeToolConfigInstaller: Allowing duplicate OpenY config: field.storage.node.field_branch_holiday_hours. This is a legacy workaround and should be fixed in the distro. [52.06 sec, 137.45 MB]
 [warning] OpenyUpgradeToolConfigInstaller: Allowing duplicate OpenY config: field.storage.node.field_branch_hours. This is a legacy workaround and should be fixed in the distro. [52.06 sec, 137.45 MB]
 [warning] OpenyUpgradeToolConfigInstaller: Allowing duplicate OpenY config: taxonomy.vocabulary.news_category. This is a legacy workaround and should be fixed in the distro. [52.06 sec, 137.48 MB]
 [info] menu_item_extras module installed. [53.75 sec, 146.73 MB]
 [info] openy_branch_selector module installed. [53.75 sec, 146.69 MB]
 [info] openy_block_basic module installed. [54.37 sec, 157.55 MB]
 [info] openy_data_wrapper module installed. [54.37 sec, 157.55 MB]
 [warning] You have manual updated openy_map.settings config from Open Y profile. [54.84 sec, 175.63 MB]
 [info] openy_map module installed. [54.85 sec, 175.54 MB]
 [info] openy_ckeditor module installed. [54.85 sec, 175.48 MB]
 [info] openy_field_faq module installed. [54.85 sec, 175.48 MB]
 [info] openy_node_program module installed. [55.67 sec, 166.46 MB]
 [info] openy_node_category module installed. [56.39 sec, 166.72 MB]
 [info] openy_block_branch_amenities module installed. [57.19 sec, 167.44 MB]
 [info] openy_block_menu module installed. [57.61 sec, 168.03 MB]
 [info] openy_prgf module installed. [57.89 sec, 167.29 MB]
 [info] openy_loc_camp module installed. [58.52 sec, 167.86 MB]
 [info] openy_loc_facility module installed. [59.63 sec, 168.5 MB]
 [warning] You have manual updated taxonomy.vocabulary.news_category config from Open Y profile. [59.64 sec, 169.16 MB]
 [info] openy_txnm_news_category module installed. [59.83 sec, 167.93 MB]
 [info] openy_node_news module installed. [60.63 sec, 168.52 MB]
 [info] Creation of dynamic property Drupal\openy_upgrade_tool\ConfigUpdater::$moduleExtensionList is deprecated ConfigImporterService.php:176 [60.86 sec, 168.11 MB]
 [info] Open Y has upgraded paragraphs.paragraphs_type.branch_contacts_info config. [69.15 sec, 170.59 MB]
 [info] Open Y has upgraded field.storage.paragraph.field_branch_contacts_info config. [69.24 sec, 170.44 MB]
 [info] Open Y has upgraded field.field.paragraph.branch_contacts_info.field_branch_contacts_info config. [69.25 sec, 170.72 MB]
 [info] Open Y has upgraded core.entity_form_display.paragraph.branch_contacts_info.default config. [69.28 sec, 170.77 MB]
 [info] Open Y has upgraded core.entity_view_display.paragraph.branch_contacts_info.default config. [69.3 sec, 170.83 MB]
 [info] openy_block_branch_contacts_info module installed. [74.22 sec, 176.54 MB]
 [info] openy_block_featured_highlights module installed. [74.67 sec, 172.76 MB]
 [info] openy_code_block module installed. [74.99 sec, 172.87 MB]
 [info] openy_prgf_grid_content module installed. [75.82 sec, 172.99 MB]
 [info] openy_prgf_1c module installed. [79.62 sec, 167.46 MB]
 [info] openy_prgf_2c module installed. [79.99 sec, 167.54 MB]
 [info] openy_prgf_3c module installed. [80.47 sec, 167.65 MB]
 [info] openy_prgf_4c module installed. [81.11 sec, 167.81 MB]
 [info] openy_prgf_gallery module installed. [81.52 sec, 167.81 MB]
 [info] openy_prgf_banner module installed. [81.92 sec, 168.21 MB]
 [info] openy_prgf_code_block module installed. [82.17 sec, 168.04 MB]
 [info] openy_prgf_faq module installed. [82.42 sec, 167.91 MB]
 [info] openy_prgf_featured_highlights module installed. [82.76 sec, 168.14 MB]
 [info] openy_prgf_featured_news module installed. [83.05 sec, 168 MB]
 [info] openy_prgf_news_latest module installed. [83.82 sec, 187.02 MB]
 [info] openy_prgf_promo_card module installed. [84.17 sec, 172.96 MB]
 [info] openy_prgf_simple_content module installed. [84.37 sec, 172.97 MB]
 [info] openy_prgf_small_banner module installed. [84.74 sec, 173.39 MB]
 [info] openy_prgf_teaser module installed. [85.12 sec, 173.1 MB]
 [info] openy_prgf_webform module installed. [85.47 sec, 173.23 MB]
 [info] openy_map_lb module installed. [85.97 sec, 187.97 MB]
 [info] ws_code_block module installed. [86.22 sec, 173.62 MB]
 [info] ws_lb_tabs module installed. [86.22 sec, 173.62 MB]
 [warning] You have manual updated core.entity_view_display.node.camp.default config from Open Y profile. [87.19 sec, 180.85 MB]
 [warning] You have manual updated core.entity_view_display.node.camp.class_location config from Open Y profile. [87.21 sec, 180.94 MB]
 [warning] You have manual updated core.entity_view_display.node.camp.full config from Open Y profile. [87.23 sec, 181.12 MB]
 [warning] You have manual updated core.entity_view_display.node.camp.teaser config from Open Y profile. [87.25 sec, 181.25 MB]
 [warning] You have manual updated core.entity_form_display.node.camp.default config from Open Y profile. [87.29 sec, 181.76 MB]
 [warning] You have manual updated core.entity_form_display.node.camp.default config from Open Y profile. [87.34 sec, 182.2 MB]
 [warning] You have manual updated core.entity_view_display.node.camp.default config from Open Y profile. [87.48 sec, 182.08 MB]
 [warning] You have manual updated core.entity_view_display.node.camp.class_location config from Open Y profile. [87.5 sec, 182.2 MB]
 [warning] You have manual updated core.entity_view_display.node.camp.full config from Open Y profile. [87.52 sec, 182.4 MB]
 [warning] You have manual updated core.entity_view_display.node.camp.teaser config from Open Y profile. [87.54 sec, 182.56 MB]
 [warning] You have manual updated core.entity_form_display.node.camp.default config from Open Y profile. [87.59 sec, 183.03 MB]
 [warning] The "field_block:node:camp:field_location_address" block plugin was not found [87.93 sec, 206.48 MB]
 [warning] The "field_block:node:camp:field_location_phone" block plugin was not found [87.93 sec, 206.48 MB]
 [warning] The "field_block:node:camp:field_location_fax" block plugin was not found [87.93 sec, 206.48 MB]
 [warning] The "field_block:node:camp:field_location_directions" block plugin was not found [87.93 sec, 206.48 MB]
 [warning] The "field_block:node:camp:field_content" block plugin was not found [87.93 sec, 206.48 MB]
 [warning] The "field_block:node:camp:field_header_content" block plugin was not found [87.93 sec, 206.48 MB]
 [warning] The "field_block:node:camp:field_bottom_content" block plugin was not found [87.93 sec, 206.48 MB]
 [warning] The "field_block:node:camp:field_location_address" block plugin was not found [87.93 sec, 206.48 MB]
 [warning] The "field_block:node:camp:field_location_phone" block plugin was not found [87.93 sec, 206.48 MB]
 [warning] The "field_block:node:camp:field_location_fax" block plugin was not found [87.93 sec, 206.48 MB]
 [warning] The "field_block:node:camp:field_location_directions" block plugin was not found [87.93 sec, 206.48 MB]
 [warning] The "field_block:node:camp:field_content" block plugin was not found [87.93 sec, 206.48 MB]
 [warning] The "field_block:node:camp:field_header_content" block plugin was not found [87.93 sec, 206.48 MB]
 [warning] The "field_block:node:camp:field_bottom_content" block plugin was not found [87.93 sec, 206.48 MB]
 [warning] You have manual updated core.entity_view_display.node.camp.full config from Open Y profile. [88 sec, 207.39 MB]
 [warning] You have manual updated core.entity_view_display.node.camp.full config from Open Y profile. [88.15 sec, 206.71 MB]
 [warning] You have manual updated core.entity_form_display.node.camp.default config from Open Y profile. [88.33 sec, 205.19 MB]
 [warning] You have manual updated core.entity_form_display.node.camp.default config from Open Y profile. [88.37 sec, 205.68 MB]
 [warning] You have manual updated core.entity_form_display.node.camp.default config from Open Y profile. [88.41 sec, 206.17 MB]
 [info] y_camp module installed. [88.41 sec, 205.97 MB]
 [warning] You have manual updated core.entity_view_display.node.facility.default config from Open Y profile. [91.64 sec, 174.09 MB]
 [warning] You have manual updated core.entity_view_display.node.facility.full config from Open Y profile. [91.66 sec, 174.27 MB]
 [warning] You have manual updated core.entity_view_display.node.facility.teaser config from Open Y profile. [91.69 sec, 174.4 MB]
 [warning] You have manual updated core.entity_form_display.node.facility.default config from Open Y profile. [91.75 sec, 175.11 MB]
 [warning] You have manual updated core.entity_form_display.node.facility.default config from Open Y profile. [91.79 sec, 175.56 MB]
 [warning] You have manual updated core.entity_view_display.node.facility.default config from Open Y profile. [91.92 sec, 176.09 MB]
 [warning] You have manual updated core.entity_view_display.node.facility.full config from Open Y profile. [91.94 sec, 176.29 MB]
 [warning] You have manual updated core.entity_view_display.node.facility.teaser config from Open Y profile. [91.96 sec, 176.47 MB]
 [warning] You have manual updated core.entity_form_display.node.facility.default config from Open Y profile. [92.01 sec, 177.36 MB]
 [warning] The "extra_field_block:node:facility:links" block plugin was not found [92.44 sec, 204.57 MB]
 [warning] The "field_block:node:facility:field_content" block plugin was not found [92.44 sec, 204.57 MB]
 [warning] The "field_block:node:facility:field_location_address" block plugin was not found [92.44 sec, 204.57 MB]
 [warning] The "field_block:node:facility:field_location_area" block plugin was not found [92.44 sec, 204.57 MB]
 [warning] The "field_block:node:facility:field_facility_type" block plugin was not found [92.44 sec, 204.57 MB]
 [warning] The "field_block:node:facility:field_location_phone" block plugin was not found [92.44 sec, 204.57 MB]
 [warning] The "field_block:node:facility:field_location_directions" block plugin was not found [92.44 sec, 204.57 MB]
 [warning] The "field_block:node:facility:field_location_fax" block plugin was not found [92.44 sec, 204.57 MB]
 [warning] The "field_block:node:facility:field_sidebar_content" block plugin was not found [92.44 sec, 204.57 MB]
 [warning] The "field_block:node:facility:field_facility_loc" block plugin was not found [92.44 sec, 204.57 MB]
 [warning] The "field_block:node:facility:field_branch_hours" block plugin was not found [92.44 sec, 204.57 MB]
 [warning] The "extra_field_block:node:facility:links" block plugin was not found [92.44 sec, 204.57 MB]
 [warning] The "field_block:node:facility:field_content" block plugin was not found [92.44 sec, 204.57 MB]
 [warning] The "field_block:node:facility:field_location_address" block plugin was not found [92.44 sec, 204.57 MB]
 [warning] The "field_block:node:facility:field_location_area" block plugin was not found [92.44 sec, 204.57 MB]
 [warning] The "field_block:node:facility:field_facility_type" block plugin was not found [92.44 sec, 204.57 MB]
 [warning] The "field_block:node:facility:field_location_phone" block plugin was not found [92.44 sec, 204.57 MB]
 [warning] The "field_block:node:facility:field_location_directions" block plugin was not found [92.45 sec, 204.57 MB]
 [warning] The "field_block:node:facility:field_location_fax" block plugin was not found [92.45 sec, 204.57 MB]
 [warning] The "field_block:node:facility:field_sidebar_content" block plugin was not found [92.45 sec, 204.57 MB]
 [warning] The "field_block:node:facility:field_facility_loc" block plugin was not found [92.45 sec, 204.57 MB]
 [warning] The "field_block:node:facility:field_branch_hours" block plugin was not found [92.45 sec, 204.57 MB]
 [warning] You have manual updated core.entity_view_display.node.facility.full config from Open Y profile. [92.52 sec, 205.67 MB]
 [warning] You have manual updated core.entity_view_display.node.facility.full config from Open Y profile. [92.7 sec, 206.07 MB]
 [warning] You have manual updated core.entity_form_display.node.facility.default config from Open Y profile. [92.74 sec, 204.3 MB]
 [warning] Attempt to read property "context" on null field_group.module:879 [92.75 sec, 204.09 MB]
 [warning] Attempt to read property "context" on null field_group.module:882 [92.75 sec, 204.09 MB]
 [warning] Attempt to read property "context" on null field_group.module:889 [92.75 sec, 204.09 MB]
 [warning] Attempt to read property "context" on null field_group.module:896 [92.75 sec, 204.09 MB]
 [warning] You have manual updated field.field.node.facility.field_location_address config from Open Y profile. [92.76 sec, 204.37 MB]
 [warning] You have manual updated field.field.node.facility.field_location_coordinates config from Open Y profile. [92.83 sec, 187.5 MB]
 [warning] You have manual updated field.field.node.facility.field_location_phone config from Open Y profile. [92.88 sec, 187.5 MB]
 [info] y_facility module installed. [92.88 sec, 185.73 MB]
 [info] y_lb_main_menu_cta_block module installed. [92.88 sec, 178.22 MB]
 [info] lb_donate module installed. [92.88 sec, 178.22 MB]
 [info] y_donate module installed. [92.88 sec, 178.22 MB]
 [warning] You have manual updated core.entity_view_display.node.program.default config from Open Y profile. [92.99 sec, 181.3 MB]
 [warning] You have manual updated core.entity_view_display.node.program.full config from Open Y profile. [93.01 sec, 181.43 MB]
 [warning] You have manual updated core.entity_view_display.node.program.teaser config from Open Y profile. [93.03 sec, 181.52 MB]
 [warning] You have manual updated core.entity_form_display.node.program.default config from Open Y profile. [93.07 sec, 182.35 MB]
 [warning] You have manual updated core.entity_form_display.node.program.default config from Open Y profile. [93.11 sec, 182.72 MB]
 [warning] You have manual updated core.entity_view_display.node.program.default config from Open Y profile. [93.2 sec, 181.62 MB]
 [warning] You have manual updated core.entity_view_display.node.program.full config from Open Y profile. [93.22 sec, 181.78 MB]
 [warning] You have manual updated core.entity_view_display.node.program.teaser config from Open Y profile. [93.24 sec, 181.9 MB]
 [warning] You have manual updated core.entity_form_display.node.program.default config from Open Y profile. [93.28 sec, 182.71 MB]
 [warning] The "field_block:node:program:field_program_image" block plugin was not found [93.65 sec, 206.33 MB]
 [warning] The "field_block:node:program:field_program_icon" block plugin was not found [93.65 sec, 206.33 MB]
 [warning] The "field_block:node:program:field_program_color" block plugin was not found [93.65 sec, 206.33 MB]
 [warning] The "field_block:node:program:field_program_description" block plugin was not found [93.66 sec, 206.33 MB]
 [warning] The "field_block:node:program:field_header_content" block plugin was not found [93.66 sec, 206.33 MB]
 [warning] The "field_block:node:program:field_content" block plugin was not found [93.66 sec, 206.33 MB]
 [warning] The "field_block:node:program:field_sidebar_content" block plugin was not found [93.66 sec, 206.33 MB]
 [warning] The "extra_field_block:node:program:links" block plugin was not found [93.66 sec, 206.33 MB]
 [warning] The "field_block:node:program:field_program_image" block plugin was not found [93.66 sec, 206.33 MB]
 [warning] The "field_block:node:program:field_program_icon" block plugin was not found [93.66 sec, 206.33 MB]
 [warning] The "field_block:node:program:field_program_color" block plugin was not found [93.66 sec, 206.33 MB]
 [warning] The "field_block:node:program:field_program_description" block plugin was not found [93.66 sec, 206.33 MB]
 [warning] The "field_block:node:program:field_header_content" block plugin was not found [93.66 sec, 206.33 MB]
 [warning] The "field_block:node:program:field_content" block plugin was not found [93.66 sec, 206.33 MB]
 [warning] The "field_block:node:program:field_sidebar_content" block plugin was not found [93.66 sec, 206.33 MB]
 [warning] The "extra_field_block:node:program:links" block plugin was not found [93.66 sec, 206.33 MB]
 [warning] You have manual updated core.entity_view_display.node.program.full config from Open Y profile. [93.72 sec, 207.15 MB]
 [warning] You have manual updated core.entity_view_display.node.program.full config from Open Y profile. [93.88 sec, 206.55 MB]
 [warning] You have manual updated core.entity_form_display.node.program.default config from Open Y profile. [93.92 sec, 204.51 MB]
 [warning] You have manual updated core.entity_form_display.node.program.default config from Open Y profile. [93.96 sec, 204.92 MB]
 [warning] You have manual updated core.entity_form_display.node.program.default config from Open Y profile. [93.99 sec, 205.32 MB]
 [info] y_program module installed. [94 sec, 205.13 MB]
 [warning] You have manual updated core.entity_view_display.node.program_subcategory.default config from Open Y profile. [94.09 sec, 188.57 MB]
 [warning] You have manual updated core.entity_view_display.node.program_subcategory.full config from Open Y profile. [94.12 sec, 188.72 MB]
 [warning] You have manual updated core.entity_view_display.node.program_subcategory.teaser config from Open Y profile. [94.13 sec, 188.83 MB]
 [warning] You have manual updated core.entity_form_display.node.program_subcategory.default config from Open Y profile. [94.18 sec, 189.94 MB]
 [warning] You have manual updated core.entity_form_display.node.program_subcategory.default config from Open Y profile. [94.23 sec, 183.26 MB]
 [warning] You have manual updated core.entity_view_display.node.program_subcategory.default config from Open Y profile. [94.36 sec, 182.19 MB]
 [warning] You have manual updated core.entity_view_display.node.program_subcategory.full config from Open Y profile. [94.39 sec, 182.36 MB]
 [warning] You have manual updated core.entity_view_display.node.program_subcategory.teaser config from Open Y profile. [94.41 sec, 182.51 MB]
 [warning] You have manual updated core.entity_form_display.node.program_subcategory.default config from Open Y profile. [94.45 sec, 183.35 MB]
 [warning] The "field_block:node:program_subcategory:field_header_content" block plugin was not found [94.82 sec, 207.17 MB]
 [warning] The "field_block:node:program_subcategory:field_category_image" block plugin was not found [94.82 sec, 207.17 MB]
 [warning] The "field_block:node:program_subcategory:field_category_description" block plugin was not found [94.82 sec, 207.17 MB]
 [warning] The "field_block:node:program_subcategory:field_content" block plugin was not found [94.82 sec, 207.17 MB]
 [warning] The "field_block:node:program_subcategory:field_sidebar_content" block plugin was not found [94.82 sec, 207.17 MB]
 [warning] The "extra_field_block:node:program_subcategory:links" block plugin was not found [94.82 sec, 207.17 MB]
 [warning] The "field_block:node:program_subcategory:field_category_program" block plugin was not found [94.82 sec, 207.17 MB]
 [warning] The "field_block:node:program_subcategory:field_category_color" block plugin was not found [94.82 sec, 207.17 MB]
 [warning] The "field_block:node:program_subcategory:field_bottom_content" block plugin was not found [94.82 sec, 207.17 MB]
 [warning] The "field_block:node:program_subcategory:field_header_content" block plugin was not found [94.83 sec, 207.17 MB]
 [warning] The "field_block:node:program_subcategory:field_category_image" block plugin was not found [94.83 sec, 207.17 MB]
 [warning] The "field_block:node:program_subcategory:field_category_description" block plugin was not found [94.83 sec, 207.17 MB]
 [warning] The "field_block:node:program_subcategory:field_content" block plugin was not found [94.83 sec, 207.17 MB]
 [warning] The "field_block:node:program_subcategory:field_sidebar_content" block plugin was not found [94.83 sec, 207.17 MB]
 [warning] The "extra_field_block:node:program_subcategory:links" block plugin was not found [94.83 sec, 207.17 MB]
 [warning] The "field_block:node:program_subcategory:field_category_program" block plugin was not found [94.83 sec, 207.17 MB]
 [warning] The "field_block:node:program_subcategory:field_category_color" block plugin was not found [94.83 sec, 207.17 MB]
 [warning] The "field_block:node:program_subcategory:field_bottom_content" block plugin was not found [94.83 sec, 207.17 MB]
 [warning] You have manual updated core.entity_view_display.node.program_subcategory.full config from Open Y profile. [94.89 sec, 208.01 MB]
 [warning] You have manual updated core.entity_form_display.node.program_subcategory.default config from Open Y profile. [94.94 sec, 206.11 MB]
 [warning] You have manual updated core.entity_form_display.node.program_subcategory.default config from Open Y profile. [94.98 sec, 206.55 MB]
 [warning] You have manual updated core.entity_form_display.node.program_subcategory.default config from Open Y profile. [95.02 sec, 207 MB]
 [info] y_program_subcategory module installed. [95.02 sec, 206.8 MB]
 [notice] Performed install task: openy_install_features [97.16 sec, 157.28 MB]
 [notice] Performed install task: openy_select_theme [97.19 sec, 156.11 MB]
 [info] openy_demo_bfooter module installed. [98.46 sec, 179.14 MB]
 [info] Processed 2 items (2 created, 0 updated, 0 failed, 0 ignored) - done with 'openy_demo_block_content_footer' [98.84 sec, 182.58 MB]
 [info] openy_demo_bfooter module uninstalled. [100.23 sec, 202.11 MB]
 [info] openy_carnation theme installed. [101.57 sec, 206.5 MB]
 [notice] Performed install task: openy_install_theme [102.49 sec, 204.49 MB]
 [notice] Performed install task: openy_select_content [102.55 sec, 170.68 MB]
 [info] openy_demo_taxonomy module installed. [104.45 sec, 198.81 MB]
 [info] openy_demo_tcolor module installed. [104.46 sec, 198.82 MB]
 [info] openy_node_activity module installed. [105.32 sec, 203.86 MB]
 [info] openy_demo_ahb module installed. [105.32 sec, 203.88 MB]
 [info] openy_demo_menu module installed. [105.32 sec, 203.88 MB]
 [info] openy_demo_menu_footer module installed. [105.33 sec, 203.9 MB]
 [info] openy_demo_menu_main module installed. [105.34 sec, 203.93 MB]
 [info] openy_demo_nalert module installed. [105.34 sec, 203.95 MB]
 [info] openy_demo_nlanding module installed. [105.4 sec, 204.13 MB]
 [info] openy_demo_tnews module installed. [105.4 sec, 204.14 MB]
 [info] openy_demo_nnews module installed. [105.42 sec, 204.21 MB]
 [info] openy_demo_tamenities module installed. [105.42 sec, 204.22 MB]
 [info] openy_demo_webform module installed. [105.43 sec, 204.26 MB]
 [info] ws_promotion module installed. [105.43 sec, 204.26 MB]
 [info] ws_promotion_cards module installed. [105.43 sec, 204.26 MB]
 [info] ws_promotion_hero module installed. [105.43 sec, 204.26 MB]
 [info] ws_promotion_modal module installed. [105.43 sec, 204.26 MB]
 [info] ws_promotion_ping_pong module installed. [105.43 sec, 204.26 MB]
 [info] ws_promotion_promo module installed. [105.43 sec, 204.26 MB]
 [warning] You have manual updated system.site config from Open Y profile. [106.04 sec, 210.38 MB]
 [warning] You have manual updated openy_map.settings config from Open Y profile. [106.05 sec, 210.44 MB]
 [info] y_lb_demo_content module installed. [106.05 sec, 210.29 MB]
 [info] Processed 17 items (17 created, 0 updated, 0 failed, 0 ignored) - done with 'openy_demo_taxonomy_term_color' [108.17 sec, 191.98 MB]
 [info] Processed 17 items (17 created, 0 updated, 0 failed, 0 ignored) - done with 'openy_demo_entity_ahb' [108.26 sec, 192.9 MB]
 [info] Processed 1 item (1 created, 0 updated, 0 failed, 0 ignored) - done with 'openy_demo_lp_news_paragraph_latest_news_posts' [108.86 sec, 230.53 MB]
 [info] Processed 1 item (0 created, 0 updated, 0 failed, 1 ignored) - done with 'openy_demo_lp_paragraph_news_posts_listing' [108.89 sec, 230.57 MB]
 [info] Processed 0 items (0 created, 0 updated, 0 failed, 0 ignored) - done with 'openy_demo_taxonomy_term_color' [108.89 sec, 230.57 MB]
 [info] Processed 1 item (1 created, 0 updated, 0 failed, 0 ignored) - done with 'openy_demo_lp_paragraph_news_small_banner' [108.92 sec, 230.7 MB]
 [info] Processed 12 items (12 created, 0 updated, 0 failed, 0 ignored) - done with 'openy_demo_nnews_file' [109 sec, 231.32 MB]
 [info] Processed 12 items (12 created, 0 updated, 0 failed, 0 ignored) - done with 'openy_demo_nnews_media_image' [109.42 sec, 229.95 MB]
 [info] Processed 5 items (5 created, 0 updated, 0 failed, 0 ignored) - done with 'openy_demo_taxonomy_term_news_category' [110.18 sec, 244.22 MB]
 [info] Processed 12 items (12 created, 0 updated, 0 failed, 0 ignored) - done with 'openy_demo_node_news' [110.46 sec, 246.29 MB]
 [info] Processed 1 item (1 created, 0 updated, 0 failed, 0 ignored) - done with 'openy_demo_news_landing' [110.5 sec, 246.88 MB]
 [info] Processed 1 item (1 created, 0 updated, 0 failed, 0 ignored) - done with 'openy_demo_menu_link_footer_news' [110.54 sec, 247.18 MB]
 [info] Processed 0 items (0 created, 0 updated, 0 failed, 0 ignored) - done with 'openy_demo_taxonomy_term_color' [110.54 sec, 247.18 MB]
 [info] Processed 6 items (6 created, 0 updated, 0 failed, 0 ignored) - done with 'openy_demo_node_alert_standard_extended' [110.69 sec, 248.13 MB]
 [info] Processed 12 items (12 created, 0 updated, 0 failed, 0 ignored) - done with 'openy_demo_lp_file' [110.78 sec, 248.69 MB]
 [info] Processed 12 items (12 created, 0 updated, 0 failed, 0 ignored) - done with 'openy_demo_lp_media_image' [111.17 sec, 242.87 MB]
 [info] Processed 0 items (0 created, 0 updated, 0 failed, 0 ignored) - done with 'openy_demo_taxonomy_term_color' [111.17 sec, 242.87 MB]
 [info] Processed 3 items (3 created, 0 updated, 0 failed, 0 ignored) - done with 'openy_demo_lp_paragraph_banner' [111.27 sec, 243.15 MB]
 [info] Processed 0 items (0 created, 0 updated, 0 failed, 0 ignored) - done with 'openy_demo_lp_file' [111.28 sec, 243.16 MB]
 [info] Processed 0 items (0 created, 0 updated, 0 failed, 0 ignored) - done with 'openy_demo_lp_media_image' [111.28 sec, 243.17 MB]
 [info] Processed 4 items (4 created, 0 updated, 0 failed, 0 ignored) - done with 'openy_demo_lp_paragraph_gallery' [111.34 sec, 243.52 MB]
 [info] Processed 2 items (2 created, 0 updated, 0 failed, 0 ignored) - done with 'openy_demo_lp_paragraph_grid_columns' [111.39 sec, 243.69 MB]
 [info] Processed 1 item (1 created, 0 updated, 0 failed, 0 ignored) - done with 'openy_demo_lp_paragraph_grid_content' [111.42 sec, 244.03 MB]
 [info] Processed 1 item (1 created, 0 updated, 0 failed, 0 ignored) - done with 'openy_demo_lp_paragraph_latest_news_posts' [111.45 sec, 244.13 MB]
 [info] Processed 13 items (13 created, 0 updated, 0 failed, 0 ignored) - done with 'openy_demo_lp_paragraph_simple' [111.55 sec, 244.82 MB]
 [info] Processed 0 items (0 created, 0 updated, 0 failed, 0 ignored) - done with 'openy_demo_taxonomy_term_color' [111.55 sec, 244.83 MB]
 [info] Processed 3 items (3 created, 0 updated, 0 failed, 0 ignored) - done with 'openy_demo_lp_paragraph_small_banner' [111.61 sec, 245.05 MB]
 [info] Processed 0 items (0 created, 0 updated, 0 failed, 0 ignored) - done with 'openy_demo_lp_file' [111.61 sec, 245.06 MB]
 [info] Processed 0 items (0 created, 0 updated, 0 failed, 0 ignored) - done with 'openy_demo_lp_media_image' [111.62 sec, 245.07 MB]
 [info] Processed 2 items (2 created, 0 updated, 0 failed, 0 ignored) - done with 'openy_demo_lp_paragraph_teaser' [111.66 sec, 245.25 MB]
 [info] strtotime(): Passing null to parameter #1 ($datetime) of type string is deprecated Callback.php:103 [111.69 sec, 245.3 MB]
 [info] strtotime(): Passing null to parameter #1 ($datetime) of type string is deprecated Callback.php:103 [111.69 sec, 245.3 MB]
 [info] strtotime(): Passing null to parameter #1 ($datetime) of type string is deprecated Callback.php:103 [111.75 sec, 245.93 MB]
 [info] strtotime(): Passing null to parameter #1 ($datetime) of type string is deprecated Callback.php:103 [111.75 sec, 245.93 MB]
 [info] strtotime(): Passing null to parameter #1 ($datetime) of type string is deprecated Callback.php:103 [111.8 sec, 246.25 MB]
 [info] strtotime(): Passing null to parameter #1 ($datetime) of type string is deprecated Callback.php:103 [111.8 sec, 246.25 MB]
 [info] strtotime(): Passing null to parameter #1 ($datetime) of type string is deprecated Callback.php:103 [111.84 sec, 246.57 MB]
 [info] strtotime(): Passing null to parameter #1 ($datetime) of type string is deprecated Callback.php:103 [111.84 sec, 246.57 MB]
 [info] Processed 4 items (4 created, 0 updated, 0 failed, 0 ignored) - done with 'openy_demo_node_landing_standard' [111.9 sec, 247.17 MB]
 [info] Processed 1 item (1 created, 0 updated, 0 failed, 0 ignored) - done with 'y_lb_demo_block_upcoming_events' [111.94 sec, 247.27 MB]
 [info] Processed 1 item (1 created, 0 updated, 0 failed, 0 ignored) - done with 'y_lb_demo_menu_link_account' [111.97 sec, 247.38 MB]
 [info] Processed 5 items (5 created, 0 updated, 0 failed, 0 ignored) - done with 'y_lb_demo_menu_link_helpful_links' [112.03 sec, 247.73 MB]
 [info] Processed 3 items (3 created, 0 updated, 0 failed, 0 ignored) - done with 'y_lb_demo_menu_link_utility' [112.07 sec, 247.93 MB]
 [info] Processed 3 items (3 created, 0 updated, 0 failed, 0 ignored) - done with 'y_lb_demo_tags' [112.11 sec, 248.13 MB]
 [info] Processed 0 items (0 created, 0 updated, 0 failed, 0 ignored) - done with 'openy_demo_lp_file' [112.12 sec, 248.18 MB]
 [info] Processed 0 items (0 created, 0 updated, 0 failed, 0 ignored) - done with 'openy_demo_lp_media_image' [112.12 sec, 248.19 MB]
 [info] Processed 0 items (0 created, 0 updated, 0 failed, 0 ignored) - done with 'openy_demo_taxonomy_term_color' [112.13 sec, 248.19 MB]
 [info] Processed 0 items (0 created, 0 updated, 0 failed, 0 ignored) - done with 'openy_demo_lp_paragraph_banner' [112.13 sec, 248.21 MB]
 [info] Processed 0 items (0 created, 0 updated, 0 failed, 0 ignored) - done with 'openy_demo_lp_file' [112.13 sec, 248.22 MB]
 [info] Processed 0 items (0 created, 0 updated, 0 failed, 0 ignored) - done with 'openy_demo_lp_media_image' [112.14 sec, 248.23 MB]
 [info] Processed 0 items (0 created, 0 updated, 0 failed, 0 ignored) - done with 'openy_demo_lp_paragraph_gallery' [112.14 sec, 248.24 MB]
 [info] Processed 0 items (0 created, 0 updated, 0 failed, 0 ignored) - done with 'openy_demo_lp_paragraph_grid_columns' [112.14 sec, 248.25 MB]
 [info] Processed 0 items (0 created, 0 updated, 0 failed, 0 ignored) - done with 'openy_demo_lp_paragraph_grid_content' [112.15 sec, 248.26 MB]
 [info] Processed 0 items (0 created, 0 updated, 0 failed, 0 ignored) - done with 'openy_demo_lp_paragraph_latest_news_posts' [112.15 sec, 248.27 MB]
 [info] Processed 0 items (0 created, 0 updated, 0 failed, 0 ignored) - done with 'openy_demo_lp_paragraph_simple' [112.15 sec, 248.28 MB]
 [info] Processed 0 items (0 created, 0 updated, 0 failed, 0 ignored) - done with 'openy_demo_taxonomy_term_color' [112.16 sec, 248.29 MB]
 [info] Processed 0 items (0 created, 0 updated, 0 failed, 0 ignored) - done with 'openy_demo_lp_paragraph_small_banner' [112.16 sec, 248.3 MB]
 [info] Processed 0 items (0 created, 0 updated, 0 failed, 0 ignored) - done with 'openy_demo_lp_file' [112.17 sec, 248.31 MB]
 [info] Processed 0 items (0 created, 0 updated, 0 failed, 0 ignored) - done with 'openy_demo_lp_media_image' [112.17 sec, 248.32 MB]
 [info] Processed 0 items (0 created, 0 updated, 0 failed, 0 ignored) - done with 'openy_demo_lp_paragraph_teaser' [112.17 sec, 248.33 MB]
 [info] Processed 0 items (0 created, 0 updated, 0 failed, 0 ignored) - done with 'openy_demo_node_landing_standard' [112.18 sec, 248.37 MB]
 [info] Processed 4 items (3 created, 0 updated, 1 failed, 0 ignored) - done with 'openy_demo_standard_menu_link_footer' [112.24 sec, 248.73 MB]
 [info] Processed 193 items (193 created, 0 updated, 0 failed, 0 ignored) - done with 'y_lb_demo_file' [113.17 sec, 256.78 MB]
 [info] Processed 6 items (6 created, 0 updated, 0 failed, 0 ignored) - done with 'openy_demo_menu_main_file' [113.24 sec, 257.06 MB]
 [info] Processed 0 items (0 created, 0 updated, 0 failed, 0 ignored) - done with 'openy_demo_lp_news_paragraph_latest_news_posts' [113.24 sec, 257.08 MB]
 [info] Processed 0 items (0 created, 0 updated, 0 failed, 0 ignored) - done with 'openy_demo_lp_paragraph_news_posts_listing' [113.25 sec, 257.09 MB]
 [info] Processed 0 items (0 created, 0 updated, 0 failed, 0 ignored) - done with 'openy_demo_taxonomy_term_color' [113.25 sec, 257.1 MB]
 [info] Processed 0 items (0 created, 0 updated, 0 failed, 0 ignored) - done with 'openy_demo_lp_paragraph_news_small_banner' [113.3 sec, 242.57 MB]
 [info] Processed 0 items (0 created, 0 updated, 0 failed, 0 ignored) - done with 'openy_demo_nnews_file' [113.31 sec, 242.59 MB]
 [info] Processed 0 items (0 created, 0 updated, 0 failed, 0 ignored) - done with 'openy_demo_nnews_media_image' [113.32 sec, 242.6 MB]
 [info] Processed 0 items (0 created, 0 updated, 0 failed, 0 ignored) - done with 'openy_demo_taxonomy_term_news_category' [113.32 sec, 242.61 MB]
 [info] Processed 0 items (0 created, 0 updated, 0 failed, 0 ignored) - done with 'openy_demo_node_news' [113.32 sec, 242.62 MB]
 [info] Processed 0 items (0 created, 0 updated, 0 failed, 0 ignored) - done with 'openy_demo_news_landing' [113.33 sec, 242.65 MB]
 [info] Processed 0 items (0 created, 0 updated, 0 failed, 0 ignored) - done with 'openy_demo_lp_file' [113.33 sec, 242.69 MB]
 [info] Processed 0 items (0 created, 0 updated, 0 failed, 0 ignored) - done with 'openy_demo_lp_media_image' [113.34 sec, 242.7 MB]
 [info] Processed 0 items (0 created, 0 updated, 0 failed, 0 ignored) - done with 'openy_demo_taxonomy_term_color' [113.34 sec, 242.71 MB]
 [info] Processed 0 items (0 created, 0 updated, 0 failed, 0 ignored) - done with 'openy_demo_lp_paragraph_banner' [113.35 sec, 242.72 MB]
 [info] Processed 0 items (0 created, 0 updated, 0 failed, 0 ignored) - done with 'openy_demo_lp_file' [113.35 sec, 242.74 MB]
 [info] Processed 0 items (0 created, 0 updated, 0 failed, 0 ignored) - done with 'openy_demo_lp_media_image' [113.36 sec, 242.75 MB]
 [info] Processed 0 items (0 created, 0 updated, 0 failed, 0 ignored) - done with 'openy_demo_lp_paragraph_gallery' [113.36 sec, 242.76 MB]
 [info] Processed 0 items (0 created, 0 updated, 0 failed, 0 ignored) - done with 'openy_demo_lp_paragraph_grid_columns' [113.36 sec, 242.77 MB]
 [info] Processed 0 items (0 created, 0 updated, 0 failed, 0 ignored) - done with 'openy_demo_lp_paragraph_grid_content' [113.36 sec, 242.78 MB]
 [info] Processed 0 items (0 created, 0 updated, 0 failed, 0 ignored) - done with 'openy_demo_lp_paragraph_latest_news_posts' [113.36 sec, 242.79 MB]
 [info] Processed 0 items (0 created, 0 updated, 0 failed, 0 ignored) - done with 'openy_demo_lp_paragraph_simple' [113.37 sec, 242.79 MB]
 [info] Processed 0 items (0 created, 0 updated, 0 failed, 0 ignored) - done with 'openy_demo_taxonomy_term_color' [113.37 sec, 242.8 MB]
 [info] Processed 0 items (0 created, 0 updated, 0 failed, 0 ignored) - done with 'openy_demo_lp_paragraph_small_banner' [113.38 sec, 242.81 MB]
 [info] Processed 0 items (0 created, 0 updated, 0 failed, 0 ignored) - done with 'openy_demo_lp_file' [113.38 sec, 242.83 MB]
 [info] Processed 0 items (0 created, 0 updated, 0 failed, 0 ignored) - done with 'openy_demo_lp_media_image' [113.39 sec, 242.84 MB]
 [info] Processed 0 items (0 created, 0 updated, 0 failed, 0 ignored) - done with 'openy_demo_lp_paragraph_teaser' [113.39 sec, 242.85 MB]
 [info] Processed 0 items (0 created, 0 updated, 0 failed, 0 ignored) - done with 'openy_demo_node_landing_standard' [113.39 sec, 242.89 MB]
 [info] Processed 5 items (5 created, 0 updated, 0 failed, 0 ignored) - done with 'openy_demo_standard_menu_link_main' [113.47 sec, 243.3 MB]
 [info] Processed 0 items (0 created, 0 updated, 0 failed, 0 ignored) - done with 'y_lb_demo_file' [113.51 sec, 243.32 MB]
 [info] Processed 193 items (193 created, 0 updated, 0 failed, 0 ignored) - done with 'y_lb_demo_media_image' [118.7 sec, 250.35 MB]
 [info] Processed 4 items (4 created, 0 updated, 0 failed, 0 ignored) - done with 'y_lb_demo_block_banner_overlay' [118.76 sec, 250.64 MB]
 [info] Processed 1 item (1 created, 0 updated, 0 failed, 0 ignored) - done with 'y_lb_demo_block_social_links' [118.79 sec, 250.72 MB]
 [info] Processed 19 items (19 created, 0 updated, 0 failed, 0 ignored) - done with 'y_lb_demo_block_table_block' [118.98 sec, 250.04 MB]
 [info] Processed 1 item (1 created, 0 updated, 0 failed, 0 ignored) - done with 'y_lb_demo_block_branch_amenities' [119.02 sec, 250.13 MB]
 [info] Processed 18 items (18 created, 0 updated, 0 failed, 0 ignored) - done with 'y_lb_demo_block_icon_grid_item' [119.17 sec, 251.18 MB]
 [info] Processed 0 items (0 created, 0 updated, 0 failed, 0 ignored) - done with 'y_lb_demo_block_icon_grid_item' [119.17 sec, 251.18 MB]
 [info] Processed 5 items (5 created, 0 updated, 0 failed, 0 ignored) - done with 'y_lb_demo_block_icon_grid' [119.25 sec, 251.65 MB]
 [info] Processed 17 items (17 created, 0 updated, 0 failed, 0 ignored) - done with 'y_lb_demo_block_cards_item' [119.44 sec, 250.52 MB]
 [info] Processed 0 items (0 created, 0 updated, 0 failed, 0 ignored) - done with 'y_lb_demo_block_cards_item' [119.45 sec, 250.53 MB]
 [info] Processed 5 items (5 created, 0 updated, 0 failed, 0 ignored) - done with 'y_lb_demo_block_cards' [119.52 sec, 250.99 MB]
 [info] Processed 4 items (4 created, 0 updated, 0 failed, 0 ignored) - done with 'y_lb_demo_block_carousel_item' [119.58 sec, 251.25 MB]
 [info] Processed 0 items (0 created, 0 updated, 0 failed, 0 ignored) - done with 'y_lb_demo_block_carousel_item' [119.58 sec, 251.26 MB]
 [info] Processed 1 item (1 created, 0 updated, 0 failed, 0 ignored) - done with 'y_lb_demo_block_carousel' [119.61 sec, 251.39 MB]
 [info] Processed 0 items (0 created, 0 updated, 0 failed, 0 ignored) - done with 'y_lb_demo_block_banner_overlay' [119.62 sec, 251.42 MB]
 [info] Processed 0 items (0 created, 0 updated, 0 failed, 0 ignored) - done with 'y_lb_demo_block_branch_amenities' [119.62 sec, 251.42 MB]
 [info] Processed 0 items (0 created, 0 updated, 0 failed, 0 ignored) - done with 'y_lb_demo_block_cards_item' [119.62 sec, 251.44 MB]
 [info] Processed 0 items (0 created, 0 updated, 0 failed, 0 ignored) - done with 'y_lb_demo_block_cards' [119.63 sec, 251.45 MB]
 [info] Processed 0 items (0 created, 0 updated, 0 failed, 0 ignored) - done with 'y_lb_demo_block_carousel_item' [119.63 sec, 251.46 MB]
 [info] Processed 0 items (0 created, 0 updated, 0 failed, 0 ignored) - done with 'y_lb_demo_block_carousel' [119.63 sec, 251.47 MB]
 [info] Processed 0 items (0 created, 0 updated, 0 failed, 0 ignored) - done with 'y_lb_demo_block_icon_grid_item' [119.64 sec, 251.48 MB]
 [info] Processed 0 items (0 created, 0 updated, 0 failed, 0 ignored) - done with 'y_lb_demo_block_icon_grid' [119.64 sec, 251.49 MB]
 [info] Processed 0 items (0 created, 0 updated, 0 failed, 0 ignored) - done with 'y_lb_demo_block_social_links' [119.64 sec, 251.5 MB]
 [info] Processed 0 items (0 created, 0 updated, 0 failed, 0 ignored) - done with 'y_lb_demo_block_table_block' [119.65 sec, 251.5 MB]
 [info] Processed 1 item (1 created, 0 updated, 0 failed, 0 ignored) - done with 'y_lb_demo_page_location' [119.72 sec, 252.3 MB]
 [info] Processed 0 items (0 created, 0 updated, 0 failed, 0 ignored) - done with 'y_lb_demo_tags' [119.76 sec, 250.92 MB]
 [info] Processed 8 items (8 created, 0 updated, 0 failed, 0 ignored) - done with 'y_lb_demo_articles' [119.98 sec, 252.44 MB]
 [info] Processed 12 items (12 created, 0 updated, 0 failed, 0 ignored) - done with 'y_lb_demo_block_accordion_item' [120.09 sec, 250.44 MB]
 [info] Processed 0 items (0 created, 0 updated, 0 failed, 0 ignored) - done with 'y_lb_demo_block_accordion_item' [120.09 sec, 250.45 MB]
 [info] Processed 3 items (3 created, 0 updated, 0 failed, 0 ignored) - done with 'y_lb_demo_block_accordion' [120.15 sec, 250.74 MB]
 [info] Processed 1 item (1 created, 0 updated, 0 failed, 0 ignored) - done with 'y_lb_demo_block_articles_filter' [120.31 sec, 256.08 MB]
 [info] Processed 1 item (1 created, 0 updated, 0 failed, 0 ignored) - done with 'y_lb_demo_block_articles_listing' [120.35 sec, 256.16 MB]
 [info] Processed 8 items (8 created, 0 updated, 0 failed, 0 ignored) - done with 'y_lb_demo_block_banner_chevron' [120.42 sec, 256.65 MB]
 [info] Processed 6 items (6 created, 0 updated, 0 failed, 0 ignored) - done with 'y_lb_demo_block_banner_frame' [120.49 sec, 257.03 MB]
 [info] Processed 18 items (18 created, 0 updated, 0 failed, 0 ignored) - done with 'y_lb_demo_block_banner_standard' [120.64 sec, 258.07 MB]
 [info] Processed 5 items (5 created, 0 updated, 0 failed, 0 ignored) - done with 'y_lb_demo_block_donate_item' [120.7 sec, 255.73 MB]
 [info] Processed 0 items (0 created, 0 updated, 0 failed, 0 ignored) - done with 'y_lb_demo_block_donate_item' [120.7 sec, 255.74 MB]
 [info] Processed 1 item (1 created, 0 updated, 0 failed, 0 ignored) - done with 'y_lb_demo_block_donate' [120.74 sec, 255.89 MB]
 [info] Processed 1 item (1 created, 0 updated, 0 failed, 0 ignored) - done with 'y_lb_demo_block_events_filter' [120.86 sec, 256.7 MB]
 [info] Processed 1 item (1 created, 0 updated, 0 failed, 0 ignored) - done with 'y_lb_demo_block_events_listing' [120.89 sec, 256.78 MB]
 [info] Processed 0 items (0 created, 0 updated, 0 failed, 0 ignored) - done with 'y_lb_demo_tags' [120.9 sec, 256.79 MB]
 [info] Processed 0 items (0 created, 0 updated, 0 failed, 0 ignored) - done with 'y_lb_demo_articles' [120.9 sec, 256.8 MB]
 [info] Processed 1 item (1 created, 0 updated, 0 failed, 0 ignored) - done with 'y_lb_demo_block_featured_article' [120.93 sec, 256.95 MB]
 [info] Processed 0 items (0 created, 0 updated, 0 failed, 0 ignored) - done with 'y_lb_demo_tags' [120.93 sec, 256.95 MB]
 [info] Processed 4 items (4 created, 0 updated, 0 failed, 0 ignored) - done with 'y_lb_demo_events' [121.09 sec, 253.53 MB]
 [info] Processed 0 items (0 created, 0 updated, 0 failed, 0 ignored) - done with 'y_lb_demo_tags' [121.09 sec, 253.53 MB]
 [info] Processed 0 items (0 created, 0 updated, 0 failed, 0 ignored) - done with 'y_lb_demo_events' [121.09 sec, 253.54 MB]
 [info] Processed 1 item (1 created, 0 updated, 0 failed, 0 ignored) - done with 'y_lb_demo_block_featured_event' [121.13 sec, 253.65 MB]
 [info] Processed 1 item (1 created, 0 updated, 0 failed, 0 ignored) - done with 'y_lb_demo_block_location_finder' [121.16 sec, 253.71 MB]
 [info] Processed 1 item (1 created, 0 updated, 0 failed, 0 ignored) - done with 'y_lb_demo_block_menu_cta' [121.18 sec, 251.19 MB]
 [info] Processed 1 item (1 created, 0 updated, 0 failed, 0 ignored) - done with 'y_lb_demo_block_modal' [121.2 sec, 251.28 MB]
 [info] Processed 4 items (4 created, 0 updated, 0 failed, 0 ignored) - done with 'y_lb_demo_block_partners_item' [121.24 sec, 251.54 MB]
 [info] Processed 0 items (0 created, 0 updated, 0 failed, 0 ignored) - done with 'y_lb_demo_block_partners_item' [121.24 sec, 251.55 MB]
 [info] Processed 1 item (1 created, 0 updated, 0 failed, 0 ignored) - done with 'y_lb_demo_block_partners_tier' [121.26 sec, 251.67 MB]
 [info] Processed 0 items (0 created, 0 updated, 0 failed, 0 ignored) - done with 'y_lb_demo_block_partners_item' [121.27 sec, 251.68 MB]
 [info] Processed 0 items (0 created, 0 updated, 0 failed, 0 ignored) - done with 'y_lb_demo_block_partners_tier' [121.27 sec, 251.69 MB]
 [info] Processed 3 items (3 created, 0 updated, 0 failed, 0 ignored) - done with 'y_lb_demo_block_partners' [121.31 sec, 251.91 MB]
 [info] Processed 31 items (31 created, 0 updated, 0 failed, 0 ignored) - done with 'y_lb_demo_block_ping_pong' [121.63 sec, 252.96 MB]
 [info] Processed 9 items (9 created, 0 updated, 0 failed, 0 ignored) - done with 'y_lb_demo_block_simple_menu' [121.73 sec, 253.5 MB]
 [info] Processed 4 items (4 created, 0 updated, 0 failed, 0 ignored) - done with 'y_lb_demo_block_statistics_item' [121.82 sec, 251.45 MB]
 [info] Processed 0 items (0 created, 0 updated, 0 failed, 0 ignored) - done with 'y_lb_demo_block_statistics_item' [121.83 sec, 251.46 MB]
 [info] Processed 1 item (1 created, 0 updated, 0 failed, 0 ignored) - done with 'y_lb_demo_block_statistics' [121.86 sec, 251.61 MB]
 [info] Processed 6 items (6 created, 0 updated, 0 failed, 0 ignored) - done with 'y_lb_demo_block_testimonial_item' [121.93 sec, 251.95 MB]
 [info] Processed 0 items (0 created, 0 updated, 0 failed, 0 ignored) - done with 'y_lb_demo_block_testimonial_item' [121.93 sec, 251.95 MB]
 [info] Processed 2 items (2 created, 0 updated, 0 failed, 0 ignored) - done with 'y_lb_demo_block_testimonials' [121.97 sec, 252.15 MB]
 [info] Processed 2 items (2 created, 0 updated, 0 failed, 0 ignored) - done with 'y_lb_demo_block_webform' [122 sec, 252.29 MB]
 [info] Processed 0 items (0 created, 0 updated, 0 failed, 0 ignored) - done with 'y_lb_demo_block_menu_cta' [122.01 sec, 252.29 MB]
 [info] Processed 22 items (22 created, 0 updated, 0 failed, 0 ignored) - done with 'y_lb_demo_menu_link_main' [123.19 sec, 247.4 MB]
 [info] Processed 0 items (0 created, 0 updated, 0 failed, 0 ignored) - done with 'y_lb_demo_block_accordion_item' [123.2 sec, 247.43 MB]
 [info] Processed 0 items (0 created, 0 updated, 0 failed, 0 ignored) - done with 'y_lb_demo_block_accordion' [123.2 sec, 247.44 MB]
 [info] Processed 0 items (0 created, 0 updated, 0 failed, 0 ignored) - done with 'y_lb_demo_block_banner_chevron' [123.2 sec, 247.45 MB]
 [info] Processed 0 items (0 created, 0 updated, 0 failed, 0 ignored) - done with 'y_lb_demo_block_banner_standard' [123.21 sec, 247.46 MB]
 [info] Processed 0 items (0 created, 0 updated, 0 failed, 0 ignored) - done with 'y_lb_demo_block_cards_item' [123.21 sec, 247.47 MB]
 [info] Processed 0 items (0 created, 0 updated, 0 failed, 0 ignored) - done with 'y_lb_demo_block_cards' [123.22 sec, 247.48 MB]
 [info] Processed 0 items (0 created, 0 updated, 0 failed, 0 ignored) - done with 'y_lb_demo_block_simple_menu' [123.22 sec, 247.49 MB]
 [info] Processed 0 items (0 created, 0 updated, 0 failed, 0 ignored) - done with 'y_lb_demo_block_webform' [123.22 sec, 247.49 MB]
 [info] Processed 1 item (1 created, 0 updated, 0 failed, 0 ignored) - done with 'y_lb_demo_page_af' [123.34 sec, 250.48 MB]
 [info] Processed 0 items (0 created, 0 updated, 0 failed, 0 ignored) - done with 'y_lb_demo_tags' [123.34 sec, 250.69 MB]
 [info] Processed 0 items (0 created, 0 updated, 0 failed, 0 ignored) - done with 'y_lb_demo_articles' [123.34 sec, 250.7 MB]
 [info] Processed 0 items (0 created, 0 updated, 0 failed, 0 ignored) - done with 'y_lb_demo_block_articles_filter' [123.35 sec, 250.71 MB]
 [info] Processed 0 items (0 created, 0 updated, 0 failed, 0 ignored) - done with 'y_lb_demo_block_articles_listing' [123.35 sec, 250.71 MB]
 [info] Processed 0 items (0 created, 0 updated, 0 failed, 0 ignored) - done with 'y_lb_demo_block_banner_chevron' [123.35 sec, 250.72 MB]
 [info] Processed 0 items (0 created, 0 updated, 0 failed, 0 ignored) - done with 'y_lb_demo_tags' [123.35 sec, 250.74 MB]
 [info] Processed 0 items (0 created, 0 updated, 0 failed, 0 ignored) - done with 'y_lb_demo_articles' [123.36 sec, 250.75 MB]
 [info] Processed 0 items (0 created, 0 updated, 0 failed, 0 ignored) - done with 'y_lb_demo_block_featured_article' [123.36 sec, 250.76 MB]
 [info] Processed 1 item (1 created, 0 updated, 0 failed, 0 ignored) - done with 'y_lb_demo_page_articles_listing' [123.42 sec, 251.06 MB]
 [info] Processed 0 items (0 created, 0 updated, 0 failed, 0 ignored) - done with 'y_lb_demo_block_banner_chevron' [123.42 sec, 251.07 MB]
 [info] Processed 0 items (0 created, 0 updated, 0 failed, 0 ignored) - done with 'y_lb_demo_block_banner_standard' [123.42 sec, 251.08 MB]
 [info] Processed 0 items (0 created, 0 updated, 0 failed, 0 ignored) - done with 'y_lb_demo_block_table_block' [123.43 sec, 251.09 MB]
 [info] Processed 0 items (0 created, 0 updated, 0 failed, 0 ignored) - done with 'y_lb_demo_block_webform' [123.43 sec, 251.09 MB]
 [info] Processed 1 item (1 created, 0 updated, 0 failed, 0 ignored) - done with 'y_lb_demo_page_contact_us' [123.53 sec, 250.73 MB]
 [info] Processed 0 items (0 created, 0 updated, 0 failed, 0 ignored) - done with 'y_lb_demo_block_banner_overlay' [123.54 sec, 250.75 MB]
 [info] Processed 0 items (0 created, 0 updated, 0 failed, 0 ignored) - done with 'y_lb_demo_block_banner_standard' [123.54 sec, 250.76 MB]
 [info] Processed 0 items (0 created, 0 updated, 0 failed, 0 ignored) - done with 'y_lb_demo_block_donate_item' [123.54 sec, 250.77 MB]
 [info] Processed 0 items (0 created, 0 updated, 0 failed, 0 ignored) - done with 'y_lb_demo_block_donate' [123.55 sec, 250.78 MB]
 [info] Processed 0 items (0 created, 0 updated, 0 failed, 0 ignored) - done with 'y_lb_demo_block_icon_grid_item' [123.55 sec, 250.8 MB]
 [info] Processed 0 items (0 created, 0 updated, 0 failed, 0 ignored) - done with 'y_lb_demo_block_icon_grid' [123.55 sec, 250.81 MB]
 [info] Processed 0 items (0 created, 0 updated, 0 failed, 0 ignored) - done with 'y_lb_demo_block_ping_pong' [123.56 sec, 250.81 MB]
 [info] Processed 1 item (1 created, 0 updated, 0 failed, 0 ignored) - done with 'y_lb_demo_page_donate' [123.64 sec, 251.6 MB]
 [info] Processed 0 items (0 created, 0 updated, 0 failed, 0 ignored) - done with 'y_lb_demo_block_banner_frame' [123.64 sec, 251.62 MB]
 [info] Processed 0 items (0 created, 0 updated, 0 failed, 0 ignored) - done with 'y_lb_demo_block_banner_standard' [123.65 sec, 251.63 MB]
 [info] Processed 0 items (0 created, 0 updated, 0 failed, 0 ignored) - done with 'y_lb_demo_block_partners_item' [123.65 sec, 251.65 MB]
 [info] Processed 0 items (0 created, 0 updated, 0 failed, 0 ignored) - done with 'y_lb_demo_block_partners_tier' [123.65 sec, 251.66 MB]
 [info] Processed 0 items (0 created, 0 updated, 0 failed, 0 ignored) - done with 'y_lb_demo_block_partners' [123.65 sec, 251.67 MB]
 [info] Processed 0 items (0 created, 0 updated, 0 failed, 0 ignored) - done with 'y_lb_demo_block_ping_pong' [123.66 sec, 251.68 MB]
 [info] Processed 0 items (0 created, 0 updated, 0 failed, 0 ignored) - done with 'y_lb_demo_block_simple_menu' [123.66 sec, 251.68 MB]
 [info] Processed 0 items (0 created, 0 updated, 0 failed, 0 ignored) - done with 'y_lb_demo_block_table_block' [123.67 sec, 251.69 MB]
 [info] Processed 1 item (1 created, 0 updated, 0 failed, 0 ignored) - done with 'y_lb_demo_page_dummy' [123.75 sec, 252.53 MB]
 [info] Processed 0 items (0 created, 0 updated, 0 failed, 0 ignored) - done with 'y_lb_demo_block_banner_chevron' [123.76 sec, 252.55 MB]
 [info] Processed 0 items (0 created, 0 updated, 0 failed, 0 ignored) - done with 'y_lb_demo_block_events_filter' [123.76 sec, 252.56 MB]
 [info] Processed 0 items (0 created, 0 updated, 0 failed, 0 ignored) - done with 'y_lb_demo_block_events_listing' [123.76 sec, 252.57 MB]
 [info] Processed 0 items (0 created, 0 updated, 0 failed, 0 ignored) - done with 'y_lb_demo_tags' [123.76 sec, 252.58 MB]
 [info] Processed 0 items (0 created, 0 updated, 0 failed, 0 ignored) - done with 'y_lb_demo_events' [123.77 sec, 252.59 MB]
 [info] Processed 0 items (0 created, 0 updated, 0 failed, 0 ignored) - done with 'y_lb_demo_block_featured_event' [123.77 sec, 252.6 MB]
 [info] Processed 0 items (0 created, 0 updated, 0 failed, 0 ignored) - done with 'y_lb_demo_block_table_block' [123.77 sec, 252.61 MB]
 [info] Processed 1 item (1 created, 0 updated, 0 failed, 0 ignored) - done with 'y_lb_demo_page_events_listing' [123.88 sec, 252.02 MB]
 [info] Processed 0 items (0 created, 0 updated, 0 failed, 0 ignored) - done with 'y_lb_demo_block_banner_chevron' [123.89 sec, 252.06 MB]
 [info] Processed 0 items (0 created, 0 updated, 0 failed, 0 ignored) - done with 'y_lb_demo_block_banner_frame' [123.89 sec, 252.06 MB]
 [info] Processed 0 items (0 created, 0 updated, 0 failed, 0 ignored) - done with 'y_lb_demo_block_banner_overlay' [123.89 sec, 252.07 MB]
 [info] Processed 0 items (0 created, 0 updated, 0 failed, 0 ignored) - done with 'y_lb_demo_block_cards_item' [123.9 sec, 252.08 MB]
 [info] Processed 0 items (0 created, 0 updated, 0 failed, 0 ignored) - done with 'y_lb_demo_block_cards' [123.9 sec, 252.09 MB]
 [info] Processed 0 items (0 created, 0 updated, 0 failed, 0 ignored) - done with 'y_lb_demo_block_events_filter' [123.9 sec, 252.1 MB]
 [info] Processed 0 items (0 created, 0 updated, 0 failed, 0 ignored) - done with 'y_lb_demo_block_events_listing' [123.9 sec, 252.11 MB]
 [info] Processed 0 items (0 created, 0 updated, 0 failed, 0 ignored) - done with 'y_lb_demo_block_ping_pong' [123.91 sec, 252.12 MB]
 [info] Processed 0 items (0 created, 0 updated, 0 failed, 0 ignored) - done with 'y_lb_demo_block_testimonial_item' [123.91 sec, 252.13 MB]
 [info] Processed 0 items (0 created, 0 updated, 0 failed, 0 ignored) - done with 'y_lb_demo_block_testimonials' [123.92 sec, 252.14 MB]
 [info] Processed 0 items (0 created, 0 updated, 0 failed, 0 ignored) - done with 'y_lb_demo_tags' [123.92 sec, 252.15 MB]
 [info] Processed 0 items (0 created, 0 updated, 0 failed, 0 ignored) - done with 'y_lb_demo_events' [123.92 sec, 252.16 MB]
 [info] Processed 0 items (0 created, 0 updated, 0 failed, 0 ignored) - done with 'y_lb_demo_tags' [123.92 sec, 252.17 MB]
 [info] Processed 0 items (0 created, 0 updated, 0 failed, 0 ignored) - done with 'y_lb_demo_events' [123.93 sec, 252.18 MB]
 [info] Processed 0 items (0 created, 0 updated, 0 failed, 0 ignored) - done with 'y_lb_demo_block_featured_event' [123.93 sec, 252.2 MB]
 [info] Processed 1 item (1 created, 0 updated, 0 failed, 0 ignored) - done with 'y_lb_demo_page_homepage' [124 sec, 252.74 MB]
 [info] Processed 0 items (0 created, 0 updated, 0 failed, 0 ignored) - done with 'y_lb_demo_block_banner_frame' [124 sec, 252.75 MB]
 [info] Processed 0 items (0 created, 0 updated, 0 failed, 0 ignored) - done with 'y_lb_demo_block_banner_standard' [124.01 sec, 252.76 MB]
 [info] Processed 0 items (0 created, 0 updated, 0 failed, 0 ignored) - done with 'y_lb_demo_block_ping_pong' [124.01 sec, 252.77 MB]
 [info] Processed 0 items (0 created, 0 updated, 0 failed, 0 ignored) - done with 'y_lb_demo_block_table_block' [124.02 sec, 252.78 MB]
 [info] Processed 1 item (1 created, 0 updated, 0 failed, 0 ignored) - done with 'y_lb_demo_page_jobs' [124.11 sec, 253.57 MB]
 [info] Processed 0 items (0 created, 0 updated, 0 failed, 0 ignored) - done with 'y_lb_demo_block_banner_overlay' [124.11 sec, 253.58 MB]
 [info] Processed 0 items (0 created, 0 updated, 0 failed, 0 ignored) - done with 'y_lb_demo_block_banner_standard' [124.12 sec, 253.59 MB]
 [info] Processed 0 items (0 created, 0 updated, 0 failed, 0 ignored) - done with 'y_lb_demo_block_table_block' [124.12 sec, 253.6 MB]
 [info] Processed 1 item (1 created, 0 updated, 0 failed, 0 ignored) - done with 'y_lb_demo_page_join_the_y' [124.23 sec, 252.89 MB]
 [info] Processed 0 items (0 created, 0 updated, 0 failed, 0 ignored) - done with 'y_lb_demo_block_banner_frame' [124.24 sec, 252.91 MB]
 [info] Processed 0 items (0 created, 0 updated, 0 failed, 0 ignored) - done with 'y_lb_demo_block_banner_standard' [124.24 sec, 252.92 MB]
 [info] Processed 0 items (0 created, 0 updated, 0 failed, 0 ignored) - done with 'y_lb_demo_block_partners_item' [124.24 sec, 252.93 MB]
 [info] Processed 0 items (0 created, 0 updated, 0 failed, 0 ignored) - done with 'y_lb_demo_block_partners_tier' [124.25 sec, 252.95 MB]
 [info] Processed 0 items (0 created, 0 updated, 0 failed, 0 ignored) - done with 'y_lb_demo_block_partners' [124.25 sec, 252.96 MB]
 [info] Processed 0 items (0 created, 0 updated, 0 failed, 0 ignored) - done with 'y_lb_demo_block_ping_pong' [124.26 sec, 252.96 MB]
 [info] Processed 0 items (0 created, 0 updated, 0 failed, 0 ignored) - done with 'y_lb_demo_block_simple_menu' [124.26 sec, 252.97 MB]
 [info] Processed 0 items (0 created, 0 updated, 0 failed, 0 ignored) - done with 'y_lb_demo_block_table_block' [124.27 sec, 252.98 MB]
 [info] Processed 1 item (1 created, 0 updated, 0 failed, 0 ignored) - done with 'y_lb_demo_page_location_child_page' [124.33 sec, 253.43 MB]
 [info] Processed 0 items (0 created, 0 updated, 0 failed, 0 ignored) - done with 'y_lb_demo_block_location_finder' [124.33 sec, 253.44 MB]
 [info] Processed 1 item (1 created, 0 updated, 0 failed, 0 ignored) - done with 'y_lb_demo_page_location_finder' [124.38 sec, 253.77 MB]
 [info] Processed 0 items (0 created, 0 updated, 0 failed, 0 ignored) - done with 'y_lb_demo_block_accordion_item' [124.38 sec, 253.8 MB]
 [info] Processed 0 items (0 created, 0 updated, 0 failed, 0 ignored) - done with 'y_lb_demo_block_accordion' [124.39 sec, 253.81 MB]
 [info] Processed 0 items (0 created, 0 updated, 0 failed, 0 ignored) - done with 'y_lb_demo_block_banner_chevron' [124.39 sec, 253.81 MB]
 [info] Processed 0 items (0 created, 0 updated, 0 failed, 0 ignored) - done with 'y_lb_demo_block_banner_standard' [124.4 sec, 253.82 MB]
 [info] Processed 0 items (0 created, 0 updated, 0 failed, 0 ignored) - done with 'y_lb_demo_block_cards_item' [124.4 sec, 253.83 MB]
 [info] Processed 0 items (0 created, 0 updated, 0 failed, 0 ignored) - done with 'y_lb_demo_block_cards' [124.4 sec, 253.84 MB]
 [info] Processed 0 items (0 created, 0 updated, 0 failed, 0 ignored) - done with 'y_lb_demo_block_simple_menu' [124.41 sec, 253.85 MB]
 [info] Processed 0 items (0 created, 0 updated, 0 failed, 0 ignored) - done with 'y_lb_demo_block_webform' [124.41 sec, 253.86 MB]
 [info] Processed 1 item (1 created, 0 updated, 0 failed, 0 ignored) - done with 'y_lb_demo_page_membership' [124.48 sec, 254.44 MB]
 [info] Processed 0 items (0 created, 0 updated, 0 failed, 0 ignored) - done with 'y_lb_demo_block_banner_frame' [124.48 sec, 254.46 MB]
 [info] Processed 0 items (0 created, 0 updated, 0 failed, 0 ignored) - done with 'y_lb_demo_block_banner_standard' [124.48 sec, 254.47 MB]
 [info] Processed 0 items (0 created, 0 updated, 0 failed, 0 ignored) - done with 'y_lb_demo_block_partners_item' [124.49 sec, 254.49 MB]
 [info] Processed 0 items (0 created, 0 updated, 0 failed, 0 ignored) - done with 'y_lb_demo_block_partners_tier' [124.49 sec, 254.5 MB]
 [info] Processed 0 items (0 created, 0 updated, 0 failed, 0 ignored) - done with 'y_lb_demo_block_partners' [124.49 sec, 254.51 MB]
 [info] Processed 0 items (0 created, 0 updated, 0 failed, 0 ignored) - done with 'y_lb_demo_block_ping_pong' [124.5 sec, 254.52 MB]
 [info] Processed 0 items (0 created, 0 updated, 0 failed, 0 ignored) - done with 'y_lb_demo_block_simple_menu' [124.5 sec, 254.52 MB]
 [info] Processed 0 items (0 created, 0 updated, 0 failed, 0 ignored) - done with 'y_lb_demo_block_table_block' [124.51 sec, 254.53 MB]
 [info] Processed 1 item (1 created, 0 updated, 0 failed, 0 ignored) - done with 'y_lb_demo_page_paragraphs_content' [124.61 sec, 253.7 MB]
 [info] Processed 0 items (0 created, 0 updated, 0 failed, 0 ignored) - done with 'y_lb_demo_block_banner_frame' [124.61 sec, 253.72 MB]
 [info] Processed 0 items (0 created, 0 updated, 0 failed, 0 ignored) - done with 'y_lb_demo_block_banner_standard' [124.61 sec, 253.73 MB]
 [info] Processed 0 items (0 created, 0 updated, 0 failed, 0 ignored) - done with 'y_lb_demo_block_partners_item' [124.62 sec, 253.75 MB]
 [info] Processed 0 items (0 created, 0 updated, 0 failed, 0 ignored) - done with 'y_lb_demo_block_partners_tier' [124.62 sec, 253.76 MB]
 [info] Processed 0 items (0 created, 0 updated, 0 failed, 0 ignored) - done with 'y_lb_demo_block_partners' [124.62 sec, 253.77 MB]
 [info] Processed 0 items (0 created, 0 updated, 0 failed, 0 ignored) - done with 'y_lb_demo_block_ping_pong' [124.63 sec, 253.78 MB]
 [info] Processed 0 items (0 created, 0 updated, 0 failed, 0 ignored) - done with 'y_lb_demo_block_simple_menu' [124.63 sec, 253.78 MB]
 [info] Processed 0 items (0 created, 0 updated, 0 failed, 0 ignored) - done with 'y_lb_demo_block_table_block' [124.64 sec, 253.79 MB]
 [info] Processed 1 item (1 created, 0 updated, 0 failed, 0 ignored) - done with 'y_lb_demo_page_programs_category' [124.71 sec, 254.46 MB]
 [info] Processed 0 items (0 created, 0 updated, 0 failed, 0 ignored) - done with 'y_lb_demo_block_accordion_item' [124.71 sec, 254.5 MB]
 [info] Processed 0 items (0 created, 0 updated, 0 failed, 0 ignored) - done with 'y_lb_demo_block_accordion' [124.72 sec, 254.51 MB]
 [info] Processed 0 items (0 created, 0 updated, 0 failed, 0 ignored) - done with 'y_lb_demo_block_banner_chevron' [124.72 sec, 254.52 MB]
 [info] Processed 0 items (0 created, 0 updated, 0 failed, 0 ignored) - done with 'y_lb_demo_block_banner_standard' [124.73 sec, 254.52 MB]
 [info] Processed 0 items (0 created, 0 updated, 0 failed, 0 ignored) - done with 'y_lb_demo_block_cards_item' [124.73 sec, 254.54 MB]
 [info] Processed 0 items (0 created, 0 updated, 0 failed, 0 ignored) - done with 'y_lb_demo_block_cards' [124.73 sec, 254.55 MB]
 [info] Processed 0 items (0 created, 0 updated, 0 failed, 0 ignored) - done with 'y_lb_demo_block_icon_grid_item' [124.74 sec, 254.56 MB]
 [info] Processed 0 items (0 created, 0 updated, 0 failed, 0 ignored) - done with 'y_lb_demo_block_icon_grid' [124.74 sec, 254.57 MB]
 [info] Processed 0 items (0 created, 0 updated, 0 failed, 0 ignored) - done with 'y_lb_demo_block_partners_item' [124.74 sec, 254.59 MB]
 [info] Processed 0 items (0 created, 0 updated, 0 failed, 0 ignored) - done with 'y_lb_demo_block_partners_tier' [124.75 sec, 254.6 MB]
 [info] Processed 0 items (0 created, 0 updated, 0 failed, 0 ignored) - done with 'y_lb_demo_block_partners' [124.75 sec, 254.61 MB]
 [info] Processed 0 items (0 created, 0 updated, 0 failed, 0 ignored) - done with 'y_lb_demo_block_simple_menu' [124.75 sec, 254.61 MB]
 [info] Processed 0 items (0 created, 0 updated, 0 failed, 0 ignored) - done with 'y_lb_demo_block_table_block' [124.76 sec, 254.62 MB]
 [info] Processed 1 item (1 created, 0 updated, 0 failed, 0 ignored) - done with 'y_lb_demo_page_programs_individual' [124.83 sec, 255.4 MB]
 [info] Processed 0 items (0 created, 0 updated, 0 failed, 0 ignored) - done with 'y_lb_demo_block_banner_chevron' [124.83 sec, 255.42 MB]
 [info] Processed 0 items (0 created, 0 updated, 0 failed, 0 ignored) - done with 'y_lb_demo_block_ping_pong' [124.84 sec, 255.43 MB]
 [info] Processed 0 items (0 created, 0 updated, 0 failed, 0 ignored) - done with 'y_lb_demo_block_simple_menu' [124.85 sec, 255.43 MB]
 [info] Processed 0 items (0 created, 0 updated, 0 failed, 0 ignored) - done with 'y_lb_demo_block_table_block' [124.85 sec, 255.44 MB]
 [info] Processed 1 item (1 created, 0 updated, 0 failed, 0 ignored) - done with 'y_lb_demo_page_programs_overview' [124.96 sec, 254.25 MB]
 [info] Processed 0 items (0 created, 0 updated, 0 failed, 0 ignored) - done with 'y_lb_demo_block_banner_chevron' [124.97 sec, 254.27 MB]
 [info] Processed 0 items (0 created, 0 updated, 0 failed, 0 ignored) - done with 'y_lb_demo_block_banner_overlay' [124.97 sec, 254.27 MB]
 [info] Processed 0 items (0 created, 0 updated, 0 failed, 0 ignored) - done with 'y_lb_demo_block_banner_standard' [124.97 sec, 254.28 MB]
 [info] Processed 0 items (0 created, 0 updated, 0 failed, 0 ignored) - done with 'y_lb_demo_block_cards_item' [124.98 sec, 254.29 MB]
 [info] Processed 0 items (0 created, 0 updated, 0 failed, 0 ignored) - done with 'y_lb_demo_block_cards' [124.98 sec, 254.3 MB]
 [info] Processed 0 items (0 created, 0 updated, 0 failed, 0 ignored) - done with 'y_lb_demo_block_modal' [124.98 sec, 254.31 MB]
 [info] Processed 1 item (1 created, 0 updated, 0 failed, 0 ignored) - done with 'y_lb_demo_page_promotions' [125.05 sec, 254.73 MB]
 [info] Processed 0 items (0 created, 0 updated, 0 failed, 0 ignored) - done with 'y_lb_demo_block_banner_frame' [125.05 sec, 254.75 MB]
 [info] Processed 0 items (0 created, 0 updated, 0 failed, 0 ignored) - done with 'y_lb_demo_block_banner_overlay' [125.05 sec, 254.75 MB]
 [info] Processed 0 items (0 created, 0 updated, 0 failed, 0 ignored) - done with 'y_lb_demo_block_ping_pong' [125.06 sec, 254.76 MB]
 [info] Processed 0 items (0 created, 0 updated, 0 failed, 0 ignored) - done with 'y_lb_demo_block_simple_menu' [125.07 sec, 254.77 MB]
 [info] Processed 0 items (0 created, 0 updated, 0 failed, 0 ignored) - done with 'y_lb_demo_block_table_block' [125.08 sec, 254.78 MB]
 [info] Processed 1 item (1 created, 0 updated, 0 failed, 0 ignored) - done with 'y_lb_demo_page_schedules' [125.14 sec, 255.21 MB]
 [info] Processed 0 items (0 created, 0 updated, 0 failed, 0 ignored) - done with 'y_lb_demo_block_banner_chevron' [125.15 sec, 255.22 MB]
 [info] Processed 0 items (0 created, 0 updated, 0 failed, 0 ignored) - done with 'y_lb_demo_block_banner_standard' [125.15 sec, 255.23 MB]
 [info] Processed 0 items (0 created, 0 updated, 0 failed, 0 ignored) - done with 'y_lb_demo_block_ping_pong' [125.16 sec, 255.24 MB]
 [info] Processed 0 items (0 created, 0 updated, 0 failed, 0 ignored) - done with 'y_lb_demo_block_table_block' [125.17 sec, 255.25 MB]
 [info] Processed 1 item (1 created, 0 updated, 0 failed, 0 ignored) - done with 'y_lb_demo_page_volunteer_ops' [125.28 sec, 253.71 MB]
 [info] Processed 0 items (0 created, 0 updated, 0 failed, 0 ignored) - done with 'y_lb_demo_block_banner_standard' [125.29 sec, 253.74 MB]
 [info] Processed 0 items (0 created, 0 updated, 0 failed, 0 ignored) - done with 'y_lb_demo_block_icon_grid_item' [125.29 sec, 253.75 MB]
 [info] Processed 0 items (0 created, 0 updated, 0 failed, 0 ignored) - done with 'y_lb_demo_block_icon_grid' [125.3 sec, 253.76 MB]
 [info] Processed 0 items (0 created, 0 updated, 0 failed, 0 ignored) - done with 'y_lb_demo_block_partners_item' [125.3 sec, 253.78 MB]
 [info] Processed 0 items (0 created, 0 updated, 0 failed, 0 ignored) - done with 'y_lb_demo_block_partners_tier' [125.3 sec, 253.79 MB]
 [info] Processed 0 items (0 created, 0 updated, 0 failed, 0 ignored) - done with 'y_lb_demo_block_partners' [125.3 sec, 253.8 MB]
 [info] Processed 0 items (0 created, 0 updated, 0 failed, 0 ignored) - done with 'y_lb_demo_block_ping_pong' [125.31 sec, 253.8 MB]
 [info] Processed 0 items (0 created, 0 updated, 0 failed, 0 ignored) - done with 'y_lb_demo_block_simple_menu' [125.31 sec, 253.81 MB]
 [info] Processed 0 items (0 created, 0 updated, 0 failed, 0 ignored) - done with 'y_lb_demo_block_statistics_item' [125.32 sec, 253.82 MB]
 [info] Processed 0 items (0 created, 0 updated, 0 failed, 0 ignored) - done with 'y_lb_demo_block_statistics' [125.32 sec, 253.83 MB]
 [info] Processed 0 items (0 created, 0 updated, 0 failed, 0 ignored) - done with 'y_lb_demo_block_table_block' [125.32 sec, 253.84 MB]
 [info] Processed 1 item (1 created, 0 updated, 0 failed, 0 ignored) - done with 'y_lb_demo_page_who_we_are' [125.4 sec, 254.42 MB]
 [info] Processed 3 items (3 created, 0 updated, 0 failed, 0 ignored) - done with 'y_lb_demo_promotions' [125.46 sec, 254.79 MB]
 [info] y_lb_demo_content module uninstalled. [127.1 sec, 252.49 MB]
 [info] openy_demo_webform module uninstalled. [128.53 sec, 281.53 MB]
 [info] openy_demo_tamenities module uninstalled. [130.46 sec, 297.68 MB]
 [info] openy_demo_nnews module uninstalled. [132.4 sec, 305.53 MB]
 [info] openy_demo_tnews module uninstalled. [134.28 sec, 313.51 MB]
 [info] openy_demo_nlanding module uninstalled. [136.27 sec, 320.67 MB]
 [info] openy_demo_nalert module uninstalled. [138.21 sec, 327.81 MB]
 [info] openy_demo_menu_main module uninstalled. [140.18 sec, 334.61 MB]
 [info] openy_demo_menu_footer module uninstalled. [142.15 sec, 341.26 MB]
 [info] openy_demo_menu module uninstalled. [144.08 sec, 347.94 MB]
 [info] openy_demo_ahb module uninstalled. [146.09 sec, 354.54 MB]
 [info] openy_demo_tcolor module uninstalled. [148.01 sec, 361.79 MB]
 [info] openy_demo_taxonomy module uninstalled. [149.97 sec, 368.46 MB]
 [notice] Performed install task: openy_import_content [151.09 sec, 393.2 MB]
 [warning] You have manual updated system.site config from Open Y profile. [151.27 sec, 303.91 MB]
 [notice] Performed install task: openy_set_frontpage [151.27 sec, 303.76 MB]
 [notice] Performed install task: openy_discover_broken_paragraphs [151.27 sec, 303.76 MB]
 [notice] Performed install task: openy_fix_configured_paragraph_blocks [151.27 sec, 303.76 MB]
 [notice] Performed install task: openy_upload_font_message [151.29 sec, 304.4 MB]
 [notice] Performed install task: openy_gtranslate_place_blocks [151.31 sec, 304.51 MB]
 [notice] Performed install task: openy_install_finish [151.92 sec, 323.04 MB]
 [notice] Performed install task: openy_terms_and_condition_db_save [151.92 sec, 323.03 MB]
 [notice] Performed install task: install_finished [152.29 sec, 325.61 MB]
 [success] Installation complete. (Admin) [152.29 sec, 325.67 MB]
 [success] User name: admin  User password: 4jW7Hd6vMv [152.29 sec, 325.68 MB]
