ddev drush sql-drop -y && ddev drush -vy site:install openy     openy_configure_profile.preset=small_y     openy_theme_select.theme=openy_carnation     openy_terms_of_use.agree_openy_terms=1     install_configure_form.enable_update_status_emails=NULL     --account-name=admin     --site-name='YMCA Website Services Profiling core 11.3 issue 3492438 with patch' -d -vvvv

 // Do you really want to drop all tables in the database db?: yes.             

 [preflight] Config paths: /var/www/html/vendor/drush/drush/drush.yml
 [preflight] Alias paths: /var/www/html/docroot/drush/sites,/var/www/html/drush/sites
 [preflight] Commandfile search paths: /var/www/html/vendor/drush/drush/src
 [debug] Add listener Drush\Listeners\BootstrapListener::__invoke [0.92 sec, 2.76 MB]
 [debug] Add listener Drush\Listeners\DrupliconListener::onConsoleDefinitionEvent [0.92 sec, 2.79 MB]
 [debug] Add listener Drush\Listeners\DrupliconListener::onConsoleTerminateEvent [0.92 sec, 2.79 MB]
 [debug] Add listener Drush\Listeners\FilterDefaultFieldListener::__invoke [0.92 sec, 2.79 MB]
 [debug] Add listener Drush\Listeners\FormatterListener::__invoke [0.92 sec, 2.79 MB]
 [debug] Add listener Drush\Listeners\HelpLinksListener::__invoke [0.92 sec, 2.79 MB]
 [debug] Add listener Drush\Listeners\OptionsetGetEditorListener::__invoke [0.92 sec, 2.79 MB]
 [debug] Add listener Drush\Listeners\OptionsetProcBuildListener::__invoke [0.92 sec, 2.79 MB]
 [debug] Add listener Drush\Listeners\OptionsetSqlListener::__invoke [0.92 sec, 2.79 MB]
 [debug] Add listener Drush\Listeners\OptionsetSshListener::__invoke [0.93 sec, 2.79 MB]
 [debug] Add listener Drush\Listeners\OptionsetTableSelectionListener::__invoke [0.93 sec, 2.79 MB]
 [debug] Add command Drush\Commands\ExampleCommands [0.95 sec, 3.61 MB]
 [debug] Add command Drush\Commands\LegacyCommands [0.95 sec, 3.61 MB]
 [debug] Add command Drush\Commands\OptionsCommands [0.95 sec, 3.61 MB]
 [debug] Add command Drush\Commands\ValidatorsCommands [0.95 sec, 3.61 MB]
 [debug] Add command Drush\Commands\config\ConfigPullCommands [0.95 sec, 3.61 MB]
 [debug] Add command Drush\Commands\core\ArchiveDumpCommands [0.95 sec, 3.61 MB]
 [debug] Add command Drush\Commands\core\BatchCommands [0.95 sec, 3.61 MB]
 [debug] Add command Drush\Commands\core\CacheRebuildCommands [0.95 sec, 3.61 MB]
 [debug] Add command Drush\Commands\core\CoreCommands [0.95 sec, 3.61 MB]
 [debug] Add command Drush\Commands\core\DeployCommands [0.96 sec, 3.61 MB]
 [debug] Add command Drush\Commands\core\DocsCommands [0.96 sec, 3.61 MB]
 [debug] Add command Drush\Commands\core\DrupliconCommands [0.96 sec, 3.61 MB]
 [debug] Add command Drush\Commands\core\ImageCommands [0.96 sec, 3.61 MB]
 [debug] Add command Drush\Commands\core\JsonapiCommands [0.96 sec, 3.61 MB]
 [debug] Add command Drush\Commands\core\LoginCommands [0.96 sec, 3.61 MB]
 [debug] Add command Drush\Commands\core\MkCommands [0.96 sec, 3.61 MB]
 [debug] Add command Drush\Commands\core\NotifyCommands [0.96 sec, 3.61 MB]
 [debug] Add command Drush\Commands\core\PhpCommands [0.96 sec, 3.61 MB]
 [debug] Add command Drush\Commands\core\RsyncCommands [0.96 sec, 3.61 MB]
 [debug] Add command Drush\Commands\core\RunserverCommands [0.96 sec, 3.61 MB]
 [debug] Add command Drush\Commands\core\SiteCommands [0.96 sec, 3.61 MB]
 [debug] Add command Drush\Commands\core\SiteInstallCommands [0.96 sec, 3.61 MB]
 [debug] Add command Drush\Commands\core\SshCommands [0.96 sec, 3.61 MB]
 [debug] Add command Drush\Commands\core\StatusCommands [0.96 sec, 3.61 MB]
 [debug] Add command Drush\Commands\core\TopicCommands [0.96 sec, 3.61 MB]
 [debug] Add command Drush\Commands\core\UpdateDBCommands [0.96 sec, 3.61 MB]
 [debug] Add command Drush\Commands\core\XhprofCommands [0.96 sec, 3.61 MB]
 [debug] Add command Drush\Commands\help\HelpCommands [0.96 sec, 3.61 MB]
 [debug] Add command Drush\Commands\help\ListCommands [0.96 sec, 3.61 MB]
 [debug] Add command Drush\Commands\sql\SqlCommands [0.96 sec, 3.61 MB]
 [debug] Add command Drush\Commands\sql\SqlSyncCommands [0.96 sec, 3.61 MB]
 [debug] Add command Consolidation\Filter\Hooks\FilterHooks [0.96 sec, 3.61 MB]
 [info] Starting bootstrap to root [1 sec, 4.98 MB]
 [info] Drush bootstrap phase 1 [1 sec, 4.99 MB]
 [info] Drush bootstrap phase: bootstrapDrupalRoot() [1 sec, 5 MB]
 [info] Change working directory to /var/www/html/docroot [1 sec, 5 MB]
 [info] Initialized Drupal 11.3.2 root directory at /var/www/html/docroot [1 sec, 5.07 MB]
 [info] Drush bootstrap phase: bootstrapDrupalSite() [1.01 sec, 5.29 MB]
 [debug] Could not find a Drush config file at sites/default/drush.yml. [1.01 sec, 5.31 MB]
 [info] Initialized Drupal site issue3492438.ddev.site at sites/default [1.01 sec, 5.32 MB]
 [info] Drush bootstrap phase: bootstrapDrupalConfiguration() [1.01 sec, 5.32 MB]
 [info] Executing: mysql --version [1.02 sec, 5.6 MB]
 [info] Executing: command -v mariadb [1.02 sec, 5.63 MB]
 [info] Executing: command -v mariadb-dump [1.02 sec, 5.64 MB]
 [info] sql:query: SELECT VERSION();" [1.03 sec, 5.72 MB]
 [info] Executing: mariadb --defaults-file=/tmp/drush_e22q5vfifpl12C5hIhm --database=db --host=db --port=3306 --silent -A < /tmp/drush_clkkm6990slteyGAWZh [1.03 sec, 5.72 MB]
 [info] Executing: mysql --version [1.03 sec, 5.73 MB]
 [info] Executing: command -v mariadb [1.04 sec, 5.74 MB]
 [info] Executing: command -v mariadb-dump [1.04 sec, 5.74 MB]
 [info] sql:query: SELECT VERSION();" [1.04 sec, 5.73 MB]
 [info] Executing: mariadb --defaults-file=/tmp/drush_qd8jr7ke7q9ocKj7JoD --database=db --host=db --port=3306 --silent -A < /tmp/drush_ptq1uukglb196JNq7BD [1.04 sec, 5.74 MB]
 [info] Executing: command -v mariadb [1.05 sec, 5.75 MB]
 [info] sql:query: SELECT 1; [1.05 sec, 5.75 MB]
 [info] Executing: mariadb --defaults-file=/tmp/drush_rr6oqih2j77u0NsBBOE --database=db --host=db --port=3306 --silent -A < /tmp/drush_vemujdcsl0t491qi59X [1.05 sec, 5.75 MB]
 You are about to:
 * DROP all tables in your 'db' database.

 // Do you want to continue?: yes.                                              

 [info] Sites directory sites/default already exists - proceeding. [1.06 sec, 5.79 MB]
 [info] sql:query: SELECT 1; [1.06 sec, 5.79 MB]
 [info] Executing: mariadb --defaults-file=/tmp/drush_hkf7vsrktp7hcSPhEAc --database=db --host=db --port=3306 --silent -A < /tmp/drush_22vc1kmpt4mtf6vkJdM [1.06 sec, 5.79 MB]
 [info] sql:query: SHOW TABLES; [1.07 sec, 5.79 MB]
 [info] Executing: mariadb --defaults-file=/tmp/drush_i35bpfk38ako8w1iPTD --database=db --host=db --port=3306 --silent -A < /tmp/drush_ju06smk5k2lc4ZyRMwx [1.07 sec, 5.79 MB]
 [info] Executing: mysql --version [1.07 sec, 5.83 MB]
 [info] Executing: command -v mariadb [1.07 sec, 5.84 MB]
 [info] Executing: command -v mariadb-dump [1.07 sec, 5.84 MB]
 [info] sql:query: SELECT VERSION();" [1.08 sec, 5.84 MB]
 [info] Executing: mariadb --defaults-file=/tmp/drush_rcdcue32onq18A3lCgT --database=db --host=db --port=3306 --silent -A < /tmp/drush_ntre6bo2ahhmf3Y1mmI [1.08 sec, 5.84 MB]
 [notice] Starting Drupal installation. This takes a while. [1.08 sec, 5.84 MB]
 [debug] Calling install_drupal(Composer\Autoload\ClassLoader, array, array) [1.08 sec, 5.85 MB]
 [notice] Performed install task: openy_terms_of_use [1.85 sec, 17.95 MB]
 [notice] Performed install task: install_select_language [1.85 sec, 17.96 MB]
 [notice] Performed install task: install_select_profile [1.85 sec, 17.96 MB]
 [notice] Performed install task: install_load_profile [1.85 sec, 17.96 MB]
 [notice] Performed install task: install_verify_requirements [1.87 sec, 18.56 MB]
 [notice] Performed install task: install_verify_database_ready [1.87 sec, 18.56 MB]
 [info] mysql module installed. [2.98 sec, 32.95 MB]
 [info] system module installed. [3.42 sec, 35.64 MB]
 [notice] Performed install task: install_base_system [3.42 sec, 35.65 MB]
 [notice] Performed install task: install_bootstrap_full [3.42 sec, 35.67 MB]
 [info] user module installed. [4.92 sec, 43.71 MB]
 [info] path_alias module installed. [4.92 sec, 43.7 MB]
 [info] config module installed. [4.92 sec, 43.7 MB]
 [info] contact module installed. [5.17 sec, 45.42 MB]
 [info] exif_orientation module installed. [5.17 sec, 45.42 MB]
 [info] admin_toolbar_tools module installed. [5.17 sec, 45.42 MB]
 [info] captcha module installed. [5.19 sec, 45.45 MB]
 [info] image_captcha module installed. [5.19 sec, 45.46 MB]
 [info] recaptcha module installed. [5.19 sec, 45.45 MB]
 [info] block module installed. [5.19 sec, 45.46 MB]
 [info] field module installed. [5.19 sec, 45.46 MB]
 [info] filter module installed. [5.2 sec, 45.65 MB]
 [info] text module installed. [5.2 sec, 45.65 MB]
 [info] block_content module installed. [5.2 sec, 45.45 MB]
 [info] breakpoint module installed. [5.2 sec, 45.45 MB]
 [info] file module installed. [5.2 sec, 45.45 MB]
 [info] editor module installed. [5.2 sec, 45.45 MB]
 [info] ckeditor5 module installed. [5.2 sec, 45.45 MB]
 [info] language module installed. [5.3 sec, 45.53 MB]
 [info] contextual module installed. [5.3 sec, 45.53 MB]
PHP Deprecated:  Drupal\layout_builder\EventSubscriber\BlockComponentRenderArray::__construct(): Implicitly marking parameter $module_handler as nullable is deprecated, the explicit nullable type must be used instead in /var/www/html/docroot/core/modules/layout_builder/src/EventSubscriber/BlockComponentRenderArray.php on line 53

Deprecated: Drupal\layout_builder\EventSubscriber\BlockComponentRenderArray::__construct(): Implicitly marking parameter $module_handler as nullable is deprecated, the explicit nullable type must be used instead in /var/www/html/docroot/core/modules/layout_builder/src/EventSubscriber/BlockComponentRenderArray.php on line 53
 [info] datetime module installed. [6.92 sec, 49.24 MB]
 [info] datetime_range module installed. [6.92 sec, 49.24 MB]
 [info] layout_discovery module installed. [6.93 sec, 49.24 MB]
 [info] help module installed. [6.93 sec, 49.24 MB]
 [info] node module installed. [7.1 sec, 51.47 MB]
 [info] image module installed. [7.11 sec, 51.58 MB]
 [info] layout_builder module installed. [7.12 sec, 51.58 MB]
 [info] link module installed. [7.12 sec, 51.58 MB]
 [info] media module installed. [7.18 sec, 51.8 MB]
 [info] views module installed. [7.18 sec, 51.77 MB]
 [info] media_library module installed. [7.34 sec, 57.52 MB]
 [info] menu_link_content module installed. [7.34 sec, 57.52 MB]
 [info] menu_ui module installed. [7.34 sec, 57.52 MB]
 [info] migrate module installed. [7.34 sec, 57.52 MB]
 [info] options module installed. [7.34 sec, 57.52 MB]
 [info] path module installed. [7.34 sec, 57.52 MB]
 [info] toolbar module installed. [7.34 sec, 57.52 MB]
 [info] shortcut module installed. [7.34 sec, 57.26 MB]
 [info] taxonomy module installed. [7.36 sec, 56.16 MB]
 [info] telephone module installed. [7.36 sec, 56.16 MB]
PHP Deprecated:  field_group_form_process(): Implicitly marking parameter $form_state as nullable is deprecated, the explicit nullable type must be used instead in /var/www/html/docroot/modules/contrib/field_group/field_group.module on line 426

Deprecated: field_group_form_process(): Implicitly marking parameter $form_state as nullable is deprecated, the explicit nullable type must be used instead in /var/www/html/docroot/modules/contrib/field_group/field_group.module on line 426
PHP Deprecated:  field_group_field_group_form_process_build_alter(): Implicitly marking parameter $form_state as nullable is deprecated, the explicit nullable type must be used instead in /var/www/html/docroot/modules/contrib/field_group/field_group.module on line 493

Deprecated: field_group_field_group_form_process_build_alter(): Implicitly marking parameter $form_state as nullable is deprecated, the explicit nullable type must be used instead in /var/www/html/docroot/modules/contrib/field_group/field_group.module on line 493
PHP Deprecated:  field_group_fields_nest(): Implicitly marking parameter $vars as nullable is deprecated, the explicit nullable type must be used instead in /var/www/html/docroot/modules/contrib/field_group/field_group.module on line 637

Deprecated: field_group_fields_nest(): Implicitly marking parameter $vars as nullable is deprecated, the explicit nullable type must be used instead in /var/www/html/docroot/modules/contrib/field_group/field_group.module on line 637
PHP Deprecated:  field_group_field_layout_fields_nest(): Implicitly marking parameter $vars as nullable is deprecated, the explicit nullable type must be used instead in /var/www/html/docroot/modules/contrib/field_group/field_group.module on line 730

Deprecated: field_group_field_layout_fields_nest(): Implicitly marking parameter $vars as nullable is deprecated, the explicit nullable type must be used instead in /var/www/html/docroot/modules/contrib/field_group/field_group.module on line 730
PHP Deprecated:  field_group_group_save(): Implicitly marking parameter $display as nullable is deprecated, the explicit nullable type must be used instead in /var/www/html/docroot/modules/contrib/field_group/field_group.module on line 877

Deprecated: field_group_group_save(): Implicitly marking parameter $display as nullable is deprecated, the explicit nullable type must be used instead in /var/www/html/docroot/modules/contrib/field_group/field_group.module on line 877
 [info] admin_toolbar module installed. [8.38 sec, 58 MB]
 [info] field_group module installed. [8.38 sec, 58 MB]
 [info] libraries module installed. [8.38 sec, 58.01 MB]
 [info] datalayer module installed. [8.38 sec, 58.01 MB]
 [info] advanced_help_block module installed. [8.59 sec, 60.54 MB]
 [info] blazy module installed. [8.59 sec, 60.54 MB]
 [info] media_library_form_element module installed. [8.59 sec, 60.54 MB]
 [info] bootstrap_styles module installed. [8.59 sec, 60.54 MB]
 [info] bootstrap_layout_builder module installed. [8.66 sec, 60.71 MB]
 [info] ckeditor5_paste_filter module installed. [8.66 sec, 60.71 MB]
 [info] ckeditor5_plugin_pack module installed. [8.66 sec, 60.72 MB]
 [info] ckeditor5_plugin_pack_font module installed. [8.66 sec, 60.72 MB]
 [info] colorapi module installed. [8.66 sec, 60.72 MB]
 [info] config_import module installed. [8.66 sec, 60.72 MB]
 [info] crop module installed. [8.66 sec, 60.72 MB]
 [info] diff module installed. [8.9 sec, 63.01 MB]
 [info] editor_advanced_link module installed. [8.9 sec, 62.65 MB]
 [info] embed module installed. [8.9 sec, 62.65 MB]
 [info] entity_embed module installed. [8.9 sec, 62.65 MB]
 [info] entity_reference_revisions module installed. [8.9 sec, 62.65 MB]
 [info] focal_point module installed. [10.49 sec, 68.83 MB]
 [info] jquery_ui module installed. [10.49 sec, 68.83 MB]
 [info] migrate_tools module installed. [10.49 sec, 68.83 MB]
 [info] image_widget_crop module installed. [10.49 sec, 68.83 MB]
 [info] jquery_ui_tabs module installed. [10.49 sec, 68.83 MB]
 [info] jquery_ui_tooltip module installed. [10.49 sec, 68.83 MB]
 [info] layout_builder_blocks module installed. [10.5 sec, 68.83 MB]
 [info] layout_builder_operation_link module installed. [10.5 sec, 68.83 MB]
 [info] layout_builder_restrictions module installed. [10.5 sec, 68.83 MB]
 [info] layout_builder_save_and_edit module installed. [10.5 sec, 68.83 MB]
 [info] paragraphs module installed. [10.53 sec, 71.18 MB]
 [info] node_revision_delete module installed. [10.53 sec, 71.17 MB]
 [info] scheduler module installed. [10.67 sec, 76.02 MB]
 [info] token module installed. [10.8 sec, 74.45 MB]
 [info] pathauto module installed. [10.8 sec, 74.04 MB]
 [info] metatag module installed. [10.82 sec, 74.05 MB]
 [info] openy_focal_point module installed. [10.83 sec, 74.47 MB]
 [info] rabbit_hole module installed. [10.83 sec, 74.09 MB]
 [info] openy_upgrade_tool module installed. [10.88 sec, 75.44 MB]
 [info] openy_media module installed. [11.12 sec, 75.09 MB]
 [info] Scheduled Taxonomy Terms view loaded from source. [11.77 sec, 75.99 MB]
 [info] Scheduled Content view updated. [12 sec, 76.87 MB]
 [info] Scheduled Media view loaded from source. [12.19 sec, 79.77 MB]
 [warning] OpenyUpgradeToolConfigInstaller: Allowing duplicate OpenY config: diff.settings. This is a legacy workaround and should be fixed in the distro. [12.33 sec, 82.34 MB]
 [info] openy_media_image module installed. [13.92 sec, 85.65 MB]
 [info] openy_menu module installed. [13.92 sec, 85.65 MB]
 [info] openy_menu_footer module installed. [14.07 sec, 88.31 MB]
 [info] openy_menu_utility module installed. [14.11 sec, 89.4 MB]
 [info] openy_gtranslate module installed. [14.11 sec, 89.4 MB]
 [info] simple_sitemap module installed. [14.12 sec, 89.46 MB]
 [info] lb_claro module installed. [14.12 sec, 89.46 MB]
PHP Deprecated:  Drupal\y_lb\Plugin\Block\SiteLogoBlock::__construct(): Implicitly marking parameter $file_url_generator as nullable is deprecated, the explicit nullable type must be used instead in /var/www/html/docroot/modules/contrib/y_lb/src/Plugin/Block/SiteLogoBlock.php on line 82

Deprecated: Drupal\y_lb\Plugin\Block\SiteLogoBlock::__construct(): Implicitly marking parameter $file_url_generator as nullable is deprecated, the explicit nullable type must be used instead in /var/www/html/docroot/modules/contrib/y_lb/src/Plugin/Block/SiteLogoBlock.php on line 82
PHP Deprecated:  Drupal\y_lb\Plugin\Block\SiteLogoBlock::__construct(): Implicitly marking parameter $module_list as nullable is deprecated, the explicit nullable type must be used instead in /var/www/html/docroot/modules/contrib/y_lb/src/Plugin/Block/SiteLogoBlock.php on line 82

Deprecated: Drupal\y_lb\Plugin\Block\SiteLogoBlock::__construct(): Implicitly marking parameter $module_list as nullable is deprecated, the explicit nullable type must be used instead in /var/www/html/docroot/modules/contrib/y_lb/src/Plugin/Block/SiteLogoBlock.php on line 82
 [info] y_lb module installed. [14.96 sec, 88.03 MB]
 [info] link_attributes module installed. [14.96 sec, 88.02 MB]
 [info] openy_system module installed. [14.96 sec, 88.02 MB]
 [info] plugin module installed. [14.96 sec, 88.02 MB]
 [info] openy_er module installed. [14.96 sec, 88.02 MB]
 [info] openy_node module installed. [15.13 sec, 88.78 MB]
 [info] twig_tweak module installed. [15.13 sec, 88.78 MB]
 [info] metatag_open_graph module installed. [15.13 sec, 88.78 MB]
 [info] migrate_plus module installed. [15.13 sec, 88.78 MB]
 [info] openy_block module installed. [15.16 sec, 88.86 MB]
 [info] openy_txnm_color module installed. [15.3 sec, 89.41 MB]
 [info] openy_migrate module installed. [15.3 sec, 89.41 MB]
PHP Deprecated:  Drupal\openy_upgrade_tool\Plugin\Action\ApplyCurrentActiveVersionAction::access(): Implicitly marking parameter $account as nullable is deprecated, the explicit nullable type must be used instead in /var/www/html/docroot/modules/contrib/upgrade_tool/src/Plugin/Action/ApplyCurrentActiveVersionAction.php on line 29

Deprecated: Drupal\openy_upgrade_tool\Plugin\Action\ApplyCurrentActiveVersionAction::access(): Implicitly marking parameter $account as nullable is deprecated, the explicit nullable type must be used instead in /var/www/html/docroot/modules/contrib/upgrade_tool/src/Plugin/Action/ApplyCurrentActiveVersionAction.php on line 29
PHP Deprecated:  Drupal\openy_upgrade_tool\Plugin\Action\ApplyOpenyVersionAction::access(): Implicitly marking parameter $account as nullable is deprecated, the explicit nullable type must be used instead in /var/www/html/docroot/modules/contrib/upgrade_tool/src/Plugin/Action/ApplyOpenyVersionAction.php on line 29

Deprecated: Drupal\openy_upgrade_tool\Plugin\Action\ApplyOpenyVersionAction::access(): Implicitly marking parameter $account as nullable is deprecated, the explicit nullable type must be used instead in /var/www/html/docroot/modules/contrib/upgrade_tool/src/Plugin/Action/ApplyOpenyVersionAction.php on line 29
 [info] redirect module installed. [15.45 sec, 95.48 MB]
 [info] Creation of dynamic property Drupal\openy_upgrade_tool\ConfigUpdater::$moduleExtensionList is deprecated ConfigImporterService.php:176 [15.49 sec, 81.49 MB]
 [warning] OpenyUpgradeToolConfigInstaller: Allowing duplicate OpenY config: datalayer.settings. This is a legacy workaround and should be fixed in the distro. [15.63 sec, 83.47 MB]
PHP Deprecated:  Drupal\video\StreamWrapper\VideoRemoteStreamWrapper::basePath(): Implicitly marking parameter $site_path as nullable is deprecated, the explicit nullable type must be used instead in /var/www/html/docroot/modules/contrib/video/src/StreamWrapper/VideoRemoteStreamWrapper.php on line 53

Deprecated: Drupal\video\StreamWrapper\VideoRemoteStreamWrapper::basePath(): Implicitly marking parameter $site_path as nullable is deprecated, the explicit nullable type must be used instead in /var/www/html/docroot/modules/contrib/video/src/StreamWrapper/VideoRemoteStreamWrapper.php on line 53
 [info] openy_redirect module installed. [16.97 sec, 84.17 MB]
 [info] openy_block_custom_simple module installed. [17.37 sec, 83.18 MB]
 [info] slick module installed. [17.37 sec, 83.2 MB]
 [info] openy_taxonomy module installed. [17.4 sec, 83.1 MB]
 [info] openy_node_landing module installed. [17.73 sec, 83.94 MB]
 [info] openy_datalayer module installed. [17.73 sec, 83.94 MB]
 [info] token_filter module installed. [17.73 sec, 83.94 MB]
 [info] openy_editor module installed. [17.77 sec, 84.7 MB]
 [warning] You have manual updated embed.button.embed_document config from Open Y profile. [18.15 sec, 88.76 MB]
 [warning] You have manual updated embed.button.embed_document config from Open Y profile. [18.17 sec, 88.93 MB]
 [info] openy_media_document module installed. [18.17 sec, 88.77 MB]
 [info] video module installed. [18.17 sec, 88.27 MB]
 [warning] You have manual updated embed.button.embed_local_video config from Open Y profile. [18.39 sec, 88.86 MB]
 [warning] You have manual updated embed.button.embed_local_video config from Open Y profile. [18.41 sec, 88.97 MB]
 [info] openy_media_local_video module installed. [18.41 sec, 88.81 MB]
 [info] video_embed_field module installed. [18.41 sec, 88.33 MB]
 [info] video_embed_media module installed. [18.41 sec, 88.33 MB]
 [warning] You have manual updated embed.button.embed_video config from Open Y profile. [18.78 sec, 89.19 MB]
 [warning] You have manual updated embed.button.embed_video config from Open Y profile. [18.79 sec, 89.3 MB]
 [info] openy_media_video module installed. [18.79 sec, 89.14 MB]
 [info] openy_menu_main module installed. [18.79 sec, 89.11 MB]
 [info] responsive_favicons module installed. [18.79 sec, 88.65 MB]
 [info] simple_menu_icons module installed. [18.79 sec, 88.65 MB]
 [notice] Performed install task: install_profile_modules [18.85 sec, 88.85 MB]
 [info] claro theme installed. [18.88 sec, 90.59 MB]
 [info] openy_admin theme installed. [18.89 sec, 90.59 MB]
 [notice] Performed install task: install_profile_themes [19.66 sec, 94.75 MB]
PHP Deprecated:  Drupal\openy_taxonomy\Plugin\views\filter\BetterTaxonomyIndexTid::init(): Implicitly marking parameter $options as nullable is deprecated, the explicit nullable type must be used instead in /var/www/html/docroot/modules/contrib/openy_features/openy_taxonomy/src/Plugin/views/filter/BetterTaxonomyIndexTid.php on line 81

Deprecated: Drupal\openy_taxonomy\Plugin\views\filter\BetterTaxonomyIndexTid::init(): Implicitly marking parameter $options as nullable is deprecated, the explicit nullable type must be used instead in /var/www/html/docroot/modules/contrib/openy_features/openy_taxonomy/src/Plugin/views/filter/BetterTaxonomyIndexTid.php on line 81
PHP Deprecated:  Drupal\openy_upgrade_tool\Form\OpenyUpgradeLogForm::__construct(): Implicitly marking parameter $entity_type_bundle_info as nullable is deprecated, the explicit nullable type must be used instead in /var/www/html/docroot/modules/contrib/upgrade_tool/src/Form/OpenyUpgradeLogForm.php on line 30

Deprecated: Drupal\openy_upgrade_tool\Form\OpenyUpgradeLogForm::__construct(): Implicitly marking parameter $entity_type_bundle_info as nullable is deprecated, the explicit nullable type must be used instead in /var/www/html/docroot/modules/contrib/upgrade_tool/src/Form/OpenyUpgradeLogForm.php on line 30
PHP Deprecated:  Drupal\openy_upgrade_tool\Form\OpenyUpgradeLogForm::__construct(): Implicitly marking parameter $time as nullable is deprecated, the explicit nullable type must be used instead in /var/www/html/docroot/modules/contrib/upgrade_tool/src/Form/OpenyUpgradeLogForm.php on line 30

Deprecated: Drupal\openy_upgrade_tool\Form\OpenyUpgradeLogForm::__construct(): Implicitly marking parameter $time as nullable is deprecated, the explicit nullable type must be used instead in /var/www/html/docroot/modules/contrib/upgrade_tool/src/Form/OpenyUpgradeLogForm.php on line 30
PHP Deprecated:  Drupal\y_lb\Form\YLBOverridesEntityForm::buildForm(): Implicitly marking parameter $section_storage as nullable is deprecated, the explicit nullable type must be used instead in /var/www/html/docroot/modules/contrib/y_lb/src/Form/YLBOverridesEntityForm.php on line 17

Deprecated: Drupal\y_lb\Form\YLBOverridesEntityForm::buildForm(): Implicitly marking parameter $section_storage as nullable is deprecated, the explicit nullable type must be used instead in /var/www/html/docroot/modules/contrib/y_lb/src/Form/YLBOverridesEntityForm.php on line 17
 [warning] You have manual updated metatag.metatag_defaults.node config from Open Y profile. [22.28 sec, 124.85 MB]
 [warning] You have manual updated views.view.taxonomy_term config from Open Y profile. [22.46 sec, 129.4 MB]
 [warning] OpenyUpgradeToolConfigInstaller: Allowing duplicate OpenY config: user.role.administrator. This is a legacy workaround and should be fixed in the distro. [22.61 sec, 129.76 MB]
 [warning] OpenyUpgradeToolConfigInstaller: Allowing duplicate OpenY config: user.role.anonymous. This is a legacy workaround and should be fixed in the distro. [22.61 sec, 129.76 MB]
 [warning] OpenyUpgradeToolConfigInstaller: Allowing duplicate OpenY config: user.role.authenticated. This is a legacy workaround and should be fixed in the distro. [22.61 sec, 129.76 MB]
 [warning] OpenyUpgradeToolConfigInstaller: Allowing duplicate OpenY config: user.settings. This is a legacy workaround and should be fixed in the distro. [22.61 sec, 129.76 MB]
 [info] serialization module installed. [23.62 sec, 137.72 MB]
 [info] rest module installed. [23.62 sec, 137.72 MB]
 [info] ctools module installed. [23.62 sec, 137.72 MB]
 [info] draggableviews module installed. [23.62 sec, 137.72 MB]
 [info] google_analytics module installed. [23.8 sec, 142.68 MB]
 [info] hal module installed. [23.8 sec, 141.23 MB]
 [info] openy_popups module installed. [23.81 sec, 139.21 MB]
 [info] slick_views module installed. [23.81 sec, 139.21 MB]
 [info] Open Y has upgraded user.role.anonymous config. [24.88 sec, 148.7 MB]
 [info] Open Y has upgraded user.role.authenticated config. [24.95 sec, 151.22 MB]
 [info] openy_node_alert module installed. [25.01 sec, 152.39 MB]
 [info] openy_user module installed. [25.42 sec, 149.15 MB]
 [info] openy module installed. [25.63 sec, 129.87 MB]
 [notice] Performed install task: install_install_profile [25.67 sec, 119.84 MB]
 [warning] You have manual updated system.site config from Open Y profile. [25.83 sec, 104.19 MB]
 [info] update module installed. [26.81 sec, 114.9 MB]
 [notice] Performed install task: install_configure_form [27.12 sec, 116.5 MB]
PHP Deprecated:  Drupal\openy\Form\SearchSelectForm::buildForm(): Implicitly marking parameter $install_state as nullable is deprecated, the explicit nullable type must be used instead in /var/www/html/docroot/profiles/contrib/yusaopeny/src/Form/SearchSelectForm.php on line 23

Deprecated: Drupal\openy\Form\SearchSelectForm::buildForm(): Implicitly marking parameter $install_state as nullable is deprecated, the explicit nullable type must be used instead in /var/www/html/docroot/profiles/contrib/yusaopeny/src/Form/SearchSelectForm.php on line 23
 [notice] Performed install task: openy_select_search [27.14 sec, 110.72 MB]
 [notice] Performed install task: openy_google_search [27.14 sec, 110.73 MB]
PHP Deprecated:  Drupal\openy\Form\ConfigureProfileForm::buildForm(): Implicitly marking parameter $install_state as nullable is deprecated, the explicit nullable type must be used instead in /var/www/html/docroot/profiles/contrib/yusaopeny/src/Form/ConfigureProfileForm.php on line 64

Deprecated: Drupal\openy\Form\ConfigureProfileForm::buildForm(): Implicitly marking parameter $install_state as nullable is deprecated, the explicit nullable type must be used instead in /var/www/html/docroot/profiles/contrib/yusaopeny/src/Form/ConfigureProfileForm.php on line 64
 [notice] Performed install task: openy_select_features [27.38 sec, 112.54 MB]
PHP Deprecated:  Drupal\geolocation\LocationInputManager::getForm(): Implicitly marking parameter $default_value as nullable is deprecated, the explicit nullable type must be used instead in /var/www/html/docroot/modules/contrib/geolocation/src/LocationInputManager.php on line 222

Deprecated: Drupal\geolocation\LocationInputManager::getForm(): Implicitly marking parameter $default_value as nullable is deprecated, the explicit nullable type must be used instead in /var/www/html/docroot/modules/contrib/geolocation/src/LocationInputManager.php on line 222
 [info] google_tag module installed. [29.1 sec, 131.12 MB]
 [info] easy_breadcrumb module installed. [29.1 sec, 131.11 MB]
 [info] workflows module installed. [29.1 sec, 131.11 MB]
 [info] content_moderation module installed. [29.1 sec, 131.11 MB]
 [info] responsive_image module installed. [29.1 sec, 131.11 MB]
 [info] address module installed. [29.1 sec, 131.11 MB]
 [info] date_augmenter module installed. [29.1 sec, 131.11 MB]
 [info] addtocal_augment module installed. [29.1 sec, 131.11 MB]
 [info] better_exposed_filters module installed. [29.1 sec, 131.11 MB]
 [info] ctools_views module installed. [29.1 sec, 131.11 MB]
 [info] daterange_compact module installed. [29.12 sec, 128.79 MB]
 [info] openy_socrates module installed. [29.12 sec, 128.79 MB]
 [info] inline_entity_form module installed. [29.12 sec, 128.79 MB]
 [info] entity_clone module installed. [29.13 sec, 129.53 MB]
 [info] jquery_ui_menu module installed. [29.13 sec, 129.51 MB]
 [info] jquery_ui_autocomplete module installed. [29.13 sec, 129.51 MB]
 [info] geolocation module installed. [29.13 sec, 128.88 MB]
 [info] geolocation_google_maps module installed. [29.13 sec, 128.88 MB]
 [info] search_api module installed. [29.13 sec, 128.88 MB]
 [info] layout_builder_restrictions_by_region module installed. [29.13 sec, 128.88 MB]
 [info] lb_accordion module installed. [30.84 sec, 124.85 MB]
 [info] lb_branch_amenities_blocks module installed. [30.84 sec, 124.85 MB]
 [info] schema_metatag module installed. [30.84 sec, 124.85 MB]
 [info] schema_organization module installed. [30.84 sec, 124.85 MB]
 [info] openy_field_hours module installed. [30.85 sec, 124.85 MB]
 [info] openy_field_holiday_hours module installed. [30.85 sec, 124.85 MB]
 [info] openy_field_custom_hours module installed. [30.85 sec, 124.85 MB]
 [info] openy_hours_formatter module installed. [30.85 sec, 124.85 MB]
 [info] openy_location module installed. [31.3 sec, 124.93 MB]
 [info] openy_svg_formatter module installed. [31.31 sec, 124.93 MB]
 [info] openy_txnm_amenities module installed. [31.52 sec, 126.66 MB]
 [info] views_field_formatter module installed. [31.52 sec, 126.66 MB]
 [info] openy_loc_branch module installed. [32.5 sec, 127.12 MB]
 [info] lb_branch_social_links_blocks module installed. [32.5 sec, 127.12 MB]
 [info] y_branch_menu module installed. [32.5 sec, 127.12 MB]
 [warning] You have manual updated core.entity_view_display.node.branch.default config from Open Y profile. [32.66 sec, 131.09 MB]
 [warning] You have manual updated core.entity_view_display.node.branch.class_location config from Open Y profile. [32.68 sec, 131.24 MB]
 [warning] You have manual updated core.entity_view_display.node.branch.full config from Open Y profile. [32.71 sec, 131.5 MB]
 [warning] You have manual updated core.entity_view_display.node.branch.sidebar_teaser config from Open Y profile. [32.73 sec, 131.67 MB]
 [warning] You have manual updated core.entity_view_display.node.branch.teaser config from Open Y profile. [32.76 sec, 131.84 MB]
 [warning] You have manual updated core.entity_form_display.node.branch.default config from Open Y profile. [32.81 sec, 132.44 MB]
 [warning] You have manual updated core.entity_view_display.node.branch.default config from Open Y profile. [32.92 sec, 131.11 MB]
 [warning] You have manual updated core.entity_view_display.node.branch.class_location config from Open Y profile. [32.94 sec, 131.28 MB]
 [warning] You have manual updated core.entity_view_display.node.branch.full config from Open Y profile. [32.97 sec, 131.56 MB]
 [warning] You have manual updated core.entity_view_display.node.branch.sidebar_teaser config from Open Y profile. [32.99 sec, 131.75 MB]
 [warning] You have manual updated core.entity_view_display.node.branch.teaser config from Open Y profile. [33.02 sec, 131.95 MB]
 [warning] You have manual updated core.entity_form_display.node.branch.default config from Open Y profile. [33.07 sec, 132.51 MB]
 [warning] You have manual updated core.entity_view_display.node.branch.default config from Open Y profile. [33.2 sec, 131.39 MB]
 [warning] You have manual updated core.entity_view_display.node.branch.class_location config from Open Y profile. [33.22 sec, 131.56 MB]
 [warning] You have manual updated core.entity_view_display.node.branch.full config from Open Y profile. [33.25 sec, 131.84 MB]
 [warning] You have manual updated core.entity_view_display.node.branch.sidebar_teaser config from Open Y profile. [33.27 sec, 132.04 MB]
 [warning] You have manual updated core.entity_view_display.node.branch.teaser config from Open Y profile. [33.29 sec, 132.25 MB]
 [warning] You have manual updated core.entity_form_display.node.branch.default config from Open Y profile. [33.35 sec, 132.8 MB]
 [warning] You have manual updated core.entity_form_display.node.branch.default config from Open Y profile. [33.4 sec, 133.44 MB]
 [warning] You have manual updated core.entity_view_display.node.branch.default config from Open Y profile. [33.51 sec, 132.02 MB]
 [warning] You have manual updated core.entity_view_display.node.branch.class_location config from Open Y profile. [33.53 sec, 132.2 MB]
 [warning] You have manual updated core.entity_view_display.node.branch.full config from Open Y profile. [33.56 sec, 132.49 MB]
 [warning] You have manual updated core.entity_view_display.node.branch.sidebar_teaser config from Open Y profile. [33.58 sec, 132.7 MB]
 [warning] You have manual updated core.entity_view_display.node.branch.teaser config from Open Y profile. [33.61 sec, 132.9 MB]
 [warning] You have manual updated core.entity_form_display.node.branch.default config from Open Y profile. [33.66 sec, 133.51 MB]
 [warning] The "inline_block:lb_branch_amenities_blocks" block plugin was not found [33.73 sec, 139.22 MB]
 [warning] The "field_block:node:branch:field_location_address" block plugin was not found [33.73 sec, 139.25 MB]
 [warning] The "field_block:node:branch:field_location_phone" block plugin was not found [33.73 sec, 139.25 MB]
 [warning] The "field_block:node:branch:field_content" block plugin was not found [33.73 sec, 139.25 MB]
 [warning] The "field_block:node:branch:field_header_content" block plugin was not found [33.73 sec, 139.25 MB]
 [warning] The "field_block:node:branch:field_branch_hours" block plugin was not found [33.73 sec, 139.25 MB]
 [warning] The "field_block:node:branch:field_bottom_content" block plugin was not found [33.73 sec, 139.25 MB]
 [warning] The "field_block:node:branch:field_location_directions" block plugin was not found [33.73 sec, 139.25 MB]
 [warning] The "field_block:node:branch:field_location_fax" block plugin was not found [33.73 sec, 139.25 MB]
 [warning] The "field_block:node:branch:field_location_email" block plugin was not found [33.73 sec, 139.25 MB]
 [warning] The "field_block:node:branch:field_location_amenities" block plugin was not found [33.73 sec, 139.25 MB]
 [warning] The "inline_block:lb_branch_amenities_blocks" block plugin was not found [33.73 sec, 139.25 MB]
 [warning] The "field_block:node:branch:field_location_address" block plugin was not found [33.73 sec, 139.25 MB]
 [warning] The "field_block:node:branch:field_location_phone" block plugin was not found [33.73 sec, 139.25 MB]
 [warning] The "field_block:node:branch:field_content" block plugin was not found [33.74 sec, 139.25 MB]
 [warning] The "field_block:node:branch:field_header_content" block plugin was not found [33.74 sec, 139.25 MB]
 [warning] The "field_block:node:branch:field_branch_hours" block plugin was not found [33.74 sec, 139.25 MB]
 [warning] The "field_block:node:branch:field_bottom_content" block plugin was not found [33.74 sec, 139.25 MB]
 [warning] The "field_block:node:branch:field_location_directions" block plugin was not found [33.74 sec, 139.25 MB]
 [warning] The "field_block:node:branch:field_location_fax" block plugin was not found [33.74 sec, 139.25 MB]
 [warning] The "field_block:node:branch:field_location_email" block plugin was not found [33.74 sec, 139.25 MB]
 [warning] The "field_block:node:branch:field_location_amenities" block plugin was not found [33.74 sec, 139.25 MB]
 [warning] The "inline_block:lb_branch_amenities_blocks" block plugin was not found [33.74 sec, 139.25 MB]
 [warning] You have manual updated core.entity_view_display.node.branch.full config from Open Y profile. [33.82 sec, 140.51 MB]
 [warning] The "inline_block:lb_branch_amenities_blocks" block plugin was not found [33.89 sec, 138.93 MB]
 [warning] The "inline_block:lb_branch_amenities_blocks" block plugin was not found [33.89 sec, 138.92 MB]
 [warning] The "inline_block:lb_branch_amenities_blocks" block plugin was not found [33.9 sec, 138.92 MB]
 [warning] The "inline_block:lb_branch_amenities_blocks" block plugin was not found [33.9 sec, 138.92 MB]
 [warning] You have manual updated core.entity_view_display.node.branch.full config from Open Y profile. [33.98 sec, 140.13 MB]
 [warning] The "inline_block:lb_branch_amenities_blocks" block plugin was not found [34.03 sec, 138.98 MB]
 [warning] The "inline_block:lb_branch_amenities_blocks" block plugin was not found [34.03 sec, 138.97 MB]
 [warning] The "inline_block:lb_branch_amenities_blocks" block plugin was not found [34.03 sec, 138.97 MB]
 [warning] The "inline_block:lb_branch_amenities_blocks" block plugin was not found [34.03 sec, 138.97 MB]
 [warning] You have manual updated core.entity_view_display.node.branch.full config from Open Y profile. [34.12 sec, 140.18 MB]
 [warning] You have manual updated core.entity_form_display.node.branch.default config from Open Y profile. [34.17 sec, 139.94 MB]
 [warning] You have manual updated core.entity_form_display.node.branch.default config from Open Y profile. [34.23 sec, 140.6 MB]
 [warning] You have manual updated core.entity_form_display.node.branch.default config from Open Y profile. [34.29 sec, 141.26 MB]
 [warning] You have manual updated core.entity_form_display.node.branch.default config from Open Y profile. [34.35 sec, 141.92 MB]
 [warning] You have manual updated core.entity_form_display.node.branch.default config from Open Y profile. [34.41 sec, 142.57 MB]
 [warning] You have manual updated core.entity_form_display.node.branch.default config from Open Y profile. [34.47 sec, 143.23 MB]
 [warning] You have manual updated core.entity_form_display.node.branch.default config from Open Y profile. [34.53 sec, 143.89 MB]
 [info] y_branch module installed. [34.53 sec, 143.67 MB]
 [warning] The "inline_block:lb_branch_amenities_blocks" block plugin was not found [34.61 sec, 138.62 MB]
 [warning] The "inline_block:lb_branch_amenities_blocks" block plugin was not found [34.61 sec, 138.61 MB]
 [warning] The "inline_block:lb_branch_amenities_blocks" block plugin was not found [34.61 sec, 138.61 MB]
 [warning] The "inline_block:lb_branch_amenities_blocks" block plugin was not found [34.61 sec, 138.61 MB]
 [warning] You have manual updated core.entity_view_display.node.branch.full config from Open Y profile. [34.69 sec, 139.92 MB]
 [info] lb_branch_hours_blocks module installed. [34.72 sec, 139.14 MB]
 [info] lb_cards module installed. [34.72 sec, 138.29 MB]
 [info] lb_carousel module installed. [34.72 sec, 138.29 MB]
 [info] lb_grid_cta module installed. [34.72 sec, 138.29 MB]
 [info] lb_grid_icon module installed. [39.83 sec, 137.8 MB]
 [info] lb_hero module installed. [39.83 sec, 137.8 MB]
 [info] lb_modal module installed. [39.83 sec, 137.8 MB]
 [info] lb_partners_blocks module installed. [39.83 sec, 137.8 MB]
 [info] lb_ping_pong module installed. [39.83 sec, 137.8 MB]
 [info] lb_promo module installed. [39.83 sec, 137.8 MB]
 [info] schema_article module installed. [39.83 sec, 137.8 MB]
 [info] y_lb_article module installed. [39.83 sec, 137.8 MB]
 [info] lb_related_articles_blocks module installed. [39.83 sec, 138.06 MB]
 [info] smart_date module installed. [39.85 sec, 135.55 MB]
 [info] smart_date_recur module installed. [39.85 sec, 135.55 MB]
 [info] schema_event module installed. [39.85 sec, 135.55 MB]
 [info] verf module installed. [39.85 sec, 135.55 MB]
 [info] views_infinite_scroll module installed. [39.85 sec, 135.55 MB]
 [info] ws_event module installed. [39.85 sec, 135.55 MB]
 [info] lb_related_events_blocks module installed. [39.85 sec, 135.56 MB]
 [info] lb_simple_menu module installed. [39.85 sec, 135.56 MB]
 [info] lb_staff_members_blocks module installed. [39.85 sec, 135.56 MB]
 [info] lb_statistics module installed. [39.86 sec, 135.56 MB]
 [info] lb_table module installed. [39.86 sec, 135.56 MB]
 [warning] The "field_block:node:article_lb:body" block plugin was not found [46.11 sec, 160.43 MB]
 [warning] The "field_block:node:article_lb:field_published_date" block plugin was not found [46.11 sec, 160.43 MB]
 [warning] The "field_block:node:article_lb:body" block plugin was not found [46.11 sec, 160.44 MB]
 [warning] The "field_block:node:article_lb:field_published_date" block plugin was not found [46.11 sec, 160.44 MB]
 [warning] The "field_block:node:lb_event:body" block plugin was not found [49.5 sec, 165.91 MB]
 [warning] The "field_block:node:lb_event:body" block plugin was not found [49.5 sec, 165.91 MB]
 [info] lb_testimonials module installed. [55.16 sec, 153.21 MB]
 [warning] Undefined array key "alerts_rearrange.list" ViewsLocalTask.php:82 [55.64 sec, 162.71 MB]
 [warning] Undefined array key "block_content.page_1" ViewsLocalTask.php:82 [55.65 sec, 162.77 MB]
 [warning] Undefined array key "content.page_1" ViewsLocalTask.php:82 [55.65 sec, 162.83 MB]
 [warning] Undefined array key "files.page_1" ViewsLocalTask.php:82 [55.65 sec, 162.9 MB]
 [warning] Undefined array key "media.media_page_list" ViewsLocalTask.php:82 [55.65 sec, 163.11 MB]
 [warning] Undefined array key "user_admin_people.page_1" ViewsLocalTask.php:82 [55.65 sec, 163.99 MB]
 [warning] Undefined array key "alerts_rearrange.list" ViewsLocalTask.php:122 [55.66 sec, 164.25 MB]
 [warning] Undefined array key "block_content.page_1" ViewsLocalTask.php:122 [55.66 sec, 164.3 MB]
 [warning] Undefined array key "files.page_1" ViewsLocalTask.php:122 [55.66 sec, 164.44 MB]
 [warning] Undefined array key "media.media_page_list" ViewsLocalTask.php:122 [55.66 sec, 164.64 MB]
 [info] webform module installed. [56.3 sec, 161.51 MB]
 [info] lb_webform module installed. [56.3 sec, 157.48 MB]
 [info] link_attributes_menu_link_content module installed. [56.3 sec, 157.48 MB]
 [info] menu_item_extras module installed. [56.78 sec, 152.48 MB]
 [info] openy_branch_selector module installed. [56.78 sec, 152.44 MB]
 [info] openy_block_basic module installed. [57.08 sec, 155.92 MB]
 [info] openy_data_wrapper module installed. [57.08 sec, 155.92 MB]
 [warning] You have manual updated openy_map.settings config from Open Y profile. [57.64 sec, 173.72 MB]
 [info] openy_map module installed. [57.64 sec, 173.57 MB]
 [info] openy_ckeditor module installed. [57.64 sec, 173.53 MB]
 [info] openy_field_faq module installed. [57.64 sec, 173.53 MB]
 [info] openy_node_program module installed. [58.52 sec, 164.83 MB]
 [info] openy_node_category module installed. [59.32 sec, 165.1 MB]
 [info] openy_search module installed. [59.33 sec, 165.1 MB]
 [warning] You have manual updated openy_google_search.settings config from Open Y profile. [59.78 sec, 180.25 MB]
 [info] openy_google_search module installed. [61.38 sec, 192.04 MB]
 [info] search_api_db module installed. [61.38 sec, 190.78 MB]
 [info] search_api_solr module installed. [61.49 sec, 186.68 MB]
 [warning] You have manual updated openy_search_api.settings config from Open Y profile. [62.99 sec, 211.67 MB]
 [info] openy_search_api module installed. [62.99 sec, 211.53 MB]
 [info] openy_block_branch_amenities module installed. [63.97 sec, 201.62 MB]
 [info] openy_block_menu module installed. [64.46 sec, 202.13 MB]
 [warning] OpenyUpgradeToolConfigInstaller: Allowing duplicate OpenY config: field.storage.node.field_branch_holiday_hours. This is a legacy workaround and should be fixed in the distro. [68.27 sec, 158.2 MB]
 [warning] OpenyUpgradeToolConfigInstaller: Allowing duplicate OpenY config: field.storage.node.field_branch_hours. This is a legacy workaround and should be fixed in the distro. [68.27 sec, 158.2 MB]
 [info] openy_prgf module installed. [70.15 sec, 173.59 MB]
 [info] openy_loc_camp module installed. [70.97 sec, 178.98 MB]
 [info] openy_loc_facility module installed. [72.21 sec, 179.77 MB]
 [info] Creation of dynamic property Drupal\openy_upgrade_tool\ConfigUpdater::$moduleExtensionList is deprecated ConfigImporterService.php:176 [72.46 sec, 179.19 MB]
 [info] Open Y has upgraded paragraphs.paragraphs_type.branch_contacts_info config. [82.2 sec, 183.97 MB]
 [info] Open Y has upgraded field.storage.paragraph.field_branch_contacts_info config. [82.29 sec, 183.67 MB]
 [info] Open Y has upgraded field.field.paragraph.branch_contacts_info.field_branch_contacts_info config. [82.31 sec, 183.95 MB]
 [info] Open Y has upgraded core.entity_form_display.paragraph.branch_contacts_info.default config. [82.34 sec, 184.19 MB]
 [info] Open Y has upgraded core.entity_view_display.paragraph.branch_contacts_info.default config. [82.35 sec, 184.24 MB]
 [info] openy_block_branch_contacts_info module installed. [87.62 sec, 187.11 MB]
 [info] openy_block_featured_highlights module installed. [88.07 sec, 183.4 MB]
 [info] openy_code_block module installed. [88.39 sec, 183.5 MB]
 [info] openy_prgf_grid_content module installed. [89.31 sec, 183.62 MB]
 [info] openy_loc_filter module installed. [89.32 sec, 183.74 MB]
 [info] openy_prgf_1c module installed. [89.85 sec, 183.92 MB]
 [info] openy_prgf_2c module installed. [90.27 sec, 183.98 MB]
 [info] openy_prgf_3c module installed. [90.82 sec, 184.09 MB]
 [info] openy_prgf_4c module installed. [91.58 sec, 184.26 MB]
 [info] openy_prgf_amenities module installed. [92.57 sec, 202.57 MB]
 [info] openy_prgf_gallery module installed. [93.1 sec, 188.72 MB]
 [info] openy_prgf_banner module installed. [93.59 sec, 189.13 MB]
 [info] views_block_filter_block module installed. [93.59 sec, 189.13 MB]
 [info] openy_prgf_code_block module installed. [93.9 sec, 188.97 MB]
 [info] openy_prgf_faq module installed. [94.2 sec, 188.83 MB]
 [info] openy_prgf_featured_highlights module installed. [94.6 sec, 189.08 MB]
 [info] openy_prgf_loc_finder module installed. [95.26 sec, 188.97 MB]
 [info] openy_prgf_location_by_amenities module installed. [121.3 sec, 202.81 MB]
 [info] openy_prgf_promo_card module installed. [121.73 sec, 188.3 MB]
 [info] openy_prgf_simple_content module installed. [121.97 sec, 188.3 MB]
 [info] openy_prgf_small_banner module installed. [122.4 sec, 188.72 MB]
 [info] openy_prgf_teaser module installed. [122.84 sec, 188.52 MB]
 [info] openy_prgf_webform module installed. [123.13 sec, 188.65 MB]
 [info] openy_map_lb module installed. [123.66 sec, 203.76 MB]
 [info] ws_code_block module installed. [123.93 sec, 189.07 MB]
 [info] ws_lb_tabs module installed. [123.93 sec, 189.07 MB]
 [info] Creation of dynamic property Drupal\config_import\ConfigImporterService::$moduleExtensionList is deprecated ConfigImporterService.php:176 [124.67 sec, 184.56 MB]
 [warning] The "block_content:1d1d620e-a672-400f-81d6-4841d22d808b" block plugin was not found [141.82 sec, 216.79 MB]
 [warning] The "block_content:c8a209e8-f6ed-4158-ac2f-de2a48c6dcea" block plugin was not found [141.82 sec, 216.79 MB]
 [warning] You have manual updated system.site config from Open Y profile. [142.12 sec, 218.5 MB]
 [info] ws_small_y module installed. [142.12 sec, 218.35 MB]
 [info] small_y_accordions module installed. [142.12 sec, 212.42 MB]
 [info] Open Y has upgraded field.storage.node.field_alert_style config. [142.13 sec, 212.68 MB]
 [info] Param "settings.allowed_values" in config field.storage.node.field_alert_style was updated. [142.14 sec, 212.53 MB]
 [info] small_y_alerts module installed. [142.14 sec, 212.52 MB]
 [info] small_y_articles module installed. [158.7 sec, 209.46 MB]
 [warning] You have manual updated core.entity_view_display.node.camp.default config from Open Y profile. [159.87 sec, 196.47 MB]
 [warning] You have manual updated core.entity_view_display.node.camp.class_location config from Open Y profile. [159.9 sec, 196.56 MB]
 [warning] You have manual updated core.entity_view_display.node.camp.full config from Open Y profile. [159.93 sec, 196.75 MB]
 [warning] You have manual updated core.entity_view_display.node.camp.teaser config from Open Y profile. [159.95 sec, 196.88 MB]
 [warning] You have manual updated core.entity_form_display.node.camp.default config from Open Y profile. [160.01 sec, 197.38 MB]
 [warning] You have manual updated core.entity_form_display.node.camp.default config from Open Y profile. [160.07 sec, 197.83 MB]
 [warning] You have manual updated core.entity_view_display.node.camp.default config from Open Y profile. [160.23 sec, 197.7 MB]
 [warning] You have manual updated core.entity_view_display.node.camp.class_location config from Open Y profile. [160.26 sec, 197.82 MB]
 [warning] You have manual updated core.entity_view_display.node.camp.full config from Open Y profile. [160.29 sec, 198.03 MB]
 [warning] You have manual updated core.entity_view_display.node.camp.teaser config from Open Y profile. [160.32 sec, 198.2 MB]
 [warning] You have manual updated core.entity_form_display.node.camp.default config from Open Y profile. [160.37 sec, 198.67 MB]
 [warning] The "field_block:node:camp:field_location_address" block plugin was not found [160.85 sec, 217 MB]
 [warning] The "field_block:node:camp:field_location_phone" block plugin was not found [160.85 sec, 217 MB]
 [warning] The "field_block:node:camp:field_location_fax" block plugin was not found [160.85 sec, 217 MB]
 [warning] The "field_block:node:camp:field_location_directions" block plugin was not found [160.85 sec, 217 MB]
 [warning] The "field_block:node:camp:field_content" block plugin was not found [160.85 sec, 217 MB]
 [warning] The "field_block:node:camp:field_header_content" block plugin was not found [160.85 sec, 217 MB]
 [warning] The "field_block:node:camp:field_bottom_content" block plugin was not found [160.85 sec, 217 MB]
 [warning] The "field_block:node:camp:field_location_address" block plugin was not found [160.86 sec, 217 MB]
 [warning] The "field_block:node:camp:field_location_phone" block plugin was not found [160.86 sec, 217 MB]
 [warning] The "field_block:node:camp:field_location_fax" block plugin was not found [160.86 sec, 217 MB]
 [warning] The "field_block:node:camp:field_location_directions" block plugin was not found [160.86 sec, 217 MB]
 [warning] The "field_block:node:camp:field_content" block plugin was not found [160.86 sec, 217 MB]
 [warning] The "field_block:node:camp:field_header_content" block plugin was not found [160.86 sec, 217 MB]
 [warning] The "field_block:node:camp:field_bottom_content" block plugin was not found [160.86 sec, 217 MB]
 [warning] You have manual updated core.entity_view_display.node.camp.full config from Open Y profile. [160.93 sec, 217.9 MB]
 [warning] You have manual updated core.entity_view_display.node.camp.full config from Open Y profile. [161.17 sec, 217.59 MB]
 [warning] You have manual updated core.entity_form_display.node.camp.default config from Open Y profile. [161.44 sec, 216.04 MB]
 [warning] You have manual updated core.entity_form_display.node.camp.default config from Open Y profile. [161.49 sec, 216.53 MB]
 [warning] You have manual updated core.entity_form_display.node.camp.default config from Open Y profile. [161.55 sec, 217.02 MB]
 [info] y_camp module installed. [161.55 sec, 216.82 MB]
 [warning] You have manual updated core.entity_view_display.node.facility.default config from Open Y profile. [161.66 sec, 204.68 MB]
 [warning] You have manual updated core.entity_view_display.node.facility.full config from Open Y profile. [161.78 sec, 204.87 MB]
 [warning] You have manual updated core.entity_view_display.node.facility.teaser config from Open Y profile. [161.81 sec, 205.01 MB]
 [warning] You have manual updated core.entity_form_display.node.facility.default config from Open Y profile. [161.9 sec, 205.35 MB]
 [warning] You have manual updated core.entity_form_display.node.facility.default config from Open Y profile. [161.96 sec, 198.52 MB]
 [warning] You have manual updated core.entity_view_display.node.facility.default config from Open Y profile. [162.13 sec, 199.02 MB]
 [warning] You have manual updated core.entity_view_display.node.facility.full config from Open Y profile. [162.17 sec, 199.23 MB]
 [warning] You have manual updated core.entity_view_display.node.facility.teaser config from Open Y profile. [162.19 sec, 199.42 MB]
 [warning] You have manual updated core.entity_form_display.node.facility.default config from Open Y profile. [162.3 sec, 199.5 MB]
 [warning] The "extra_field_block:node:facility:links" block plugin was not found [162.81 sec, 217.92 MB]
 [warning] The "field_block:node:facility:field_content" block plugin was not found [162.81 sec, 217.92 MB]
 [warning] The "field_block:node:facility:field_location_address" block plugin was not found [162.81 sec, 217.92 MB]
 [warning] The "field_block:node:facility:field_location_area" block plugin was not found [162.81 sec, 217.92 MB]
 [warning] The "field_block:node:facility:field_facility_type" block plugin was not found [162.81 sec, 217.92 MB]
 [warning] The "field_block:node:facility:field_location_phone" block plugin was not found [162.81 sec, 217.92 MB]
 [warning] The "field_block:node:facility:field_location_directions" block plugin was not found [162.81 sec, 217.92 MB]
 [warning] The "field_block:node:facility:field_location_fax" block plugin was not found [162.81 sec, 217.92 MB]
 [warning] The "field_block:node:facility:field_sidebar_content" block plugin was not found [162.81 sec, 217.92 MB]
 [warning] The "field_block:node:facility:field_facility_loc" block plugin was not found [162.81 sec, 217.92 MB]
 [warning] The "field_block:node:facility:field_branch_hours" block plugin was not found [162.81 sec, 217.92 MB]
 [warning] The "extra_field_block:node:facility:links" block plugin was not found [162.81 sec, 217.92 MB]
 [warning] The "field_block:node:facility:field_content" block plugin was not found [162.81 sec, 217.92 MB]
 [warning] The "field_block:node:facility:field_location_address" block plugin was not found [162.81 sec, 217.92 MB]
 [warning] The "field_block:node:facility:field_location_area" block plugin was not found [162.81 sec, 217.92 MB]
 [warning] The "field_block:node:facility:field_facility_type" block plugin was not found [162.81 sec, 217.92 MB]
 [warning] The "field_block:node:facility:field_location_phone" block plugin was not found [162.82 sec, 217.92 MB]
 [warning] The "field_block:node:facility:field_location_directions" block plugin was not found [162.82 sec, 217.92 MB]
 [warning] The "field_block:node:facility:field_location_fax" block plugin was not found [162.82 sec, 217.92 MB]
 [warning] The "field_block:node:facility:field_sidebar_content" block plugin was not found [162.82 sec, 217.92 MB]
 [warning] The "field_block:node:facility:field_facility_loc" block plugin was not found [162.82 sec, 217.92 MB]
 [warning] The "field_block:node:facility:field_branch_hours" block plugin was not found [162.82 sec, 217.92 MB]
 [warning] You have manual updated core.entity_view_display.node.facility.full config from Open Y profile. [164.26 sec, 219.02 MB]
 [warning] You have manual updated core.entity_view_display.node.facility.full config from Open Y profile. [164.56 sec, 219.41 MB]
 [warning] You have manual updated core.entity_form_display.node.facility.default config from Open Y profile. [164.62 sec, 217.61 MB]
 [warning] Attempt to read property "context" on null field_group.module:879 [164.63 sec, 217.41 MB]
 [warning] Attempt to read property "context" on null field_group.module:882 [164.63 sec, 217.41 MB]
 [warning] Attempt to read property "context" on null field_group.module:889 [164.63 sec, 217.41 MB]
 [warning] Attempt to read property "context" on null field_group.module:896 [164.63 sec, 217.41 MB]
 [warning] You have manual updated field.field.node.facility.field_location_address config from Open Y profile. [164.66 sec, 217.69 MB]
 [warning] You have manual updated field.field.node.facility.field_location_coordinates config from Open Y profile. [164.74 sec, 204.53 MB]
 [warning] You have manual updated field.field.node.facility.field_location_phone config from Open Y profile. [164.8 sec, 204.53 MB]
 [info] y_facility module installed. [164.81 sec, 202.4 MB]
 [warning] You have manual updated core.entity_view_display.node.branch.full config from Open Y profile. [165.45 sec, 219.02 MB]
 [warning] You have manual updated core.entity_view_display.node.camp.full config from Open Y profile. [165.75 sec, 219.11 MB]
 [warning] You have manual updated core.entity_view_display.node.facility.full config from Open Y profile. [166.01 sec, 219.14 MB]
 [warning] You have manual updated core.entity_view_display.node.facility.full config from Open Y profile. [178.16 sec, 219.37 MB]
 [warning] You have manual updated core.entity_view_display.node.camp.full config from Open Y profile. [178.31 sec, 220.57 MB]
 [warning] You have manual updated core.entity_view_display.node.branch.full config from Open Y profile. [178.48 sec, 222.2 MB]
 [info] small_y_branch module installed. [184.54 sec, 213.77 MB]
 [info] small_y_cards module installed. [184.54 sec, 205.44 MB]
 [info] small_y_carousels module installed. [184.54 sec, 205.44 MB]
 [info] y_lb_main_menu_cta_block module installed. [184.54 sec, 205.44 MB]
 [info] lb_donate module installed. [184.54 sec, 205.44 MB]
 [info] small_y_donate module installed. [211.94 sec, 185.7 MB]
 [info] Creation of dynamic property Drupal\config_import\ConfigImporterService::$moduleExtensionList is deprecated ConfigImporterService.php:176 [211.94 sec, 185.7 MB]
 [info] small_y_events module installed. [231.04 sec, 195.79 MB]
 [info] small_y_hero module installed. [231.04 sec, 193.87 MB]
 [info] small_y_icon_grid module installed. [231.04 sec, 193.87 MB]
 [info] small_y_ping_pongs module installed. [231.04 sec, 193.87 MB]
 [info] small_y_tabs module installed. [231.04 sec, 193.87 MB]
 [info] ws_small_y_staff module installed. [249.7 sec, 195.6 MB]
 [info] ws_small_y_statistics module installed. [250.73 sec, 194.5 MB]
 [info] ws_small_y_testimonials module installed. [269.4 sec, 196.17 MB]
 [info] y_donate module installed. [269.4 sec, 195.72 MB]
 [info] small_y_editor module installed. [269.43 sec, 195.9 MB]
 [warning] The "block_content:1d1d620e-a672-400f-81d6-4841d22d808b" block plugin was not found [289.73 sec, 228.36 MB]
 [warning] The "block_content:c8a209e8-f6ed-4158-ac2f-de2a48c6dcea" block plugin was not found [289.73 sec, 228.36 MB]
 [warning] You have manual updated openy_search_api.settings config from Open Y profile. [290.05 sec, 229.88 MB]
 [info] small_y_search module installed. [290.05 sec, 229.73 MB]
 [warning] You have manual updated core.entity_view_display.node.program.default config from Open Y profile. [290.18 sec, 211.53 MB]
 [warning] You have manual updated core.entity_view_display.node.program.full config from Open Y profile. [290.21 sec, 211.67 MB]
 [warning] You have manual updated core.entity_view_display.node.program.teaser config from Open Y profile. [290.23 sec, 211.77 MB]
 [warning] You have manual updated core.entity_form_display.node.program.default config from Open Y profile. [290.29 sec, 212.82 MB]
 [warning] You have manual updated core.entity_form_display.node.program.default config from Open Y profile. [290.34 sec, 205.46 MB]
 [warning] You have manual updated core.entity_view_display.node.program.default config from Open Y profile. [290.46 sec, 204.48 MB]
 [warning] You have manual updated core.entity_view_display.node.program.full config from Open Y profile. [290.49 sec, 204.66 MB]
 [warning] You have manual updated core.entity_view_display.node.program.teaser config from Open Y profile. [290.52 sec, 204.79 MB]
 [warning] You have manual updated core.entity_form_display.node.program.default config from Open Y profile. [290.57 sec, 205.59 MB]
 [warning] The "field_block:node:program:field_program_image" block plugin was not found [291.1 sec, 226.95 MB]
 [warning] The "field_block:node:program:field_program_icon" block plugin was not found [291.1 sec, 226.95 MB]
 [warning] The "field_block:node:program:field_program_color" block plugin was not found [291.1 sec, 226.95 MB]
 [warning] The "field_block:node:program:field_program_description" block plugin was not found [291.1 sec, 226.95 MB]
 [warning] The "field_block:node:program:field_header_content" block plugin was not found [291.1 sec, 226.95 MB]
 [warning] The "field_block:node:program:field_content" block plugin was not found [291.1 sec, 226.95 MB]
 [warning] The "field_block:node:program:field_sidebar_content" block plugin was not found [291.1 sec, 226.95 MB]
 [warning] The "extra_field_block:node:program:links" block plugin was not found [291.1 sec, 226.95 MB]
 [warning] The "field_block:node:program:field_program_image" block plugin was not found [291.1 sec, 226.95 MB]
 [warning] The "field_block:node:program:field_program_icon" block plugin was not found [291.1 sec, 226.95 MB]
 [warning] The "field_block:node:program:field_program_color" block plugin was not found [291.1 sec, 226.95 MB]
 [warning] The "field_block:node:program:field_program_description" block plugin was not found [291.1 sec, 226.95 MB]
 [warning] The "field_block:node:program:field_header_content" block plugin was not found [291.1 sec, 226.95 MB]
 [warning] The "field_block:node:program:field_content" block plugin was not found [291.1 sec, 226.95 MB]
 [warning] The "field_block:node:program:field_sidebar_content" block plugin was not found [291.1 sec, 226.95 MB]
 [warning] The "extra_field_block:node:program:links" block plugin was not found [291.1 sec, 226.95 MB]
 [warning] You have manual updated core.entity_view_display.node.program.full config from Open Y profile. [291.17 sec, 227.78 MB]
 [warning] You have manual updated core.entity_view_display.node.program.full config from Open Y profile. [291.39 sec, 232.46 MB]
 [warning] You have manual updated core.entity_form_display.node.program.default config from Open Y profile. [291.44 sec, 230.23 MB]
 [warning] You have manual updated core.entity_form_display.node.program.default config from Open Y profile. [291.48 sec, 230.65 MB]
 [warning] You have manual updated core.entity_form_display.node.program.default config from Open Y profile. [291.53 sec, 231.07 MB]
 [info] y_program module installed. [291.54 sec, 230.87 MB]
 [warning] You have manual updated core.entity_view_display.node.program_subcategory.default config from Open Y profile. [291.66 sec, 212.14 MB]
 [warning] You have manual updated core.entity_view_display.node.program_subcategory.full config from Open Y profile. [291.69 sec, 212.29 MB]
 [warning] You have manual updated core.entity_view_display.node.program_subcategory.teaser config from Open Y profile. [291.72 sec, 212.41 MB]
 [warning] You have manual updated core.entity_form_display.node.program_subcategory.default config from Open Y profile. [291.78 sec, 213.49 MB]
 [warning] You have manual updated core.entity_form_display.node.program_subcategory.default config from Open Y profile. [291.84 sec, 206.12 MB]
 [warning] You have manual updated core.entity_view_display.node.program_subcategory.default config from Open Y profile. [291.95 sec, 205.05 MB]
 [warning] You have manual updated core.entity_view_display.node.program_subcategory.full config from Open Y profile. [291.98 sec, 205.23 MB]
 [warning] You have manual updated core.entity_view_display.node.program_subcategory.teaser config from Open Y profile. [292.01 sec, 205.4 MB]
 [warning] You have manual updated core.entity_form_display.node.program_subcategory.default config from Open Y profile. [292.07 sec, 206.23 MB]
 [warning] The "field_block:node:program_subcategory:field_header_content" block plugin was not found [292.63 sec, 229.91 MB]
 [warning] The "field_block:node:program_subcategory:field_category_image" block plugin was not found [292.63 sec, 229.91 MB]
 [warning] The "field_block:node:program_subcategory:field_category_description" block plugin was not found [292.63 sec, 229.91 MB]
 [warning] The "field_block:node:program_subcategory:field_content" block plugin was not found [292.63 sec, 229.91 MB]
 [warning] The "field_block:node:program_subcategory:field_sidebar_content" block plugin was not found [292.63 sec, 229.91 MB]
 [warning] The "extra_field_block:node:program_subcategory:links" block plugin was not found [292.63 sec, 229.91 MB]
 [warning] The "field_block:node:program_subcategory:field_category_program" block plugin was not found [292.63 sec, 229.91 MB]
 [warning] The "field_block:node:program_subcategory:field_category_color" block plugin was not found [292.63 sec, 229.91 MB]
 [warning] The "field_block:node:program_subcategory:field_bottom_content" block plugin was not found [292.63 sec, 229.91 MB]
 [warning] The "field_block:node:program_subcategory:field_header_content" block plugin was not found [292.63 sec, 229.91 MB]
 [warning] The "field_block:node:program_subcategory:field_category_image" block plugin was not found [292.63 sec, 229.91 MB]
 [warning] The "field_block:node:program_subcategory:field_category_description" block plugin was not found [292.63 sec, 229.91 MB]
 [warning] The "field_block:node:program_subcategory:field_content" block plugin was not found [292.63 sec, 229.91 MB]
 [warning] The "field_block:node:program_subcategory:field_sidebar_content" block plugin was not found [292.63 sec, 229.91 MB]
 [warning] The "extra_field_block:node:program_subcategory:links" block plugin was not found [292.63 sec, 229.91 MB]
 [warning] The "field_block:node:program_subcategory:field_category_program" block plugin was not found [292.63 sec, 229.91 MB]
 [warning] The "field_block:node:program_subcategory:field_category_color" block plugin was not found [292.63 sec, 229.91 MB]
 [warning] The "field_block:node:program_subcategory:field_bottom_content" block plugin was not found [292.63 sec, 229.91 MB]
 [warning] You have manual updated core.entity_view_display.node.program_subcategory.full config from Open Y profile. [292.74 sec, 228.03 MB]
 [warning] You have manual updated core.entity_form_display.node.program_subcategory.default config from Open Y profile. [292.81 sec, 225.94 MB]
 [warning] You have manual updated core.entity_form_display.node.program_subcategory.default config from Open Y profile. [292.86 sec, 226.4 MB]
 [warning] You have manual updated core.entity_form_display.node.program_subcategory.default config from Open Y profile. [292.91 sec, 226.85 MB]
 [info] y_program_subcategory module installed. [292.92 sec, 226.66 MB]
 [notice] Performed install task: openy_install_features [310.01 sec, 171.89 MB]
PHP Deprecated:  Drupal\openy\Form\ThemeSelectForm::buildForm(): Implicitly marking parameter $install_state as nullable is deprecated, the explicit nullable type must be used instead in /var/www/html/docroot/profiles/contrib/yusaopeny/src/Form/ThemeSelectForm.php on line 65

Deprecated: Drupal\openy\Form\ThemeSelectForm::buildForm(): Implicitly marking parameter $install_state as nullable is deprecated, the explicit nullable type must be used instead in /var/www/html/docroot/profiles/contrib/yusaopeny/src/Form/ThemeSelectForm.php on line 65
 [notice] Performed install task: openy_select_theme [310.05 sec, 170.49 MB]
 [info] openy_demo_bfooter module installed. [311.52 sec, 193.53 MB]
PHP Deprecated:  Drupal\draggableviews\Plugin\migrate\destination\DraggableViews::create(): Implicitly marking parameter $migration as nullable is deprecated, the explicit nullable type must be used instead in /var/www/html/docroot/modules/contrib/draggableviews/src/Plugin/migrate/destination/DraggableViews.php on line 31

Deprecated: Drupal\draggableviews\Plugin\migrate\destination\DraggableViews::create(): Implicitly marking parameter $migration as nullable is deprecated, the explicit nullable type must be used instead in /var/www/html/docroot/modules/contrib/draggableviews/src/Plugin/migrate/destination/DraggableViews.php on line 31
PHP Deprecated:  Drupal\draggableviews\Plugin\migrate\destination\DraggableViews::fields(): Implicitly marking parameter $migration as nullable is deprecated, the explicit nullable type must be used instead in /var/www/html/docroot/modules/contrib/draggableviews/src/Plugin/migrate/destination/DraggableViews.php on line 104

Deprecated: Drupal\draggableviews\Plugin\migrate\destination\DraggableViews::fields(): Implicitly marking parameter $migration as nullable is deprecated, the explicit nullable type must be used instead in /var/www/html/docroot/modules/contrib/draggableviews/src/Plugin/migrate/destination/DraggableViews.php on line 104
PHP Deprecated:  Drupal\geolocation\Plugin\migrate\process\LocationToGeolocation::create(): Implicitly marking parameter $migration as nullable is deprecated, the explicit nullable type must be used instead in /var/www/html/docroot/modules/contrib/geolocation/src/Plugin/migrate/process/LocationToGeolocation.php on line 50

Deprecated: Drupal\geolocation\Plugin\migrate\process\LocationToGeolocation::create(): Implicitly marking parameter $migration as nullable is deprecated, the explicit nullable type must be used instead in /var/www/html/docroot/modules/contrib/geolocation/src/Plugin/migrate/process/LocationToGeolocation.php on line 50
PHP Deprecated:  Drupal\google_analytics\Plugin\migrate\process\GoogleAnalyticsParameterPages::create(): Implicitly marking parameter $migration as nullable is deprecated, the explicit nullable type must be used instead in /var/www/html/docroot/modules/contrib/google_analytics/src/Plugin/migrate/process/GoogleAnalyticsParameterPages.php on line 52

Deprecated: Drupal\google_analytics\Plugin\migrate\process\GoogleAnalyticsParameterPages::create(): Implicitly marking parameter $migration as nullable is deprecated, the explicit nullable type must be used instead in /var/www/html/docroot/modules/contrib/google_analytics/src/Plugin/migrate/process/GoogleAnalyticsParameterPages.php on line 52
PHP Deprecated:  Drupal\google_analytics\Plugin\migrate\process\GoogleAnalyticsVisibilityPages::create(): Implicitly marking parameter $migration as nullable is deprecated, the explicit nullable type must be used instead in /var/www/html/docroot/modules/contrib/google_analytics/src/Plugin/migrate/process/GoogleAnalyticsVisibilityPages.php on line 53

Deprecated: Drupal\google_analytics\Plugin\migrate\process\GoogleAnalyticsVisibilityPages::create(): Implicitly marking parameter $migration as nullable is deprecated, the explicit nullable type must be used instead in /var/www/html/docroot/modules/contrib/google_analytics/src/Plugin/migrate/process/GoogleAnalyticsVisibilityPages.php on line 53
PHP Deprecated:  Drupal\google_analytics\Plugin\migrate\process\GoogleAnalyticsVisibilityRoles::create(): Implicitly marking parameter $migration as nullable is deprecated, the explicit nullable type must be used instead in /var/www/html/docroot/modules/contrib/google_analytics/src/Plugin/migrate/process/GoogleAnalyticsVisibilityRoles.php on line 52

Deprecated: Drupal\google_analytics\Plugin\migrate\process\GoogleAnalyticsVisibilityRoles::create(): Implicitly marking parameter $migration as nullable is deprecated, the explicit nullable type must be used instead in /var/www/html/docroot/modules/contrib/google_analytics/src/Plugin/migrate/process/GoogleAnalyticsVisibilityRoles.php on line 52
PHP Deprecated:  Drupal\openy_migrate\Plugin\migrate\process\SkipIfBundleNotExist::create(): Implicitly marking parameter $migration as nullable is deprecated, the explicit nullable type must be used instead in /var/www/html/docroot/modules/contrib/openy_custom/openy_migrate/src/Plugin/migrate/process/SkipIfBundleNotExist.php on line 115

Deprecated: Drupal\openy_migrate\Plugin\migrate\process\SkipIfBundleNotExist::create(): Implicitly marking parameter $migration as nullable is deprecated, the explicit nullable type must be used instead in /var/www/html/docroot/modules/contrib/openy_custom/openy_migrate/src/Plugin/migrate/process/SkipIfBundleNotExist.php on line 115
PHP Deprecated:  Drupal\y_lb\Plugin\migrate\process\YLBSection::create(): Implicitly marking parameter $migration as nullable is deprecated, the explicit nullable type must be used instead in /var/www/html/docroot/modules/contrib/y_lb/src/Plugin/migrate/process/YLBSection.php on line 40

Deprecated: Drupal\y_lb\Plugin\migrate\process\YLBSection::create(): Implicitly marking parameter $migration as nullable is deprecated, the explicit nullable type must be used instead in /var/www/html/docroot/modules/contrib/y_lb/src/Plugin/migrate/process/YLBSection.php on line 40
 [info] Processed 2 items (2 created, 0 updated, 0 failed, 0 ignored) - done with 'openy_demo_block_content_footer' [311.96 sec, 198.13 MB]
 [info] openy_demo_bfooter module uninstalled. [313.18 sec, 216.68 MB]
 [info] openy_carnation theme installed. [314.89 sec, 224.58 MB]
 [notice] Performed install task: openy_install_theme [315.92 sec, 222.12 MB]
PHP Deprecated:  Drupal\openy\Form\ContentSelectForm::buildForm(): Implicitly marking parameter $install_state as nullable is deprecated, the explicit nullable type must be used instead in /var/www/html/docroot/profiles/contrib/yusaopeny/src/Form/ContentSelectForm.php on line 23

Deprecated: Drupal\openy\Form\ContentSelectForm::buildForm(): Implicitly marking parameter $install_state as nullable is deprecated, the explicit nullable type must be used instead in /var/www/html/docroot/profiles/contrib/yusaopeny/src/Form/ContentSelectForm.php on line 23
 [notice] Performed install task: openy_select_content [315.99 sec, 184.83 MB]
 [info] openy_demo_taxonomy module installed. [317.76 sec, 209.26 MB]
 [info] openy_demo_tcolor module installed. [317.76 sec, 209.27 MB]
 [warning] You have manual updated system.site config from Open Y profile. [318 sec, 214.36 MB]
 [warning] You have manual updated openy_map.settings config from Open Y profile. [318.02 sec, 214.45 MB]
 [info] small_y_demo_content module installed. [318.52 sec, 226.62 MB]
 [info] Processed 17 items (17 created, 0 updated, 0 failed, 0 ignored) - done with 'openy_demo_taxonomy_term_color' [319.43 sec, 197.78 MB]
 [info] Processed 2 items (2 created, 0 updated, 0 failed, 0 ignored) - done with 'small_y_demo_block_content_footer' [319.51 sec, 200.01 MB]
 [info] Processed 6 items (6 created, 0 updated, 0 failed, 0 ignored) - done with 'small_y_demo_menu_link_small_y_footers' [319.58 sec, 200.85 MB]
 [info] Processed 2 items (2 created, 0 updated, 0 failed, 0 ignored) - done with 'small_y_demo_menu_link_top_navigation' [319.63 sec, 201.02 MB]
 [info] Processed 3 items (3 created, 0 updated, 0 failed, 0 ignored) - done with 'small_y_demo_menu_link_utility' [319.68 sec, 201.24 MB]
 [info] Processed 3 items (3 created, 0 updated, 0 failed, 0 ignored) - done with 'small_y_demo_tags' [319.72 sec, 201.46 MB]
 [info] Processed 1 item (1 created, 0 updated, 0 failed, 0 ignored) - done with 'small_y_demo_block_social_links' [319.74 sec, 201.57 MB]
 [info] Processed 133 items (133 created, 0 updated, 0 failed, 0 ignored) - done with 'small_y_demo_file' [321.2 sec, 211.37 MB]
 [info] Processed 0 items (0 created, 0 updated, 0 failed, 0 ignored) - done with 'small_y_demo_file' [321.23 sec, 211.39 MB]
 [info] Processed 133 items (133 created, 0 updated, 0 failed, 0 ignored) - done with 'small_y_demo_media_image' [325.16 sec, 217.58 MB]
 [info] Processed 1 item (1 created, 0 updated, 0 failed, 0 ignored) - done with 'small_y_demo_block_branch_amenities' [325.2 sec, 217.73 MB]
 [info] Processed 26 items (26 created, 0 updated, 0 failed, 0 ignored) - done with 'small_y_demo_terms_amenities' [325.94 sec, 224.97 MB]
 [info] Processed 0 items (0 created, 0 updated, 0 failed, 0 ignored) - done with 'small_y_demo_block_branch_amenities' [325.96 sec, 222.37 MB]
 [info] Processed 0 items (0 created, 0 updated, 0 failed, 0 ignored) - done with 'small_y_demo_block_social_links' [325.96 sec, 222.38 MB]
 [info] Processed 0 items (0 created, 0 updated, 0 failed, 0 ignored) - done with 'small_y_demo_terms_amenities' [325.97 sec, 222.38 MB]
 [info] Processed 1 item (1 created, 0 updated, 0 failed, 0 ignored) - done with 'small_y_demo_page_location' [326.14 sec, 224.86 MB]
 [info] Processed 0 items (0 created, 0 updated, 0 failed, 0 ignored) - done with 'small_y_demo_tags' [326.15 sec, 224.86 MB]
 [info] Processed 8 items (8 created, 0 updated, 0 failed, 0 ignored) - done with 'small_y_demo_articles' [326.5 sec, 227.01 MB]
 [info] Processed 4 items (4 created, 0 updated, 0 failed, 0 ignored) - done with 'small_y_demo_block_accordion_item' [326.56 sec, 227.25 MB]
 [info] Processed 0 items (0 created, 0 updated, 0 failed, 0 ignored) - done with 'small_y_demo_block_accordion_item' [326.57 sec, 227.25 MB]
 [info] Processed 1 item (1 created, 0 updated, 0 failed, 0 ignored) - done with 'small_y_demo_block_accordion' [326.6 sec, 227.39 MB]
 [info] Processed 1 item (1 created, 0 updated, 0 failed, 0 ignored) - done with 'small_y_demo_block_articles_filter' [327.24 sec, 252.89 MB]
 [info] Processed 1 item (1 created, 0 updated, 0 failed, 0 ignored) - done with 'small_y_demo_block_articles_listing' [327.27 sec, 253 MB]
 [info] Processed 9 items (9 created, 0 updated, 0 failed, 0 ignored) - done with 'small_y_demo_block_banner_chevron' [327.38 sec, 253.59 MB]
 [info] Processed 3 items (3 created, 0 updated, 0 failed, 0 ignored) - done with 'small_y_demo_terms_news_category' [327.43 sec, 253.81 MB]
 [info] Processed 6 items (6 created, 0 updated, 0 failed, 0 ignored) - done with 'small_y_demo_block_cards_item' [327.51 sec, 254.23 MB]
 [info] Processed 0 items (0 created, 0 updated, 0 failed, 0 ignored) - done with 'small_y_demo_block_cards_item' [327.51 sec, 254.24 MB]
 [info] Processed 2 items (2 created, 0 updated, 0 failed, 0 ignored) - done with 'small_y_demo_block_cards' [327.57 sec, 254.45 MB]
 [info] Processed 4 items (4 created, 0 updated, 0 failed, 0 ignored) - done with 'small_y_demo_block_carousel_item' [327.63 sec, 254.74 MB]
 [info] Processed 0 items (0 created, 0 updated, 0 failed, 0 ignored) - done with 'small_y_demo_block_carousel_item' [327.63 sec, 254.74 MB]
 [info] Processed 1 item (1 created, 0 updated, 0 failed, 0 ignored) - done with 'small_y_demo_block_carousel' [327.66 sec, 254.88 MB]
 [info] Processed 5 items (5 created, 0 updated, 0 failed, 0 ignored) - done with 'small_y_demo_block_donate_item' [327.79 sec, 253.75 MB]
 [info] Processed 0 items (0 created, 0 updated, 0 failed, 0 ignored) - done with 'small_y_demo_block_donate_item' [327.79 sec, 253.75 MB]
 [info] Processed 1 item (1 created, 0 updated, 0 failed, 0 ignored) - done with 'small_y_demo_block_donate' [327.85 sec, 253.91 MB]
 [info] Processed 1 item (1 created, 0 updated, 0 failed, 0 ignored) - done with 'small_y_demo_block_events_filter' [327.9 sec, 254.08 MB]
 [info] Processed 1 item (1 created, 0 updated, 0 failed, 0 ignored) - done with 'small_y_demo_block_events_listing' [327.93 sec, 254.16 MB]
 [info] Processed 0 items (0 created, 0 updated, 0 failed, 0 ignored) - done with 'small_y_demo_tags' [327.93 sec, 254.17 MB]
 [info] Processed 0 items (0 created, 0 updated, 0 failed, 0 ignored) - done with 'small_y_demo_articles' [327.93 sec, 254.18 MB]
 [info] Processed 1 item (1 created, 0 updated, 0 failed, 0 ignored) - done with 'small_y_demo_block_featured_article' [327.96 sec, 254.3 MB]
 [info] Processed 0 items (0 created, 0 updated, 0 failed, 0 ignored) - done with 'small_y_demo_tags' [327.97 sec, 254.3 MB]
 [info] Processed 4 items (4 created, 0 updated, 0 failed, 0 ignored) - done with 'small_y_demo_events' [328.12 sec, 255.33 MB]
 [info] Processed 0 items (0 created, 0 updated, 0 failed, 0 ignored) - done with 'small_y_demo_tags' [328.13 sec, 255.33 MB]
 [info] Processed 0 items (0 created, 0 updated, 0 failed, 0 ignored) - done with 'small_y_demo_events' [328.13 sec, 255.34 MB]
 [info] Processed 1 item (1 created, 0 updated, 0 failed, 0 ignored) - done with 'small_y_demo_block_featured_event' [328.17 sec, 255.45 MB]
 [info] Processed 4 items (4 created, 0 updated, 0 failed, 0 ignored) - done with 'small_y_demo_block_grid_cta_item' [328.23 sec, 255.74 MB]
 [info] Processed 0 items (0 created, 0 updated, 0 failed, 0 ignored) - done with 'small_y_demo_block_grid_cta_item' [328.23 sec, 255.75 MB]
 [info] Processed 1 item (1 created, 0 updated, 0 failed, 0 ignored) - done with 'small_y_demo_block_grid_cta' [328.27 sec, 255.89 MB]
 [info] Processed 9 items (9 created, 0 updated, 0 failed, 0 ignored) - done with 'small_y_demo_block_icon_grid_item' [328.41 sec, 255.3 MB]
 [info] Processed 0 items (0 created, 0 updated, 0 failed, 0 ignored) - done with 'small_y_demo_block_icon_grid_item' [328.42 sec, 255.3 MB]
 [info] Processed 3 items (3 created, 0 updated, 0 failed, 0 ignored) - done with 'small_y_demo_block_icon_grid' [328.51 sec, 255.68 MB]
 [info] Processed 1 item (1 created, 0 updated, 0 failed, 0 ignored) - done with 'small_y_demo_block_location_finder' [328.54 sec, 255.75 MB]
 [info] Processed 1 item (1 created, 0 updated, 0 failed, 0 ignored) - done with 'small_y_demo_block_menu_cta' [328.57 sec, 253.07 MB]
 [info] Processed 4 items (4 created, 0 updated, 0 failed, 0 ignored) - done with 'small_y_demo_block_partners_item' [328.63 sec, 253.34 MB]
 [info] Processed 0 items (0 created, 0 updated, 0 failed, 0 ignored) - done with 'small_y_demo_block_partners_item' [328.64 sec, 253.35 MB]
 [info] Processed 3 items (3 created, 0 updated, 0 failed, 0 ignored) - done with 'small_y_demo_block_partners_tier' [328.69 sec, 253.6 MB]
 [info] Processed 0 items (0 created, 0 updated, 0 failed, 0 ignored) - done with 'small_y_demo_block_partners_item' [328.69 sec, 253.61 MB]
 [info] Processed 1 item (1 created, 0 updated, 0 failed, 0 ignored) - done with 'small_y_demo_block_partners' [328.73 sec, 253.74 MB]
 [info] Processed 31 items (31 created, 0 updated, 0 failed, 0 ignored) - done with 'small_y_demo_block_ping_pong' [329.09 sec, 253.95 MB]
 [info] Processed 6 items (6 created, 0 updated, 0 failed, 0 ignored) - done with 'small_y_demo_block_ping_pong_section_item' [329.19 sec, 254.38 MB]
 [info] Processed 0 items (0 created, 0 updated, 0 failed, 0 ignored) - done with 'small_y_demo_block_ping_pong_section_item' [329.19 sec, 254.38 MB]
 [info] Processed 3 items (3 created, 0 updated, 0 failed, 0 ignored) - done with 'small_y_demo_block_ping_pong_section' [329.26 sec, 254.64 MB]
 [info] Processed 9 items (9 created, 0 updated, 0 failed, 0 ignored) - done with 'small_y_demo_block_staff_members_item' [329.36 sec, 255.24 MB]
 [info] Processed 0 items (0 created, 0 updated, 0 failed, 0 ignored) - done with 'small_y_demo_block_staff_members_item' [329.37 sec, 255.24 MB]
 [info] Processed 3 items (3 created, 0 updated, 0 failed, 0 ignored) - done with 'small_y_demo_block_staff_members' [329.48 sec, 253.14 MB]
 [info] Processed 14 items (14 created, 0 updated, 0 failed, 0 ignored) - done with 'small_y_demo_block_statistics_item' [329.63 sec, 253.91 MB]
 [info] Processed 0 items (0 created, 0 updated, 0 failed, 0 ignored) - done with 'small_y_demo_block_statistics_item' [329.63 sec, 253.92 MB]
 [info] Processed 4 items (4 created, 0 updated, 0 failed, 0 ignored) - done with 'small_y_demo_block_statistics' [329.72 sec, 254.29 MB]
 [info] Processed 20 items (20 created, 0 updated, 0 failed, 0 ignored) - done with 'small_y_demo_block_table_block' [329.92 sec, 255.36 MB]
 [info] Processed 4 items (4 created, 0 updated, 0 failed, 0 ignored) - done with 'small_y_demo_block_tab_item' [329.99 sec, 255.59 MB]
 [info] Processed 0 items (0 created, 0 updated, 0 failed, 0 ignored) - done with 'small_y_demo_block_tab_item' [329.99 sec, 255.6 MB]
 [info] Processed 1 item (1 created, 0 updated, 0 failed, 0 ignored) - done with 'small_y_demo_block_tabs' [330.03 sec, 255.73 MB]
 [info] Processed 6 items (6 created, 0 updated, 0 failed, 0 ignored) - done with 'small_y_demo_block_testimonial_item' [330.15 sec, 253.84 MB]
 [info] Processed 0 items (0 created, 0 updated, 0 failed, 0 ignored) - done with 'small_y_demo_block_testimonial_item' [330.15 sec, 253.85 MB]
 [info] Processed 2 items (2 created, 0 updated, 0 failed, 0 ignored) - done with 'small_y_demo_block_testimonials' [330.21 sec, 254.05 MB]
 [info] Processed 1 item (1 created, 0 updated, 0 failed, 0 ignored) - done with 'small_y_demo_block_webform' [330.24 sec, 254.14 MB]
 [info] Processed 0 items (0 created, 0 updated, 0 failed, 0 ignored) - done with 'small_y_demo_block_menu_cta' [330.24 sec, 254.15 MB]
 [info] Processed 27 items (27 created, 0 updated, 0 failed, 0 ignored) - done with 'small_y_demo_menu_link_main' [331.62 sec, 249.5 MB]
 [info] Processed 0 items (0 created, 0 updated, 0 failed, 0 ignored) - done with 'small_y_demo_tags' [331.62 sec, 249.72 MB]
 [info] Processed 0 items (0 created, 0 updated, 0 failed, 0 ignored) - done with 'small_y_demo_articles' [331.63 sec, 251.21 MB]
 [info] Processed 0 items (0 created, 0 updated, 0 failed, 0 ignored) - done with 'small_y_demo_block_articles_filter' [331.63 sec, 251.22 MB]
 [info] Processed 0 items (0 created, 0 updated, 0 failed, 0 ignored) - done with 'small_y_demo_block_articles_listing' [331.67 sec, 250.85 MB]
 [info] Processed 0 items (0 created, 0 updated, 0 failed, 0 ignored) - done with 'small_y_demo_block_banner_chevron' [331.68 sec, 250.85 MB]
 [info] Processed 0 items (0 created, 0 updated, 0 failed, 0 ignored) - done with 'small_y_demo_tags' [331.68 sec, 250.87 MB]
 [info] Processed 0 items (0 created, 0 updated, 0 failed, 0 ignored) - done with 'small_y_demo_articles' [331.69 sec, 250.88 MB]
 [info] Processed 0 items (0 created, 0 updated, 0 failed, 0 ignored) - done with 'small_y_demo_block_featured_article' [331.69 sec, 250.9 MB]
 [info] Processed 1 item (1 created, 0 updated, 0 failed, 0 ignored) - done with 'small_y_demo_page_articles_listing' [331.78 sec, 252.71 MB]
 [info] Processed 0 items (0 created, 0 updated, 0 failed, 0 ignored) - done with 'small_y_demo_block_banner_chevron' [331.78 sec, 252.72 MB]
 [info] Processed 0 items (0 created, 0 updated, 0 failed, 0 ignored) - done with 'small_y_demo_block_table_block' [331.79 sec, 252.73 MB]
 [info] Processed 0 items (0 created, 0 updated, 0 failed, 0 ignored) - done with 'small_y_demo_block_webform' [331.79 sec, 252.74 MB]
 [info] Processed 1 item (1 created, 0 updated, 0 failed, 0 ignored) - done with 'small_y_demo_page_contact_us' [331.86 sec, 253.12 MB]
 [info] Processed 0 items (0 created, 0 updated, 0 failed, 0 ignored) - done with 'small_y_demo_block_banner_chevron' [331.87 sec, 253.14 MB]
 [info] Processed 0 items (0 created, 0 updated, 0 failed, 0 ignored) - done with 'small_y_demo_block_events_filter' [331.87 sec, 253.15 MB]
 [info] Processed 0 items (0 created, 0 updated, 0 failed, 0 ignored) - done with 'small_y_demo_block_events_listing' [331.87 sec, 253.16 MB]
 [info] Processed 0 items (0 created, 0 updated, 0 failed, 0 ignored) - done with 'small_y_demo_block_table_block' [331.88 sec, 253.17 MB]
 [info] Processed 0 items (0 created, 0 updated, 0 failed, 0 ignored) - done with 'small_y_demo_tags' [331.88 sec, 253.18 MB]
 [info] Processed 0 items (0 created, 0 updated, 0 failed, 0 ignored) - done with 'small_y_demo_events' [331.88 sec, 253.19 MB]
 [info] Processed 0 items (0 created, 0 updated, 0 failed, 0 ignored) - done with 'small_y_demo_tags' [331.88 sec, 253.2 MB]
 [info] Processed 0 items (0 created, 0 updated, 0 failed, 0 ignored) - done with 'small_y_demo_events' [331.89 sec, 253.21 MB]
 [info] Processed 0 items (0 created, 0 updated, 0 failed, 0 ignored) - done with 'small_y_demo_block_featured_event' [331.89 sec, 253.23 MB]
 [info] Processed 1 item (1 created, 0 updated, 0 failed, 0 ignored) - done with 'small_y_demo_page_events_listing' [331.96 sec, 253.74 MB]
 [info] Processed 0 items (0 created, 0 updated, 0 failed, 0 ignored) - done with 'small_y_demo_block_table_block' [331.97 sec, 253.75 MB]
 [info] Processed 1 item (1 created, 0 updated, 0 failed, 0 ignored) - done with 'small_y_demo_page_homepage' [332.07 sec, 253.08 MB]
 [info] Processed 0 items (0 created, 0 updated, 0 failed, 0 ignored) - done with 'small_y_demo_block_location_finder' [332.07 sec, 253.09 MB]
 [info] Processed 1 item (1 created, 0 updated, 0 failed, 0 ignored) - done with 'small_y_demo_page_location_finder' [332.13 sec, 253.48 MB]
 [info] Processed 0 items (0 created, 0 updated, 0 failed, 0 ignored) - done with 'small_y_demo_block_accordion_item' [332.14 sec, 253.54 MB]
 [info] Processed 0 items (0 created, 0 updated, 0 failed, 0 ignored) - done with 'small_y_demo_block_accordion' [332.14 sec, 253.55 MB]
 [info] Processed 0 items (0 created, 0 updated, 0 failed, 0 ignored) - done with 'small_y_demo_block_banner_chevron' [332.14 sec, 253.56 MB]
 [info] Processed 0 items (0 created, 0 updated, 0 failed, 0 ignored) - done with 'small_y_demo_block_cards_item' [332.15 sec, 253.57 MB]
 [info] Processed 0 items (0 created, 0 updated, 0 failed, 0 ignored) - done with 'small_y_demo_block_cards' [332.15 sec, 253.58 MB]
 [info] Processed 0 items (0 created, 0 updated, 0 failed, 0 ignored) - done with 'small_y_demo_block_carousel_item' [332.15 sec, 253.59 MB]
 [info] Processed 0 items (0 created, 0 updated, 0 failed, 0 ignored) - done with 'small_y_demo_block_carousel' [332.16 sec, 253.61 MB]
 [info] Processed 0 items (0 created, 0 updated, 0 failed, 0 ignored) - done with 'small_y_demo_block_donate_item' [332.16 sec, 253.62 MB]
 [info] Processed 0 items (0 created, 0 updated, 0 failed, 0 ignored) - done with 'small_y_demo_block_donate' [332.16 sec, 253.63 MB]
 [info] Processed 0 items (0 created, 0 updated, 0 failed, 0 ignored) - done with 'small_y_demo_block_grid_cta_item' [332.16 sec, 253.64 MB]
 [info] Processed 0 items (0 created, 0 updated, 0 failed, 0 ignored) - done with 'small_y_demo_block_grid_cta' [332.17 sec, 253.65 MB]
 [info] Processed 0 items (0 created, 0 updated, 0 failed, 0 ignored) - done with 'small_y_demo_block_icon_grid_item' [332.17 sec, 253.66 MB]
 [info] Processed 0 items (0 created, 0 updated, 0 failed, 0 ignored) - done with 'small_y_demo_block_icon_grid' [332.17 sec, 253.67 MB]
 [info] Processed 0 items (0 created, 0 updated, 0 failed, 0 ignored) - done with 'small_y_demo_block_partners_item' [332.18 sec, 253.68 MB]
 [info] Processed 0 items (0 created, 0 updated, 0 failed, 0 ignored) - done with 'small_y_demo_block_partners' [332.18 sec, 253.69 MB]
 [info] Processed 0 items (0 created, 0 updated, 0 failed, 0 ignored) - done with 'small_y_demo_block_ping_pong_section_item' [332.18 sec, 253.7 MB]
 [info] Processed 0 items (0 created, 0 updated, 0 failed, 0 ignored) - done with 'small_y_demo_block_ping_pong_section' [332.18 sec, 253.71 MB]
 [info] Processed 0 items (0 created, 0 updated, 0 failed, 0 ignored) - done with 'small_y_demo_block_staff_members_item' [332.19 sec, 253.73 MB]
 [info] Processed 0 items (0 created, 0 updated, 0 failed, 0 ignored) - done with 'small_y_demo_block_staff_members' [332.19 sec, 253.74 MB]
 [info] Processed 0 items (0 created, 0 updated, 0 failed, 0 ignored) - done with 'small_y_demo_block_statistics_item' [332.2 sec, 253.75 MB]
 [info] Processed 0 items (0 created, 0 updated, 0 failed, 0 ignored) - done with 'small_y_demo_block_statistics' [332.2 sec, 253.76 MB]
 [info] Processed 0 items (0 created, 0 updated, 0 failed, 0 ignored) - done with 'small_y_demo_block_table_block' [332.21 sec, 253.76 MB]
 [info] Processed 0 items (0 created, 0 updated, 0 failed, 0 ignored) - done with 'small_y_demo_block_tab_item' [332.21 sec, 253.78 MB]
 [info] Processed 0 items (0 created, 0 updated, 0 failed, 0 ignored) - done with 'small_y_demo_block_tabs' [332.21 sec, 253.79 MB]
 [info] Processed 0 items (0 created, 0 updated, 0 failed, 0 ignored) - done with 'small_y_demo_block_testimonial_item' [332.22 sec, 253.8 MB]
 [info] Processed 0 items (0 created, 0 updated, 0 failed, 0 ignored) - done with 'small_y_demo_block_testimonials' [332.22 sec, 253.81 MB]
 [info] Processed 1 item (1 created, 0 updated, 0 failed, 0 ignored) - done with 'small_y_demo_page_ui_kit' [332.39 sec, 254.46 MB]
 [info] small_y_demo_content module uninstalled. [334.11 sec, 253.25 MB]
 [info] openy_demo_tcolor module uninstalled. [336.35 sec, 289.5 MB]
 [info] openy_demo_taxonomy module uninstalled. [337.71 sec, 289.18 MB]
 [notice] Performed install task: openy_import_content [338.54 sec, 316.04 MB]
 [warning] You have manual updated system.site config from Open Y profile. [338.81 sec, 236.18 MB]
 [notice] Performed install task: openy_set_frontpage [338.81 sec, 236.02 MB]
 [notice] Performed install task: openy_discover_broken_paragraphs [338.81 sec, 236.03 MB]
 [notice] Performed install task: openy_fix_configured_paragraph_blocks [338.81 sec, 236.03 MB]
PHP Deprecated:  Drupal\openy\Form\ThirdPartyServicesForm::buildForm(): Implicitly marking parameter $install_state as nullable is deprecated, the explicit nullable type must be used instead in /var/www/html/docroot/profiles/contrib/yusaopeny/src/Form/ThirdPartyServicesForm.php on line 65

Deprecated: Drupal\openy\Form\ThirdPartyServicesForm::buildForm(): Implicitly marking parameter $install_state as nullable is deprecated, the explicit nullable type must be used instead in /var/www/html/docroot/profiles/contrib/yusaopeny/src/Form/ThirdPartyServicesForm.php on line 65
 [notice] Performed install task: openy_third_party_services [338.85 sec, 236.17 MB]
PHP Deprecated:  Drupal\openy\Form\UploadFontMessageForm::buildForm(): Implicitly marking parameter $install_state as nullable is deprecated, the explicit nullable type must be used instead in /var/www/html/docroot/profiles/contrib/yusaopeny/src/Form/UploadFontMessageForm.php on line 23

Deprecated: Drupal\openy\Form\UploadFontMessageForm::buildForm(): Implicitly marking parameter $install_state as nullable is deprecated, the explicit nullable type must be used instead in /var/www/html/docroot/profiles/contrib/yusaopeny/src/Form/UploadFontMessageForm.php on line 23
 [notice] Performed install task: openy_upload_font_message [338.87 sec, 236.66 MB]
 [notice] Performed install task: openy_gtranslate_place_blocks [338.89 sec, 236.82 MB]
 [notice] Performed install task: openy_install_finish [339.66 sec, 256.25 MB]
 [notice] Performed install task: openy_terms_and_condition_db_save [339.67 sec, 256.3 MB]
 [notice] Performed install task: install_finished [340.14 sec, 255.65 MB]
 [success] Installation complete. (Admin) [340.15 sec, 255.71 MB]
 [success] User name: admin  User password: KjeHzxZKLf [340.15 sec, 255.71 MB]

---

XHPROF run https://issue3492438.ddev.site:8142/run/view?id=6960d3b79786e7ac93f0f407

