ddev drush sql-drop -y && ddev drush -vy site:install openy     openy_configure_profile.preset=small_y     openy_theme_select.theme=openy_carnation     openy_terms_of_use.agree_openy_terms=1     install_configure_form.enable_update_status_emails=NULL     --account-name=admin     --site-name='YMCA Website Services Profiling core 11.3 issue 3492438 without patch' -d -vvvv

 // Do you really want to drop all tables in the database db?: yes.             

 [preflight] Config paths: /var/www/html/vendor/drush/drush/drush.yml
 [preflight] Alias paths: /var/www/html/docroot/drush/sites,/var/www/html/drush/sites
 [preflight] Commandfile search paths: /var/www/html/vendor/drush/drush/src
 [debug] Add listener Drush\Listeners\BootstrapListener::__invoke [0.86 sec, 2.76 MB]
 [debug] Add listener Drush\Listeners\DrupliconListener::onConsoleDefinitionEvent [0.86 sec, 2.79 MB]
 [debug] Add listener Drush\Listeners\DrupliconListener::onConsoleTerminateEvent [0.86 sec, 2.79 MB]
 [debug] Add listener Drush\Listeners\FilterDefaultFieldListener::__invoke [0.86 sec, 2.79 MB]
 [debug] Add listener Drush\Listeners\FormatterListener::__invoke [0.86 sec, 2.79 MB]
 [debug] Add listener Drush\Listeners\HelpLinksListener::__invoke [0.86 sec, 2.79 MB]
 [debug] Add listener Drush\Listeners\OptionsetGetEditorListener::__invoke [0.86 sec, 2.79 MB]
 [debug] Add listener Drush\Listeners\OptionsetProcBuildListener::__invoke [0.86 sec, 2.79 MB]
 [debug] Add listener Drush\Listeners\OptionsetSqlListener::__invoke [0.86 sec, 2.79 MB]
 [debug] Add listener Drush\Listeners\OptionsetSshListener::__invoke [0.86 sec, 2.79 MB]
 [debug] Add listener Drush\Listeners\OptionsetTableSelectionListener::__invoke [0.86 sec, 2.79 MB]
 [debug] Add command Drush\Commands\ExampleCommands [0.9 sec, 3.61 MB]
 [debug] Add command Drush\Commands\LegacyCommands [0.9 sec, 3.61 MB]
 [debug] Add command Drush\Commands\OptionsCommands [0.9 sec, 3.61 MB]
 [debug] Add command Drush\Commands\ValidatorsCommands [0.9 sec, 3.61 MB]
 [debug] Add command Drush\Commands\config\ConfigPullCommands [0.9 sec, 3.61 MB]
 [debug] Add command Drush\Commands\core\ArchiveDumpCommands [0.9 sec, 3.61 MB]
 [debug] Add command Drush\Commands\core\BatchCommands [0.9 sec, 3.61 MB]
 [debug] Add command Drush\Commands\core\CacheRebuildCommands [0.9 sec, 3.61 MB]
 [debug] Add command Drush\Commands\core\CoreCommands [0.9 sec, 3.61 MB]
 [debug] Add command Drush\Commands\core\DeployCommands [0.9 sec, 3.61 MB]
 [debug] Add command Drush\Commands\core\DocsCommands [0.9 sec, 3.61 MB]
 [debug] Add command Drush\Commands\core\DrupliconCommands [0.9 sec, 3.61 MB]
 [debug] Add command Drush\Commands\core\ImageCommands [0.9 sec, 3.61 MB]
 [debug] Add command Drush\Commands\core\JsonapiCommands [0.9 sec, 3.61 MB]
 [debug] Add command Drush\Commands\core\LoginCommands [0.9 sec, 3.61 MB]
 [debug] Add command Drush\Commands\core\MkCommands [0.9 sec, 3.61 MB]
 [debug] Add command Drush\Commands\core\NotifyCommands [0.9 sec, 3.61 MB]
 [debug] Add command Drush\Commands\core\PhpCommands [0.9 sec, 3.61 MB]
 [debug] Add command Drush\Commands\core\RsyncCommands [0.9 sec, 3.61 MB]
 [debug] Add command Drush\Commands\core\RunserverCommands [0.9 sec, 3.61 MB]
 [debug] Add command Drush\Commands\core\SiteCommands [0.9 sec, 3.61 MB]
 [debug] Add command Drush\Commands\core\SiteInstallCommands [0.9 sec, 3.61 MB]
 [debug] Add command Drush\Commands\core\SshCommands [0.9 sec, 3.61 MB]
 [debug] Add command Drush\Commands\core\StatusCommands [0.9 sec, 3.61 MB]
 [debug] Add command Drush\Commands\core\TopicCommands [0.9 sec, 3.61 MB]
 [debug] Add command Drush\Commands\core\UpdateDBCommands [0.9 sec, 3.61 MB]
 [debug] Add command Drush\Commands\core\XhprofCommands [0.9 sec, 3.61 MB]
 [debug] Add command Drush\Commands\help\HelpCommands [0.9 sec, 3.61 MB]
 [debug] Add command Drush\Commands\help\ListCommands [0.9 sec, 3.61 MB]
 [debug] Add command Drush\Commands\sql\SqlCommands [0.9 sec, 3.61 MB]
 [debug] Add command Drush\Commands\sql\SqlSyncCommands [0.9 sec, 3.61 MB]
 [debug] Add command Consolidation\Filter\Hooks\FilterHooks [0.9 sec, 3.61 MB]
 [info] Starting bootstrap to root [0.95 sec, 4.98 MB]
 [info] Drush bootstrap phase 1 [0.95 sec, 4.99 MB]
 [info] Drush bootstrap phase: bootstrapDrupalRoot() [0.95 sec, 5 MB]
 [info] Change working directory to /var/www/html/docroot [0.95 sec, 5 MB]
 [info] Initialized Drupal 11.3.2 root directory at /var/www/html/docroot [0.95 sec, 5.07 MB]
 [info] Drush bootstrap phase: bootstrapDrupalSite() [0.96 sec, 5.29 MB]
 [debug] Could not find a Drush config file at sites/default/drush.yml. [0.96 sec, 5.31 MB]
 [info] Initialized Drupal site issue3492438.ddev.site at sites/default [0.96 sec, 5.32 MB]
 [info] Drush bootstrap phase: bootstrapDrupalConfiguration() [0.96 sec, 5.32 MB]
 [info] Executing: mysql --version [0.97 sec, 5.6 MB]
 [info] Executing: command -v mariadb [0.97 sec, 5.63 MB]
 [info] Executing: command -v mariadb-dump [0.97 sec, 5.64 MB]
 [info] sql:query: SELECT VERSION();" [0.98 sec, 5.72 MB]
 [info] Executing: mariadb --defaults-file=/tmp/drush_gm4pin990br85hmq02q --database=db --host=db --port=3306 --silent -A < /tmp/drush_3tg4799tlfoq8JDfrmY [0.98 sec, 5.72 MB]
 [info] Executing: mysql --version [0.98 sec, 5.73 MB]
 [info] Executing: command -v mariadb [0.99 sec, 5.74 MB]
 [info] Executing: command -v mariadb-dump [0.99 sec, 5.74 MB]
 [info] sql:query: SELECT VERSION();" [0.99 sec, 5.73 MB]
 [info] Executing: mariadb --defaults-file=/tmp/drush_b8po24q9kil0aSrIo3I --database=db --host=db --port=3306 --silent -A < /tmp/drush_1oknr3v386sjdo8E6cp [0.99 sec, 5.74 MB]
 [info] Executing: command -v mariadb [1 sec, 5.75 MB]
 [info] sql:query: SELECT 1; [1 sec, 5.75 MB]
 [info] Executing: mariadb --defaults-file=/tmp/drush_7i9j0c1otvnhfOwZK5n --database=db --host=db --port=3306 --silent -A < /tmp/drush_m55q2na4an052nkAsrU [1 sec, 5.75 MB]
 You are about to:
 * DROP all tables in your 'db' database.

 // Do you want to continue?: yes.                                              

 [info] Sites directory sites/default already exists - proceeding. [1.01 sec, 5.79 MB]
 [info] sql:query: SELECT 1; [1.01 sec, 5.79 MB]
 [info] Executing: mariadb --defaults-file=/tmp/drush_dc1m6usmh6ei2sCqI6s --database=db --host=db --port=3306 --silent -A < /tmp/drush_oqdels9ae7dj3BbwsrP [1.01 sec, 5.79 MB]
 [info] sql:query: SHOW TABLES; [1.01 sec, 5.79 MB]
 [info] Executing: mariadb --defaults-file=/tmp/drush_skbaobt7srs9cPcJz0f --database=db --host=db --port=3306 --silent -A < /tmp/drush_e9m5ohhj69boadeI3kK [1.01 sec, 5.79 MB]
 [info] Executing: mysql --version [1.02 sec, 5.83 MB]
 [info] Executing: command -v mariadb [1.02 sec, 5.84 MB]
 [info] Executing: command -v mariadb-dump [1.02 sec, 5.84 MB]
 [info] sql:query: SELECT VERSION();" [1.03 sec, 5.84 MB]
 [info] Executing: mariadb --defaults-file=/tmp/drush_m89qo45p5nereGebKoC --database=db --host=db --port=3306 --silent -A < /tmp/drush_d14mi15hr43pa9WVjbi [1.03 sec, 5.84 MB]
 [notice] Starting Drupal installation. This takes a while. [1.03 sec, 5.84 MB]
 [debug] Calling install_drupal(Composer\Autoload\ClassLoader, array, array) [1.03 sec, 5.85 MB]
 [notice] Performed install task: openy_terms_of_use [1.82 sec, 17.95 MB]
 [notice] Performed install task: install_select_language [1.82 sec, 17.96 MB]
 [notice] Performed install task: install_select_profile [1.82 sec, 17.96 MB]
 [notice] Performed install task: install_load_profile [1.82 sec, 17.96 MB]
 [notice] Performed install task: install_verify_requirements [1.84 sec, 18.56 MB]
 [notice] Performed install task: install_verify_database_ready [1.84 sec, 18.56 MB]
 [info] mysql module installed. [2.95 sec, 32.94 MB]
 [info] system module installed. [3.37 sec, 35.62 MB]
 [notice] Performed install task: install_base_system [3.37 sec, 35.63 MB]
 [notice] Performed install task: install_bootstrap_full [3.37 sec, 35.65 MB]
 [info] user module installed. [4.5 sec, 43.69 MB]
 [info] path_alias module installed. [4.5 sec, 43.69 MB]
 [info] config module installed. [4.5 sec, 43.69 MB]
 [info] contact module installed. [4.66 sec, 45.41 MB]
 [info] exif_orientation module installed. [4.66 sec, 45.41 MB]
 [info] admin_toolbar_tools module installed. [4.66 sec, 45.41 MB]
 [info] captcha module installed. [4.67 sec, 45.44 MB]
 [info] image_captcha module installed. [4.67 sec, 45.45 MB]
 [info] recaptcha module installed. [4.67 sec, 45.44 MB]
 [info] block module installed. [4.67 sec, 45.44 MB]
 [info] field module installed. [4.67 sec, 45.44 MB]
 [info] filter module installed. [4.68 sec, 45.64 MB]
 [info] text module installed. [4.68 sec, 45.64 MB]
 [info] block_content module installed. [4.68 sec, 45.44 MB]
 [info] breakpoint module installed. [4.68 sec, 45.44 MB]
 [info] file module installed. [4.68 sec, 45.44 MB]
 [info] editor module installed. [4.68 sec, 45.44 MB]
 [info] ckeditor5 module installed. [4.68 sec, 45.44 MB]
 [info] language module installed. [4.72 sec, 45.52 MB]
 [info] contextual module installed. [4.72 sec, 45.52 MB]
PHP Deprecated:  Drupal\layout_builder\EventSubscriber\BlockComponentRenderArray::__construct(): Implicitly marking parameter $module_handler as nullable is deprecated, the explicit nullable type must be used instead in /var/www/html/docroot/core/modules/layout_builder/src/EventSubscriber/BlockComponentRenderArray.php on line 53

Deprecated: Drupal\layout_builder\EventSubscriber\BlockComponentRenderArray::__construct(): Implicitly marking parameter $module_handler as nullable is deprecated, the explicit nullable type must be used instead in /var/www/html/docroot/core/modules/layout_builder/src/EventSubscriber/BlockComponentRenderArray.php on line 53
 [info] datetime module installed. [6.11 sec, 49.18 MB]
 [info] datetime_range module installed. [6.11 sec, 49.18 MB]
 [info] layout_discovery module installed. [6.11 sec, 49.18 MB]
 [info] help module installed. [6.11 sec, 49.18 MB]
 [info] node module installed. [6.42 sec, 54.06 MB]
 [info] image module installed. [6.43 sec, 53.87 MB]
 [info] layout_builder module installed. [6.43 sec, 53.87 MB]
 [info] link module installed. [6.43 sec, 53.87 MB]
 [info] media module installed. [6.5 sec, 53.86 MB]
 [info] views module installed. [6.5 sec, 53.82 MB]
 [info] media_library module installed. [6.68 sec, 59.27 MB]
 [info] menu_link_content module installed. [6.68 sec, 59.26 MB]
 [info] menu_ui module installed. [6.68 sec, 59.26 MB]
 [info] migrate module installed. [6.68 sec, 59.26 MB]
 [info] options module installed. [6.68 sec, 59.26 MB]
 [info] path module installed. [6.68 sec, 59.26 MB]
 [info] toolbar module installed. [6.68 sec, 59.26 MB]
 [info] shortcut module installed. [6.69 sec, 59.01 MB]
 [info] taxonomy module installed. [6.7 sec, 57.9 MB]
 [info] telephone module installed. [6.7 sec, 57.9 MB]
PHP Deprecated:  field_group_form_process(): Implicitly marking parameter $form_state as nullable is deprecated, the explicit nullable type must be used instead in /var/www/html/docroot/modules/contrib/field_group/field_group.module on line 426

Deprecated: field_group_form_process(): Implicitly marking parameter $form_state as nullable is deprecated, the explicit nullable type must be used instead in /var/www/html/docroot/modules/contrib/field_group/field_group.module on line 426
PHP Deprecated:  field_group_field_group_form_process_build_alter(): Implicitly marking parameter $form_state as nullable is deprecated, the explicit nullable type must be used instead in /var/www/html/docroot/modules/contrib/field_group/field_group.module on line 493

Deprecated: field_group_field_group_form_process_build_alter(): Implicitly marking parameter $form_state as nullable is deprecated, the explicit nullable type must be used instead in /var/www/html/docroot/modules/contrib/field_group/field_group.module on line 493
PHP Deprecated:  field_group_fields_nest(): Implicitly marking parameter $vars as nullable is deprecated, the explicit nullable type must be used instead in /var/www/html/docroot/modules/contrib/field_group/field_group.module on line 637

Deprecated: field_group_fields_nest(): Implicitly marking parameter $vars as nullable is deprecated, the explicit nullable type must be used instead in /var/www/html/docroot/modules/contrib/field_group/field_group.module on line 637
PHP Deprecated:  field_group_field_layout_fields_nest(): Implicitly marking parameter $vars as nullable is deprecated, the explicit nullable type must be used instead in /var/www/html/docroot/modules/contrib/field_group/field_group.module on line 730

Deprecated: field_group_field_layout_fields_nest(): Implicitly marking parameter $vars as nullable is deprecated, the explicit nullable type must be used instead in /var/www/html/docroot/modules/contrib/field_group/field_group.module on line 730
PHP Deprecated:  field_group_group_save(): Implicitly marking parameter $display as nullable is deprecated, the explicit nullable type must be used instead in /var/www/html/docroot/modules/contrib/field_group/field_group.module on line 877

Deprecated: field_group_group_save(): Implicitly marking parameter $display as nullable is deprecated, the explicit nullable type must be used instead in /var/www/html/docroot/modules/contrib/field_group/field_group.module on line 877
 [info] admin_toolbar module installed. [7.79 sec, 58.65 MB]
 [info] field_group module installed. [7.79 sec, 58.65 MB]
 [info] libraries module installed. [7.79 sec, 58.65 MB]
 [info] datalayer module installed. [7.79 sec, 58.65 MB]
 [info] advanced_help_block module installed. [8.13 sec, 63.5 MB]
 [info] blazy module installed. [8.13 sec, 63.5 MB]
 [info] media_library_form_element module installed. [8.13 sec, 63.5 MB]
 [info] bootstrap_styles module installed. [8.13 sec, 63.5 MB]
 [info] bootstrap_layout_builder module installed. [8.2 sec, 63.67 MB]
 [info] ckeditor5_paste_filter module installed. [8.2 sec, 63.67 MB]
 [info] ckeditor5_plugin_pack module installed. [8.2 sec, 63.68 MB]
 [info] ckeditor5_plugin_pack_font module installed. [8.2 sec, 63.68 MB]
 [info] colorapi module installed. [8.2 sec, 63.68 MB]
 [info] config_import module installed. [8.21 sec, 63.68 MB]
 [info] crop module installed. [8.21 sec, 63.68 MB]
 [info] diff module installed. [8.44 sec, 66.6 MB]
 [info] editor_advanced_link module installed. [8.44 sec, 66.24 MB]
 [info] embed module installed. [8.44 sec, 66.24 MB]
 [info] entity_embed module installed. [8.44 sec, 66.24 MB]
 [info] entity_reference_revisions module installed. [8.44 sec, 66.24 MB]
 [info] focal_point module installed. [10.08 sec, 71.37 MB]
 [info] jquery_ui module installed. [10.08 sec, 71.37 MB]
 [info] migrate_tools module installed. [10.08 sec, 71.37 MB]
 [info] image_widget_crop module installed. [10.08 sec, 71.37 MB]
 [info] jquery_ui_tabs module installed. [10.08 sec, 71.37 MB]
 [info] jquery_ui_tooltip module installed. [10.08 sec, 71.37 MB]
 [info] layout_builder_blocks module installed. [10.08 sec, 71.37 MB]
 [info] layout_builder_operation_link module installed. [10.08 sec, 71.37 MB]
 [info] layout_builder_restrictions module installed. [10.08 sec, 71.37 MB]
 [info] layout_builder_save_and_edit module installed. [10.08 sec, 71.37 MB]
 [info] paragraphs module installed. [10.11 sec, 73.72 MB]
 [info] node_revision_delete module installed. [10.11 sec, 73.71 MB]
PHP Deprecated:  Drupal\openy_upgrade_tool\Form\OpenyUpgradeLogForm::__construct(): Implicitly marking parameter $entity_type_bundle_info as nullable is deprecated, the explicit nullable type must be used instead in /var/www/html/docroot/modules/contrib/upgrade_tool/src/Form/OpenyUpgradeLogForm.php on line 30

Deprecated: Drupal\openy_upgrade_tool\Form\OpenyUpgradeLogForm::__construct(): Implicitly marking parameter $entity_type_bundle_info as nullable is deprecated, the explicit nullable type must be used instead in /var/www/html/docroot/modules/contrib/upgrade_tool/src/Form/OpenyUpgradeLogForm.php on line 30
PHP Deprecated:  Drupal\openy_upgrade_tool\Form\OpenyUpgradeLogForm::__construct(): Implicitly marking parameter $time as nullable is deprecated, the explicit nullable type must be used instead in /var/www/html/docroot/modules/contrib/upgrade_tool/src/Form/OpenyUpgradeLogForm.php on line 30

Deprecated: Drupal\openy_upgrade_tool\Form\OpenyUpgradeLogForm::__construct(): Implicitly marking parameter $time as nullable is deprecated, the explicit nullable type must be used instead in /var/www/html/docroot/modules/contrib/upgrade_tool/src/Form/OpenyUpgradeLogForm.php on line 30
 [info] scheduler module installed. [10.39 sec, 81.49 MB]
 [info] token module installed. [10.55 sec, 79.17 MB]
 [info] pathauto module installed. [10.55 sec, 78.75 MB]
 [info] metatag module installed. [10.57 sec, 78.77 MB]
 [info] openy_focal_point module installed. [10.58 sec, 79.18 MB]
 [info] rabbit_hole module installed. [10.58 sec, 78.8 MB]
 [info] openy_upgrade_tool module installed. [10.64 sec, 80.16 MB]
 [info] openy_media module installed. [10.87 sec, 79.83 MB]
 [info] Scheduled Taxonomy Terms view loaded from source. [11.79 sec, 81.72 MB]
 [info] Scheduled Content view updated. [12 sec, 81.7 MB]
 [info] Scheduled Media view loaded from source. [12.23 sec, 84.6 MB]
 [warning] OpenyUpgradeToolConfigInstaller: Allowing duplicate OpenY config: diff.settings. This is a legacy workaround and should be fixed in the distro. [12.38 sec, 87.18 MB]
PHP Deprecated:  Drupal\y_lb\Form\YLBOverridesEntityForm::buildForm(): Implicitly marking parameter $section_storage as nullable is deprecated, the explicit nullable type must be used instead in /var/www/html/docroot/modules/contrib/y_lb/src/Form/YLBOverridesEntityForm.php on line 17

Deprecated: Drupal\y_lb\Form\YLBOverridesEntityForm::buildForm(): Implicitly marking parameter $section_storage as nullable is deprecated, the explicit nullable type must be used instead in /var/www/html/docroot/modules/contrib/y_lb/src/Form/YLBOverridesEntityForm.php on line 17
 [info] openy_media_image module installed. [14.33 sec, 93.46 MB]
 [info] openy_menu module installed. [14.33 sec, 93.46 MB]
 [info] openy_menu_footer module installed. [14.48 sec, 96.12 MB]
 [info] openy_menu_utility module installed. [14.54 sec, 97.21 MB]
 [info] openy_gtranslate module installed. [14.54 sec, 97.21 MB]
 [info] simple_sitemap module installed. [14.55 sec, 97.27 MB]
 [info] lb_claro module installed. [14.55 sec, 97.27 MB]
PHP Deprecated:  Drupal\y_lb\Plugin\Block\SiteLogoBlock::__construct(): Implicitly marking parameter $file_url_generator as nullable is deprecated, the explicit nullable type must be used instead in /var/www/html/docroot/modules/contrib/y_lb/src/Plugin/Block/SiteLogoBlock.php on line 82

Deprecated: Drupal\y_lb\Plugin\Block\SiteLogoBlock::__construct(): Implicitly marking parameter $file_url_generator as nullable is deprecated, the explicit nullable type must be used instead in /var/www/html/docroot/modules/contrib/y_lb/src/Plugin/Block/SiteLogoBlock.php on line 82
PHP Deprecated:  Drupal\y_lb\Plugin\Block\SiteLogoBlock::__construct(): Implicitly marking parameter $module_list as nullable is deprecated, the explicit nullable type must be used instead in /var/www/html/docroot/modules/contrib/y_lb/src/Plugin/Block/SiteLogoBlock.php on line 82

Deprecated: Drupal\y_lb\Plugin\Block\SiteLogoBlock::__construct(): Implicitly marking parameter $module_list as nullable is deprecated, the explicit nullable type must be used instead in /var/www/html/docroot/modules/contrib/y_lb/src/Plugin/Block/SiteLogoBlock.php on line 82
 [info] y_lb module installed. [15.04 sec, 96.48 MB]
 [info] link_attributes module installed. [15.04 sec, 96.48 MB]
 [info] openy_system module installed. [15.04 sec, 96.48 MB]
 [info] plugin module installed. [15.04 sec, 96.48 MB]
 [info] openy_er module installed. [15.04 sec, 96.48 MB]
 [info] openy_node module installed. [15.24 sec, 97.24 MB]
 [info] twig_tweak module installed. [15.24 sec, 97.24 MB]
 [info] metatag_open_graph module installed. [15.24 sec, 97.24 MB]
 [info] migrate_plus module installed. [15.24 sec, 97.24 MB]
 [info] openy_block module installed. [15.27 sec, 97.32 MB]
 [info] openy_txnm_color module installed. [15.43 sec, 97.86 MB]
 [info] openy_migrate module installed. [15.43 sec, 97.86 MB]
PHP Deprecated:  Drupal\openy_upgrade_tool\Plugin\Action\ApplyCurrentActiveVersionAction::access(): Implicitly marking parameter $account as nullable is deprecated, the explicit nullable type must be used instead in /var/www/html/docroot/modules/contrib/upgrade_tool/src/Plugin/Action/ApplyCurrentActiveVersionAction.php on line 29

Deprecated: Drupal\openy_upgrade_tool\Plugin\Action\ApplyCurrentActiveVersionAction::access(): Implicitly marking parameter $account as nullable is deprecated, the explicit nullable type must be used instead in /var/www/html/docroot/modules/contrib/upgrade_tool/src/Plugin/Action/ApplyCurrentActiveVersionAction.php on line 29
PHP Deprecated:  Drupal\openy_upgrade_tool\Plugin\Action\ApplyOpenyVersionAction::access(): Implicitly marking parameter $account as nullable is deprecated, the explicit nullable type must be used instead in /var/www/html/docroot/modules/contrib/upgrade_tool/src/Plugin/Action/ApplyOpenyVersionAction.php on line 29

Deprecated: Drupal\openy_upgrade_tool\Plugin\Action\ApplyOpenyVersionAction::access(): Implicitly marking parameter $account as nullable is deprecated, the explicit nullable type must be used instead in /var/www/html/docroot/modules/contrib/upgrade_tool/src/Plugin/Action/ApplyOpenyVersionAction.php on line 29
 [info] redirect module installed. [15.59 sec, 103.85 MB]
 [info] Creation of dynamic property Drupal\openy_upgrade_tool\ConfigUpdater::$moduleExtensionList is deprecated ConfigImporterService.php:176 [15.64 sec, 86.79 MB]
 [warning] OpenyUpgradeToolConfigInstaller: Allowing duplicate OpenY config: datalayer.settings. This is a legacy workaround and should be fixed in the distro. [15.77 sec, 88.77 MB]
PHP Deprecated:  Drupal\video\StreamWrapper\VideoRemoteStreamWrapper::basePath(): Implicitly marking parameter $site_path as nullable is deprecated, the explicit nullable type must be used instead in /var/www/html/docroot/modules/contrib/video/src/StreamWrapper/VideoRemoteStreamWrapper.php on line 53

Deprecated: Drupal\video\StreamWrapper\VideoRemoteStreamWrapper::basePath(): Implicitly marking parameter $site_path as nullable is deprecated, the explicit nullable type must be used instead in /var/www/html/docroot/modules/contrib/video/src/StreamWrapper/VideoRemoteStreamWrapper.php on line 53
 [info] openy_redirect module installed. [17.08 sec, 87.48 MB]
 [info] openy_block_custom_simple module installed. [17.68 sec, 88.74 MB]
 [info] slick module installed. [17.68 sec, 88.75 MB]
 [info] openy_taxonomy module installed. [17.72 sec, 88.65 MB]
 [info] openy_node_landing module installed. [18.05 sec, 89.49 MB]
 [info] openy_datalayer module installed. [18.05 sec, 89.49 MB]
 [info] token_filter module installed. [18.05 sec, 89.49 MB]
 [info] openy_editor module installed. [18.08 sec, 90.02 MB]
 [warning] You have manual updated embed.button.embed_document config from Open Y profile. [18.47 sec, 94.09 MB]
 [warning] You have manual updated embed.button.embed_document config from Open Y profile. [18.48 sec, 94.25 MB]
 [info] openy_media_document module installed. [18.48 sec, 94.09 MB]
 [info] video module installed. [18.49 sec, 93.6 MB]
 [warning] You have manual updated embed.button.embed_local_video config from Open Y profile. [18.71 sec, 94.19 MB]
 [warning] You have manual updated embed.button.embed_local_video config from Open Y profile. [18.72 sec, 94.29 MB]
 [info] openy_media_local_video module installed. [18.72 sec, 94.13 MB]
 [info] video_embed_field module installed. [18.72 sec, 93.65 MB]
 [info] video_embed_media module installed. [18.72 sec, 93.66 MB]
 [warning] You have manual updated embed.button.embed_video config from Open Y profile. [19.08 sec, 94.52 MB]
 [warning] You have manual updated embed.button.embed_video config from Open Y profile. [19.09 sec, 94.62 MB]
 [info] openy_media_video module installed. [19.09 sec, 94.46 MB]
 [info] openy_menu_main module installed. [19.09 sec, 94.44 MB]
 [info] responsive_favicons module installed. [19.09 sec, 93.98 MB]
 [info] simple_menu_icons module installed. [19.09 sec, 93.98 MB]
 [notice] Performed install task: install_profile_modules [19.15 sec, 94.34 MB]
 [info] claro theme installed. [19.18 sec, 96.09 MB]
 [info] openy_admin theme installed. [19.19 sec, 96.09 MB]
 [notice] Performed install task: install_profile_themes [19.98 sec, 100.26 MB]
PHP Deprecated:  Drupal\openy_taxonomy\Plugin\views\filter\BetterTaxonomyIndexTid::init(): Implicitly marking parameter $options as nullable is deprecated, the explicit nullable type must be used instead in /var/www/html/docroot/modules/contrib/openy_features/openy_taxonomy/src/Plugin/views/filter/BetterTaxonomyIndexTid.php on line 81

Deprecated: Drupal\openy_taxonomy\Plugin\views\filter\BetterTaxonomyIndexTid::init(): Implicitly marking parameter $options as nullable is deprecated, the explicit nullable type must be used instead in /var/www/html/docroot/modules/contrib/openy_features/openy_taxonomy/src/Plugin/views/filter/BetterTaxonomyIndexTid.php on line 81
 [warning] You have manual updated metatag.metatag_defaults.node config from Open Y profile. [22.71 sec, 131.02 MB]
 [warning] You have manual updated views.view.taxonomy_term config from Open Y profile. [22.89 sec, 135.55 MB]
 [warning] OpenyUpgradeToolConfigInstaller: Allowing duplicate OpenY config: user.role.administrator. This is a legacy workaround and should be fixed in the distro. [23.04 sec, 135.89 MB]
 [warning] OpenyUpgradeToolConfigInstaller: Allowing duplicate OpenY config: user.role.anonymous. This is a legacy workaround and should be fixed in the distro. [23.04 sec, 135.89 MB]
 [warning] OpenyUpgradeToolConfigInstaller: Allowing duplicate OpenY config: user.role.authenticated. This is a legacy workaround and should be fixed in the distro. [23.04 sec, 135.89 MB]
 [warning] OpenyUpgradeToolConfigInstaller: Allowing duplicate OpenY config: user.settings. This is a legacy workaround and should be fixed in the distro. [23.04 sec, 135.89 MB]
 [info] serialization module installed. [24.07 sec, 144.2 MB]
 [info] rest module installed. [24.07 sec, 144.2 MB]
 [info] ctools module installed. [24.07 sec, 144.2 MB]
 [info] draggableviews module installed. [24.07 sec, 144.2 MB]
 [info] google_analytics module installed. [24.46 sec, 151.44 MB]
 [info] hal module installed. [24.46 sec, 149.99 MB]
 [info] openy_popups module installed. [24.47 sec, 147.93 MB]
 [info] slick_views module installed. [24.47 sec, 147.93 MB]
 [info] Open Y has upgraded user.role.anonymous config. [25.52 sec, 157.37 MB]
 [info] Open Y has upgraded user.role.authenticated config. [25.6 sec, 159.9 MB]
 [info] openy_node_alert module installed. [25.66 sec, 161.06 MB]
 [info] openy_user module installed. [26.06 sec, 157.83 MB]
 [info] openy module installed. [26.24 sec, 136.3 MB]
 [notice] Performed install task: install_install_profile [26.28 sec, 124.02 MB]
 [warning] You have manual updated system.site config from Open Y profile. [26.42 sec, 108.33 MB]
 [info] update module installed. [27.41 sec, 119.04 MB]
 [notice] Performed install task: install_configure_form [28.09 sec, 124.41 MB]
PHP Deprecated:  Drupal\openy\Form\SearchSelectForm::buildForm(): Implicitly marking parameter $install_state as nullable is deprecated, the explicit nullable type must be used instead in /var/www/html/docroot/profiles/contrib/yusaopeny/src/Form/SearchSelectForm.php on line 23

Deprecated: Drupal\openy\Form\SearchSelectForm::buildForm(): Implicitly marking parameter $install_state as nullable is deprecated, the explicit nullable type must be used instead in /var/www/html/docroot/profiles/contrib/yusaopeny/src/Form/SearchSelectForm.php on line 23
 [notice] Performed install task: openy_select_search [28.12 sec, 118.63 MB]
 [notice] Performed install task: openy_google_search [28.12 sec, 118.63 MB]
PHP Deprecated:  Drupal\openy\Form\ConfigureProfileForm::buildForm(): Implicitly marking parameter $install_state as nullable is deprecated, the explicit nullable type must be used instead in /var/www/html/docroot/profiles/contrib/yusaopeny/src/Form/ConfigureProfileForm.php on line 64

Deprecated: Drupal\openy\Form\ConfigureProfileForm::buildForm(): Implicitly marking parameter $install_state as nullable is deprecated, the explicit nullable type must be used instead in /var/www/html/docroot/profiles/contrib/yusaopeny/src/Form/ConfigureProfileForm.php on line 64
 [notice] Performed install task: openy_select_features [28.38 sec, 120.5 MB]
PHP Deprecated:  Drupal\geolocation\LocationInputManager::getForm(): Implicitly marking parameter $default_value as nullable is deprecated, the explicit nullable type must be used instead in /var/www/html/docroot/modules/contrib/geolocation/src/LocationInputManager.php on line 222

Deprecated: Drupal\geolocation\LocationInputManager::getForm(): Implicitly marking parameter $default_value as nullable is deprecated, the explicit nullable type must be used instead in /var/www/html/docroot/modules/contrib/geolocation/src/LocationInputManager.php on line 222
 [info] google_tag module installed. [30.18 sec, 139.05 MB]
 [info] easy_breadcrumb module installed. [30.18 sec, 139.04 MB]
 [info] workflows module installed. [30.18 sec, 139.04 MB]
 [info] content_moderation module installed. [30.18 sec, 139.04 MB]
 [info] responsive_image module installed. [30.18 sec, 139.04 MB]
 [info] address module installed. [30.18 sec, 139.04 MB]
 [info] date_augmenter module installed. [30.18 sec, 139.04 MB]
 [info] addtocal_augment module installed. [30.18 sec, 139.04 MB]
 [info] better_exposed_filters module installed. [30.18 sec, 139.04 MB]
 [info] ctools_views module installed. [30.18 sec, 139.04 MB]
 [info] daterange_compact module installed. [30.19 sec, 136.72 MB]
 [info] openy_socrates module installed. [30.19 sec, 136.72 MB]
 [info] inline_entity_form module installed. [30.19 sec, 136.72 MB]
 [info] entity_clone module installed. [30.21 sec, 137.46 MB]
 [info] jquery_ui_menu module installed. [30.21 sec, 137.44 MB]
 [info] jquery_ui_autocomplete module installed. [30.21 sec, 137.44 MB]
 [info] geolocation module installed. [30.21 sec, 136.81 MB]
 [info] geolocation_google_maps module installed. [30.21 sec, 136.81 MB]
 [info] search_api module installed. [30.21 sec, 136.81 MB]
 [info] layout_builder_restrictions_by_region module installed. [30.21 sec, 136.81 MB]
 [info] lb_accordion module installed. [32.25 sec, 129.46 MB]
 [info] lb_branch_amenities_blocks module installed. [32.25 sec, 129.46 MB]
 [info] schema_metatag module installed. [32.25 sec, 129.46 MB]
 [info] schema_organization module installed. [32.25 sec, 129.46 MB]
 [info] openy_field_hours module installed. [32.25 sec, 129.46 MB]
 [info] openy_field_holiday_hours module installed. [32.25 sec, 129.46 MB]
 [info] openy_field_custom_hours module installed. [32.25 sec, 129.46 MB]
 [info] openy_hours_formatter module installed. [32.25 sec, 129.46 MB]
 [info] openy_location module installed. [33.05 sec, 132.4 MB]
 [info] openy_svg_formatter module installed. [33.05 sec, 132.4 MB]
 [info] openy_txnm_amenities module installed. [33.27 sec, 134.22 MB]
 [info] views_field_formatter module installed. [33.27 sec, 134.22 MB]
 [info] openy_loc_branch module installed. [34.09 sec, 134.67 MB]
 [info] lb_branch_social_links_blocks module installed. [34.09 sec, 134.67 MB]
 [info] y_branch_menu module installed. [34.09 sec, 134.67 MB]
 [warning] You have manual updated core.entity_view_display.node.branch.default config from Open Y profile. [34.25 sec, 138.63 MB]
 [warning] You have manual updated core.entity_view_display.node.branch.class_location config from Open Y profile. [34.28 sec, 138.85 MB]
 [warning] You have manual updated core.entity_view_display.node.branch.full config from Open Y profile. [34.3 sec, 139.11 MB]
 [warning] You have manual updated core.entity_view_display.node.branch.sidebar_teaser config from Open Y profile. [34.33 sec, 139.27 MB]
 [warning] You have manual updated core.entity_view_display.node.branch.teaser config from Open Y profile. [34.35 sec, 139.45 MB]
 [warning] You have manual updated core.entity_form_display.node.branch.default config from Open Y profile. [34.41 sec, 140.05 MB]
 [warning] You have manual updated core.entity_view_display.node.branch.default config from Open Y profile. [34.54 sec, 138.72 MB]
 [warning] You have manual updated core.entity_view_display.node.branch.class_location config from Open Y profile. [34.56 sec, 138.89 MB]
 [warning] You have manual updated core.entity_view_display.node.branch.full config from Open Y profile. [34.59 sec, 139.17 MB]
 [warning] You have manual updated core.entity_view_display.node.branch.sidebar_teaser config from Open Y profile. [34.61 sec, 139.37 MB]
 [warning] You have manual updated core.entity_view_display.node.branch.teaser config from Open Y profile. [34.63 sec, 139.57 MB]
 [warning] You have manual updated core.entity_form_display.node.branch.default config from Open Y profile. [34.69 sec, 140.12 MB]
 [warning] You have manual updated core.entity_view_display.node.branch.default config from Open Y profile. [34.81 sec, 139.01 MB]
 [warning] You have manual updated core.entity_view_display.node.branch.class_location config from Open Y profile. [34.83 sec, 139.17 MB]
 [warning] You have manual updated core.entity_view_display.node.branch.full config from Open Y profile. [34.86 sec, 139.46 MB]
 [warning] You have manual updated core.entity_view_display.node.branch.sidebar_teaser config from Open Y profile. [34.88 sec, 139.65 MB]
 [warning] You have manual updated core.entity_view_display.node.branch.teaser config from Open Y profile. [34.91 sec, 139.86 MB]
 [warning] You have manual updated core.entity_form_display.node.branch.default config from Open Y profile. [35.11 sec, 140.41 MB]
 [warning] You have manual updated core.entity_form_display.node.branch.default config from Open Y profile. [35.18 sec, 141.06 MB]
 [warning] You have manual updated core.entity_view_display.node.branch.default config from Open Y profile. [35.29 sec, 139.65 MB]
 [warning] You have manual updated core.entity_view_display.node.branch.class_location config from Open Y profile. [35.32 sec, 139.83 MB]
 [warning] You have manual updated core.entity_view_display.node.branch.full config from Open Y profile. [35.35 sec, 140.11 MB]
 [warning] You have manual updated core.entity_view_display.node.branch.sidebar_teaser config from Open Y profile. [35.37 sec, 140.33 MB]
 [warning] You have manual updated core.entity_view_display.node.branch.teaser config from Open Y profile. [35.4 sec, 140.53 MB]
 [warning] You have manual updated core.entity_form_display.node.branch.default config from Open Y profile. [35.46 sec, 141.14 MB]
 [warning] The "inline_block:lb_branch_amenities_blocks" block plugin was not found [35.52 sec, 146.77 MB]
 [warning] The "field_block:node:branch:field_location_address" block plugin was not found [35.53 sec, 146.79 MB]
 [warning] The "field_block:node:branch:field_location_phone" block plugin was not found [35.53 sec, 146.79 MB]
 [warning] The "field_block:node:branch:field_content" block plugin was not found [35.53 sec, 146.79 MB]
 [warning] The "field_block:node:branch:field_header_content" block plugin was not found [35.53 sec, 146.79 MB]
 [warning] The "field_block:node:branch:field_branch_hours" block plugin was not found [35.53 sec, 146.79 MB]
 [warning] The "field_block:node:branch:field_bottom_content" block plugin was not found [35.53 sec, 146.79 MB]
 [warning] The "field_block:node:branch:field_location_directions" block plugin was not found [35.53 sec, 146.79 MB]
 [warning] The "field_block:node:branch:field_location_fax" block plugin was not found [35.53 sec, 146.79 MB]
 [warning] The "field_block:node:branch:field_location_email" block plugin was not found [35.53 sec, 146.79 MB]
 [warning] The "field_block:node:branch:field_location_amenities" block plugin was not found [35.53 sec, 146.79 MB]
 [warning] The "inline_block:lb_branch_amenities_blocks" block plugin was not found [35.53 sec, 146.79 MB]
 [warning] The "field_block:node:branch:field_location_address" block plugin was not found [35.53 sec, 146.8 MB]
 [warning] The "field_block:node:branch:field_location_phone" block plugin was not found [35.53 sec, 146.8 MB]
 [warning] The "field_block:node:branch:field_content" block plugin was not found [35.53 sec, 146.8 MB]
 [warning] The "field_block:node:branch:field_header_content" block plugin was not found [35.53 sec, 146.8 MB]
 [warning] The "field_block:node:branch:field_branch_hours" block plugin was not found [35.53 sec, 146.8 MB]
 [warning] The "field_block:node:branch:field_bottom_content" block plugin was not found [35.53 sec, 146.8 MB]
 [warning] The "field_block:node:branch:field_location_directions" block plugin was not found [35.53 sec, 146.8 MB]
 [warning] The "field_block:node:branch:field_location_fax" block plugin was not found [35.53 sec, 146.8 MB]
 [warning] The "field_block:node:branch:field_location_email" block plugin was not found [35.53 sec, 146.8 MB]
 [warning] The "field_block:node:branch:field_location_amenities" block plugin was not found [35.53 sec, 146.8 MB]
 [warning] The "inline_block:lb_branch_amenities_blocks" block plugin was not found [35.53 sec, 146.8 MB]
 [warning] You have manual updated core.entity_view_display.node.branch.full config from Open Y profile. [35.61 sec, 148.06 MB]
 [warning] The "inline_block:lb_branch_amenities_blocks" block plugin was not found [35.69 sec, 146.48 MB]
 [warning] The "inline_block:lb_branch_amenities_blocks" block plugin was not found [35.69 sec, 146.47 MB]
 [warning] The "inline_block:lb_branch_amenities_blocks" block plugin was not found [35.69 sec, 146.47 MB]
 [warning] The "inline_block:lb_branch_amenities_blocks" block plugin was not found [35.69 sec, 146.47 MB]
 [warning] You have manual updated core.entity_view_display.node.branch.full config from Open Y profile. [35.78 sec, 147.67 MB]
 [warning] The "inline_block:lb_branch_amenities_blocks" block plugin was not found [35.83 sec, 146.53 MB]
 [warning] The "inline_block:lb_branch_amenities_blocks" block plugin was not found [35.83 sec, 146.52 MB]
 [warning] The "inline_block:lb_branch_amenities_blocks" block plugin was not found [35.83 sec, 146.52 MB]
 [warning] The "inline_block:lb_branch_amenities_blocks" block plugin was not found [35.83 sec, 146.52 MB]
 [warning] You have manual updated core.entity_view_display.node.branch.full config from Open Y profile. [35.92 sec, 147.73 MB]
 [warning] You have manual updated core.entity_form_display.node.branch.default config from Open Y profile. [35.98 sec, 147.49 MB]
 [warning] You have manual updated core.entity_form_display.node.branch.default config from Open Y profile. [36.04 sec, 148.15 MB]
 [warning] You have manual updated core.entity_form_display.node.branch.default config from Open Y profile. [36.1 sec, 148.8 MB]
 [warning] You have manual updated core.entity_form_display.node.branch.default config from Open Y profile. [36.16 sec, 149.46 MB]
 [warning] You have manual updated core.entity_form_display.node.branch.default config from Open Y profile. [36.22 sec, 150.62 MB]
 [warning] You have manual updated core.entity_form_display.node.branch.default config from Open Y profile. [36.27 sec, 151.28 MB]
 [warning] You have manual updated core.entity_form_display.node.branch.default config from Open Y profile. [36.33 sec, 151.93 MB]
 [info] y_branch module installed. [36.34 sec, 151.72 MB]
 [warning] The "inline_block:lb_branch_amenities_blocks" block plugin was not found [36.42 sec, 146.73 MB]
 [warning] The "inline_block:lb_branch_amenities_blocks" block plugin was not found [36.42 sec, 146.72 MB]
 [warning] The "inline_block:lb_branch_amenities_blocks" block plugin was not found [36.42 sec, 146.72 MB]
 [warning] The "inline_block:lb_branch_amenities_blocks" block plugin was not found [36.42 sec, 146.72 MB]
 [warning] You have manual updated core.entity_view_display.node.branch.full config from Open Y profile. [36.51 sec, 148.03 MB]
 [info] lb_branch_hours_blocks module installed. [36.53 sec, 147.25 MB]
 [info] lb_cards module installed. [36.53 sec, 146.4 MB]
 [info] lb_carousel module installed. [36.53 sec, 146.4 MB]
 [info] lb_grid_cta module installed. [36.53 sec, 146.4 MB]
 [info] lb_grid_icon module installed. [41.74 sec, 142.95 MB]
 [info] lb_hero module installed. [41.74 sec, 142.95 MB]
 [info] lb_modal module installed. [41.74 sec, 142.95 MB]
 [info] lb_partners_blocks module installed. [41.74 sec, 142.95 MB]
 [info] lb_ping_pong module installed. [41.74 sec, 142.95 MB]
 [info] lb_promo module installed. [41.74 sec, 142.95 MB]
 [info] schema_article module installed. [41.74 sec, 142.95 MB]
 [info] y_lb_article module installed. [41.74 sec, 142.95 MB]
 [info] lb_related_articles_blocks module installed. [41.75 sec, 143.21 MB]
 [info] smart_date module installed. [41.77 sec, 140.71 MB]
 [info] smart_date_recur module installed. [41.77 sec, 140.71 MB]
 [info] schema_event module installed. [41.77 sec, 140.71 MB]
 [info] verf module installed. [41.77 sec, 140.71 MB]
 [info] views_infinite_scroll module installed. [41.77 sec, 140.71 MB]
 [info] ws_event module installed. [41.77 sec, 140.71 MB]
 [info] lb_related_events_blocks module installed. [41.77 sec, 140.71 MB]
 [info] lb_simple_menu module installed. [41.77 sec, 140.71 MB]
 [info] lb_staff_members_blocks module installed. [41.77 sec, 140.71 MB]
 [info] lb_statistics module installed. [41.77 sec, 140.71 MB]
 [info] lb_table module installed. [41.77 sec, 140.71 MB]
 [warning] The "field_block:node:article_lb:body" block plugin was not found [47.57 sec, 168.52 MB]
 [warning] The "field_block:node:article_lb:field_published_date" block plugin was not found [47.57 sec, 168.52 MB]
 [warning] The "field_block:node:article_lb:body" block plugin was not found [47.57 sec, 168.52 MB]
 [warning] The "field_block:node:article_lb:field_published_date" block plugin was not found [47.57 sec, 168.52 MB]
 [warning] The "field_block:node:lb_event:body" block plugin was not found [50.84 sec, 173.5 MB]
 [warning] The "field_block:node:lb_event:body" block plugin was not found [50.85 sec, 173.5 MB]
 [info] lb_testimonials module installed. [56.43 sec, 157.95 MB]
 [info] webform module installed. [58.12 sec, 171.43 MB]
 [info] lb_webform module installed. [58.12 sec, 167.16 MB]
 [info] link_attributes_menu_link_content module installed. [58.12 sec, 167.16 MB]
 [info] menu_item_extras module installed. [58.64 sec, 162.71 MB]
 [info] openy_branch_selector module installed. [58.65 sec, 162.67 MB]
 [info] openy_block_basic module installed. [58.89 sec, 166.15 MB]
 [info] openy_data_wrapper module installed. [58.89 sec, 166.15 MB]
 [warning] You have manual updated openy_map.settings config from Open Y profile. [59.38 sec, 183.93 MB]
 [info] openy_map module installed. [59.38 sec, 183.78 MB]
 [info] openy_ckeditor module installed. [59.38 sec, 183.75 MB]
 [info] openy_field_faq module installed. [59.38 sec, 183.75 MB]
 [info] openy_node_program module installed. [60.23 sec, 175.04 MB]
 [info] openy_node_category module installed. [61.04 sec, 175.31 MB]
 [info] openy_search module installed. [61.04 sec, 175.31 MB]
 [warning] You have manual updated openy_google_search.settings config from Open Y profile. [61.49 sec, 190.39 MB]
 [info] openy_google_search module installed. [63.04 sec, 200.96 MB]
 [info] search_api_db module installed. [63.04 sec, 199.71 MB]
 [info] search_api_solr module installed. [63.14 sec, 195.6 MB]
 [warning] You have manual updated openy_search_api.settings config from Open Y profile. [64.73 sec, 220.59 MB]
 [info] openy_search_api module installed. [64.73 sec, 220.45 MB]
 [info] openy_block_branch_amenities module installed. [65.72 sec, 210.55 MB]
 [info] openy_block_menu module installed. [66.22 sec, 211.05 MB]
 [warning] OpenyUpgradeToolConfigInstaller: Allowing duplicate OpenY config: field.storage.node.field_branch_holiday_hours. This is a legacy workaround and should be fixed in the distro. [70.11 sec, 162.84 MB]
 [warning] OpenyUpgradeToolConfigInstaller: Allowing duplicate OpenY config: field.storage.node.field_branch_hours. This is a legacy workaround and should be fixed in the distro. [70.11 sec, 162.84 MB]
 [info] openy_prgf module installed. [71.96 sec, 178.31 MB]
 [info] openy_loc_camp module installed. [73.23 sec, 187.19 MB]
 [info] openy_loc_facility module installed. [74.49 sec, 187.98 MB]
 [info] Creation of dynamic property Drupal\openy_upgrade_tool\ConfigUpdater::$moduleExtensionList is deprecated ConfigImporterService.php:176 [74.78 sec, 187.41 MB]
 [info] Open Y has upgraded paragraphs.paragraphs_type.branch_contacts_info config. [84.7 sec, 192.24 MB]
 [info] Open Y has upgraded field.storage.paragraph.field_branch_contacts_info config. [84.79 sec, 191.94 MB]
 [info] Open Y has upgraded field.field.paragraph.branch_contacts_info.field_branch_contacts_info config. [84.8 sec, 192.22 MB]
 [info] Open Y has upgraded core.entity_form_display.paragraph.branch_contacts_info.default config. [84.84 sec, 192.46 MB]
 [info] Open Y has upgraded core.entity_view_display.paragraph.branch_contacts_info.default config. [84.85 sec, 192.52 MB]
 [info] openy_block_branch_contacts_info module installed. [90.23 sec, 197.97 MB]
 [info] openy_block_featured_highlights module installed. [90.68 sec, 195.84 MB]
 [info] openy_code_block module installed. [91.01 sec, 195.95 MB]
 [info] openy_prgf_grid_content module installed. [92.01 sec, 196.07 MB]
 [info] openy_loc_filter module installed. [92.02 sec, 196.19 MB]
 [info] openy_prgf_1c module installed. [92.54 sec, 196.37 MB]
 [info] openy_prgf_2c module installed. [92.97 sec, 196.44 MB]
 [info] openy_prgf_3c module installed. [93.54 sec, 196.55 MB]
 [info] openy_prgf_4c module installed. [94.34 sec, 196.71 MB]
 [info] openy_prgf_amenities module installed. [95.39 sec, 214.99 MB]
 [info] openy_prgf_gallery module installed. [95.94 sec, 201.08 MB]
 [info] openy_prgf_banner module installed. [96.48 sec, 201.49 MB]
 [info] views_block_filter_block module installed. [96.48 sec, 201.49 MB]
 [info] openy_prgf_code_block module installed. [96.83 sec, 201.33 MB]
 [info] openy_prgf_faq module installed. [97.15 sec, 201.19 MB]
 [info] openy_prgf_featured_highlights module installed. [97.56 sec, 201.44 MB]
 [info] openy_prgf_loc_finder module installed. [98.21 sec, 201.33 MB]
 [info] openy_prgf_location_by_amenities module installed. [124.97 sec, 210.81 MB]
 [info] openy_prgf_promo_card module installed. [125.4 sec, 196.32 MB]
 [info] openy_prgf_simple_content module installed. [125.66 sec, 196.32 MB]
 [info] openy_prgf_small_banner module installed. [126.14 sec, 196.74 MB]
 [info] openy_prgf_teaser module installed. [126.59 sec, 196.54 MB]
 [info] openy_prgf_webform module installed. [126.89 sec, 196.68 MB]
 [info] openy_map_lb module installed. [127.46 sec, 211.78 MB]
 [info] ws_code_block module installed. [127.74 sec, 197.09 MB]
 [info] ws_lb_tabs module installed. [127.74 sec, 197.09 MB]
 [info] Creation of dynamic property Drupal\config_import\ConfigImporterService::$moduleExtensionList is deprecated ConfigImporterService.php:176 [128.55 sec, 195.66 MB]
 [warning] The "block_content:1d1d620e-a672-400f-81d6-4841d22d808b" block plugin was not found [146.04 sec, 227.89 MB]
 [warning] The "block_content:c8a209e8-f6ed-4158-ac2f-de2a48c6dcea" block plugin was not found [146.04 sec, 227.89 MB]
 [warning] You have manual updated system.site config from Open Y profile. [146.37 sec, 229.59 MB]
 [info] ws_small_y module installed. [146.38 sec, 229.44 MB]
 [info] small_y_accordions module installed. [146.38 sec, 223.51 MB]
 [info] Open Y has upgraded field.storage.node.field_alert_style config. [146.39 sec, 223.79 MB]
 [info] Param "settings.allowed_values" in config field.storage.node.field_alert_style was updated. [146.39 sec, 223.64 MB]
 [info] small_y_alerts module installed. [146.39 sec, 223.63 MB]
 [info] small_y_articles module installed. [163.38 sec, 220.57 MB]
 [warning] You have manual updated core.entity_view_display.node.camp.default config from Open Y profile. [164.6 sec, 207.52 MB]
 [warning] You have manual updated core.entity_view_display.node.camp.class_location config from Open Y profile. [164.63 sec, 207.61 MB]
 [warning] You have manual updated core.entity_view_display.node.camp.full config from Open Y profile. [164.67 sec, 207.8 MB]
 [warning] You have manual updated core.entity_view_display.node.camp.teaser config from Open Y profile. [164.69 sec, 207.93 MB]
 [warning] You have manual updated core.entity_form_display.node.camp.default config from Open Y profile. [164.75 sec, 208.43 MB]
 [warning] You have manual updated core.entity_form_display.node.camp.default config from Open Y profile. [164.81 sec, 208.88 MB]
 [warning] You have manual updated core.entity_view_display.node.camp.default config from Open Y profile. [164.99 sec, 208.75 MB]
 [warning] You have manual updated core.entity_view_display.node.camp.class_location config from Open Y profile. [165.02 sec, 208.87 MB]
 [warning] You have manual updated core.entity_view_display.node.camp.full config from Open Y profile. [165.05 sec, 209.08 MB]
 [warning] You have manual updated core.entity_view_display.node.camp.teaser config from Open Y profile. [165.08 sec, 209.24 MB]
 [warning] You have manual updated core.entity_form_display.node.camp.default config from Open Y profile. [165.14 sec, 209.72 MB]
 [warning] The "field_block:node:camp:field_location_address" block plugin was not found [165.63 sec, 228.05 MB]
 [warning] The "field_block:node:camp:field_location_phone" block plugin was not found [165.63 sec, 228.04 MB]
 [warning] The "field_block:node:camp:field_location_fax" block plugin was not found [165.63 sec, 228.04 MB]
 [warning] The "field_block:node:camp:field_location_directions" block plugin was not found [165.63 sec, 228.04 MB]
 [warning] The "field_block:node:camp:field_content" block plugin was not found [165.63 sec, 228.04 MB]
 [warning] The "field_block:node:camp:field_header_content" block plugin was not found [165.63 sec, 228.04 MB]
 [warning] The "field_block:node:camp:field_bottom_content" block plugin was not found [165.63 sec, 228.04 MB]
 [warning] The "field_block:node:camp:field_location_address" block plugin was not found [165.64 sec, 228.05 MB]
 [warning] The "field_block:node:camp:field_location_phone" block plugin was not found [165.64 sec, 228.05 MB]
 [warning] The "field_block:node:camp:field_location_fax" block plugin was not found [165.64 sec, 228.05 MB]
 [warning] The "field_block:node:camp:field_location_directions" block plugin was not found [165.64 sec, 228.05 MB]
 [warning] The "field_block:node:camp:field_content" block plugin was not found [165.64 sec, 228.05 MB]
 [warning] The "field_block:node:camp:field_header_content" block plugin was not found [165.64 sec, 228.05 MB]
 [warning] The "field_block:node:camp:field_bottom_content" block plugin was not found [165.64 sec, 228.05 MB]
 [warning] You have manual updated core.entity_view_display.node.camp.full config from Open Y profile. [165.72 sec, 228.95 MB]
 [warning] You have manual updated core.entity_view_display.node.camp.full config from Open Y profile. [165.98 sec, 228.63 MB]
 [warning] You have manual updated core.entity_form_display.node.camp.default config from Open Y profile. [166.27 sec, 227.09 MB]
 [warning] You have manual updated core.entity_form_display.node.camp.default config from Open Y profile. [166.33 sec, 227.58 MB]
 [warning] You have manual updated core.entity_form_display.node.camp.default config from Open Y profile. [166.39 sec, 228.07 MB]
 [info] y_camp module installed. [166.39 sec, 227.87 MB]
 [warning] You have manual updated core.entity_view_display.node.facility.default config from Open Y profile. [166.5 sec, 215.73 MB]
 [warning] You have manual updated core.entity_view_display.node.facility.full config from Open Y profile. [166.54 sec, 215.91 MB]
 [warning] You have manual updated core.entity_view_display.node.facility.teaser config from Open Y profile. [166.56 sec, 216.06 MB]
 [warning] You have manual updated core.entity_form_display.node.facility.default config from Open Y profile. [166.64 sec, 216.4 MB]
 [warning] You have manual updated core.entity_form_display.node.facility.default config from Open Y profile. [166.7 sec, 209.57 MB]
 [warning] You have manual updated core.entity_view_display.node.facility.default config from Open Y profile. [166.87 sec, 210.07 MB]
 [warning] You have manual updated core.entity_view_display.node.facility.full config from Open Y profile. [166.91 sec, 210.28 MB]
 [warning] You have manual updated core.entity_view_display.node.facility.teaser config from Open Y profile. [166.93 sec, 210.46 MB]
 [warning] You have manual updated core.entity_form_display.node.facility.default config from Open Y profile. [167.01 sec, 210.55 MB]
 [warning] The "extra_field_block:node:facility:links" block plugin was not found [167.5 sec, 228.97 MB]
 [warning] The "field_block:node:facility:field_content" block plugin was not found [167.5 sec, 228.97 MB]
 [warning] The "field_block:node:facility:field_location_address" block plugin was not found [167.5 sec, 228.97 MB]
 [warning] The "field_block:node:facility:field_location_area" block plugin was not found [167.5 sec, 228.97 MB]
 [warning] The "field_block:node:facility:field_facility_type" block plugin was not found [167.5 sec, 228.97 MB]
 [warning] The "field_block:node:facility:field_location_phone" block plugin was not found [167.5 sec, 228.97 MB]
 [warning] The "field_block:node:facility:field_location_directions" block plugin was not found [167.5 sec, 228.97 MB]
 [warning] The "field_block:node:facility:field_location_fax" block plugin was not found [167.5 sec, 228.97 MB]
 [warning] The "field_block:node:facility:field_sidebar_content" block plugin was not found [167.51 sec, 228.97 MB]
 [warning] The "field_block:node:facility:field_facility_loc" block plugin was not found [167.51 sec, 228.97 MB]
 [warning] The "field_block:node:facility:field_branch_hours" block plugin was not found [167.51 sec, 228.97 MB]
 [warning] The "extra_field_block:node:facility:links" block plugin was not found [167.51 sec, 228.97 MB]
 [warning] The "field_block:node:facility:field_content" block plugin was not found [167.51 sec, 228.97 MB]
 [warning] The "field_block:node:facility:field_location_address" block plugin was not found [167.51 sec, 228.97 MB]
 [warning] The "field_block:node:facility:field_location_area" block plugin was not found [167.51 sec, 228.97 MB]
 [warning] The "field_block:node:facility:field_facility_type" block plugin was not found [167.51 sec, 228.97 MB]
 [warning] The "field_block:node:facility:field_location_phone" block plugin was not found [167.51 sec, 228.97 MB]
 [warning] The "field_block:node:facility:field_location_directions" block plugin was not found [167.51 sec, 228.97 MB]
 [warning] The "field_block:node:facility:field_location_fax" block plugin was not found [167.51 sec, 228.97 MB]
 [warning] The "field_block:node:facility:field_sidebar_content" block plugin was not found [167.51 sec, 228.97 MB]
 [warning] The "field_block:node:facility:field_facility_loc" block plugin was not found [167.51 sec, 228.97 MB]
 [warning] The "field_block:node:facility:field_branch_hours" block plugin was not found [167.51 sec, 228.97 MB]
 [warning] You have manual updated core.entity_view_display.node.facility.full config from Open Y profile. [167.59 sec, 230.07 MB]
 [warning] You have manual updated core.entity_view_display.node.facility.full config from Open Y profile. [167.91 sec, 230.46 MB]
 [warning] You have manual updated core.entity_form_display.node.facility.default config from Open Y profile. [167.97 sec, 228.66 MB]
 [warning] Attempt to read property "context" on null field_group.module:879 [167.98 sec, 228.46 MB]
 [warning] Attempt to read property "context" on null field_group.module:882 [167.98 sec, 228.46 MB]
 [warning] Attempt to read property "context" on null field_group.module:889 [167.98 sec, 228.46 MB]
 [warning] Attempt to read property "context" on null field_group.module:896 [167.98 sec, 228.46 MB]
 [warning] You have manual updated field.field.node.facility.field_location_address config from Open Y profile. [168 sec, 228.73 MB]
 [warning] You have manual updated field.field.node.facility.field_location_coordinates config from Open Y profile. [168.08 sec, 215.58 MB]
 [warning] You have manual updated field.field.node.facility.field_location_phone config from Open Y profile. [168.14 sec, 215.58 MB]
 [info] y_facility module installed. [168.15 sec, 213.44 MB]
 [warning] You have manual updated core.entity_view_display.node.branch.full config from Open Y profile. [168.85 sec, 230.13 MB]
 [warning] You have manual updated core.entity_view_display.node.camp.full config from Open Y profile. [169.16 sec, 230.23 MB]
 [warning] You have manual updated core.entity_view_display.node.facility.full config from Open Y profile. [169.45 sec, 230.25 MB]
 [warning] You have manual updated core.entity_view_display.node.facility.full config from Open Y profile. [181.9 sec, 230.48 MB]
 [warning] You have manual updated core.entity_view_display.node.camp.full config from Open Y profile. [182.06 sec, 231.68 MB]
 [warning] You have manual updated core.entity_view_display.node.branch.full config from Open Y profile. [182.23 sec, 233.31 MB]
 [info] small_y_branch module installed. [188.36 sec, 224.88 MB]
 [info] small_y_cards module installed. [188.37 sec, 216.55 MB]
 [info] small_y_carousels module installed. [188.37 sec, 216.55 MB]
 [info] y_lb_main_menu_cta_block module installed. [188.37 sec, 216.55 MB]
 [info] lb_donate module installed. [188.37 sec, 216.55 MB]
 [info] small_y_donate module installed. [215.91 sec, 190.18 MB]
 [info] Creation of dynamic property Drupal\config_import\ConfigImporterService::$moduleExtensionList is deprecated ConfigImporterService.php:176 [215.91 sec, 190.18 MB]
 [info] small_y_events module installed. [234.95 sec, 200.28 MB]
 [info] small_y_hero module installed. [234.95 sec, 198.36 MB]
 [info] small_y_icon_grid module installed. [234.96 sec, 198.36 MB]
 [info] small_y_ping_pongs module installed. [234.96 sec, 198.36 MB]
 [info] small_y_tabs module installed. [234.96 sec, 198.36 MB]
 [info] ws_small_y_staff module installed. [253.56 sec, 200.08 MB]
 [info] ws_small_y_statistics module installed. [255.1 sec, 202.75 MB]
 [info] ws_small_y_testimonials module installed. [274.09 sec, 207.5 MB]
 [info] y_donate module installed. [274.09 sec, 207.05 MB]
 [info] small_y_editor module installed. [274.11 sec, 207.23 MB]
 [warning] The "block_content:1d1d620e-a672-400f-81d6-4841d22d808b" block plugin was not found [294.6 sec, 239.69 MB]
 [warning] The "block_content:c8a209e8-f6ed-4158-ac2f-de2a48c6dcea" block plugin was not found [294.6 sec, 239.69 MB]
 [warning] You have manual updated openy_search_api.settings config from Open Y profile. [294.91 sec, 241.21 MB]
 [info] small_y_search module installed. [294.91 sec, 241.06 MB]
 [warning] You have manual updated core.entity_view_display.node.program.default config from Open Y profile. [295.02 sec, 222.86 MB]
 [warning] You have manual updated core.entity_view_display.node.program.full config from Open Y profile. [295.05 sec, 223 MB]
 [warning] You have manual updated core.entity_view_display.node.program.teaser config from Open Y profile. [295.07 sec, 223.1 MB]
 [warning] You have manual updated core.entity_form_display.node.program.default config from Open Y profile. [295.14 sec, 224.15 MB]
 [warning] You have manual updated core.entity_form_display.node.program.default config from Open Y profile. [295.19 sec, 216.79 MB]
 [warning] You have manual updated core.entity_view_display.node.program.default config from Open Y profile. [295.31 sec, 215.81 MB]
 [warning] You have manual updated core.entity_view_display.node.program.full config from Open Y profile. [295.34 sec, 215.98 MB]
 [warning] You have manual updated core.entity_view_display.node.program.teaser config from Open Y profile. [295.36 sec, 216.12 MB]
 [warning] You have manual updated core.entity_form_display.node.program.default config from Open Y profile. [295.42 sec, 216.92 MB]
 [warning] The "field_block:node:program:field_program_image" block plugin was not found [295.96 sec, 238.28 MB]
 [warning] The "field_block:node:program:field_program_icon" block plugin was not found [295.96 sec, 238.28 MB]
 [warning] The "field_block:node:program:field_program_color" block plugin was not found [295.96 sec, 238.28 MB]
 [warning] The "field_block:node:program:field_program_description" block plugin was not found [295.96 sec, 238.28 MB]
 [warning] The "field_block:node:program:field_header_content" block plugin was not found [295.96 sec, 238.28 MB]
 [warning] The "field_block:node:program:field_content" block plugin was not found [295.96 sec, 238.28 MB]
 [warning] The "field_block:node:program:field_sidebar_content" block plugin was not found [295.96 sec, 238.28 MB]
 [warning] The "extra_field_block:node:program:links" block plugin was not found [295.96 sec, 238.28 MB]
 [warning] The "field_block:node:program:field_program_image" block plugin was not found [295.96 sec, 238.28 MB]
 [warning] The "field_block:node:program:field_program_icon" block plugin was not found [295.96 sec, 238.28 MB]
 [warning] The "field_block:node:program:field_program_color" block plugin was not found [295.96 sec, 238.28 MB]
 [warning] The "field_block:node:program:field_program_description" block plugin was not found [295.96 sec, 238.28 MB]
 [warning] The "field_block:node:program:field_header_content" block plugin was not found [295.96 sec, 238.28 MB]
 [warning] The "field_block:node:program:field_content" block plugin was not found [295.96 sec, 238.28 MB]
 [warning] The "field_block:node:program:field_sidebar_content" block plugin was not found [295.96 sec, 238.28 MB]
 [warning] The "extra_field_block:node:program:links" block plugin was not found [295.97 sec, 238.28 MB]
 [warning] You have manual updated core.entity_view_display.node.program.full config from Open Y profile. [296.07 sec, 239.11 MB]
 [warning] You have manual updated core.entity_view_display.node.program.full config from Open Y profile. [296.29 sec, 243.78 MB]
 [warning] You have manual updated core.entity_form_display.node.program.default config from Open Y profile. [296.34 sec, 241.56 MB]
 [warning] You have manual updated core.entity_form_display.node.program.default config from Open Y profile. [296.39 sec, 241.98 MB]
 [warning] You have manual updated core.entity_form_display.node.program.default config from Open Y profile. [296.44 sec, 242.39 MB]
 [info] y_program module installed. [296.44 sec, 242.2 MB]
 [warning] You have manual updated core.entity_view_display.node.program_subcategory.default config from Open Y profile. [296.57 sec, 223.47 MB]
 [warning] You have manual updated core.entity_view_display.node.program_subcategory.full config from Open Y profile. [296.61 sec, 223.62 MB]
 [warning] You have manual updated core.entity_view_display.node.program_subcategory.teaser config from Open Y profile. [296.63 sec, 223.74 MB]
 [warning] You have manual updated core.entity_form_display.node.program_subcategory.default config from Open Y profile. [296.69 sec, 224.82 MB]
 [warning] You have manual updated core.entity_form_display.node.program_subcategory.default config from Open Y profile. [296.76 sec, 217.45 MB]
 [warning] You have manual updated core.entity_view_display.node.program_subcategory.default config from Open Y profile. [296.87 sec, 216.38 MB]
 [warning] You have manual updated core.entity_view_display.node.program_subcategory.full config from Open Y profile. [296.9 sec, 216.56 MB]
 [warning] You have manual updated core.entity_view_display.node.program_subcategory.teaser config from Open Y profile. [296.93 sec, 216.72 MB]
 [warning] You have manual updated core.entity_form_display.node.program_subcategory.default config from Open Y profile. [296.99 sec, 217.56 MB]
 [warning] The "field_block:node:program_subcategory:field_header_content" block plugin was not found [297.54 sec, 241.24 MB]
 [warning] The "field_block:node:program_subcategory:field_category_image" block plugin was not found [297.54 sec, 241.24 MB]
 [warning] The "field_block:node:program_subcategory:field_category_description" block plugin was not found [297.54 sec, 241.24 MB]
 [warning] The "field_block:node:program_subcategory:field_content" block plugin was not found [297.54 sec, 241.24 MB]
 [warning] The "field_block:node:program_subcategory:field_sidebar_content" block plugin was not found [297.54 sec, 241.24 MB]
 [warning] The "extra_field_block:node:program_subcategory:links" block plugin was not found [297.54 sec, 241.24 MB]
 [warning] The "field_block:node:program_subcategory:field_category_program" block plugin was not found [297.54 sec, 241.24 MB]
 [warning] The "field_block:node:program_subcategory:field_category_color" block plugin was not found [297.54 sec, 241.24 MB]
 [warning] The "field_block:node:program_subcategory:field_bottom_content" block plugin was not found [297.54 sec, 241.24 MB]
 [warning] The "field_block:node:program_subcategory:field_header_content" block plugin was not found [297.54 sec, 241.24 MB]
 [warning] The "field_block:node:program_subcategory:field_category_image" block plugin was not found [297.54 sec, 241.24 MB]
 [warning] The "field_block:node:program_subcategory:field_category_description" block plugin was not found [297.54 sec, 241.24 MB]
 [warning] The "field_block:node:program_subcategory:field_content" block plugin was not found [297.54 sec, 241.24 MB]
 [warning] The "field_block:node:program_subcategory:field_sidebar_content" block plugin was not found [297.54 sec, 241.24 MB]
 [warning] The "extra_field_block:node:program_subcategory:links" block plugin was not found [297.54 sec, 241.24 MB]
 [warning] The "field_block:node:program_subcategory:field_category_program" block plugin was not found [297.54 sec, 241.24 MB]
 [warning] The "field_block:node:program_subcategory:field_category_color" block plugin was not found [297.54 sec, 241.24 MB]
 [warning] The "field_block:node:program_subcategory:field_bottom_content" block plugin was not found [297.54 sec, 241.24 MB]
 [warning] You have manual updated core.entity_view_display.node.program_subcategory.full config from Open Y profile. [297.66 sec, 239.35 MB]
 [warning] You have manual updated core.entity_form_display.node.program_subcategory.default config from Open Y profile. [297.73 sec, 237.27 MB]
 [warning] You have manual updated core.entity_form_display.node.program_subcategory.default config from Open Y profile. [297.78 sec, 237.72 MB]
 [warning] You have manual updated core.entity_form_display.node.program_subcategory.default config from Open Y profile. [297.83 sec, 238.18 MB]
 [info] y_program_subcategory module installed. [297.84 sec, 237.99 MB]
 [notice] Performed install task: openy_install_features [314.75 sec, 176.39 MB]
PHP Deprecated:  Drupal\openy\Form\ThemeSelectForm::buildForm(): Implicitly marking parameter $install_state as nullable is deprecated, the explicit nullable type must be used instead in /var/www/html/docroot/profiles/contrib/yusaopeny/src/Form/ThemeSelectForm.php on line 65

Deprecated: Drupal\openy\Form\ThemeSelectForm::buildForm(): Implicitly marking parameter $install_state as nullable is deprecated, the explicit nullable type must be used instead in /var/www/html/docroot/profiles/contrib/yusaopeny/src/Form/ThemeSelectForm.php on line 65
 [notice] Performed install task: openy_select_theme [314.79 sec, 175.03 MB]
 [info] openy_demo_bfooter module installed. [316.29 sec, 198.08 MB]
PHP Deprecated:  Drupal\draggableviews\Plugin\migrate\destination\DraggableViews::create(): Implicitly marking parameter $migration as nullable is deprecated, the explicit nullable type must be used instead in /var/www/html/docroot/modules/contrib/draggableviews/src/Plugin/migrate/destination/DraggableViews.php on line 31

Deprecated: Drupal\draggableviews\Plugin\migrate\destination\DraggableViews::create(): Implicitly marking parameter $migration as nullable is deprecated, the explicit nullable type must be used instead in /var/www/html/docroot/modules/contrib/draggableviews/src/Plugin/migrate/destination/DraggableViews.php on line 31
PHP Deprecated:  Drupal\draggableviews\Plugin\migrate\destination\DraggableViews::fields(): Implicitly marking parameter $migration as nullable is deprecated, the explicit nullable type must be used instead in /var/www/html/docroot/modules/contrib/draggableviews/src/Plugin/migrate/destination/DraggableViews.php on line 104

Deprecated: Drupal\draggableviews\Plugin\migrate\destination\DraggableViews::fields(): Implicitly marking parameter $migration as nullable is deprecated, the explicit nullable type must be used instead in /var/www/html/docroot/modules/contrib/draggableviews/src/Plugin/migrate/destination/DraggableViews.php on line 104
PHP Deprecated:  Drupal\geolocation\Plugin\migrate\process\LocationToGeolocation::create(): Implicitly marking parameter $migration as nullable is deprecated, the explicit nullable type must be used instead in /var/www/html/docroot/modules/contrib/geolocation/src/Plugin/migrate/process/LocationToGeolocation.php on line 50

Deprecated: Drupal\geolocation\Plugin\migrate\process\LocationToGeolocation::create(): Implicitly marking parameter $migration as nullable is deprecated, the explicit nullable type must be used instead in /var/www/html/docroot/modules/contrib/geolocation/src/Plugin/migrate/process/LocationToGeolocation.php on line 50
PHP Deprecated:  Drupal\google_analytics\Plugin\migrate\process\GoogleAnalyticsParameterPages::create(): Implicitly marking parameter $migration as nullable is deprecated, the explicit nullable type must be used instead in /var/www/html/docroot/modules/contrib/google_analytics/src/Plugin/migrate/process/GoogleAnalyticsParameterPages.php on line 52

Deprecated: Drupal\google_analytics\Plugin\migrate\process\GoogleAnalyticsParameterPages::create(): Implicitly marking parameter $migration as nullable is deprecated, the explicit nullable type must be used instead in /var/www/html/docroot/modules/contrib/google_analytics/src/Plugin/migrate/process/GoogleAnalyticsParameterPages.php on line 52
PHP Deprecated:  Drupal\google_analytics\Plugin\migrate\process\GoogleAnalyticsVisibilityPages::create(): Implicitly marking parameter $migration as nullable is deprecated, the explicit nullable type must be used instead in /var/www/html/docroot/modules/contrib/google_analytics/src/Plugin/migrate/process/GoogleAnalyticsVisibilityPages.php on line 53

Deprecated: Drupal\google_analytics\Plugin\migrate\process\GoogleAnalyticsVisibilityPages::create(): Implicitly marking parameter $migration as nullable is deprecated, the explicit nullable type must be used instead in /var/www/html/docroot/modules/contrib/google_analytics/src/Plugin/migrate/process/GoogleAnalyticsVisibilityPages.php on line 53
PHP Deprecated:  Drupal\google_analytics\Plugin\migrate\process\GoogleAnalyticsVisibilityRoles::create(): Implicitly marking parameter $migration as nullable is deprecated, the explicit nullable type must be used instead in /var/www/html/docroot/modules/contrib/google_analytics/src/Plugin/migrate/process/GoogleAnalyticsVisibilityRoles.php on line 52

Deprecated: Drupal\google_analytics\Plugin\migrate\process\GoogleAnalyticsVisibilityRoles::create(): Implicitly marking parameter $migration as nullable is deprecated, the explicit nullable type must be used instead in /var/www/html/docroot/modules/contrib/google_analytics/src/Plugin/migrate/process/GoogleAnalyticsVisibilityRoles.php on line 52
PHP Deprecated:  Drupal\openy_migrate\Plugin\migrate\process\SkipIfBundleNotExist::create(): Implicitly marking parameter $migration as nullable is deprecated, the explicit nullable type must be used instead in /var/www/html/docroot/modules/contrib/openy_custom/openy_migrate/src/Plugin/migrate/process/SkipIfBundleNotExist.php on line 115

Deprecated: Drupal\openy_migrate\Plugin\migrate\process\SkipIfBundleNotExist::create(): Implicitly marking parameter $migration as nullable is deprecated, the explicit nullable type must be used instead in /var/www/html/docroot/modules/contrib/openy_custom/openy_migrate/src/Plugin/migrate/process/SkipIfBundleNotExist.php on line 115
PHP Deprecated:  Drupal\y_lb\Plugin\migrate\process\YLBSection::create(): Implicitly marking parameter $migration as nullable is deprecated, the explicit nullable type must be used instead in /var/www/html/docroot/modules/contrib/y_lb/src/Plugin/migrate/process/YLBSection.php on line 40

Deprecated: Drupal\y_lb\Plugin\migrate\process\YLBSection::create(): Implicitly marking parameter $migration as nullable is deprecated, the explicit nullable type must be used instead in /var/www/html/docroot/modules/contrib/y_lb/src/Plugin/migrate/process/YLBSection.php on line 40
 [info] Processed 2 items (2 created, 0 updated, 0 failed, 0 ignored) - done with 'openy_demo_block_content_footer' [316.74 sec, 202.67 MB]
 [info] openy_demo_bfooter module uninstalled. [318.51 sec, 225.81 MB]
 [info] openy_carnation theme installed. [320.15 sec, 229.17 MB]
 [notice] Performed install task: openy_install_theme [321.21 sec, 226.7 MB]
PHP Deprecated:  Drupal\openy\Form\ContentSelectForm::buildForm(): Implicitly marking parameter $install_state as nullable is deprecated, the explicit nullable type must be used instead in /var/www/html/docroot/profiles/contrib/yusaopeny/src/Form/ContentSelectForm.php on line 23

Deprecated: Drupal\openy\Form\ContentSelectForm::buildForm(): Implicitly marking parameter $install_state as nullable is deprecated, the explicit nullable type must be used instead in /var/www/html/docroot/profiles/contrib/yusaopeny/src/Form/ContentSelectForm.php on line 23
 [notice] Performed install task: openy_select_content [321.28 sec, 189.42 MB]
 [info] openy_demo_taxonomy module installed. [322.96 sec, 213.85 MB]
 [info] openy_demo_tcolor module installed. [322.97 sec, 213.85 MB]
 [warning] You have manual updated system.site config from Open Y profile. [323.19 sec, 218.95 MB]
 [warning] You have manual updated openy_map.settings config from Open Y profile. [323.21 sec, 219.03 MB]
 [info] small_y_demo_content module installed. [323.69 sec, 231.2 MB]
 [info] Processed 17 items (17 created, 0 updated, 0 failed, 0 ignored) - done with 'openy_demo_taxonomy_term_color' [324.59 sec, 202.37 MB]
 [info] Processed 2 items (2 created, 0 updated, 0 failed, 0 ignored) - done with 'small_y_demo_block_content_footer' [324.67 sec, 204.59 MB]
 [info] Processed 6 items (6 created, 0 updated, 0 failed, 0 ignored) - done with 'small_y_demo_menu_link_small_y_footers' [325.3 sec, 219.8 MB]
 [info] Processed 2 items (2 created, 0 updated, 0 failed, 0 ignored) - done with 'small_y_demo_menu_link_top_navigation' [325.35 sec, 219.97 MB]
 [info] Processed 3 items (3 created, 0 updated, 0 failed, 0 ignored) - done with 'small_y_demo_menu_link_utility' [325.4 sec, 220.19 MB]
 [info] Processed 3 items (3 created, 0 updated, 0 failed, 0 ignored) - done with 'small_y_demo_tags' [325.44 sec, 220.41 MB]
 [info] Processed 1 item (1 created, 0 updated, 0 failed, 0 ignored) - done with 'small_y_demo_block_social_links' [325.47 sec, 220.52 MB]
 [info] Processed 133 items (133 created, 0 updated, 0 failed, 0 ignored) - done with 'small_y_demo_file' [327.03 sec, 216.4 MB]
 [info] Processed 0 items (0 created, 0 updated, 0 failed, 0 ignored) - done with 'small_y_demo_file' [327.06 sec, 216.42 MB]
 [info] Processed 133 items (133 created, 0 updated, 0 failed, 0 ignored) - done with 'small_y_demo_media_image' [331.06 sec, 224.72 MB]
 [info] Processed 1 item (1 created, 0 updated, 0 failed, 0 ignored) - done with 'small_y_demo_block_branch_amenities' [331.1 sec, 224.86 MB]
 [info] Processed 26 items (26 created, 0 updated, 0 failed, 0 ignored) - done with 'small_y_demo_terms_amenities' [331.82 sec, 238.09 MB]
 [info] Processed 0 items (0 created, 0 updated, 0 failed, 0 ignored) - done with 'small_y_demo_block_branch_amenities' [331.83 sec, 238.1 MB]
 [info] Processed 0 items (0 created, 0 updated, 0 failed, 0 ignored) - done with 'small_y_demo_block_social_links' [331.83 sec, 238.11 MB]
 [info] Processed 0 items (0 created, 0 updated, 0 failed, 0 ignored) - done with 'small_y_demo_terms_amenities' [331.84 sec, 238.12 MB]
 [info] Processed 1 item (1 created, 0 updated, 0 failed, 0 ignored) - done with 'small_y_demo_page_location' [332.03 sec, 236.73 MB]
 [info] Processed 0 items (0 created, 0 updated, 0 failed, 0 ignored) - done with 'small_y_demo_tags' [332.04 sec, 236.73 MB]
 [info] Processed 8 items (8 created, 0 updated, 0 failed, 0 ignored) - done with 'small_y_demo_articles' [332.36 sec, 238.87 MB]
 [info] Processed 4 items (4 created, 0 updated, 0 failed, 0 ignored) - done with 'small_y_demo_block_accordion_item' [332.42 sec, 239.11 MB]
 [info] Processed 0 items (0 created, 0 updated, 0 failed, 0 ignored) - done with 'small_y_demo_block_accordion_item' [332.42 sec, 239.12 MB]
 [info] Processed 1 item (1 created, 0 updated, 0 failed, 0 ignored) - done with 'small_y_demo_block_accordion' [332.46 sec, 239.25 MB]
 [info] Processed 1 item (1 created, 0 updated, 0 failed, 0 ignored) - done with 'small_y_demo_block_articles_filter' [333.1 sec, 262.05 MB]
 [info] Processed 1 item (1 created, 0 updated, 0 failed, 0 ignored) - done with 'small_y_demo_block_articles_listing' [333.14 sec, 262.17 MB]
 [info] Processed 9 items (9 created, 0 updated, 0 failed, 0 ignored) - done with 'small_y_demo_block_banner_chevron' [333.25 sec, 262.77 MB]
 [info] Processed 3 items (3 created, 0 updated, 0 failed, 0 ignored) - done with 'small_y_demo_terms_news_category' [333.3 sec, 262.97 MB]
 [info] Processed 6 items (6 created, 0 updated, 0 failed, 0 ignored) - done with 'small_y_demo_block_cards_item' [333.39 sec, 263.4 MB]
 [info] Processed 0 items (0 created, 0 updated, 0 failed, 0 ignored) - done with 'small_y_demo_block_cards_item' [333.39 sec, 263.4 MB]
 [info] Processed 2 items (2 created, 0 updated, 0 failed, 0 ignored) - done with 'small_y_demo_block_cards' [333.44 sec, 263.62 MB]
 [info] Processed 4 items (4 created, 0 updated, 0 failed, 0 ignored) - done with 'small_y_demo_block_carousel_item' [333.54 sec, 263.9 MB]
 [info] Processed 0 items (0 created, 0 updated, 0 failed, 0 ignored) - done with 'small_y_demo_block_carousel_item' [333.55 sec, 263.91 MB]
 [info] Processed 1 item (1 created, 0 updated, 0 failed, 0 ignored) - done with 'small_y_demo_block_carousel' [333.59 sec, 264.04 MB]
 [info] Processed 5 items (5 created, 0 updated, 0 failed, 0 ignored) - done with 'small_y_demo_block_donate_item' [333.7 sec, 262.91 MB]
 [info] Processed 0 items (0 created, 0 updated, 0 failed, 0 ignored) - done with 'small_y_demo_block_donate_item' [333.71 sec, 262.92 MB]
 [info] Processed 1 item (1 created, 0 updated, 0 failed, 0 ignored) - done with 'small_y_demo_block_donate' [333.75 sec, 263.08 MB]
 [info] Processed 1 item (1 created, 0 updated, 0 failed, 0 ignored) - done with 'small_y_demo_block_events_filter' [333.78 sec, 263.25 MB]
 [info] Processed 1 item (1 created, 0 updated, 0 failed, 0 ignored) - done with 'small_y_demo_block_events_listing' [333.8 sec, 263.33 MB]
 [info] Processed 0 items (0 created, 0 updated, 0 failed, 0 ignored) - done with 'small_y_demo_tags' [333.8 sec, 263.34 MB]
 [info] Processed 0 items (0 created, 0 updated, 0 failed, 0 ignored) - done with 'small_y_demo_articles' [333.81 sec, 263.35 MB]
 [info] Processed 1 item (1 created, 0 updated, 0 failed, 0 ignored) - done with 'small_y_demo_block_featured_article' [333.83 sec, 263.46 MB]
 [info] Processed 0 items (0 created, 0 updated, 0 failed, 0 ignored) - done with 'small_y_demo_tags' [333.83 sec, 263.47 MB]
 [info] Processed 4 items (4 created, 0 updated, 0 failed, 0 ignored) - done with 'small_y_demo_events' [333.99 sec, 264.5 MB]
 [info] Processed 0 items (0 created, 0 updated, 0 failed, 0 ignored) - done with 'small_y_demo_tags' [334 sec, 264.5 MB]
 [info] Processed 0 items (0 created, 0 updated, 0 failed, 0 ignored) - done with 'small_y_demo_events' [334 sec, 264.51 MB]
 [info] Processed 1 item (1 created, 0 updated, 0 failed, 0 ignored) - done with 'small_y_demo_block_featured_event' [334.05 sec, 264.62 MB]
 [info] Processed 4 items (4 created, 0 updated, 0 failed, 0 ignored) - done with 'small_y_demo_block_grid_cta_item' [334.12 sec, 264.91 MB]
 [info] Processed 0 items (0 created, 0 updated, 0 failed, 0 ignored) - done with 'small_y_demo_block_grid_cta_item' [334.12 sec, 264.92 MB]
 [info] Processed 1 item (1 created, 0 updated, 0 failed, 0 ignored) - done with 'small_y_demo_block_grid_cta' [334.22 sec, 263.91 MB]
 [info] Processed 9 items (9 created, 0 updated, 0 failed, 0 ignored) - done with 'small_y_demo_block_icon_grid_item' [334.32 sec, 264.49 MB]
 [info] Processed 0 items (0 created, 0 updated, 0 failed, 0 ignored) - done with 'small_y_demo_block_icon_grid_item' [334.33 sec, 264.49 MB]
 [info] Processed 3 items (3 created, 0 updated, 0 failed, 0 ignored) - done with 'small_y_demo_block_icon_grid' [334.43 sec, 264.87 MB]
 [info] Processed 1 item (1 created, 0 updated, 0 failed, 0 ignored) - done with 'small_y_demo_block_location_finder' [334.49 sec, 264.94 MB]
 [info] Processed 1 item (1 created, 0 updated, 0 failed, 0 ignored) - done with 'small_y_demo_block_menu_cta' [334.54 sec, 262.26 MB]
 [info] Processed 4 items (4 created, 0 updated, 0 failed, 0 ignored) - done with 'small_y_demo_block_partners_item' [334.64 sec, 262.54 MB]
 [info] Processed 0 items (0 created, 0 updated, 0 failed, 0 ignored) - done with 'small_y_demo_block_partners_item' [334.64 sec, 262.55 MB]
 [info] Processed 3 items (3 created, 0 updated, 0 failed, 0 ignored) - done with 'small_y_demo_block_partners_tier' [334.71 sec, 262.79 MB]
 [info] Processed 0 items (0 created, 0 updated, 0 failed, 0 ignored) - done with 'small_y_demo_block_partners_item' [334.72 sec, 262.8 MB]
 [info] Processed 1 item (1 created, 0 updated, 0 failed, 0 ignored) - done with 'small_y_demo_block_partners' [334.75 sec, 262.93 MB]
 [info] Processed 31 items (31 created, 0 updated, 0 failed, 0 ignored) - done with 'small_y_demo_block_ping_pong' [335.21 sec, 263.25 MB]
 [info] Processed 6 items (6 created, 0 updated, 0 failed, 0 ignored) - done with 'small_y_demo_block_ping_pong_section_item' [335.3 sec, 263.67 MB]
 [info] Processed 0 items (0 created, 0 updated, 0 failed, 0 ignored) - done with 'small_y_demo_block_ping_pong_section_item' [335.31 sec, 263.68 MB]
 [info] Processed 3 items (3 created, 0 updated, 0 failed, 0 ignored) - done with 'small_y_demo_block_ping_pong_section' [335.37 sec, 263.94 MB]
 [info] Processed 9 items (9 created, 0 updated, 0 failed, 0 ignored) - done with 'small_y_demo_block_staff_members_item' [335.48 sec, 264.53 MB]
 [info] Processed 0 items (0 created, 0 updated, 0 failed, 0 ignored) - done with 'small_y_demo_block_staff_members_item' [335.48 sec, 264.54 MB]
 [info] Processed 3 items (3 created, 0 updated, 0 failed, 0 ignored) - done with 'small_y_demo_block_staff_members' [335.59 sec, 262.42 MB]
 [info] Processed 14 items (14 created, 0 updated, 0 failed, 0 ignored) - done with 'small_y_demo_block_statistics_item' [335.73 sec, 263.19 MB]
 [info] Processed 0 items (0 created, 0 updated, 0 failed, 0 ignored) - done with 'small_y_demo_block_statistics_item' [335.74 sec, 263.2 MB]
 [info] Processed 4 items (4 created, 0 updated, 0 failed, 0 ignored) - done with 'small_y_demo_block_statistics' [335.81 sec, 263.57 MB]
 [info] Processed 20 items (20 created, 0 updated, 0 failed, 0 ignored) - done with 'small_y_demo_block_table_block' [336.01 sec, 264.64 MB]
 [info] Processed 4 items (4 created, 0 updated, 0 failed, 0 ignored) - done with 'small_y_demo_block_tab_item' [336.07 sec, 264.87 MB]
 [info] Processed 0 items (0 created, 0 updated, 0 failed, 0 ignored) - done with 'small_y_demo_block_tab_item' [336.08 sec, 264.88 MB]
 [info] Processed 1 item (1 created, 0 updated, 0 failed, 0 ignored) - done with 'small_y_demo_block_tabs' [336.16 sec, 262.67 MB]
 [info] Processed 6 items (6 created, 0 updated, 0 failed, 0 ignored) - done with 'small_y_demo_block_testimonial_item' [336.24 sec, 263.04 MB]
 [info] Processed 0 items (0 created, 0 updated, 0 failed, 0 ignored) - done with 'small_y_demo_block_testimonial_item' [336.25 sec, 263.04 MB]
 [info] Processed 2 items (2 created, 0 updated, 0 failed, 0 ignored) - done with 'small_y_demo_block_testimonials' [336.3 sec, 263.24 MB]
 [info] Processed 1 item (1 created, 0 updated, 0 failed, 0 ignored) - done with 'small_y_demo_block_webform' [336.33 sec, 263.34 MB]
 [info] Processed 0 items (0 created, 0 updated, 0 failed, 0 ignored) - done with 'small_y_demo_block_menu_cta' [336.33 sec, 263.34 MB]
 [info] Processed 27 items (27 created, 0 updated, 0 failed, 0 ignored) - done with 'small_y_demo_menu_link_main' [337.87 sec, 258.61 MB]
 [info] Processed 0 items (0 created, 0 updated, 0 failed, 0 ignored) - done with 'small_y_demo_tags' [337.88 sec, 258.84 MB]
 [info] Processed 0 items (0 created, 0 updated, 0 failed, 0 ignored) - done with 'small_y_demo_articles' [337.93 sec, 259.96 MB]
 [info] Processed 0 items (0 created, 0 updated, 0 failed, 0 ignored) - done with 'small_y_demo_block_articles_filter' [337.94 sec, 259.97 MB]
 [info] Processed 0 items (0 created, 0 updated, 0 failed, 0 ignored) - done with 'small_y_demo_block_articles_listing' [337.94 sec, 259.98 MB]
 [info] Processed 0 items (0 created, 0 updated, 0 failed, 0 ignored) - done with 'small_y_demo_block_banner_chevron' [337.94 sec, 259.98 MB]
 [info] Processed 0 items (0 created, 0 updated, 0 failed, 0 ignored) - done with 'small_y_demo_tags' [337.95 sec, 260 MB]
 [info] Processed 0 items (0 created, 0 updated, 0 failed, 0 ignored) - done with 'small_y_demo_articles' [337.95 sec, 260.01 MB]
 [info] Processed 0 items (0 created, 0 updated, 0 failed, 0 ignored) - done with 'small_y_demo_block_featured_article' [337.96 sec, 260.03 MB]
 [info] Processed 1 item (1 created, 0 updated, 0 failed, 0 ignored) - done with 'small_y_demo_page_articles_listing' [338.06 sec, 261.84 MB]
 [info] Processed 0 items (0 created, 0 updated, 0 failed, 0 ignored) - done with 'small_y_demo_block_banner_chevron' [338.06 sec, 261.85 MB]
 [info] Processed 0 items (0 created, 0 updated, 0 failed, 0 ignored) - done with 'small_y_demo_block_table_block' [338.07 sec, 261.86 MB]
 [info] Processed 0 items (0 created, 0 updated, 0 failed, 0 ignored) - done with 'small_y_demo_block_webform' [338.07 sec, 261.87 MB]
 [info] Processed 1 item (1 created, 0 updated, 0 failed, 0 ignored) - done with 'small_y_demo_page_contact_us' [338.13 sec, 262.25 MB]
 [info] Processed 0 items (0 created, 0 updated, 0 failed, 0 ignored) - done with 'small_y_demo_block_banner_chevron' [338.14 sec, 262.27 MB]
 [info] Processed 0 items (0 created, 0 updated, 0 failed, 0 ignored) - done with 'small_y_demo_block_events_filter' [338.14 sec, 262.28 MB]
 [info] Processed 0 items (0 created, 0 updated, 0 failed, 0 ignored) - done with 'small_y_demo_block_events_listing' [338.14 sec, 262.29 MB]
 [info] Processed 0 items (0 created, 0 updated, 0 failed, 0 ignored) - done with 'small_y_demo_block_table_block' [338.15 sec, 262.3 MB]
 [info] Processed 0 items (0 created, 0 updated, 0 failed, 0 ignored) - done with 'small_y_demo_tags' [338.15 sec, 262.31 MB]
 [info] Processed 0 items (0 created, 0 updated, 0 failed, 0 ignored) - done with 'small_y_demo_events' [338.16 sec, 262.32 MB]
 [info] Processed 0 items (0 created, 0 updated, 0 failed, 0 ignored) - done with 'small_y_demo_tags' [338.16 sec, 262.33 MB]
 [info] Processed 0 items (0 created, 0 updated, 0 failed, 0 ignored) - done with 'small_y_demo_events' [338.16 sec, 262.34 MB]
 [info] Processed 0 items (0 created, 0 updated, 0 failed, 0 ignored) - done with 'small_y_demo_block_featured_event' [338.16 sec, 262.36 MB]
 [info] Processed 1 item (1 created, 0 updated, 0 failed, 0 ignored) - done with 'small_y_demo_page_events_listing' [338.28 sec, 261.97 MB]
 [info] Processed 0 items (0 created, 0 updated, 0 failed, 0 ignored) - done with 'small_y_demo_block_table_block' [338.29 sec, 261.98 MB]
 [info] Processed 1 item (1 created, 0 updated, 0 failed, 0 ignored) - done with 'small_y_demo_page_homepage' [338.35 sec, 262.29 MB]
 [info] Processed 0 items (0 created, 0 updated, 0 failed, 0 ignored) - done with 'small_y_demo_block_location_finder' [338.36 sec, 262.29 MB]
 [info] Processed 1 item (1 created, 0 updated, 0 failed, 0 ignored) - done with 'small_y_demo_page_location_finder' [338.41 sec, 262.69 MB]
 [info] Processed 0 items (0 created, 0 updated, 0 failed, 0 ignored) - done with 'small_y_demo_block_accordion_item' [338.42 sec, 262.76 MB]
 [info] Processed 0 items (0 created, 0 updated, 0 failed, 0 ignored) - done with 'small_y_demo_block_accordion' [338.42 sec, 262.77 MB]
 [info] Processed 0 items (0 created, 0 updated, 0 failed, 0 ignored) - done with 'small_y_demo_block_banner_chevron' [338.42 sec, 262.77 MB]
 [info] Processed 0 items (0 created, 0 updated, 0 failed, 0 ignored) - done with 'small_y_demo_block_cards_item' [338.43 sec, 262.79 MB]
 [info] Processed 0 items (0 created, 0 updated, 0 failed, 0 ignored) - done with 'small_y_demo_block_cards' [338.43 sec, 262.8 MB]
 [info] Processed 0 items (0 created, 0 updated, 0 failed, 0 ignored) - done with 'small_y_demo_block_carousel_item' [338.43 sec, 262.81 MB]
 [info] Processed 0 items (0 created, 0 updated, 0 failed, 0 ignored) - done with 'small_y_demo_block_carousel' [338.43 sec, 262.82 MB]
 [info] Processed 0 items (0 created, 0 updated, 0 failed, 0 ignored) - done with 'small_y_demo_block_donate_item' [338.44 sec, 262.83 MB]
 [info] Processed 0 items (0 created, 0 updated, 0 failed, 0 ignored) - done with 'small_y_demo_block_donate' [338.44 sec, 262.84 MB]
 [info] Processed 0 items (0 created, 0 updated, 0 failed, 0 ignored) - done with 'small_y_demo_block_grid_cta_item' [338.45 sec, 262.85 MB]
 [info] Processed 0 items (0 created, 0 updated, 0 failed, 0 ignored) - done with 'small_y_demo_block_grid_cta' [338.45 sec, 262.86 MB]
 [info] Processed 0 items (0 created, 0 updated, 0 failed, 0 ignored) - done with 'small_y_demo_block_icon_grid_item' [338.45 sec, 262.87 MB]
 [info] Processed 0 items (0 created, 0 updated, 0 failed, 0 ignored) - done with 'small_y_demo_block_icon_grid' [338.46 sec, 262.88 MB]
 [info] Processed 0 items (0 created, 0 updated, 0 failed, 0 ignored) - done with 'small_y_demo_block_partners_item' [338.46 sec, 262.89 MB]
 [info] Processed 0 items (0 created, 0 updated, 0 failed, 0 ignored) - done with 'small_y_demo_block_partners' [338.46 sec, 262.9 MB]
 [info] Processed 0 items (0 created, 0 updated, 0 failed, 0 ignored) - done with 'small_y_demo_block_ping_pong_section_item' [338.46 sec, 262.92 MB]
 [info] Processed 0 items (0 created, 0 updated, 0 failed, 0 ignored) - done with 'small_y_demo_block_ping_pong_section' [338.47 sec, 262.93 MB]
 [info] Processed 0 items (0 created, 0 updated, 0 failed, 0 ignored) - done with 'small_y_demo_block_staff_members_item' [338.47 sec, 262.94 MB]
 [info] Processed 0 items (0 created, 0 updated, 0 failed, 0 ignored) - done with 'small_y_demo_block_staff_members' [338.47 sec, 262.95 MB]
 [info] Processed 0 items (0 created, 0 updated, 0 failed, 0 ignored) - done with 'small_y_demo_block_statistics_item' [338.48 sec, 262.96 MB]
 [info] Processed 0 items (0 created, 0 updated, 0 failed, 0 ignored) - done with 'small_y_demo_block_statistics' [338.48 sec, 262.97 MB]
 [info] Processed 0 items (0 created, 0 updated, 0 failed, 0 ignored) - done with 'small_y_demo_block_table_block' [338.49 sec, 262.98 MB]
 [info] Processed 0 items (0 created, 0 updated, 0 failed, 0 ignored) - done with 'small_y_demo_block_tab_item' [338.49 sec, 262.99 MB]
 [info] Processed 0 items (0 created, 0 updated, 0 failed, 0 ignored) - done with 'small_y_demo_block_tabs' [338.49 sec, 263 MB]
 [info] Processed 0 items (0 created, 0 updated, 0 failed, 0 ignored) - done with 'small_y_demo_block_testimonial_item' [338.5 sec, 263.01 MB]
 [info] Processed 0 items (0 created, 0 updated, 0 failed, 0 ignored) - done with 'small_y_demo_block_testimonials' [338.5 sec, 263.02 MB]
 [info] Processed 1 item (1 created, 0 updated, 0 failed, 0 ignored) - done with 'small_y_demo_page_ui_kit' [338.67 sec, 263.62 MB]
 [info] small_y_demo_content module uninstalled. [340.45 sec, 262.59 MB]
 [info] openy_demo_tcolor module uninstalled. [342.67 sec, 299.25 MB]
 [info] openy_demo_taxonomy module uninstalled. [344.62 sec, 304.21 MB]
 [notice] Performed install task: openy_import_content [345.49 sec, 330.49 MB]
 [warning] You have manual updated system.site config from Open Y profile. [345.72 sec, 240.85 MB]
 [notice] Performed install task: openy_set_frontpage [345.73 sec, 240.7 MB]
 [notice] Performed install task: openy_discover_broken_paragraphs [345.73 sec, 240.7 MB]
 [notice] Performed install task: openy_fix_configured_paragraph_blocks [345.73 sec, 240.7 MB]
PHP Deprecated:  Drupal\openy\Form\ThirdPartyServicesForm::buildForm(): Implicitly marking parameter $install_state as nullable is deprecated, the explicit nullable type must be used instead in /var/www/html/docroot/profiles/contrib/yusaopeny/src/Form/ThirdPartyServicesForm.php on line 65

Deprecated: Drupal\openy\Form\ThirdPartyServicesForm::buildForm(): Implicitly marking parameter $install_state as nullable is deprecated, the explicit nullable type must be used instead in /var/www/html/docroot/profiles/contrib/yusaopeny/src/Form/ThirdPartyServicesForm.php on line 65
 [notice] Performed install task: openy_third_party_services [345.76 sec, 240.91 MB]
PHP Deprecated:  Drupal\openy\Form\UploadFontMessageForm::buildForm(): Implicitly marking parameter $install_state as nullable is deprecated, the explicit nullable type must be used instead in /var/www/html/docroot/profiles/contrib/yusaopeny/src/Form/UploadFontMessageForm.php on line 23

Deprecated: Drupal\openy\Form\UploadFontMessageForm::buildForm(): Implicitly marking parameter $install_state as nullable is deprecated, the explicit nullable type must be used instead in /var/www/html/docroot/profiles/contrib/yusaopeny/src/Form/UploadFontMessageForm.php on line 23
 [notice] Performed install task: openy_upload_font_message [345.78 sec, 241.4 MB]
 [notice] Performed install task: openy_gtranslate_place_blocks [345.8 sec, 241.56 MB]
 [notice] Performed install task: openy_install_finish [346.59 sec, 260.99 MB]
 [notice] Performed install task: openy_terms_and_condition_db_save [346.59 sec, 260.98 MB]
 [notice] Performed install task: install_finished [347.06 sec, 260.32 MB]
 [success] Installation complete. (Admin) [347.06 sec, 260.38 MB]
 [success] User name: admin  User password: 8vmCyeHvKw [347.06 sec, 260.39 MB]


-----

XHPROF run https://issue3492438.ddev.site:8142/run/view?id=6960d12038e5f7b296fcb6b1
